2025-10-04 00:08:51,952 [INFO] MainUpdater:2872 - connection check result : 10
2025-10-04 00:08:51,968 [INFO] MainUpdater:2872 - connection check result : 10
2025-10-04 00:08:52,016 [INFO] I2cTimingTraitement:330 - 0x10805D88
2025-10-04 00:08:52,020 [INFO] MicroXplorer:468 - Change Database Path : 
2025-10-04 00:08:52,020 [INFO] MicroXplorer:498 - Change Database Version : DB.6.0.150
2025-10-04 00:08:52,048 [ERROR] ProjectManagerView:395 - 
java.lang.NullPointerException: Cannot invoke "javax.swing.JTextField.getText()" because the return value of "java.util.List.get(int)" is null
	at com.st.microxplorer.plugins.projectmanager.gui.ProjectChoiceTab$9.caretUpdate(ProjectChoiceTab.java:2706) ~[filemanager.jar:?]
	at javax.swing.text.JTextComponent.fireCaretUpdate(JTextComponent.java:408) ~[?:?]
	at javax.swing.text.JTextComponent$MutableCaretEvent.fire(JTextComponent.java:4484) ~[?:?]
	at javax.swing.text.JTextComponent$MutableCaretEvent.stateChanged(JTextComponent.java:4506) ~[?:?]
	at javax.swing.text.DefaultCaret.fireStateChanged(DefaultCaret.java:857) ~[?:?]
	at javax.swing.text.DefaultCaret.changeCaretPosition(DefaultCaret.java:1343) ~[?:?]
	at javax.swing.text.DefaultCaret.handleSetDot(DefaultCaret.java:1242) ~[?:?]
	at javax.swing.text.DefaultCaret.setDot(DefaultCaret.java:1223) ~[?:?]
	at javax.swing.text.DefaultCaret$Handler.insertUpdate(DefaultCaret.java:1819) ~[?:?]
	at javax.swing.text.AbstractDocument.fireInsertUpdate(AbstractDocument.java:227) ~[?:?]
	at javax.swing.text.AbstractDocument.handleInsertString(AbstractDocument.java:781) ~[?:?]
	at javax.swing.text.AbstractDocument.insertString(AbstractDocument.java:740) ~[?:?]
	at javax.swing.text.PlainDocument.insertString(PlainDocument.java:131) ~[?:?]
	at javax.swing.text.AbstractDocument.replace(AbstractDocument.java:699) ~[?:?]
	at javax.swing.text.JTextComponent.setText(JTextComponent.java:1725) ~[?:?]
	at com.st.microxplorer.plugins.projectmanager.gui.ProjectChoiceTab.createHeapStackFields(ProjectChoiceTab.java:993) ~[filemanager.jar:?]
	at com.st.microxplorer.plugins.projectmanager.gui.ProjectChoiceTab.buildLinkSettingsPanel(ProjectChoiceTab.java:3813) ~[filemanager.jar:?]
	at com.st.microxplorer.plugins.projectmanager.gui.ProjectChoiceTab.defineWindowsFields(ProjectChoiceTab.java:1987) ~[filemanager.jar:?]
	at com.st.microxplorer.plugins.projectmanager.gui.ProjectChoiceTab.updateSettings(ProjectChoiceTab.java:558) ~[filemanager.jar:?]
	at com.st.microxplorer.plugins.projectmanager.gui.ProjectSettingsPanel.UpdateDialog(ProjectSettingsPanel.java:247) ~[filemanager.jar:?]
	at com.st.microxplorer.plugins.projectmanager.ProjectManagerView.propertyChange(ProjectManagerView.java:392) ~[filemanager.jar:?]
	at java.beans.PropertyChangeSupport.fire(PropertyChangeSupport.java:343) ~[?:?]
	at java.beans.PropertyChangeSupport.firePropertyChange(PropertyChangeSupport.java:335) ~[?:?]
	at java.beans.PropertyChangeSupport.firePropertyChange(PropertyChangeSupport.java:268) ~[?:?]
	at com.st.microxplorer.util.MXPropertyChangeSupport.firePropertyChange(MXPropertyChangeSupport.java:54) ~[STM32CubeMX.jar:?]
	at com.st.microxplorer.mxsystem.MxSystem.closeConfig(MxSystem.java:899) ~[STM32CubeMX.jar:?]
	at com.st.microxplorer.maingui.MainPanel.closeConfig(MainPanel.java:792) ~[STM32CubeMX.jar:?]
	at com.st.microxplorer.plugins.filemanager.engine.OpenFileManager.loadConfigurationFile(OpenFileManager.java:288) ~[filemanager.jar:?]
	at com.st.microxplorer.plugins.filemanager.engine.MainFileManager.userLoadConfig(MainFileManager.java:364) ~[filemanager.jar:?]
	at com.st.microxplorer.plugins.filemanager.engine.MainFileManager.userLoadConfig(MainFileManager.java:342) ~[filemanager.jar:?]
	at com.st.microxplorer.plugins.filemanager.FileManagerView.getSpecificTask(FileManagerView.java:264) ~[filemanager.jar:?]
	at com.st.stm32cube.common.mx.editor.CubeMxEditor.getMxTabbedPaneInstance(CubeMxEditor.java:1198) ~[com.st.stm32cube.common.mx_6.15.0.202507011659/:?]
	at com.st.stm32cube.common.mx.editor.CubeMxEditor$12$1.createSwingComponent(CubeMxEditor.java:1068) ~[com.st.stm32cube.common.mx_6.15.0.202507011659/:?]
	at com.st.stm32cube.common.mx.oss.core.awtswtbridge.EmbeddedSwingComposite.doComponentCreation(EmbeddedSwingComposite.java:492) ~[com.st.stm32cube.common.mx.oss_6.15.0.202507011659/:?]
	at com.st.stm32cube.common.mx.oss.core.awtswtbridge.EmbeddedSwingComposite$4.run(EmbeddedSwingComposite.java:291) ~[com.st.stm32cube.common.mx.oss_6.15.0.202507011659/:?]
	at com.st.stm32cube.common.mx.oss.core.awtswtbridge.AwtEnvironment$2.run(AwtEnvironment.java:166) ~[com.st.stm32cube.common.mx.oss_6.15.0.202507011659/:?]
	at java.awt.event.InvocationEvent.dispatch(InvocationEvent.java:318) ~[?:?]
	at java.awt.EventQueue.dispatchEventImpl(EventQueue.java:773) ~[?:?]
	at java.awt.EventQueue$4.run(EventQueue.java:720) ~[?:?]
	at java.awt.EventQueue$4.run(EventQueue.java:714) ~[?:?]
	at java.security.AccessController.doPrivileged(AccessController.java:400) ~[?:?]
	at java.security.ProtectionDomain$JavaSecurityAccessImpl.doIntersectionPrivilege(ProtectionDomain.java:87) ~[?:?]
	at java.awt.EventQueue.dispatchEvent(EventQueue.java:742) ~[?:?]
	at java.awt.EventDispatchThread.pumpOneEventForFilters(EventDispatchThread.java:203) ~[?:?]
	at java.awt.EventDispatchThread.pumpEventsForFilter(EventDispatchThread.java:124) ~[?:?]
	at java.awt.EventDispatchThread.pumpEventsForHierarchy(EventDispatchThread.java:113) ~[?:?]
	at java.awt.EventDispatchThread.pumpEvents(EventDispatchThread.java:109) ~[?:?]
	at java.awt.EventDispatchThread.pumpEvents(EventDispatchThread.java:101) ~[?:?]
	at java.awt.EventDispatchThread.run(EventDispatchThread.java:90) ~[?:?]
2025-10-04 00:08:52,055 [WARN] ThirdParty:871 - waiting for thirdparty lock release [close project]
2025-10-04 00:08:52,055 [INFO] ThirdParty:873 - entering critical section [close project]
2025-10-04 00:08:52,055 [INFO] ThirdParty:883 - exiting critical section [close project]
2025-10-04 00:08:52,057 [INFO] PinOutPanel:1589 - setPackage(No Configuration,No Configuration)
2025-10-04 00:08:52,081 [INFO] UtilMem:75 - Begin LoadConfig() Used Memory: 267222480 Bytes (765460480)
2025-10-04 00:08:52,082 [INFO] MicroXplorer:468 - Change Database Path : 
2025-10-04 00:08:52,082 [INFO] MicroXplorer:498 - Change Database Version : DB.6.0.150
2025-10-04 00:08:52,082 [INFO] OpenFileManager:355 - Change cursor
2025-10-04 00:08:52,120 [INFO] RulesReader:64 - Compatibility file has been processed (317 Rules)
2025-10-04 00:08:52,125 [INFO] Mcu:2029 - Initializing MCU STM32F042K(4-6)Tx STM32F042K6Tx STM32F042K6T6
2025-10-04 00:08:52,604 [INFO] Context:786 - Trying to add GPIOservice into a context  which must be forbidden
2025-10-04 00:08:52,877 [INFO] ImportTextPane:234 - (OptionalMessage_ERROR) Pin8 (VP_RIF_VS_RIF1) cannot be retrieved for this MCU
2025-10-04 00:08:52,890 [WARN] ModelIntegratedComponent:63 - No mode defined for component null
2025-10-04 00:08:52,890 [WARN] ModelIntegratedComponent:63 - No mode defined for component null
2025-10-04 00:08:52,890 [WARN] ModelIntegratedComponent:63 - No mode defined for component null
2025-10-04 00:08:52,890 [WARN] ModelIntegratedComponent:63 - No mode defined for component null
2025-10-04 00:08:52,890 [WARN] ModelIntegratedComponent:63 - No mode defined for component null
2025-10-04 00:08:52,890 [WARN] ModelIntegratedComponent:63 - No mode defined for component null
2025-10-04 00:08:52,890 [WARN] ModelIntegratedComponent:63 - No mode defined for component null
2025-10-04 00:08:52,890 [WARN] ModelIntegratedComponent:63 - No mode defined for component null
2025-10-04 00:08:52,890 [WARN] ModelIntegratedComponent:63 - No mode defined for component null
2025-10-04 00:08:52,890 [WARN] ModelIntegratedComponent:63 - No mode defined for component null
2025-10-04 00:08:52,890 [WARN] ModelIntegratedComponent:63 - No mode defined for component null
2025-10-04 00:08:52,890 [WARN] ModelIntegratedComponent:63 - No mode defined for component null
2025-10-04 00:08:52,890 [WARN] ModelIntegratedComponent:63 - No mode defined for component null
2025-10-04 00:08:52,890 [WARN] ModelIntegratedComponent:63 - No mode defined for component null
2025-10-04 00:08:52,891 [WARN] ModelIntegratedComponent:63 - No mode defined for component null
2025-10-04 00:08:52,891 [WARN] ModelIntegratedComponent:63 - No mode defined for component null
2025-10-04 00:08:52,891 [WARN] ModelIntegratedComponent:63 - No mode defined for component null
2025-10-04 00:08:52,891 [WARN] ModelIntegratedComponent:63 - No mode defined for component null
2025-10-04 00:08:52,891 [WARN] ModelIntegratedComponent:63 - No mode defined for component null
2025-10-04 00:08:52,891 [WARN] ModelIntegratedComponent:63 - No mode defined for component null
2025-10-04 00:08:52,891 [WARN] ModelIntegratedComponent:63 - No mode defined for component null
2025-10-04 00:08:52,891 [WARN] ModelIntegratedComponent:63 - No mode defined for component null
2025-10-04 00:08:52,891 [WARN] ModelIntegratedComponent:63 - No mode defined for component null
2025-10-04 00:08:52,891 [WARN] ModelIntegratedComponent:63 - No mode defined for component null
2025-10-04 00:08:52,891 [WARN] ModelIntegratedComponent:63 - No mode defined for component null
2025-10-04 00:08:52,891 [WARN] ModelIntegratedComponent:63 - No mode defined for component null
2025-10-04 00:08:52,891 [WARN] ModelIntegratedComponent:63 - No mode defined for component null
2025-10-04 00:08:52,891 [WARN] ModelIntegratedComponent:63 - No mode defined for component null
2025-10-04 00:08:52,891 [WARN] ModelIntegratedComponent:63 - No mode defined for component null
2025-10-04 00:08:52,891 [WARN] ModelIntegratedComponent:63 - No mode defined for component null
2025-10-04 00:08:52,891 [WARN] ModelIntegratedComponent:63 - No mode defined for component null
2025-10-04 00:08:52,891 [WARN] ModelIntegratedComponent:63 - No mode defined for component null
2025-10-04 00:08:52,891 [WARN] ModelIntegratedComponent:63 - No mode defined for component null
2025-10-04 00:08:52,891 [WARN] ModelIntegratedComponent:63 - No mode defined for component null
2025-10-04 00:08:52,891 [WARN] ModelIntegratedComponent:63 - No mode defined for component null
2025-10-04 00:08:52,891 [WARN] ModelPack:524 - Component already loaded: STMicroelectronics:HAL Drivers:0.0.0:STMicroelectronics:Device:STMicro_Driver:XSPI:HAL::0.0.1:HAL_XSPI
2025-10-04 00:08:52,893 [INFO] RtosManager:558 - Registered RTOS mode: class=CMSIS, group=RTOS, mode=CMSIS_V1, owner=FREERTOS
2025-10-04 00:08:52,893 [INFO] RtosManager:558 - Registered RTOS mode: class=CMSIS, group=RTOS2, mode=CMSIS_V2, owner=FREERTOS
2025-10-04 00:08:52,893 [INFO] RtosManager:558 - Registered RTOS mode: class=RTOS, group=Core, mode=CMSIS_V1, owner=FREERTOS
2025-10-04 00:08:52,893 [INFO] RtosManager:558 - Registered RTOS mode: class=RTOS, group=Core, mode=CMSIS_V2, owner=FREERTOS
2025-10-04 00:08:52,893 [WARN] ModelIntegratedComponent:184 - Missing modes for component STMicroelectronics:FreeRTOS:0.0.1:STMicroelectronics:RTOS:FreeRTOS:Core:::10.2.0:
2025-10-04 00:08:52,895 [INFO] ThirdPartyModel:298 - Start build external matchings
2025-10-04 00:08:52,897 [INFO] ThirdPartyModel:316 - End build external matchings
2025-10-04 00:08:52,899 [INFO] ImportTextPane:234 - (OptionalMessage_ERROR) IP (RCC) : Invalid parameter (FamilyName)
2025-10-04 00:08:52,899 [INFO] ImportTextPane:234 - (OptionalMessage_ERROR) IP (RCC) : Invalid parameter (HSICECFreq_Value)
2025-10-04 00:08:52,985 [INFO] UtilMem:75 - End LoadConfig() Used Memory: 471746528 Bytes (765460480)
2025-10-04 00:08:52,991 [WARN] ThirdParty:833 - waiting for thirdparty lock release [change project]
2025-10-04 00:08:52,991 [INFO] ThirdParty:835 - entering critical section [change project]
2025-10-04 00:08:52,991 [INFO] ThirdParty:1030 - CMSIS Pack Vendor :STMicroelectronics USBPD 4.1
2025-10-04 00:08:52,991 [INFO] ThirdParty:1030 - CMSIS Pack Vendor :STMicroelectronics USB_HOST 2.0.0
2025-10-04 00:08:52,991 [INFO] ThirdParty:1030 - CMSIS Pack Vendor :STMicroelectronics FP-SNS-MOTENVWB1 1.4.0
2025-10-04 00:08:52,991 [INFO] ThirdParty:1030 - CMSIS Pack Vendor :STMicroelectronics LIBJPEG 8.0.0
2025-10-04 00:08:52,991 [INFO] ThirdParty:1030 - CMSIS Pack Vendor :STMicroelectronics FP-ATR-ASTRA1 2.0.2
2025-10-04 00:08:52,991 [INFO] ThirdParty:1030 - CMSIS Pack Vendor :STMicroelectronics FP-ATR-SIGFOX1 3.2.0
2025-10-04 00:08:52,991 [INFO] ThirdParty:1030 - CMSIS Pack Vendor :STMicroelectronics USB_DEVICE 3.0.0
2025-10-04 00:08:52,991 [INFO] ThirdParty:1030 - CMSIS Pack Vendor :STMicroelectronics HAL Drivers 0.0.0
2025-10-04 00:08:52,991 [INFO] ThirdParty:1030 - CMSIS Pack Vendor :STMicroelectronics MBEDTLS 2.16.2
2025-10-04 00:08:52,991 [INFO] ThirdParty:1030 - CMSIS Pack Vendor :STMicroelectronics MBEDTLS 2.14.1
2025-10-04 00:08:52,991 [INFO] ThirdParty:1030 - CMSIS Pack Vendor :STMicroelectronics USB_DEVICE 2.0.0
2025-10-04 00:08:52,991 [INFO] ThirdParty:1030 - CMSIS Pack Vendor :STMicroelectronics ThreadX 1.0.0
2025-10-04 00:08:52,991 [INFO] ThirdParty:1030 - CMSIS Pack Vendor :STMicroelectronics FP-SNS-SMARTAG2 1.2.0
2025-10-04 00:08:52,991 [INFO] ThirdParty:1030 - CMSIS Pack Vendor :STMicroelectronics FP-SNS-FLIGHT1 5.1.0
2025-10-04 00:08:52,991 [INFO] ThirdParty:1030 - CMSIS Pack Vendor :STMicroelectronics FreeRTOS 0.0.1
2025-10-04 00:08:52,991 [INFO] ThirdParty:1030 - CMSIS Pack Vendor :STMicroelectronics FP-SNS-MOTENV1 5.0.0
2025-10-04 00:08:52,991 [INFO] ThirdParty:1030 - CMSIS Pack Vendor :STMicroelectronics USB_DEVICE 1.0.0
2025-10-04 00:08:52,992 [INFO] ThirdParty:1030 - CMSIS Pack Vendor :STMicroelectronics STM32_WPAN 1.0.0
2025-10-04 00:08:52,992 [INFO] ThirdParty:1030 - CMSIS Pack Vendor :STMicroelectronics ThreadX 0.0.2
2025-10-04 00:08:52,992 [INFO] ThirdParty:1030 - CMSIS Pack Vendor :STMicroelectronics lwIP 2.0.3
2025-10-04 00:08:52,992 [INFO] ThirdParty:1030 - CMSIS Pack Vendor :STMicroelectronics lwIP 2.1.2
2025-10-04 00:08:52,992 [INFO] ThirdParty:1030 - CMSIS Pack Vendor :STMicroelectronics USB_HOST 1.0.0
2025-10-04 00:08:52,992 [INFO] ThirdParty:1030 - CMSIS Pack Vendor :STMicroelectronics PDM2PCM 3.1.0
2025-10-04 00:08:52,992 [INFO] ThirdParty:1030 - CMSIS Pack Vendor :STMicroelectronics PDM2PCM 3.2.0
2025-10-04 00:08:52,992 [INFO] ThirdParty:1030 - CMSIS Pack Vendor :STMicroelectronics PDM2PCM 3.3.0
2025-10-04 00:08:52,992 [INFO] ThirdParty:841 - exiting critical section [change project]
2025-10-04 00:08:53,203 [INFO] PinOutPanel:1589 - setPackage(No Configuration,No Configuration)
2025-10-04 00:08:53,203 [INFO] PinOutPanel:1589 - setPackage(STM32F042K6Tx,LQFP32)
2025-10-04 00:08:53,670 [INFO] UtilMem:75 - Before build in PCC Used Memory: 603060240 Bytes (765460480)
2025-10-04 00:08:53,811 [INFO] UtilMem:75 - After build in PCC Used Memory: 648682976 Bytes (765460480)
2025-10-04 00:08:53,820 [INFO] IPUIPlugin:80 - create IPUIPlugin
2025-10-04 00:08:53,820 [INFO] IPUIPlugin:80 - create IPUIPlugin
2025-10-04 00:08:53,820 [INFO] IPUIPlugin:80 - create IPUIPlugin
2025-10-04 00:08:53,820 [INFO] IPUIPlugin:80 - create IPUIPlugin
2025-10-04 00:08:53,820 [INFO] IPUIPlugin:80 - create IPUIPlugin
2025-10-04 00:08:53,820 [INFO] IPUIPlugin:80 - create IPUIPlugin
2025-10-04 00:08:53,820 [INFO] IPUIPlugin:80 - create IPUIPlugin
2025-10-04 00:08:53,820 [INFO] IPUIPlugin:80 - create IPUIPlugin
2025-10-04 00:08:53,820 [INFO] IPUIPlugin:80 - create IPUIPlugin
2025-10-04 00:08:53,820 [INFO] IPUIPlugin:80 - create IPUIPlugin
2025-10-04 00:08:53,820 [INFO] IPUIPlugin:80 - create IPUIPlugin
2025-10-04 00:08:53,821 [INFO] IPUIPlugin:80 - create IPUIPlugin
2025-10-04 00:08:53,821 [INFO] IPUIPlugin:80 - create IPUIPlugin
2025-10-04 00:08:53,821 [INFO] IPUIPlugin:80 - create IPUIPlugin
2025-10-04 00:08:53,821 [INFO] IPUIPlugin:80 - create IPUIPlugin
2025-10-04 00:08:53,821 [INFO] IPUIPlugin:80 - create IPUIPlugin
2025-10-04 00:08:53,821 [INFO] IPUIPlugin:80 - create IPUIPlugin
2025-10-04 00:08:53,821 [INFO] IPUIPlugin:80 - create IPUIPlugin
2025-10-04 00:08:53,821 [INFO] IPUIPlugin:80 - create IPUIPlugin
2025-10-04 00:08:53,821 [INFO] IPUIPlugin:80 - create IPUIPlugin
2025-10-04 00:08:53,821 [INFO] IPUIPlugin:80 - create IPUIPlugin
2025-10-04 00:08:53,822 [INFO] IPUIPlugin:80 - create IPUIPlugin
2025-10-04 00:08:53,822 [INFO] IPUIPlugin:80 - create IPUIPlugin
2025-10-04 00:08:53,822 [INFO] IPUIPlugin:80 - create IPUIPlugin
2025-10-04 00:08:53,822 [INFO] IPUIPlugin:80 - create IPUIPlugin
2025-10-04 00:08:53,822 [INFO] IPUIPlugin:80 - create IPUIPlugin
2025-10-04 00:08:53,822 [INFO] IPUIPlugin:80 - create IPUIPlugin
2025-10-04 00:08:53,822 [INFO] IPUIPlugin:80 - create IPUIPlugin
2025-10-04 00:08:53,822 [INFO] IPUIPlugin:80 - create IPUIPlugin
2025-10-04 00:08:53,822 [INFO] IPUIPlugin:80 - create IPUIPlugin
2025-10-04 00:08:53,847 [INFO] CADModel:165 - CPN selected for project levelSTM32F042K6T6
2025-10-04 00:08:53,847 [INFO] CADModel:114 - Register for checkConnection events
2025-10-04 00:08:53,888 [INFO] OpenFileManager:386 - Restore cursor
2025-10-04 00:20:05,572 [INFO] MainUpdater:2872 - connection check result : 10
2025-10-04 00:20:05,573 [INFO] MainUpdater:2872 - connection check result : 10
2025-10-04 00:20:05,592 [INFO] I2cTimingTraitement:330 - 0x10805D88
2025-10-04 00:20:05,594 [INFO] MicroXplorer:468 - Change Database Path : 
2025-10-04 00:20:05,594 [INFO] MicroXplorer:498 - Change Database Version : DB.6.0.150
2025-10-04 00:20:05,600 [ERROR] ProjectManagerView:395 - 
java.lang.NullPointerException: Cannot invoke "javax.swing.JTextField.getText()" because the return value of "java.util.List.get(int)" is null
	at com.st.microxplorer.plugins.projectmanager.gui.ProjectChoiceTab$9.caretUpdate(ProjectChoiceTab.java:2706) ~[filemanager.jar:?]
	at javax.swing.text.JTextComponent.fireCaretUpdate(JTextComponent.java:408) ~[?:?]
	at javax.swing.text.JTextComponent$MutableCaretEvent.fire(JTextComponent.java:4484) ~[?:?]
	at javax.swing.text.JTextComponent$MutableCaretEvent.stateChanged(JTextComponent.java:4506) ~[?:?]
	at javax.swing.text.DefaultCaret.fireStateChanged(DefaultCaret.java:857) ~[?:?]
	at javax.swing.text.DefaultCaret.changeCaretPosition(DefaultCaret.java:1343) ~[?:?]
	at javax.swing.text.DefaultCaret.handleSetDot(DefaultCaret.java:1242) ~[?:?]
	at javax.swing.text.DefaultCaret.setDot(DefaultCaret.java:1223) ~[?:?]
	at javax.swing.text.DefaultCaret$Handler.insertUpdate(DefaultCaret.java:1819) ~[?:?]
	at javax.swing.text.AbstractDocument.fireInsertUpdate(AbstractDocument.java:227) ~[?:?]
	at javax.swing.text.AbstractDocument.handleInsertString(AbstractDocument.java:781) ~[?:?]
	at javax.swing.text.AbstractDocument.insertString(AbstractDocument.java:740) ~[?:?]
	at javax.swing.text.PlainDocument.insertString(PlainDocument.java:131) ~[?:?]
	at javax.swing.text.AbstractDocument.replace(AbstractDocument.java:699) ~[?:?]
	at javax.swing.text.JTextComponent.setText(JTextComponent.java:1725) ~[?:?]
	at com.st.microxplorer.plugins.projectmanager.gui.ProjectChoiceTab.createHeapStackFields(ProjectChoiceTab.java:993) ~[filemanager.jar:?]
	at com.st.microxplorer.plugins.projectmanager.gui.ProjectChoiceTab.buildLinkSettingsPanel(ProjectChoiceTab.java:3813) ~[filemanager.jar:?]
	at com.st.microxplorer.plugins.projectmanager.gui.ProjectChoiceTab.defineWindowsFields(ProjectChoiceTab.java:1987) ~[filemanager.jar:?]
	at com.st.microxplorer.plugins.projectmanager.gui.ProjectChoiceTab.updateSettings(ProjectChoiceTab.java:558) ~[filemanager.jar:?]
	at com.st.microxplorer.plugins.projectmanager.gui.ProjectSettingsPanel.UpdateDialog(ProjectSettingsPanel.java:247) ~[filemanager.jar:?]
	at com.st.microxplorer.plugins.projectmanager.ProjectManagerView.propertyChange(ProjectManagerView.java:392) ~[filemanager.jar:?]
	at java.beans.PropertyChangeSupport.fire(PropertyChangeSupport.java:343) ~[?:?]
	at java.beans.PropertyChangeSupport.firePropertyChange(PropertyChangeSupport.java:335) ~[?:?]
	at java.beans.PropertyChangeSupport.firePropertyChange(PropertyChangeSupport.java:268) ~[?:?]
	at com.st.microxplorer.util.MXPropertyChangeSupport.firePropertyChange(MXPropertyChangeSupport.java:54) ~[STM32CubeMX.jar:?]
	at com.st.microxplorer.mxsystem.MxSystem.closeConfig(MxSystem.java:899) ~[STM32CubeMX.jar:?]
	at com.st.microxplorer.maingui.MainPanel.closeConfig(MainPanel.java:792) ~[STM32CubeMX.jar:?]
	at com.st.microxplorer.plugins.filemanager.engine.OpenFileManager.loadConfigurationFile(OpenFileManager.java:288) ~[filemanager.jar:?]
	at com.st.microxplorer.plugins.filemanager.engine.MainFileManager.userLoadConfig(MainFileManager.java:364) ~[filemanager.jar:?]
	at com.st.microxplorer.plugins.filemanager.engine.MainFileManager.userLoadConfig(MainFileManager.java:342) ~[filemanager.jar:?]
	at com.st.microxplorer.plugins.filemanager.FileManagerView.getSpecificTask(FileManagerView.java:264) ~[filemanager.jar:?]
	at com.st.stm32cube.common.mx.editor.CubeMxEditor.getMxTabbedPaneInstance(CubeMxEditor.java:1198) ~[com.st.stm32cube.common.mx_6.15.0.202507011659/:?]
	at com.st.stm32cube.common.mx.editor.CubeMxEditor$12$1.createSwingComponent(CubeMxEditor.java:1068) ~[com.st.stm32cube.common.mx_6.15.0.202507011659/:?]
	at com.st.stm32cube.common.mx.oss.core.awtswtbridge.EmbeddedSwingComposite.doComponentCreation(EmbeddedSwingComposite.java:492) ~[com.st.stm32cube.common.mx.oss_6.15.0.202507011659/:?]
	at com.st.stm32cube.common.mx.oss.core.awtswtbridge.EmbeddedSwingComposite$4.run(EmbeddedSwingComposite.java:291) ~[com.st.stm32cube.common.mx.oss_6.15.0.202507011659/:?]
	at com.st.stm32cube.common.mx.oss.core.awtswtbridge.AwtEnvironment$2.run(AwtEnvironment.java:166) ~[com.st.stm32cube.common.mx.oss_6.15.0.202507011659/:?]
	at java.awt.event.InvocationEvent.dispatch(InvocationEvent.java:318) ~[?:?]
	at java.awt.EventQueue.dispatchEventImpl(EventQueue.java:773) ~[?:?]
	at java.awt.EventQueue$4.run(EventQueue.java:720) ~[?:?]
	at java.awt.EventQueue$4.run(EventQueue.java:714) ~[?:?]
	at java.security.AccessController.doPrivileged(AccessController.java:400) ~[?:?]
	at java.security.ProtectionDomain$JavaSecurityAccessImpl.doIntersectionPrivilege(ProtectionDomain.java:87) ~[?:?]
	at java.awt.EventQueue.dispatchEvent(EventQueue.java:742) ~[?:?]
	at java.awt.EventDispatchThread.pumpOneEventForFilters(EventDispatchThread.java:203) ~[?:?]
	at java.awt.EventDispatchThread.pumpEventsForFilter(EventDispatchThread.java:124) ~[?:?]
	at java.awt.EventDispatchThread.pumpEventsForHierarchy(EventDispatchThread.java:113) ~[?:?]
	at java.awt.EventDispatchThread.pumpEvents(EventDispatchThread.java:109) ~[?:?]
	at java.awt.EventDispatchThread.pumpEvents(EventDispatchThread.java:101) ~[?:?]
	at java.awt.EventDispatchThread.run(EventDispatchThread.java:90) ~[?:?]
2025-10-04 00:20:05,600 [WARN] ThirdParty:871 - waiting for thirdparty lock release [close project]
2025-10-04 00:20:05,600 [INFO] ThirdParty:873 - entering critical section [close project]
2025-10-04 00:20:05,600 [INFO] ThirdParty:883 - exiting critical section [close project]
2025-10-04 00:20:05,601 [INFO] PinOutPanel:1589 - setPackage(No Configuration,No Configuration)
2025-10-04 00:20:05,602 [INFO] UtilMem:75 - Begin LoadConfig() Used Memory: 506387928 Bytes (765460480)
2025-10-04 00:20:05,603 [INFO] MicroXplorer:468 - Change Database Path : 
2025-10-04 00:20:05,603 [INFO] MicroXplorer:498 - Change Database Version : DB.6.0.150
2025-10-04 00:20:05,603 [INFO] OpenFileManager:355 - Change cursor
2025-10-04 00:20:05,606 [INFO] Mcu:2029 - Initializing MCU STM32F042K(4-6)Tx STM32F042K6Tx STM32F042K6T6
2025-10-04 00:20:05,907 [INFO] Context:786 - Trying to add GPIOservice into a context  which must be forbidden
2025-10-04 00:20:06,081 [INFO] ImportTextPane:234 - (OptionalMessage_ERROR) Pin8 (VP_RIF_VS_RIF1) cannot be retrieved for this MCU
2025-10-04 00:20:06,088 [WARN] ModelIntegratedComponent:63 - No mode defined for component null
2025-10-04 00:20:06,089 [WARN] ModelIntegratedComponent:63 - No mode defined for component null
2025-10-04 00:20:06,089 [WARN] ModelIntegratedComponent:63 - No mode defined for component null
2025-10-04 00:20:06,089 [WARN] ModelIntegratedComponent:63 - No mode defined for component null
2025-10-04 00:20:06,089 [WARN] ModelIntegratedComponent:63 - No mode defined for component null
2025-10-04 00:20:06,089 [WARN] ModelIntegratedComponent:63 - No mode defined for component null
2025-10-04 00:20:06,089 [WARN] ModelIntegratedComponent:63 - No mode defined for component null
2025-10-04 00:20:06,089 [WARN] ModelIntegratedComponent:63 - No mode defined for component null
2025-10-04 00:20:06,089 [WARN] ModelIntegratedComponent:63 - No mode defined for component null
2025-10-04 00:20:06,089 [WARN] ModelIntegratedComponent:63 - No mode defined for component null
2025-10-04 00:20:06,089 [WARN] ModelIntegratedComponent:63 - No mode defined for component null
2025-10-04 00:20:06,089 [WARN] ModelIntegratedComponent:63 - No mode defined for component null
2025-10-04 00:20:06,089 [WARN] ModelIntegratedComponent:63 - No mode defined for component null
2025-10-04 00:20:06,089 [WARN] ModelIntegratedComponent:63 - No mode defined for component null
2025-10-04 00:20:06,089 [WARN] ModelIntegratedComponent:63 - No mode defined for component null
2025-10-04 00:20:06,089 [WARN] ModelIntegratedComponent:63 - No mode defined for component null
2025-10-04 00:20:06,089 [WARN] ModelIntegratedComponent:63 - No mode defined for component null
2025-10-04 00:20:06,089 [WARN] ModelIntegratedComponent:63 - No mode defined for component null
2025-10-04 00:20:06,089 [WARN] ModelIntegratedComponent:63 - No mode defined for component null
2025-10-04 00:20:06,089 [WARN] ModelIntegratedComponent:63 - No mode defined for component null
2025-10-04 00:20:06,089 [WARN] ModelIntegratedComponent:63 - No mode defined for component null
2025-10-04 00:20:06,089 [WARN] ModelIntegratedComponent:63 - No mode defined for component null
2025-10-04 00:20:06,089 [WARN] ModelIntegratedComponent:63 - No mode defined for component null
2025-10-04 00:20:06,089 [WARN] ModelIntegratedComponent:63 - No mode defined for component null
2025-10-04 00:20:06,089 [WARN] ModelIntegratedComponent:63 - No mode defined for component null
2025-10-04 00:20:06,089 [WARN] ModelIntegratedComponent:63 - No mode defined for component null
2025-10-04 00:20:06,089 [WARN] ModelIntegratedComponent:63 - No mode defined for component null
2025-10-04 00:20:06,089 [WARN] ModelIntegratedComponent:63 - No mode defined for component null
2025-10-04 00:20:06,089 [WARN] ModelIntegratedComponent:63 - No mode defined for component null
2025-10-04 00:20:06,089 [WARN] ModelIntegratedComponent:63 - No mode defined for component null
2025-10-04 00:20:06,089 [WARN] ModelIntegratedComponent:63 - No mode defined for component null
2025-10-04 00:20:06,089 [WARN] ModelIntegratedComponent:63 - No mode defined for component null
2025-10-04 00:20:06,089 [WARN] ModelIntegratedComponent:63 - No mode defined for component null
2025-10-04 00:20:06,089 [WARN] ModelIntegratedComponent:63 - No mode defined for component null
2025-10-04 00:20:06,089 [WARN] ModelIntegratedComponent:63 - No mode defined for component null
2025-10-04 00:20:06,089 [WARN] ModelPack:524 - Component already loaded: STMicroelectronics:HAL Drivers:0.0.0:STMicroelectronics:Device:STMicro_Driver:XSPI:HAL::0.0.1:HAL_XSPI
2025-10-04 00:20:06,091 [INFO] RtosManager:558 - Registered RTOS mode: class=CMSIS, group=RTOS, mode=CMSIS_V1, owner=FREERTOS
2025-10-04 00:20:06,091 [INFO] RtosManager:558 - Registered RTOS mode: class=CMSIS, group=RTOS2, mode=CMSIS_V2, owner=FREERTOS
2025-10-04 00:20:06,091 [INFO] RtosManager:558 - Registered RTOS mode: class=RTOS, group=Core, mode=CMSIS_V1, owner=FREERTOS
2025-10-04 00:20:06,091 [INFO] RtosManager:558 - Registered RTOS mode: class=RTOS, group=Core, mode=CMSIS_V2, owner=FREERTOS
2025-10-04 00:20:06,091 [WARN] ModelIntegratedComponent:184 - Missing modes for component STMicroelectronics:FreeRTOS:0.0.1:STMicroelectronics:RTOS:FreeRTOS:Core:::10.2.0:
2025-10-04 00:20:06,092 [INFO] ThirdPartyModel:298 - Start build external matchings
2025-10-04 00:20:06,093 [INFO] ThirdPartyModel:316 - End build external matchings
2025-10-04 00:20:06,095 [INFO] ImportTextPane:234 - (OptionalMessage_ERROR) IP (RCC) : Invalid parameter (FamilyName)
2025-10-04 00:20:06,095 [INFO] ImportTextPane:234 - (OptionalMessage_ERROR) IP (RCC) : Invalid parameter (HSICECFreq_Value)
2025-10-04 00:20:06,182 [INFO] UtilMem:75 - End LoadConfig() Used Memory: 392380952 Bytes (765460480)
2025-10-04 00:20:06,188 [WARN] ThirdParty:833 - waiting for thirdparty lock release [change project]
2025-10-04 00:20:06,188 [INFO] ThirdParty:835 - entering critical section [change project]
2025-10-04 00:20:06,188 [INFO] ThirdParty:1030 - CMSIS Pack Vendor :STMicroelectronics USBPD 4.1
2025-10-04 00:20:06,188 [INFO] ThirdParty:1030 - CMSIS Pack Vendor :STMicroelectronics USB_HOST 2.0.0
2025-10-04 00:20:06,188 [INFO] ThirdParty:1030 - CMSIS Pack Vendor :STMicroelectronics FP-SNS-MOTENVWB1 1.4.0
2025-10-04 00:20:06,188 [INFO] ThirdParty:1030 - CMSIS Pack Vendor :STMicroelectronics LIBJPEG 8.0.0
2025-10-04 00:20:06,188 [INFO] ThirdParty:1030 - CMSIS Pack Vendor :STMicroelectronics FP-ATR-ASTRA1 2.0.2
2025-10-04 00:20:06,188 [INFO] ThirdParty:1030 - CMSIS Pack Vendor :STMicroelectronics FP-ATR-SIGFOX1 3.2.0
2025-10-04 00:20:06,188 [INFO] ThirdParty:1030 - CMSIS Pack Vendor :STMicroelectronics USB_DEVICE 3.0.0
2025-10-04 00:20:06,188 [INFO] ThirdParty:1030 - CMSIS Pack Vendor :STMicroelectronics HAL Drivers 0.0.0
2025-10-04 00:20:06,188 [INFO] ThirdParty:1030 - CMSIS Pack Vendor :STMicroelectronics MBEDTLS 2.16.2
2025-10-04 00:20:06,188 [INFO] ThirdParty:1030 - CMSIS Pack Vendor :STMicroelectronics MBEDTLS 2.14.1
2025-10-04 00:20:06,188 [INFO] ThirdParty:1030 - CMSIS Pack Vendor :STMicroelectronics USB_DEVICE 2.0.0
2025-10-04 00:20:06,188 [INFO] ThirdParty:1030 - CMSIS Pack Vendor :STMicroelectronics ThreadX 1.0.0
2025-10-04 00:20:06,188 [INFO] ThirdParty:1030 - CMSIS Pack Vendor :STMicroelectronics FP-SNS-SMARTAG2 1.2.0
2025-10-04 00:20:06,189 [INFO] ThirdParty:1030 - CMSIS Pack Vendor :STMicroelectronics FP-SNS-FLIGHT1 5.1.0
2025-10-04 00:20:06,189 [INFO] ThirdParty:1030 - CMSIS Pack Vendor :STMicroelectronics FreeRTOS 0.0.1
2025-10-04 00:20:06,189 [INFO] ThirdParty:1030 - CMSIS Pack Vendor :STMicroelectronics FP-SNS-MOTENV1 5.0.0
2025-10-04 00:20:06,189 [INFO] ThirdParty:1030 - CMSIS Pack Vendor :STMicroelectronics USB_DEVICE 1.0.0
2025-10-04 00:20:06,189 [INFO] ThirdParty:1030 - CMSIS Pack Vendor :STMicroelectronics STM32_WPAN 1.0.0
2025-10-04 00:20:06,189 [INFO] ThirdParty:1030 - CMSIS Pack Vendor :STMicroelectronics ThreadX 0.0.2
2025-10-04 00:20:06,189 [INFO] ThirdParty:1030 - CMSIS Pack Vendor :STMicroelectronics lwIP 2.0.3
2025-10-04 00:20:06,189 [INFO] ThirdParty:1030 - CMSIS Pack Vendor :STMicroelectronics lwIP 2.1.2
2025-10-04 00:20:06,189 [INFO] ThirdParty:1030 - CMSIS Pack Vendor :STMicroelectronics USB_HOST 1.0.0
2025-10-04 00:20:06,189 [INFO] ThirdParty:1030 - CMSIS Pack Vendor :STMicroelectronics PDM2PCM 3.1.0
2025-10-04 00:20:06,189 [INFO] ThirdParty:1030 - CMSIS Pack Vendor :STMicroelectronics PDM2PCM 3.2.0
2025-10-04 00:20:06,189 [INFO] ThirdParty:1030 - CMSIS Pack Vendor :STMicroelectronics PDM2PCM 3.3.0
2025-10-04 00:20:06,189 [INFO] ThirdParty:841 - exiting critical section [change project]
2025-10-04 00:20:06,302 [INFO] PinOutPanel:1589 - setPackage(No Configuration,No Configuration)
2025-10-04 00:20:06,303 [INFO] PinOutPanel:1589 - setPackage(STM32F042K6Tx,LQFP32)
2025-10-04 00:20:06,710 [INFO] UtilMem:75 - Before build in PCC Used Memory: 277148424 Bytes (765460480)
2025-10-04 00:20:06,821 [INFO] UtilMem:75 - After build in PCC Used Memory: 321188616 Bytes (765460480)
2025-10-04 00:20:06,831 [INFO] IPUIPlugin:80 - create IPUIPlugin
2025-10-04 00:20:06,831 [INFO] IPUIPlugin:80 - create IPUIPlugin
2025-10-04 00:20:06,831 [INFO] IPUIPlugin:80 - create IPUIPlugin
2025-10-04 00:20:06,831 [INFO] IPUIPlugin:80 - create IPUIPlugin
2025-10-04 00:20:06,831 [INFO] IPUIPlugin:80 - create IPUIPlugin
2025-10-04 00:20:06,831 [INFO] IPUIPlugin:80 - create IPUIPlugin
2025-10-04 00:20:06,831 [INFO] IPUIPlugin:80 - create IPUIPlugin
2025-10-04 00:20:06,831 [INFO] IPUIPlugin:80 - create IPUIPlugin
2025-10-04 00:20:06,831 [INFO] IPUIPlugin:80 - create IPUIPlugin
2025-10-04 00:20:06,831 [INFO] IPUIPlugin:80 - create IPUIPlugin
2025-10-04 00:20:06,832 [INFO] IPUIPlugin:80 - create IPUIPlugin
2025-10-04 00:20:06,832 [INFO] IPUIPlugin:80 - create IPUIPlugin
2025-10-04 00:20:06,832 [INFO] IPUIPlugin:80 - create IPUIPlugin
2025-10-04 00:20:06,832 [INFO] IPUIPlugin:80 - create IPUIPlugin
2025-10-04 00:20:06,832 [INFO] IPUIPlugin:80 - create IPUIPlugin
2025-10-04 00:20:06,832 [INFO] IPUIPlugin:80 - create IPUIPlugin
2025-10-04 00:20:06,832 [INFO] IPUIPlugin:80 - create IPUIPlugin
2025-10-04 00:20:06,833 [INFO] IPUIPlugin:80 - create IPUIPlugin
2025-10-04 00:20:06,833 [INFO] IPUIPlugin:80 - create IPUIPlugin
2025-10-04 00:20:06,833 [INFO] IPUIPlugin:80 - create IPUIPlugin
2025-10-04 00:20:06,833 [INFO] IPUIPlugin:80 - create IPUIPlugin
2025-10-04 00:20:06,833 [INFO] IPUIPlugin:80 - create IPUIPlugin
2025-10-04 00:20:06,833 [INFO] IPUIPlugin:80 - create IPUIPlugin
2025-10-04 00:20:06,833 [INFO] IPUIPlugin:80 - create IPUIPlugin
2025-10-04 00:20:06,834 [INFO] IPUIPlugin:80 - create IPUIPlugin
2025-10-04 00:20:06,834 [INFO] IPUIPlugin:80 - create IPUIPlugin
2025-10-04 00:20:06,834 [INFO] IPUIPlugin:80 - create IPUIPlugin
2025-10-04 00:20:06,834 [INFO] IPUIPlugin:80 - create IPUIPlugin
2025-10-04 00:20:06,834 [INFO] IPUIPlugin:80 - create IPUIPlugin
2025-10-04 00:20:06,835 [INFO] IPUIPlugin:80 - create IPUIPlugin
2025-10-04 00:20:06,865 [INFO] CADModel:165 - CPN selected for project levelSTM32F042K6T6
2025-10-04 00:20:06,865 [INFO] CADModel:114 - Register for checkConnection events
2025-10-04 00:20:06,902 [INFO] OpenFileManager:386 - Restore cursor
2025-10-04 00:20:42,400 [INFO] UtilMem:75 - End SaveConfig() Used Memory: 530631152 Bytes (765460480)
2025-10-04 00:20:44,286 [INFO] UtilMem:75 - End SaveConfig() Used Memory: 550826760 Bytes (765460480)
2025-10-04 00:20:54,490 [INFO] UtilMem:75 - End SaveConfig() Used Memory: 626129704 Bytes (765460480)
2025-10-04 00:20:54,651 [INFO] BlockDiagram:2775 - set Specific Code input for plugin: NVIC
2025-10-04 00:20:54,651 [INFO] BlockDiagram:2775 - set Specific Code input for plugin: USART
2025-10-04 00:20:54,651 [INFO] BlockDiagram:2775 - set Specific Code input for plugin: SYS
2025-10-04 00:20:54,651 [INFO] BlockDiagram:2775 - set Specific Code input for plugin: GPIO
2025-10-04 00:20:54,651 [INFO] BlockDiagram:2775 - set Specific Code input for plugin: RCC
2025-10-04 00:20:54,651 [INFO] BlockDiagram:2775 - set Specific Code input for plugin: I2C
2025-10-04 00:20:54,651 [INFO] CodeGenerator:892 - code generatio: config db path: /opt/st/stm32cubeide_1.19.0/plugins/com.st.stm32cube.common.mx_6.15.0.202507011659//db/
2025-10-04 00:20:54,731 [INFO] CodeEngine:265 - oldGeneratedFile, /home/kamil/STM32CubeIDE/workspace_1.19.0/gimbal_second_try/MXTmpFiles/license.tmp_save
2025-10-04 00:20:54,905 [INFO] CodeEngine:289 - Generated code: /home/kamil/STM32CubeIDE/workspace_1.19.0/gimbal_second_try/MXTmpFiles/license.tmp
2025-10-04 00:20:54,944 [INFO] CodeEngine:265 - oldGeneratedFile, /home/kamil/STM32CubeIDE/workspace_1.19.0/gimbal_second_try/MXTmpFiles/gpio.tmp_save
2025-10-04 00:20:55,033 [INFO] CodeEngine:289 - Generated code: /home/kamil/STM32CubeIDE/workspace_1.19.0/gimbal_second_try/MXTmpFiles/gpio.tmp
2025-10-04 00:20:55,148 [INFO] CodeEngine:265 - oldGeneratedFile, /home/kamil/STM32CubeIDE/workspace_1.19.0/gimbal_second_try/Core/Src/stm32f0xx_it.c_save
2025-10-04 00:20:55,295 [INFO] CodeEngine:289 - Generated code: /home/kamil/STM32CubeIDE/workspace_1.19.0/gimbal_second_try/Core/Src/stm32f0xx_it.c
2025-10-04 00:20:55,296 [INFO] CodeEngine:265 - oldGeneratedFile, /home/kamil/STM32CubeIDE/workspace_1.19.0/gimbal_second_try/Core/Inc/stm32f0xx_it.h_save
2025-10-04 00:20:55,334 [INFO] CodeEngine:289 - Generated code: /home/kamil/STM32CubeIDE/workspace_1.19.0/gimbal_second_try/Core/Inc/stm32f0xx_it.h
2025-10-04 00:20:55,337 [INFO] CodeEngine:265 - oldGeneratedFile, /home/kamil/STM32CubeIDE/workspace_1.19.0/gimbal_second_try/MXTmpFiles/system.tmp_save
2025-10-04 00:20:55,379 [INFO] CodeEngine:289 - Generated code: /home/kamil/STM32CubeIDE/workspace_1.19.0/gimbal_second_try/MXTmpFiles/system.tmp
2025-10-04 00:20:55,379 [INFO] CodeEngine:265 - oldGeneratedFile, /home/kamil/STM32CubeIDE/workspace_1.19.0/gimbal_second_try/Core/Inc/stm32_assert.h_save
2025-10-04 00:20:55,418 [INFO] CodeEngine:289 - Generated code: /home/kamil/STM32CubeIDE/workspace_1.19.0/gimbal_second_try/Core/Inc/stm32_assert.h
2025-10-04 00:20:55,421 [WARN] IPConfigManager:3238 - Warning: the RefConfig RCC_LSEDRIVE_CONFIG is not available in your config.xml file
2025-10-04 00:20:55,422 [WARN] IPConfigManager:3238 - Warning: the RefConfig RCC_ClockConfig is not available in your config.xml file
2025-10-04 00:20:55,422 [WARN] IPConfigManager:3238 - Warning: the RefConfig RCC_MCOConfig is not available in your config.xml file
2025-10-04 00:20:55,422 [WARN] IPConfigManager:3238 - Warning: the RefConfig RCC_SYSTICK_CONFIG is not available in your config.xml file
2025-10-04 00:20:55,428 [INFO] ApiDbMcu:532 - Load IP Config File for I2C1
2025-10-04 00:20:55,437 [INFO] ApiDbMcu:532 - Load IP Config File for USART2
2025-10-04 00:20:55,440 [INFO] ApiDbMcu:532 - Load IP Config File for RCC
2025-10-04 00:20:55,442 [INFO] CodeEngine:265 - oldGeneratedFile, /home/kamil/STM32CubeIDE/workspace_1.19.0/gimbal_second_try/Core/Inc/main.h_save
2025-10-04 00:20:55,504 [INFO] CodeEngine:289 - Generated code: /home/kamil/STM32CubeIDE/workspace_1.19.0/gimbal_second_try/Core/Inc/main.h
2025-10-04 00:20:55,505 [INFO] CodeEngine:265 - oldGeneratedFile, /home/kamil/STM32CubeIDE/workspace_1.19.0/gimbal_second_try/Core/Src/main.c_save
2025-10-04 00:20:55,585 [INFO] CodeEngine:289 - Generated code: /home/kamil/STM32CubeIDE/workspace_1.19.0/gimbal_second_try/Core/Src/main.c
2025-10-04 00:20:55,808 [INFO] ProjectBuilder:3606 - Time for Copy HAL[1] : 16mS.
2025-10-04 00:20:55,810 [INFO] ProjectBuilder:5216 - Project Generator version: 4.7.0-B52
2025-10-04 00:20:55,869 [INFO] ConfigFileManager:1595 - The Die is : DIE445
2025-10-04 00:20:55,872 [INFO] ApiDbMcu:532 - Load IP Config File for FATFS
2025-10-04 00:20:55,884 [INFO] ApiDbMcu:532 - Load IP Config File for FREERTOS
2025-10-04 00:20:55,953 [INFO] ApiDbMcu:532 - Load IP Config File for TOUCHSENSING
2025-10-04 00:20:55,963 [INFO] ApiDbMcu:532 - Load IP Config File for USB_DEVICE
2025-10-04 00:20:56,436 [INFO] ProjectBuilder:5496 - Time for Generating toolchain IDE Files: 626mS.
2025-10-04 00:20:56,437 [INFO] ProjectBuilder:3463 - Time for Copy CMSIS : 0mS.
2025-10-04 00:20:56,437 [INFO] ProjectBuilder:3463 - Time for Copy CMSIS : 0mS.
2025-10-04 00:22:41,925 [INFO] UtilMem:75 - End SaveConfig() Used Memory: 352398376 Bytes (765460480)
2025-10-04 00:22:43,465 [INFO] UtilMem:75 - End SaveConfig() Used Memory: 371801728 Bytes (765460480)
2025-10-04 00:22:46,587 [INFO] UtilMem:75 - End SaveConfig() Used Memory: 438907944 Bytes (765460480)
2025-10-04 00:22:46,642 [INFO] BlockDiagram:2775 - set Specific Code input for plugin: NVIC
2025-10-04 00:22:46,643 [INFO] BlockDiagram:2775 - set Specific Code input for plugin: USART
2025-10-04 00:22:46,643 [INFO] BlockDiagram:2775 - set Specific Code input for plugin: SYS
2025-10-04 00:22:46,643 [INFO] BlockDiagram:2775 - set Specific Code input for plugin: GPIO
2025-10-04 00:22:46,643 [INFO] BlockDiagram:2775 - set Specific Code input for plugin: RCC
2025-10-04 00:22:46,643 [INFO] BlockDiagram:2775 - set Specific Code input for plugin: I2C
2025-10-04 00:22:46,643 [INFO] CodeGenerator:892 - code generatio: config db path: /opt/st/stm32cubeide_1.19.0/plugins/com.st.stm32cube.common.mx_6.15.0.202507011659//db/
2025-10-04 00:22:46,692 [INFO] CodeEngine:265 - oldGeneratedFile, /home/kamil/STM32CubeIDE/workspace_1.19.0/gimbal_second_try/MXTmpFiles/license.tmp_save
2025-10-04 00:22:46,735 [INFO] CodeEngine:289 - Generated code: /home/kamil/STM32CubeIDE/workspace_1.19.0/gimbal_second_try/MXTmpFiles/license.tmp
2025-10-04 00:22:46,760 [INFO] CodeEngine:265 - oldGeneratedFile, /home/kamil/STM32CubeIDE/workspace_1.19.0/gimbal_second_try/MXTmpFiles/gpio.tmp_save
2025-10-04 00:22:46,798 [INFO] CodeEngine:289 - Generated code: /home/kamil/STM32CubeIDE/workspace_1.19.0/gimbal_second_try/MXTmpFiles/gpio.tmp
2025-10-04 00:22:46,870 [INFO] CodeEngine:265 - oldGeneratedFile, /home/kamil/STM32CubeIDE/workspace_1.19.0/gimbal_second_try/Core/Src/stm32f0xx_it.c_save
2025-10-04 00:22:46,916 [INFO] CodeEngine:289 - Generated code: /home/kamil/STM32CubeIDE/workspace_1.19.0/gimbal_second_try/Core/Src/stm32f0xx_it.c
2025-10-04 00:22:46,917 [INFO] CodeEngine:265 - oldGeneratedFile, /home/kamil/STM32CubeIDE/workspace_1.19.0/gimbal_second_try/Core/Inc/stm32f0xx_it.h_save
2025-10-04 00:22:46,954 [INFO] CodeEngine:289 - Generated code: /home/kamil/STM32CubeIDE/workspace_1.19.0/gimbal_second_try/Core/Inc/stm32f0xx_it.h
2025-10-04 00:22:46,956 [INFO] CodeEngine:265 - oldGeneratedFile, /home/kamil/STM32CubeIDE/workspace_1.19.0/gimbal_second_try/Core/Src/stm32f0xx_hal_msp.c_save
2025-10-04 00:22:47,009 [INFO] CodeEngine:289 - Generated code: /home/kamil/STM32CubeIDE/workspace_1.19.0/gimbal_second_try/Core/Src/stm32f0xx_hal_msp.c
2025-10-04 00:22:47,010 [INFO] CodeEngine:265 - oldGeneratedFile, /home/kamil/STM32CubeIDE/workspace_1.19.0/gimbal_second_try/MXTmpFiles/system.tmp_save
2025-10-04 00:22:47,043 [INFO] CodeEngine:289 - Generated code: /home/kamil/STM32CubeIDE/workspace_1.19.0/gimbal_second_try/MXTmpFiles/system.tmp
2025-10-04 00:22:47,044 [INFO] CodeEngine:265 - oldGeneratedFile, /home/kamil/STM32CubeIDE/workspace_1.19.0/gimbal_second_try/Core/Inc/stm32_assert.h_save
2025-10-04 00:22:47,086 [INFO] CodeEngine:289 - Generated code: /home/kamil/STM32CubeIDE/workspace_1.19.0/gimbal_second_try/Core/Inc/stm32_assert.h
2025-10-04 00:22:47,089 [INFO] CodeEngine:321 - oldGeneratedFile, /home/kamil/STM32CubeIDE/workspace_1.19.0/gimbal_second_try/Core/Inc/stm32f0xx_hal_conf.h_save
2025-10-04 00:22:47,133 [INFO] CodeEngine:345 - Generated code: /home/kamil/STM32CubeIDE/workspace_1.19.0/gimbal_second_try/Core/Inc/stm32f0xx_hal_conf.h
2025-10-04 00:22:47,139 [WARN] IPConfigManager:3238 - Warning: the RefConfig RCC_LSEDRIVE_CONFIG is not available in your config.xml file
2025-10-04 00:22:47,140 [WARN] IPConfigManager:3238 - Warning: the RefConfig RCC_ClockConfig is not available in your config.xml file
2025-10-04 00:22:47,140 [WARN] IPConfigManager:3238 - Warning: the RefConfig RCC_MCOConfig is not available in your config.xml file
2025-10-04 00:22:47,140 [WARN] IPConfigManager:3238 - Warning: the RefConfig RCC_SYSTICK_CONFIG is not available in your config.xml file
2025-10-04 00:22:47,146 [INFO] CodeEngine:265 - oldGeneratedFile, /home/kamil/STM32CubeIDE/workspace_1.19.0/gimbal_second_try/Core/Inc/main.h_save
2025-10-04 00:22:47,183 [INFO] CodeEngine:289 - Generated code: /home/kamil/STM32CubeIDE/workspace_1.19.0/gimbal_second_try/Core/Inc/main.h
2025-10-04 00:22:47,183 [INFO] CodeEngine:265 - oldGeneratedFile, /home/kamil/STM32CubeIDE/workspace_1.19.0/gimbal_second_try/Core/Src/main.c_save
2025-10-04 00:22:47,239 [INFO] CodeEngine:289 - Generated code: /home/kamil/STM32CubeIDE/workspace_1.19.0/gimbal_second_try/Core/Src/main.c
2025-10-04 00:22:47,367 [INFO] ProjectBuilder:3606 - Time for Copy HAL[1] : 11mS.
2025-10-04 00:22:47,368 [INFO] ProjectBuilder:5216 - Project Generator version: 4.7.0-B52
2025-10-04 00:22:47,415 [INFO] ConfigFileManager:1595 - The Die is : DIE445
2025-10-04 00:22:47,746 [INFO] ProjectBuilder:5496 - Time for Generating toolchain IDE Files: 378mS.
2025-10-04 00:22:47,746 [INFO] ProjectBuilder:3463 - Time for Copy CMSIS : 0mS.
2025-10-04 00:22:47,747 [INFO] ProjectBuilder:3463 - Time for Copy CMSIS : 0mS.
2025-10-04 00:29:26,103 [INFO] WebApp:194 - Connection lost
2025-10-04 00:29:28,285 [INFO] WebApp:191 - Connection restablished
2025-10-04 00:29:59,314 [INFO] WebApp:194 - Connection lost
2025-10-04 00:29:59,449 [INFO] WebApp:191 - Connection restablished
