2026-02-21 16:31:39,910 [INFO] Activator:176 - 


2026-02-21 16:31:39,912 [INFO] Activator:177 - !SESSION log4j initialized
2026-02-21 16:31:48,200 [INFO] LogOutputStream:77 - [STDOUT_REDIRECT] 
2026-02-21 16:31:49,074 [INFO] ApplicationProperties:184 - Using Application install path: /opt/st/stm32cubeide_1.19.0/plugins/com.st.stm32cube.common.mx_6.15.0.202507011659
2026-02-21 16:31:49,094 [INFO] DbMcusXml:78 - Set database path to: /opt/st/stm32cubeide_1.19.0/plugins/com.st.stm32cube.common.mx_6.15.0.202507011659//db//mcu/
2026-02-21 16:31:49,094 [INFO] ApiDb:274 - Set plugin database path to: /opt/st/stm32cubeide_1.19.0/plugins/com.st.stm32cube.common.mx_6.15.0.202507011659//db//plugins/boardmanager/
2026-02-21 16:31:49,094 [WARN] ApiDb:259 - Overriding images path with different value:  => /opt/st/stm32cubeide_1.19.0/plugins/com.st.stm32cube.common.mx_6.15.0.202507011659//db//plugins/mcufinder/images/
2026-02-21 16:31:49,101 [INFO] ApiDb:250 - Set database path to: /home/kamil/.stmcufinder/plugins/mcufinder//mcu/
2026-02-21 16:31:49,102 [INFO] DbMcusAds:125 - Set database path to: /home/kamil/.stmcufinder/plugins/mcufinder//mcu/
2026-02-21 16:31:49,104 [INFO] CrossReferenceDbSqlite:203 - Set database path to: /home/kamil/.stmcufinder/plugins/mcufinder//mcu/cs/
2026-02-21 16:31:49,240 [INFO] RulesReader:64 - Compatibility file has been processed (317 Rules)
2026-02-21 16:31:49,325 [INFO] DbMcusXml:78 - Set database path to: /opt/st/stm32cubeide_1.19.0/plugins/com.st.stm32cube.common.mx_6.15.0.202507011659//db//mcu/
2026-02-21 16:31:49,325 [INFO] ApiDb:274 - Set plugin database path to: /opt/st/stm32cubeide_1.19.0/plugins/com.st.stm32cube.common.mx_6.15.0.202507011659//db//plugins/boardmanager/
2026-02-21 16:31:49,326 [INFO] ApiDb:261 - Set plugin images path to: /opt/st/stm32cubeide_1.19.0/plugins/com.st.stm32cube.common.mx_6.15.0.202507011659//db//plugins/mcufinder/images/
2026-02-21 16:31:49,326 [WARN] DbFile:41 - Overriding database path with different value: /home/kamil/.stmcufinder/plugins/mcufinder/ => /home/kamil/.stmcufinder/plugins/mcufinder
2026-02-21 16:31:49,326 [INFO] ApiDb:250 - Set database path to: /home/kamil/.stmcufinder/plugins/mcufinder//mcu/
2026-02-21 16:31:49,326 [WARN] DbFile:41 - Overriding database path with different value: /home/kamil/.stmcufinder/plugins/mcufinder/ => /home/kamil/.stmcufinder/plugins/mcufinder
2026-02-21 16:31:49,326 [INFO] DbMcusAds:125 - Set database path to: /home/kamil/.stmcufinder/plugins/mcufinder//mcu/
2026-02-21 16:31:49,327 [WARN] DbFile:41 - Overriding database path with different value: /home/kamil/.stmcufinder/plugins/mcufinder/ => /home/kamil/.stmcufinder/plugins/mcufinder
2026-02-21 16:31:49,327 [WARN] DbFile:41 - Overriding database path with different value: /home/kamil/.stmcufinder/plugins/mcufinder/ => /home/kamil/.stmcufinder/plugins/mcufinder
2026-02-21 16:31:49,327 [INFO] CrossReferenceDbSqlite:203 - Set database path to: /home/kamil/.stmcufinder/plugins/mcufinder//mcu/cs/
2026-02-21 16:31:49,408 [INFO] MainPanel:274 - HeapMemory: 268435456
2026-02-21 16:31:49,515 [INFO] DbMcusXml:78 - Set database path to: /opt/st/stm32cubeide_1.19.0/plugins/com.st.stm32cube.common.mx_6.15.0.202507011659//db//mcu/
2026-02-21 16:31:49,515 [INFO] ApiDb:274 - Set plugin database path to: /opt/st/stm32cubeide_1.19.0/plugins/com.st.stm32cube.common.mx_6.15.0.202507011659//db//plugins/boardmanager/
2026-02-21 16:31:49,515 [INFO] ApiDb:261 - Set plugin images path to: /opt/st/stm32cubeide_1.19.0/plugins/com.st.stm32cube.common.mx_6.15.0.202507011659//db//plugins/mcufinder/images/
2026-02-21 16:31:49,516 [WARN] DbFile:41 - Overriding database path with different value: /home/kamil/.stmcufinder/plugins/mcufinder/ => /home/kamil/.stmcufinder/plugins/mcufinder
2026-02-21 16:31:49,516 [INFO] ApiDb:250 - Set database path to: /home/kamil/.stmcufinder/plugins/mcufinder//mcu/
2026-02-21 16:31:49,516 [WARN] DbFile:41 - Overriding database path with different value: /home/kamil/.stmcufinder/plugins/mcufinder/ => /home/kamil/.stmcufinder/plugins/mcufinder
2026-02-21 16:31:49,516 [INFO] DbMcusAds:125 - Set database path to: /home/kamil/.stmcufinder/plugins/mcufinder//mcu/
2026-02-21 16:31:49,516 [WARN] DbFile:41 - Overriding database path with different value: /home/kamil/.stmcufinder/plugins/mcufinder/ => /home/kamil/.stmcufinder/plugins/mcufinder
2026-02-21 16:31:49,516 [WARN] DbFile:41 - Overriding database path with different value: /home/kamil/.stmcufinder/plugins/mcufinder/ => /home/kamil/.stmcufinder/plugins/mcufinder
2026-02-21 16:31:49,516 [INFO] CrossReferenceDbSqlite:203 - Set database path to: /home/kamil/.stmcufinder/plugins/mcufinder//mcu/cs/
2026-02-21 16:31:49,531 [INFO] ApplicationProperties:184 - Using Application install path: /opt/st/stm32cubeide_1.19.0/plugins/com.st.stm32cube.common.mx_6.15.0.202507011659
2026-02-21 16:31:49,533 [INFO] PluginManage:196 - Search for loadable plugins [exclusion list=, ]
2026-02-21 16:31:49,534 [INFO] PluginManage:310 - Check plugin analytics
2026-02-21 16:31:49,637 [INFO] AnalyticsPlugin:253 - Accepted Software Licenses: 
2026-02-21 16:31:49,638 [INFO] AnalyticsPlugin:255 - Accepted CMSIS Pack Licenses: 
2026-02-21 16:31:49,638 [INFO] AnalyticsPlugin:257 - Accepted Firmware Licenses: FW.F4.1.28.0
2026-02-21 16:31:49,639 [INFO] PluginManage:359 - Loaded plugin analytics (category:tool,tabindex:-1)
2026-02-21 16:31:49,639 [INFO] PluginManage:310 - Check plugin cadmodel
2026-02-21 16:31:49,643 [INFO] CADModel:105 - Init CAD model plugin
2026-02-21 16:31:49,643 [INFO] PluginManage:359 - Loaded plugin cadmodel (category:power,tabindex:5)
2026-02-21 16:31:49,643 [INFO] PluginManage:310 - Check plugin clock
2026-02-21 16:31:49,650 [INFO] PluginManage:359 - Loaded plugin clock (category:base,tabindex:2)
2026-02-21 16:31:49,650 [INFO] PluginManage:310 - Check plugin ddr
2026-02-21 16:31:49,652 [INFO] PluginManage:359 - Loaded plugin ddr (category:tool,tabindex:6)
2026-02-21 16:31:49,652 [INFO] PluginManage:310 - Check plugin filemanager
2026-02-21 16:31:49,754 [INFO] PluginManage:359 - Loaded plugin filemanager (category:base,tabindex:10)
2026-02-21 16:31:49,755 [INFO] PluginManage:310 - Check plugin ipmanager
2026-02-21 16:31:49,758 [INFO] PluginManage:359 - Loaded plugin ipmanager (category:base,tabindex:5)
2026-02-21 16:31:49,758 [INFO] PluginManage:310 - Check plugin lpbam
2026-02-21 16:31:49,766 [INFO] PluginManage:359 - Loaded plugin lpbam (category:base,tabindex:0)
2026-02-21 16:31:49,767 [INFO] PluginManage:310 - Check plugin memorymap
2026-02-21 16:31:49,778 [INFO] PluginManage:359 - Loaded plugin memorymap (category:base,tabindex:4)
2026-02-21 16:31:49,778 [INFO] PluginManage:310 - Check plugin pinoutandconfiguration
2026-02-21 16:31:49,785 [INFO] PluginManage:359 - Loaded plugin pinoutandconfiguration (category:base,tabindex:1)
2026-02-21 16:31:49,785 [INFO] PluginManage:310 - Check plugin pinoutconfig
2026-02-21 16:31:49,839 [WARN] SupportedApi:132 - Cannot load RTOS API schema: s4s-elt-must-match.1: The content of 'definitions' must match (annotation?, (simpleType | complexType)?, (unique | key | keyref)*)). A problem was found starting at: attribute.
2026-02-21 16:31:49,936 [INFO] PluginManage:359 - Loaded plugin pinoutconfig (category:base,tabindex:0)
2026-02-21 16:31:49,936 [INFO] PluginManage:310 - Check plugin power
2026-02-21 16:31:49,943 [INFO] PluginManage:359 - Loaded plugin power (category:power,tabindex:4)
2026-02-21 16:31:49,943 [INFO] PluginManage:310 - Check plugin projectmanager
2026-02-21 16:31:49,952 [INFO] PluginManage:359 - Loaded plugin projectmanager (category:projectmanager,tabindex:4)
2026-02-21 16:31:49,952 [INFO] PluginManage:310 - Check plugin rif
2026-02-21 16:31:49,958 [INFO] PluginManage:359 - Loaded plugin rif (category:base,tabindex:3)
2026-02-21 16:31:49,958 [INFO] PluginManage:310 - Check plugin thirdparty
2026-02-21 16:31:50,033 [INFO] PluginManage:359 - Loaded plugin thirdparty (category:base,tabindex:-1)
2026-02-21 16:31:50,033 [WARN] IntegrityCheckThread:84 - waiting for thirdparty lock release [integrity check]
2026-02-21 16:31:50,033 [INFO] PluginManage:310 - Check plugin tools
2026-02-21 16:31:50,033 [INFO] IntegrityCheckThread:86 - entering critical section [integrity check]
2026-02-21 16:31:50,033 [INFO] ThirdPartyUpdaterWithRetryManager:70 - Updater plugin not ready yet. [1/15]
2026-02-21 16:31:50,035 [INFO] PluginManage:359 - Loaded plugin tools (category:base,tabindex:7)
2026-02-21 16:31:50,035 [INFO] PluginManage:310 - Check plugin tutovideos
2026-02-21 16:31:50,149 [INFO] PluginManage:359 - Loaded plugin tutovideos (category:base,tabindex:-1)
2026-02-21 16:31:50,149 [INFO] PluginManage:310 - Check plugin updater
2026-02-21 16:31:50,167 [INFO] PluginManage:359 - Loaded plugin updater (category:base,tabindex:12)
2026-02-21 16:31:50,167 [INFO] PluginManage:310 - Check plugin userauth
2026-02-21 16:31:50,170 [INFO] UserAuth:118 - Init User Auth plugin
2026-02-21 16:31:50,170 [INFO] PluginManage:359 - Loaded plugin userauth (category:base,tabindex:14)
2026-02-21 16:31:50,170 [INFO] PluginManage:283 - PluginManage : Loaded plugins [18]
2026-02-21 16:31:50,289 [INFO] PinOutPanel:1589 - setPackage(No Configuration,No Configuration)
2026-02-21 16:31:50,357 [INFO] CADModel:165 - CPN selected for project level
2026-02-21 16:31:50,358 [INFO] CADModel:114 - Register for checkConnection events
2026-02-21 16:31:50,368 [INFO] IPUIPlugin:80 - create IPUIPlugin
2026-02-21 16:31:50,368 [INFO] PluginManager:220 - loadIPPluginJar : add tracer_emb
2026-02-21 16:31:50,370 [INFO] IPUIPlugin:80 - create IPUIPlugin
2026-02-21 16:31:50,370 [INFO] PluginManager:220 - loadIPPluginJar : add radio
2026-02-21 16:31:50,376 [INFO] IPUIPlugin:80 - create IPUIPlugin
2026-02-21 16:31:50,376 [INFO] PluginManager:220 - loadIPPluginJar : add ddr_ctrl_phy
2026-02-21 16:31:50,383 [INFO] IPUIPlugin:80 - create IPUIPlugin
2026-02-21 16:31:50,383 [INFO] PluginManager:220 - loadIPPluginJar : add mdma
2026-02-21 16:31:50,386 [INFO] IPUIPlugin:80 - create IPUIPlugin
2026-02-21 16:31:50,386 [INFO] PluginManager:220 - loadIPPluginJar : add touchsensing
2026-02-21 16:31:50,388 [INFO] IPUIPlugin:80 - create IPUIPlugin
2026-02-21 16:31:50,389 [INFO] PluginManager:220 - loadIPPluginJar : add ucpd
2026-02-21 16:31:50,395 [INFO] IPUIPlugin:80 - create IPUIPlugin
2026-02-21 16:31:50,398 [INFO] PluginManager:220 - loadIPPluginJar : add plateformsettings
2026-02-21 16:31:50,402 [INFO] IPUIPlugin:80 - create IPUIPlugin
2026-02-21 16:31:50,402 [INFO] PluginManager:220 - loadIPPluginJar : add ipddr
2026-02-21 16:31:50,407 [INFO] IPUIPlugin:80 - create IPUIPlugin
2026-02-21 16:31:50,407 [INFO] PluginManager:220 - loadIPPluginJar : add resmgrutility
2026-02-21 16:31:50,409 [INFO] IPUIPlugin:80 - create IPUIPlugin
2026-02-21 16:31:50,410 [INFO] PluginManager:220 - loadIPPluginJar : add ts
2026-02-21 16:31:50,412 [INFO] IPUIPlugin:80 - create IPUIPlugin
2026-02-21 16:31:50,412 [INFO] PluginManager:220 - loadIPPluginJar : add dma3
2026-02-21 16:31:50,414 [INFO] IPUIPlugin:80 - create IPUIPlugin
2026-02-21 16:31:50,415 [INFO] PluginManager:220 - loadIPPluginJar : add openamp
2026-02-21 16:31:50,417 [INFO] IPUIPlugin:80 - create IPUIPlugin
2026-02-21 16:31:50,418 [INFO] PluginManager:220 - loadIPPluginJar : add opamp
2026-02-21 16:31:50,421 [INFO] IPUIPlugin:80 - create IPUIPlugin
2026-02-21 16:31:50,421 [INFO] PluginManager:220 - loadIPPluginJar : add pdm2pcm
2026-02-21 16:31:50,423 [INFO] IPUIPlugin:80 - create IPUIPlugin
2026-02-21 16:31:50,423 [INFO] PluginManager:220 - loadIPPluginJar : add gfxmmu
2026-02-21 16:31:50,426 [INFO] IPUIPlugin:80 - create IPUIPlugin
2026-02-21 16:31:50,426 [INFO] PluginManager:220 - loadIPPluginJar : add aes
2026-02-21 16:31:50,429 [INFO] IPUIPlugin:80 - create IPUIPlugin
2026-02-21 16:31:50,430 [INFO] PluginManager:220 - loadIPPluginJar : add gtzc
2026-02-21 16:31:50,433 [INFO] IPUIPlugin:80 - create IPUIPlugin
2026-02-21 16:31:50,433 [INFO] PluginManager:220 - loadIPPluginJar : add sai
2026-02-21 16:31:50,434 [INFO] IPUIPlugin:80 - create IPUIPlugin
2026-02-21 16:31:50,434 [INFO] PluginManager:220 - loadIPPluginJar : add tsc
2026-02-21 16:31:50,438 [INFO] IPUIPlugin:80 - create IPUIPlugin
2026-02-21 16:31:50,438 [INFO] PluginManager:220 - loadIPPluginJar : add usbx
2026-02-21 16:31:50,441 [INFO] IPUIPlugin:80 - create IPUIPlugin
2026-02-21 16:31:50,442 [INFO] PluginManager:220 - loadIPPluginJar : add can
2026-02-21 16:31:50,444 [INFO] IPUIPlugin:80 - create IPUIPlugin
2026-02-21 16:31:50,445 [INFO] PluginManager:220 - loadIPPluginJar : add i2c
2026-02-21 16:31:50,448 [INFO] IPUIPlugin:80 - create IPUIPlugin
2026-02-21 16:31:50,448 [INFO] PluginManager:220 - loadIPPluginJar : add lorawan
2026-02-21 16:31:50,450 [INFO] IPUIPlugin:80 - create IPUIPlugin
2026-02-21 16:31:50,450 [INFO] PluginManager:220 - loadIPPluginJar : add spi
2026-02-21 16:31:50,457 [INFO] IPUIPlugin:80 - create IPUIPlugin
2026-02-21 16:31:50,457 [INFO] PluginManager:220 - loadIPPluginJar : add linkedlist
2026-02-21 16:31:50,461 [INFO] IPUIPlugin:80 - create IPUIPlugin
2026-02-21 16:31:50,461 [INFO] PluginManager:220 - loadIPPluginJar : add fmc
2026-02-21 16:31:50,463 [INFO] IPUIPlugin:80 - create IPUIPlugin
2026-02-21 16:31:50,464 [INFO] PluginManager:220 - loadIPPluginJar : add i3c
2026-02-21 16:31:50,465 [INFO] IPUIPlugin:80 - create IPUIPlugin
2026-02-21 16:31:50,465 [INFO] PluginManager:220 - loadIPPluginJar : add ltdc
2026-02-21 16:31:50,470 [INFO] IPUIPlugin:80 - create IPUIPlugin
2026-02-21 16:31:50,470 [INFO] PluginManager:220 - loadIPPluginJar : add dma
2026-02-21 16:31:50,476 [INFO] IPUIPlugin:80 - create IPUIPlugin
2026-02-21 16:31:50,476 [INFO] PluginManager:220 - loadIPPluginJar : add freertos
2026-02-21 16:31:50,480 [INFO] IPUIPlugin:80 - create IPUIPlugin
2026-02-21 16:31:50,480 [INFO] PluginManager:220 - loadIPPluginJar : add hash
2026-02-21 16:31:50,486 [INFO] IPUIPlugin:80 - create IPUIPlugin
2026-02-21 16:31:50,486 [INFO] PluginManager:220 - loadIPPluginJar : add adc
2026-02-21 16:31:50,490 [INFO] IPUIPlugin:80 - create IPUIPlugin
2026-02-21 16:31:50,490 [INFO] PluginManager:220 - loadIPPluginJar : add usart
2026-02-21 16:31:50,497 [INFO] IPUIPlugin:80 - create IPUIPlugin
2026-02-21 16:31:50,498 [INFO] PluginManager:220 - loadIPPluginJar : add stm32_wpan
2026-02-21 16:31:50,499 [INFO] IPUIPlugin:80 - create IPUIPlugin
2026-02-21 16:31:50,500 [INFO] PluginManager:220 - loadIPPluginJar : add genericplugin
2026-02-21 16:31:50,504 [INFO] IPUIPlugin:80 - create IPUIPlugin
2026-02-21 16:31:50,504 [INFO] PluginManager:220 - loadIPPluginJar : add gpio
2026-02-21 16:31:50,509 [INFO] IPUIPlugin:80 - create IPUIPlugin
2026-02-21 16:31:50,509 [INFO] PluginManager:220 - loadIPPluginJar : add nvic
2026-02-21 16:31:50,512 [INFO] IPUIPlugin:80 - create IPUIPlugin
2026-02-21 16:31:50,512 [INFO] PluginManager:220 - loadIPPluginJar : add dfsdm
2026-02-21 16:31:50,514 [INFO] IPUIPlugin:80 - create IPUIPlugin
2026-02-21 16:31:50,514 [INFO] PluginManager:220 - loadIPPluginJar : add fatfs
2026-02-21 16:31:50,515 [INFO] IPUIPlugin:80 - create IPUIPlugin
2026-02-21 16:31:50,515 [INFO] PluginManager:220 - loadIPPluginJar : add comp
2026-02-21 16:31:50,518 [INFO] IPUIPlugin:80 - create IPUIPlugin
2026-02-21 16:31:50,518 [INFO] PluginManager:220 - loadIPPluginJar : add i2s
2026-02-21 16:31:50,520 [INFO] IPUIPlugin:80 - create IPUIPlugin
2026-02-21 16:31:50,521 [INFO] PluginManager:220 - loadIPPluginJar : add cryp
2026-02-21 16:31:50,522 [INFO] IPUIPlugin:80 - create IPUIPlugin
2026-02-21 16:31:50,522 [INFO] PluginManager:220 - loadIPPluginJar : add quadspi
2026-02-21 16:31:50,527 [INFO] IPUIPlugin:80 - create IPUIPlugin
2026-02-21 16:31:50,528 [INFO] PluginManager:220 - loadIPPluginJar : add gic
2026-02-21 16:31:50,529 [INFO] IPUIPlugin:80 - create IPUIPlugin
2026-02-21 16:31:50,530 [INFO] PluginManager:220 - loadIPPluginJar : add tim
2026-02-21 16:31:50,532 [INFO] IPUIPlugin:80 - create IPUIPlugin
2026-02-21 16:31:50,533 [INFO] PluginManager:220 - loadIPPluginJar : add extmemmanager
2026-02-21 16:31:50,638 [FATAL] Updater:351 - Updater called before beeing initialized
2026-02-21 16:31:50,654 [INFO] RulesReader:64 - Compatibility file has been processed (317 Rules)
2026-02-21 16:31:50,660 [INFO] RulesReader:64 - Compatibility file has been processed (317 Rules)
2026-02-21 16:31:50,664 [INFO] CADModel:165 - CPN selected for project level
2026-02-21 16:31:50,664 [INFO] CADModel:114 - Register for checkConnection events
2026-02-21 16:31:50,664 [FATAL] Updater:351 - Updater called before beeing initialized
2026-02-21 16:31:50,664 [ERROR] CADModel:125 - Updater not yet initialized, retry later 
2026-02-21 16:31:50,748 [FATAL] Updater:351 - Updater called before beeing initialized
2026-02-21 16:31:50,749 [INFO] CADModel:165 - CPN selected for project level
2026-02-21 16:31:50,749 [INFO] CADModel:114 - Register for checkConnection events
2026-02-21 16:31:50,749 [FATAL] Updater:351 - Updater called before beeing initialized
2026-02-21 16:31:50,749 [ERROR] CADModel:125 - Updater not yet initialized, retry later 
2026-02-21 16:31:50,751 [FATAL] Updater:351 - Updater called before beeing initialized
2026-02-21 16:31:50,801 [FATAL] Updater:351 - Updater called before beeing initialized
2026-02-21 16:31:50,803 [INFO] DbMcusAds:53 - JSON generation date=Mon Nov 10 11:43:01 CET 2025 (1762771381096)
2026-02-21 16:31:50,803 [FATAL] Updater:351 - Updater called before beeing initialized
2026-02-21 16:31:50,822 [WARN] DetailPanel:346 - Failed to get advertising image, set to default
2026-02-21 16:31:50,870 [FATAL] Updater:351 - Updater called before beeing initialized
2026-02-21 16:31:50,871 [FATAL] Updater:351 - Updater called before beeing initialized
2026-02-21 16:31:50,871 [FATAL] Updater:351 - Updater called before beeing initialized
2026-02-21 16:31:50,872 [WARN] DetailPanel:346 - Failed to get advertising image, set to default
2026-02-21 16:31:50,872 [FATAL] Updater:351 - Updater called before beeing initialized
2026-02-21 16:31:50,891 [ERROR] Updater:1198 - MainUpdater not yet initialized. External WinMGr cannot be set.
2026-02-21 16:31:50,892 [INFO] Updater:1134 - Updater Version found : 6.15.0
2026-02-21 16:31:50,905 [INFO] ApplicationProperties:184 - Using Application install path: /opt/st/stm32cubeide_1.19.0/plugins/com.st.stm32cube.common.mx_6.15.0.202507011659
2026-02-21 16:31:51,274 [INFO] MainUpdater:2872 - connection check result : 10
2026-02-21 16:31:51,277 [INFO] MainUpdater:289 - Updater Check For Update Now.
2026-02-21 16:31:51,277 [INFO] MicroXplorer:498 - Change Database Version : DB.6.0.150
2026-02-21 16:31:51,281 [INFO] McuFinderGlobals:63 - Set McuFinder mode to 2 (CubeIDE integrated)
2026-02-21 16:31:51,282 [INFO] UserAuth:487 - Internet connection configuration mode: 1
2026-02-21 16:31:51,301 [INFO] JxBrowserEngine:152 - Initiate JxBrowser Engine with user profile folder
2026-02-21 16:31:51,461 [INFO] CheckServerUpdateThread:120 - End of CheckServer Thread
2026-02-21 16:31:51,975 [INFO] WebApp:169 - Instantiating new browser for Auth
2026-02-21 16:31:52,435 [INFO] WebApp:463 - Apply proxy settings
2026-02-21 16:31:52,435 [INFO] WebApp:548 - Chromium requires no authentication
2026-02-21 16:31:52,442 [INFO] WebApp:491 - Direct internet connection detected
2026-02-21 16:31:52,454 [INFO] WebApp:900 - Register for checkConnection events
2026-02-21 16:31:52,454 [INFO] WebApp:463 - Apply proxy settings
2026-02-21 16:31:52,454 [INFO] WebApp:548 - Chromium requires no authentication
2026-02-21 16:31:52,455 [INFO] WebApp:491 - Direct internet connection detected
2026-02-21 16:31:52,529 [INFO] WebApp:225 - Starting web application
2026-02-21 16:31:52,529 [INFO] WebApp:593 - Web application path used /opt/st/stm32cubeide_1.19.0/plugins/com.st.stm32cube.common.mx_6.15.0.202507011659/db/plugins/mcufinder/reactClient1/index.html
2026-02-21 16:31:52,603 [INFO] UserAuth:487 - Internet connection configuration mode: 1
2026-02-21 16:31:52,918 [INFO] WebApp:191 - Connection restablished
2026-02-21 16:31:53,148 [WARN] PackLoader:240 - Cannot read IP mode file for STMicroelectronics.FP-SNS-MOTENVWB1.1.4.0
2026-02-21 16:31:53,155 [WARN] PackLoader:240 - Cannot read IP mode file for STMicroelectronics.FP-ATR-ASTRA1.2.0.2
2026-02-21 16:31:53,161 [WARN] PackLoader:240 - Cannot read IP mode file for STMicroelectronics.X-CUBE-SMBUS.2.1.0
2026-02-21 16:31:53,164 [WARN] PackLoader:240 - Cannot read IP mode file for STMicroelectronics.X-CUBE-ST60.1.0.0
2026-02-21 16:31:53,183 [WARN] PackLoader:240 - Cannot read IP mode file for STMicroelectronics.X-CUBE-AZRTOS-F7.1.1.0
2026-02-21 16:31:53,189 [WARN] PackLoader:240 - Cannot read IP mode file for Cesanta.I-CUBE-Mongoose.7.19.0
2026-02-21 16:31:53,192 [WARN] PackLoader:240 - Cannot read IP mode file for STMicroelectronics.FP-SNS-MOTENV1.5.1.0
2026-02-21 16:31:53,215 [WARN] PackLoader:240 - Cannot read IP mode file for WES.I-CUBE-Cesium.1.4.0
2026-02-21 16:31:53,242 [WARN] PackLoader:240 - Cannot read IP mode file for Infineon.AIROC-Wi-Fi-Bluetooth-STM32.1.7.1
2026-02-21 16:31:53,306 [WARN] PackLoader:240 - Cannot read IP mode file for STMicroelectronics.X-CUBE-AZRTOS-H7.3.4.0
2026-02-21 16:31:53,326 [WARN] PackLoader:240 - Cannot read IP mode file for STMicroelectronics.X-CUBE-DISPLAY.3.0.0
2026-02-21 16:31:53,339 [WARN] PackLoader:240 - Cannot read IP mode file for STMicroelectronics.FP-SNS-MOTENVWB1.1.5.0
2026-02-21 16:31:53,349 [WARN] PackLoader:240 - Cannot read IP mode file for STMicroelectronics.X-CUBE-NFC10.1.0.0
2026-02-21 16:31:53,356 [WARN] PackLoader:240 - Cannot read IP mode file for STMicroelectronics.X-CUBE-ST60.1.1.0
2026-02-21 16:31:53,362 [WARN] PackLoader:240 - Cannot read IP mode file for emotas.I-CUBE-CANOPEN.1.3.0
2026-02-21 16:31:53,367 [WARN] PackLoader:240 - Cannot read IP mode file for STMicroelectronics.X-CUBE-GNSS1.7.1.0
2026-02-21 16:31:53,373 [WARN] PackLoader:240 - Cannot read IP mode file for STMicroelectronics.FP-SNS-SMARTAG2.1.2.0
2026-02-21 16:31:53,377 [WARN] PackLoader:240 - Cannot read IP mode file for STMicroelectronics.FP-SNS-FLIGHT1.5.1.0
2026-02-21 16:31:53,387 [INFO] LogOutputStream:77 - [STDOUT_REDIRECT] 1 : Invalid condition id : UX_CORESTACK_Condition cause : null
2026-02-21 16:31:53,387 [INFO] LogOutputStream:77 - [STDOUT_REDIRECT] 1 : Invalid condition id : UX_CORESTACK_Condition cause : null
2026-02-21 16:31:53,388 [INFO] LogOutputStream:77 - [STDOUT_REDIRECT] 1 : Invalid condition id : UX_CORESTACK_Condition cause : null
2026-02-21 16:31:53,388 [INFO] LogOutputStream:77 - [STDOUT_REDIRECT] 1 : Invalid condition id : UX_CORESTACK_Condition cause : null
2026-02-21 16:31:53,388 [INFO] LogOutputStream:77 - [STDOUT_REDIRECT] 1 : Invalid condition id : UX_CORESTACK_Condition cause : null
2026-02-21 16:31:53,393 [WARN] PackLoader:240 - Cannot read IP mode file for STMicroelectronics.X-CUBE-AZRTOS-WL.2.0.0
2026-02-21 16:31:53,397 [WARN] PackLoader:240 - Cannot read IP mode file for STMicroelectronics.FP-SNS-MOTENV1.5.0.0
2026-02-21 16:31:53,410 [WARN] PackLoader:240 - Cannot read IP mode file for STMicroelectronics.X-CUBE-AZRTOS-H7RS.1.2.0
2026-02-21 16:31:53,417 [WARN] PackLoader:240 - Cannot read IP mode file for STMicroelectronics.X-CUBE-BLE2.3.3.0
2026-02-21 16:31:53,432 [WARN] PackLoader:240 - Cannot read IP mode file for STMicroelectronics.X-CUBE-NFC9.1.0.0
2026-02-21 16:31:53,436 [WARN] PackLoader:240 - Cannot read IP mode file for wolfSSL.I-CUBE-wolfSSL.5.8.2
2026-02-21 16:31:53,440 [WARN] PackLoader:240 - Cannot read IP mode file for STMicroelectronics.X-CUBE-BLE1.7.1.0
2026-02-21 16:31:53,443 [WARN] PackLoader:240 - Cannot read IP mode file for wolfSSL.I-CUBE-wolfMQTT.1.19.2
2026-02-21 16:31:53,447 [WARN] PackLoader:240 - Cannot read IP mode file for STMicroelectronics.X-CUBE-FREERTOS.1.4.0
2026-02-21 16:31:53,451 [WARN] PackLoader:240 - Cannot read IP mode file for STMicroelectronics.X-CUBE-EEPRMA1.5.2.0
2026-02-21 16:31:53,457 [WARN] PackLoader:240 - Cannot read IP mode file for STMicroelectronics.X-CUBE-ST67W61.1.1.0
2026-02-21 16:31:53,487 [WARN] PackLoader:240 - Cannot read IP mode file for STMicroelectronics.X-CUBE-MEMS1.12.0.0
2026-02-21 16:31:53,567 [WARN] PackLoader:240 - Cannot read IP mode file for STMicroelectronics.X-CUBE-AZRTOS-G0.1.1.0
2026-02-21 16:31:53,572 [WARN] PackLoader:240 - Cannot read IP mode file for STMicroelectronics.X-CUBE-SAFEA1.1.2.2
2026-02-21 16:31:53,576 [WARN] PackLoader:240 - Cannot read IP mode file for STMicroelectronics.X-CUBE-NFC4.3.0.0
2026-02-21 16:31:53,582 [WARN] PackLoader:240 - Cannot read IP mode file for EmbeddedOffice.I-CUBE-FS-RTOS.1.0.1
2026-02-21 16:31:53,586 [WARN] PackLoader:240 - Cannot read IP mode file for STMicroelectronics.X-CUBE-WB05N.2.0.0
2026-02-21 16:31:53,589 [WARN] PackLoader:240 - Cannot read IP mode file for wolfSSL.I-CUBE-wolfTPM.3.8.0
2026-02-21 16:31:53,593 [WARN] PackLoader:240 - Cannot read IP mode file for STMicroelectronics.X-CUBE-TCPP.4.2.0
2026-02-21 16:31:53,598 [WARN] PackLoader:240 - Cannot read IP mode file for RealThread.X-CUBE-RT-Thread_Nano.4.1.1
2026-02-21 16:31:53,601 [WARN] PackLoader:240 - Cannot read IP mode file for STMicroelectronics.FP-ATR-SIGFOX1.3.2.0
2026-02-21 16:31:53,606 [WARN] PackLoader:240 - Cannot read IP mode file for ITTIA_DB.I-CUBE-ITTIADB.8.9.0
2026-02-21 16:31:53,610 [WARN] PackLoader:240 - Cannot read IP mode file for STMicroelectronics.X-CUBE-NFC6.3.2.0
2026-02-21 16:31:53,628 [WARN] PackLoader:240 - Cannot read IP mode file for SEGGER.I-CUBE-embOS.1.3.1
2026-02-21 16:31:53,665 [WARN] PackLoader:240 - Cannot read IP mode file for STMicroelectronics.X-CUBE-ALGOBUILD.1.4.0
2026-02-21 16:31:53,696 [WARN] PackLoader:240 - Cannot read IP mode file for STMicroelectronics.X-CUBE-MEMS1.11.3.0
2026-02-21 16:31:53,771 [WARN] PackLoader:240 - Cannot read IP mode file for STMicroelectronics.X-CUBE-PM33A1.1.0.0
2026-02-21 16:31:53,780 [WARN] PackLoader:240 - Cannot read IP mode file for STMicroelectronics.X-CUBE-AZRTOS-F4.1.1.0
2026-02-21 16:31:53,784 [WARN] PackLoader:240 - Cannot read IP mode file for STMicroelectronics.X-CUBE-ISPU.2.1.0
2026-02-21 16:31:53,793 [WARN] PackLoader:240 - Cannot read IP mode file for STMicroelectronics.X-CUBE-IPS.3.2.0
2026-02-21 16:31:53,803 [WARN] PackLoader:240 - Cannot read IP mode file for STMicroelectronics.X-CUBE-NFC12.1.0.0
2026-02-21 16:31:53,815 [WARN] PackLoader:240 - Cannot read IP mode file for STMicroelectronics.X-CUBE-AZRTOS-L5.2.0.0
2026-02-21 16:31:53,840 [WARN] PackLoader:240 - Cannot read IP mode file for STMicroelectronics.X-CUBE-NFC6.3.1.0
2026-02-21 16:31:53,850 [WARN] PackLoader:240 - Cannot read IP mode file for STMicroelectronics.X-CUBE-FREERTOS.1.3.1
2026-02-21 16:31:53,855 [WARN] PackLoader:240 - Cannot read IP mode file for STMicroelectronics.X-CUBE-TOUCHGFX.4.26.0
2026-02-21 16:31:53,860 [WARN] PackLoader:240 - Cannot read IP mode file for STMicroelectronics.X-CUBE-DPower.1.3.0
2026-02-21 16:31:53,878 [WARN] ConditionMgr:438 - getConditionDescription Invalid condition id : LAN8742 Phy interface Condition cause : null
2026-02-21 16:31:53,879 [WARN] PackLoader:240 - Cannot read IP mode file for STMicroelectronics.X-CUBE-AZRTOS-L4.2.0.0
2026-02-21 16:31:53,880 [WARN] ConditionMgr:1044 - genDependencies : Invalid condition id : LAN8742 Phy interface Condition cause : null
2026-02-21 16:31:53,880 [WARN] ConditionMgr:1044 - genDependencies : Invalid condition id : LAN8742 Phy interface Condition cause : null
2026-02-21 16:31:53,881 [WARN] ConditionMgr:1044 - genDependencies : Invalid condition id : LAN8742 Phy interface Condition cause : null
2026-02-21 16:31:53,887 [WARN] PackLoader:240 - Cannot read IP mode file for STMicroelectronics.X-CUBE-SFXS2LP1.4.0.0
2026-02-21 16:31:53,893 [WARN] PackLoader:240 - Cannot read IP mode file for STMicroelectronics.X-CUBE-ST67W61.1.2.0
2026-02-21 16:31:53,903 [WARN] PackLoader:240 - Cannot read IP mode file for STMicroelectronics.X-CUBE-BLEMGR.4.1.0
2026-02-21 16:31:53,917 [WARN] ConditionMgr:438 - getConditionDescription Invalid condition id : UX DEVICE CLASS RTOS Condition cause : null
2026-02-21 16:31:53,917 [WARN] ConditionMgr:438 - getConditionDescription Invalid condition id : UX DEVICE CLASS RTOS Condition cause : null
2026-02-21 16:31:53,919 [WARN] PackLoader:240 - Cannot read IP mode file for STMicroelectronics.X-CUBE-AZRTOS-WB.2.0.0
2026-02-21 16:31:53,920 [WARN] ConditionMgr:1044 - genDependencies : Invalid condition id : UX DEVICE CLASS RTOS Condition cause : null
2026-02-21 16:31:53,920 [WARN] ConditionMgr:1044 - genDependencies : Invalid condition id : UX DEVICE CLASS RTOS Condition cause : null
2026-02-21 16:31:53,920 [WARN] ConditionMgr:1044 - genDependencies : Invalid condition id : UX DEVICE CLASS RTOS Condition cause : null
2026-02-21 16:31:53,921 [WARN] ConditionMgr:1044 - genDependencies : Invalid condition id : UX DEVICE CLASS RTOS Condition cause : null
2026-02-21 16:31:53,921 [WARN] ConditionMgr:1044 - genDependencies : Invalid condition id : UX DEVICE CLASS RTOS Condition cause : null
2026-02-21 16:31:53,925 [WARN] PackLoader:240 - Cannot read IP mode file for STMicroelectronics.X-CUBE-GNSS1.7.0.1
2026-02-21 16:31:53,929 [WARN] ConditionMgr:438 - getConditionDescription Invalid condition id : Cortex-A Device cause : null
2026-02-21 16:31:53,935 [WARN] ConditionMgr:1044 - genDependencies : Invalid condition id : Cortex-A Device cause : null
2026-02-21 16:31:53,935 [WARN] ConditionMgr:1044 - genDependencies : Invalid condition id : Cortex-A Device cause : null
2026-02-21 16:31:53,935 [WARN] ConditionMgr:1044 - genDependencies : Invalid condition id : Cortex-A Device cause : null
2026-02-21 16:31:53,940 [WARN] PackLoader:240 - Cannot read IP mode file for STMicroelectronics.X-CUBE-STSE01.2.0.0
2026-02-21 16:31:53,949 [WARN] PackLoader:240 - Cannot read IP mode file for STMicroelectronics.X-CUBE-SUBG2.5.0.0
2026-02-21 16:31:53,967 [WARN] PackLoader:240 - Cannot read IP mode file for STMicroelectronics.X-CUBE-AZRTOS-H7RS.1.1.0
2026-02-21 16:31:53,976 [WARN] PackLoader:240 - Cannot read IP mode file for STMicroelectronics.X-CUBE-AZRTOS-G4.2.0.0
2026-02-21 16:31:53,980 [WARN] PackLoader:240 - Cannot read IP mode file for wolfSSL.I-CUBE-wolfSSH.1.4.20
2026-02-21 16:31:53,982 [WARN] PackLoader:240 - Cannot read IP mode file for STMicroelectronics.X-CUBE-NFC7.2.0.0
2026-02-21 16:31:53,985 [WARN] PackLoader:240 - Cannot read IP mode file for STMicroelectronics.X-CUBE-ALS.1.0.2
2026-02-21 16:31:53,988 [WARN] PackLoader:240 - Cannot read IP mode file for STMicroelectronics.X-CUBE-STSE01.1.0.0
2026-02-21 16:31:53,995 [WARN] PackLoader:240 - Cannot read IP mode file for STMicroelectronics.X-CUBE-TOF1.3.4.3
2026-02-21 16:31:54,001 [INFO] ThirdParty:978 - Integrity check success = true
2026-02-21 16:31:54,001 [INFO] IntegrityCheckThread:100 - exiting critical section [integrity check]
2026-02-21 16:31:54,001 [INFO] IntegrityCheckThread:103 - End integrity checks thread
2026-02-21 16:51:59,867 [INFO] WebApp:194 - Connection lost
2026-02-21 16:52:00,252 [INFO] WebApp:191 - Connection restablished
2026-02-21 16:52:35,981 [INFO] WebApp:194 - Connection lost
2026-02-21 16:52:36,284 [INFO] WebApp:191 - Connection restablished
2026-02-21 16:53:44,552 [INFO] WebApp:194 - Connection lost
2026-02-21 16:53:44,830 [INFO] WebApp:191 - Connection restablished
2026-02-21 16:58:49,067 [INFO] WebApp:194 - Connection lost
2026-02-21 16:58:49,852 [INFO] WebApp:191 - Connection restablished
2026-02-21 17:20:25,681 [ERROR] LogOutputStream:75 - [STDERR_REDIRECT] SWT SessionManagerDBus: Failed to UnregisterClient: GDBus.Error:org.freedesktop.DBus.Error.NoReply: Message recipient disconnected from message bus without replying
2026-02-21 17:20:26,145 [ERROR] LogOutputStream:75 - [STDERR_REDIRECT] 
