2026-02-18 00:22:19,649 [ERROR] LogOutputStream:75 - [STDERR_REDIRECT] SWT SessionManagerDBus: Failed to UnregisterClient: GDBus.Error:org.freedesktop.DBus.Error.NoReply: Message recipient disconnected from message bus without replying
2026-02-18 21:24:19,854 [INFO] Activator:176 - 


2026-02-18 21:24:19,856 [INFO] Activator:177 - !SESSION log4j initialized
2026-02-18 21:24:22,953 [INFO] LogOutputStream:77 - [STDOUT_REDIRECT] 
2026-02-18 21:24:23,738 [INFO] ApplicationProperties:184 - Using Application install path: /opt/st/stm32cubeide_1.19.0/plugins/com.st.stm32cube.common.mx_6.15.0.202507011659
2026-02-18 21:24:23,751 [INFO] DbMcusXml:78 - Set database path to: /opt/st/stm32cubeide_1.19.0/plugins/com.st.stm32cube.common.mx_6.15.0.202507011659//db//mcu/
2026-02-18 21:24:23,751 [INFO] ApiDb:274 - Set plugin database path to: /opt/st/stm32cubeide_1.19.0/plugins/com.st.stm32cube.common.mx_6.15.0.202507011659//db//plugins/boardmanager/
2026-02-18 21:24:23,752 [WARN] ApiDb:259 - Overriding images path with different value:  => /opt/st/stm32cubeide_1.19.0/plugins/com.st.stm32cube.common.mx_6.15.0.202507011659//db//plugins/mcufinder/images/
2026-02-18 21:24:23,757 [INFO] ApiDb:250 - Set database path to: /home/kamil/.stmcufinder/plugins/mcufinder//mcu/
2026-02-18 21:24:23,758 [INFO] DbMcusAds:125 - Set database path to: /home/kamil/.stmcufinder/plugins/mcufinder//mcu/
2026-02-18 21:24:23,760 [INFO] CrossReferenceDbSqlite:203 - Set database path to: /home/kamil/.stmcufinder/plugins/mcufinder//mcu/cs/
2026-02-18 21:24:23,833 [INFO] RulesReader:64 - Compatibility file has been processed (317 Rules)
2026-02-18 21:24:23,873 [INFO] DbMcusXml:78 - Set database path to: /opt/st/stm32cubeide_1.19.0/plugins/com.st.stm32cube.common.mx_6.15.0.202507011659//db//mcu/
2026-02-18 21:24:23,873 [INFO] ApiDb:274 - Set plugin database path to: /opt/st/stm32cubeide_1.19.0/plugins/com.st.stm32cube.common.mx_6.15.0.202507011659//db//plugins/boardmanager/
2026-02-18 21:24:23,873 [INFO] ApiDb:261 - Set plugin images path to: /opt/st/stm32cubeide_1.19.0/plugins/com.st.stm32cube.common.mx_6.15.0.202507011659//db//plugins/mcufinder/images/
2026-02-18 21:24:23,873 [WARN] DbFile:41 - Overriding database path with different value: /home/kamil/.stmcufinder/plugins/mcufinder/ => /home/kamil/.stmcufinder/plugins/mcufinder
2026-02-18 21:24:23,873 [INFO] ApiDb:250 - Set database path to: /home/kamil/.stmcufinder/plugins/mcufinder//mcu/
2026-02-18 21:24:23,873 [WARN] DbFile:41 - Overriding database path with different value: /home/kamil/.stmcufinder/plugins/mcufinder/ => /home/kamil/.stmcufinder/plugins/mcufinder
2026-02-18 21:24:23,873 [INFO] DbMcusAds:125 - Set database path to: /home/kamil/.stmcufinder/plugins/mcufinder//mcu/
2026-02-18 21:24:23,873 [WARN] DbFile:41 - Overriding database path with different value: /home/kamil/.stmcufinder/plugins/mcufinder/ => /home/kamil/.stmcufinder/plugins/mcufinder
2026-02-18 21:24:23,873 [WARN] DbFile:41 - Overriding database path with different value: /home/kamil/.stmcufinder/plugins/mcufinder/ => /home/kamil/.stmcufinder/plugins/mcufinder
2026-02-18 21:24:23,873 [INFO] CrossReferenceDbSqlite:203 - Set database path to: /home/kamil/.stmcufinder/plugins/mcufinder//mcu/cs/
2026-02-18 21:24:23,916 [INFO] MainPanel:274 - HeapMemory: 268435456
2026-02-18 21:24:24,017 [INFO] DbMcusXml:78 - Set database path to: /opt/st/stm32cubeide_1.19.0/plugins/com.st.stm32cube.common.mx_6.15.0.202507011659//db//mcu/
2026-02-18 21:24:24,017 [INFO] ApiDb:274 - Set plugin database path to: /opt/st/stm32cubeide_1.19.0/plugins/com.st.stm32cube.common.mx_6.15.0.202507011659//db//plugins/boardmanager/
2026-02-18 21:24:24,017 [INFO] ApiDb:261 - Set plugin images path to: /opt/st/stm32cubeide_1.19.0/plugins/com.st.stm32cube.common.mx_6.15.0.202507011659//db//plugins/mcufinder/images/
2026-02-18 21:24:24,017 [WARN] DbFile:41 - Overriding database path with different value: /home/kamil/.stmcufinder/plugins/mcufinder/ => /home/kamil/.stmcufinder/plugins/mcufinder
2026-02-18 21:24:24,017 [INFO] ApiDb:250 - Set database path to: /home/kamil/.stmcufinder/plugins/mcufinder//mcu/
2026-02-18 21:24:24,017 [WARN] DbFile:41 - Overriding database path with different value: /home/kamil/.stmcufinder/plugins/mcufinder/ => /home/kamil/.stmcufinder/plugins/mcufinder
2026-02-18 21:24:24,017 [INFO] DbMcusAds:125 - Set database path to: /home/kamil/.stmcufinder/plugins/mcufinder//mcu/
2026-02-18 21:24:24,017 [WARN] DbFile:41 - Overriding database path with different value: /home/kamil/.stmcufinder/plugins/mcufinder/ => /home/kamil/.stmcufinder/plugins/mcufinder
2026-02-18 21:24:24,017 [WARN] DbFile:41 - Overriding database path with different value: /home/kamil/.stmcufinder/plugins/mcufinder/ => /home/kamil/.stmcufinder/plugins/mcufinder
2026-02-18 21:24:24,017 [INFO] CrossReferenceDbSqlite:203 - Set database path to: /home/kamil/.stmcufinder/plugins/mcufinder//mcu/cs/
2026-02-18 21:24:24,029 [INFO] ApplicationProperties:184 - Using Application install path: /opt/st/stm32cubeide_1.19.0/plugins/com.st.stm32cube.common.mx_6.15.0.202507011659
2026-02-18 21:24:24,030 [INFO] PluginManage:196 - Search for loadable plugins [exclusion list=, ]
2026-02-18 21:24:24,031 [INFO] PluginManage:310 - Check plugin analytics
2026-02-18 21:24:24,133 [INFO] AnalyticsPlugin:253 - Accepted Software Licenses: 
2026-02-18 21:24:24,133 [INFO] AnalyticsPlugin:255 - Accepted CMSIS Pack Licenses: 
2026-02-18 21:24:24,133 [INFO] AnalyticsPlugin:257 - Accepted Firmware Licenses: FW.F4.1.28.0
2026-02-18 21:24:24,135 [INFO] PluginManage:359 - Loaded plugin analytics (category:tool,tabindex:-1)
2026-02-18 21:24:24,135 [INFO] PluginManage:310 - Check plugin cadmodel
2026-02-18 21:24:24,139 [INFO] CADModel:105 - Init CAD model plugin
2026-02-18 21:24:24,139 [INFO] PluginManage:359 - Loaded plugin cadmodel (category:power,tabindex:5)
2026-02-18 21:24:24,139 [INFO] PluginManage:310 - Check plugin clock
2026-02-18 21:24:24,145 [INFO] PluginManage:359 - Loaded plugin clock (category:base,tabindex:2)
2026-02-18 21:24:24,146 [INFO] PluginManage:310 - Check plugin ddr
2026-02-18 21:24:24,147 [INFO] PluginManage:359 - Loaded plugin ddr (category:tool,tabindex:6)
2026-02-18 21:24:24,147 [INFO] PluginManage:310 - Check plugin filemanager
2026-02-18 21:24:24,261 [INFO] PluginManage:359 - Loaded plugin filemanager (category:base,tabindex:10)
2026-02-18 21:24:24,262 [INFO] PluginManage:310 - Check plugin ipmanager
2026-02-18 21:24:24,265 [INFO] PluginManage:359 - Loaded plugin ipmanager (category:base,tabindex:5)
2026-02-18 21:24:24,265 [INFO] PluginManage:310 - Check plugin lpbam
2026-02-18 21:24:24,274 [INFO] PluginManage:359 - Loaded plugin lpbam (category:base,tabindex:0)
2026-02-18 21:24:24,275 [INFO] PluginManage:310 - Check plugin memorymap
2026-02-18 21:24:24,283 [INFO] PluginManage:359 - Loaded plugin memorymap (category:base,tabindex:4)
2026-02-18 21:24:24,283 [INFO] PluginManage:310 - Check plugin pinoutandconfiguration
2026-02-18 21:24:24,289 [INFO] PluginManage:359 - Loaded plugin pinoutandconfiguration (category:base,tabindex:1)
2026-02-18 21:24:24,289 [INFO] PluginManage:310 - Check plugin pinoutconfig
2026-02-18 21:24:24,344 [WARN] SupportedApi:132 - Cannot load RTOS API schema: s4s-elt-must-match.1: The content of 'definitions' must match (annotation?, (simpleType | complexType)?, (unique | key | keyref)*)). A problem was found starting at: attribute.
2026-02-18 21:24:24,432 [INFO] PluginManage:359 - Loaded plugin pinoutconfig (category:base,tabindex:0)
2026-02-18 21:24:24,433 [INFO] PluginManage:310 - Check plugin power
2026-02-18 21:24:24,440 [INFO] PluginManage:359 - Loaded plugin power (category:power,tabindex:4)
2026-02-18 21:24:24,440 [INFO] PluginManage:310 - Check plugin projectmanager
2026-02-18 21:24:24,452 [INFO] PluginManage:359 - Loaded plugin projectmanager (category:projectmanager,tabindex:4)
2026-02-18 21:24:24,453 [INFO] PluginManage:310 - Check plugin rif
2026-02-18 21:24:24,461 [INFO] PluginManage:359 - Loaded plugin rif (category:base,tabindex:3)
2026-02-18 21:24:24,461 [INFO] PluginManage:310 - Check plugin thirdparty
2026-02-18 21:24:24,533 [INFO] PluginManage:359 - Loaded plugin thirdparty (category:base,tabindex:-1)
2026-02-18 21:24:24,533 [WARN] IntegrityCheckThread:84 - waiting for thirdparty lock release [integrity check]
2026-02-18 21:24:24,533 [INFO] PluginManage:310 - Check plugin tools
2026-02-18 21:24:24,533 [INFO] IntegrityCheckThread:86 - entering critical section [integrity check]
2026-02-18 21:24:24,534 [INFO] ThirdPartyUpdaterWithRetryManager:70 - Updater plugin not ready yet. [1/15]
2026-02-18 21:24:24,535 [INFO] PluginManage:359 - Loaded plugin tools (category:base,tabindex:7)
2026-02-18 21:24:24,535 [INFO] PluginManage:310 - Check plugin tutovideos
2026-02-18 21:24:24,665 [INFO] PluginManage:359 - Loaded plugin tutovideos (category:base,tabindex:-1)
2026-02-18 21:24:24,665 [INFO] PluginManage:310 - Check plugin updater
2026-02-18 21:24:24,682 [INFO] PluginManage:359 - Loaded plugin updater (category:base,tabindex:12)
2026-02-18 21:24:24,683 [INFO] PluginManage:310 - Check plugin userauth
2026-02-18 21:24:24,685 [INFO] UserAuth:118 - Init User Auth plugin
2026-02-18 21:24:24,686 [INFO] PluginManage:359 - Loaded plugin userauth (category:base,tabindex:14)
2026-02-18 21:24:24,686 [INFO] PluginManage:283 - PluginManage : Loaded plugins [18]
2026-02-18 21:24:24,821 [INFO] PinOutPanel:1589 - setPackage(No Configuration,No Configuration)
2026-02-18 21:24:24,882 [INFO] CADModel:165 - CPN selected for project level
2026-02-18 21:24:24,882 [INFO] CADModel:114 - Register for checkConnection events
2026-02-18 21:24:24,890 [INFO] IPUIPlugin:80 - create IPUIPlugin
2026-02-18 21:24:24,890 [INFO] PluginManager:220 - loadIPPluginJar : add tracer_emb
2026-02-18 21:24:24,891 [INFO] IPUIPlugin:80 - create IPUIPlugin
2026-02-18 21:24:24,892 [INFO] PluginManager:220 - loadIPPluginJar : add radio
2026-02-18 21:24:24,897 [INFO] IPUIPlugin:80 - create IPUIPlugin
2026-02-18 21:24:24,897 [INFO] PluginManager:220 - loadIPPluginJar : add ddr_ctrl_phy
2026-02-18 21:24:24,903 [INFO] IPUIPlugin:80 - create IPUIPlugin
2026-02-18 21:24:24,903 [INFO] PluginManager:220 - loadIPPluginJar : add mdma
2026-02-18 21:24:24,905 [INFO] IPUIPlugin:80 - create IPUIPlugin
2026-02-18 21:24:24,906 [INFO] PluginManager:220 - loadIPPluginJar : add touchsensing
2026-02-18 21:24:24,907 [INFO] IPUIPlugin:80 - create IPUIPlugin
2026-02-18 21:24:24,907 [INFO] PluginManager:220 - loadIPPluginJar : add ucpd
2026-02-18 21:24:24,912 [INFO] IPUIPlugin:80 - create IPUIPlugin
2026-02-18 21:24:24,914 [INFO] PluginManager:220 - loadIPPluginJar : add plateformsettings
2026-02-18 21:24:24,917 [INFO] IPUIPlugin:80 - create IPUIPlugin
2026-02-18 21:24:24,917 [INFO] PluginManager:220 - loadIPPluginJar : add ipddr
2026-02-18 21:24:24,922 [INFO] IPUIPlugin:80 - create IPUIPlugin
2026-02-18 21:24:24,922 [INFO] PluginManager:220 - loadIPPluginJar : add resmgrutility
2026-02-18 21:24:24,923 [INFO] IPUIPlugin:80 - create IPUIPlugin
2026-02-18 21:24:24,923 [INFO] PluginManager:220 - loadIPPluginJar : add ts
2026-02-18 21:24:24,925 [INFO] IPUIPlugin:80 - create IPUIPlugin
2026-02-18 21:24:24,925 [INFO] PluginManager:220 - loadIPPluginJar : add dma3
2026-02-18 21:24:24,928 [INFO] IPUIPlugin:80 - create IPUIPlugin
2026-02-18 21:24:24,928 [INFO] PluginManager:220 - loadIPPluginJar : add openamp
2026-02-18 21:24:24,930 [INFO] IPUIPlugin:80 - create IPUIPlugin
2026-02-18 21:24:24,930 [INFO] PluginManager:220 - loadIPPluginJar : add opamp
2026-02-18 21:24:24,932 [INFO] IPUIPlugin:80 - create IPUIPlugin
2026-02-18 21:24:24,932 [INFO] PluginManager:220 - loadIPPluginJar : add pdm2pcm
2026-02-18 21:24:24,934 [INFO] IPUIPlugin:80 - create IPUIPlugin
2026-02-18 21:24:24,935 [INFO] PluginManager:220 - loadIPPluginJar : add gfxmmu
2026-02-18 21:24:24,937 [INFO] IPUIPlugin:80 - create IPUIPlugin
2026-02-18 21:24:24,937 [INFO] PluginManager:220 - loadIPPluginJar : add aes
2026-02-18 21:24:24,940 [INFO] IPUIPlugin:80 - create IPUIPlugin
2026-02-18 21:24:24,940 [INFO] PluginManager:220 - loadIPPluginJar : add gtzc
2026-02-18 21:24:24,943 [INFO] IPUIPlugin:80 - create IPUIPlugin
2026-02-18 21:24:24,943 [INFO] PluginManager:220 - loadIPPluginJar : add sai
2026-02-18 21:24:24,945 [INFO] IPUIPlugin:80 - create IPUIPlugin
2026-02-18 21:24:24,945 [INFO] PluginManager:220 - loadIPPluginJar : add tsc
2026-02-18 21:24:24,947 [INFO] IPUIPlugin:80 - create IPUIPlugin
2026-02-18 21:24:24,947 [INFO] PluginManager:220 - loadIPPluginJar : add usbx
2026-02-18 21:24:24,950 [INFO] IPUIPlugin:80 - create IPUIPlugin
2026-02-18 21:24:24,950 [INFO] PluginManager:220 - loadIPPluginJar : add can
2026-02-18 21:24:24,952 [INFO] IPUIPlugin:80 - create IPUIPlugin
2026-02-18 21:24:24,952 [INFO] PluginManager:220 - loadIPPluginJar : add i2c
2026-02-18 21:24:24,954 [INFO] IPUIPlugin:80 - create IPUIPlugin
2026-02-18 21:24:24,954 [INFO] PluginManager:220 - loadIPPluginJar : add lorawan
2026-02-18 21:24:24,956 [INFO] IPUIPlugin:80 - create IPUIPlugin
2026-02-18 21:24:24,957 [INFO] PluginManager:220 - loadIPPluginJar : add spi
2026-02-18 21:24:24,962 [INFO] IPUIPlugin:80 - create IPUIPlugin
2026-02-18 21:24:24,962 [INFO] PluginManager:220 - loadIPPluginJar : add linkedlist
2026-02-18 21:24:24,966 [INFO] IPUIPlugin:80 - create IPUIPlugin
2026-02-18 21:24:24,966 [INFO] PluginManager:220 - loadIPPluginJar : add fmc
2026-02-18 21:24:24,969 [INFO] IPUIPlugin:80 - create IPUIPlugin
2026-02-18 21:24:24,969 [INFO] PluginManager:220 - loadIPPluginJar : add i3c
2026-02-18 21:24:24,970 [INFO] IPUIPlugin:80 - create IPUIPlugin
2026-02-18 21:24:24,970 [INFO] PluginManager:220 - loadIPPluginJar : add ltdc
2026-02-18 21:24:24,975 [INFO] IPUIPlugin:80 - create IPUIPlugin
2026-02-18 21:24:24,975 [INFO] PluginManager:220 - loadIPPluginJar : add dma
2026-02-18 21:24:24,980 [INFO] IPUIPlugin:80 - create IPUIPlugin
2026-02-18 21:24:24,980 [INFO] PluginManager:220 - loadIPPluginJar : add freertos
2026-02-18 21:24:24,982 [INFO] IPUIPlugin:80 - create IPUIPlugin
2026-02-18 21:24:24,982 [INFO] PluginManager:220 - loadIPPluginJar : add hash
2026-02-18 21:24:24,988 [INFO] IPUIPlugin:80 - create IPUIPlugin
2026-02-18 21:24:24,988 [INFO] PluginManager:220 - loadIPPluginJar : add adc
2026-02-18 21:24:24,990 [INFO] IPUIPlugin:80 - create IPUIPlugin
2026-02-18 21:24:24,990 [INFO] PluginManager:220 - loadIPPluginJar : add usart
2026-02-18 21:24:24,995 [INFO] IPUIPlugin:80 - create IPUIPlugin
2026-02-18 21:24:24,995 [INFO] PluginManager:220 - loadIPPluginJar : add stm32_wpan
2026-02-18 21:24:24,996 [INFO] IPUIPlugin:80 - create IPUIPlugin
2026-02-18 21:24:24,996 [INFO] PluginManager:220 - loadIPPluginJar : add genericplugin
2026-02-18 21:24:25,000 [INFO] IPUIPlugin:80 - create IPUIPlugin
2026-02-18 21:24:25,000 [INFO] PluginManager:220 - loadIPPluginJar : add gpio
2026-02-18 21:24:25,003 [INFO] IPUIPlugin:80 - create IPUIPlugin
2026-02-18 21:24:25,003 [INFO] PluginManager:220 - loadIPPluginJar : add nvic
2026-02-18 21:24:25,005 [INFO] IPUIPlugin:80 - create IPUIPlugin
2026-02-18 21:24:25,005 [INFO] PluginManager:220 - loadIPPluginJar : add dfsdm
2026-02-18 21:24:25,006 [INFO] IPUIPlugin:80 - create IPUIPlugin
2026-02-18 21:24:25,006 [INFO] PluginManager:220 - loadIPPluginJar : add fatfs
2026-02-18 21:24:25,008 [INFO] IPUIPlugin:80 - create IPUIPlugin
2026-02-18 21:24:25,008 [INFO] PluginManager:220 - loadIPPluginJar : add comp
2026-02-18 21:24:25,010 [INFO] IPUIPlugin:80 - create IPUIPlugin
2026-02-18 21:24:25,010 [INFO] PluginManager:220 - loadIPPluginJar : add i2s
2026-02-18 21:24:25,012 [INFO] IPUIPlugin:80 - create IPUIPlugin
2026-02-18 21:24:25,012 [INFO] PluginManager:220 - loadIPPluginJar : add cryp
2026-02-18 21:24:25,013 [INFO] IPUIPlugin:80 - create IPUIPlugin
2026-02-18 21:24:25,013 [INFO] PluginManager:220 - loadIPPluginJar : add quadspi
2026-02-18 21:24:25,017 [INFO] IPUIPlugin:80 - create IPUIPlugin
2026-02-18 21:24:25,018 [INFO] PluginManager:220 - loadIPPluginJar : add gic
2026-02-18 21:24:25,019 [INFO] IPUIPlugin:80 - create IPUIPlugin
2026-02-18 21:24:25,019 [INFO] PluginManager:220 - loadIPPluginJar : add tim
2026-02-18 21:24:25,021 [INFO] IPUIPlugin:80 - create IPUIPlugin
2026-02-18 21:24:25,021 [INFO] PluginManager:220 - loadIPPluginJar : add extmemmanager
2026-02-18 21:24:25,114 [FATAL] Updater:351 - Updater called before beeing initialized
2026-02-18 21:24:25,134 [INFO] RulesReader:64 - Compatibility file has been processed (317 Rules)
2026-02-18 21:24:25,140 [INFO] RulesReader:64 - Compatibility file has been processed (317 Rules)
2026-02-18 21:24:25,144 [INFO] CADModel:165 - CPN selected for project level
2026-02-18 21:24:25,144 [INFO] CADModel:114 - Register for checkConnection events
2026-02-18 21:24:25,145 [FATAL] Updater:351 - Updater called before beeing initialized
2026-02-18 21:24:25,145 [ERROR] CADModel:125 - Updater not yet initialized, retry later 
2026-02-18 21:24:25,229 [FATAL] Updater:351 - Updater called before beeing initialized
2026-02-18 21:24:25,230 [INFO] CADModel:165 - CPN selected for project level
2026-02-18 21:24:25,230 [INFO] CADModel:114 - Register for checkConnection events
2026-02-18 21:24:25,230 [FATAL] Updater:351 - Updater called before beeing initialized
2026-02-18 21:24:25,230 [ERROR] CADModel:125 - Updater not yet initialized, retry later 
2026-02-18 21:24:25,233 [FATAL] Updater:351 - Updater called before beeing initialized
2026-02-18 21:24:25,284 [FATAL] Updater:351 - Updater called before beeing initialized
2026-02-18 21:24:25,287 [INFO] DbMcusAds:53 - JSON generation date=Mon Nov 10 11:43:01 CET 2025 (1762771381096)
2026-02-18 21:24:25,288 [FATAL] Updater:351 - Updater called before beeing initialized
2026-02-18 21:24:25,308 [WARN] DetailPanel:346 - Failed to get advertising image, set to default
2026-02-18 21:24:25,362 [FATAL] Updater:351 - Updater called before beeing initialized
2026-02-18 21:24:25,363 [FATAL] Updater:351 - Updater called before beeing initialized
2026-02-18 21:24:25,363 [FATAL] Updater:351 - Updater called before beeing initialized
2026-02-18 21:24:25,363 [WARN] DetailPanel:346 - Failed to get advertising image, set to default
2026-02-18 21:24:25,364 [FATAL] Updater:351 - Updater called before beeing initialized
2026-02-18 21:24:25,390 [ERROR] Updater:1198 - MainUpdater not yet initialized. External WinMGr cannot be set.
2026-02-18 21:24:25,391 [INFO] Updater:1134 - Updater Version found : 6.15.0
2026-02-18 21:24:25,407 [INFO] ApplicationProperties:184 - Using Application install path: /opt/st/stm32cubeide_1.19.0/plugins/com.st.stm32cube.common.mx_6.15.0.202507011659
2026-02-18 21:24:25,710 [INFO] MainUpdater:2872 - connection check result : 10
2026-02-18 21:24:25,711 [INFO] MainUpdater:289 - Updater Check For Update Now.
2026-02-18 21:24:25,711 [INFO] MicroXplorer:498 - Change Database Version : DB.6.0.150
2026-02-18 21:24:25,716 [INFO] McuFinderGlobals:63 - Set McuFinder mode to 2 (CubeIDE integrated)
2026-02-18 21:24:25,717 [INFO] UserAuth:487 - Internet connection configuration mode: 1
2026-02-18 21:24:25,736 [INFO] JxBrowserEngine:152 - Initiate JxBrowser Engine with user profile folder
2026-02-18 21:24:25,872 [INFO] CheckServerUpdateThread:120 - End of CheckServer Thread
2026-02-18 21:24:26,385 [INFO] WebApp:169 - Instantiating new browser for Auth
2026-02-18 21:24:26,822 [INFO] WebApp:463 - Apply proxy settings
2026-02-18 21:24:26,822 [INFO] WebApp:548 - Chromium requires no authentication
2026-02-18 21:24:26,827 [INFO] WebApp:491 - Direct internet connection detected
2026-02-18 21:24:26,837 [INFO] WebApp:900 - Register for checkConnection events
2026-02-18 21:24:26,838 [INFO] WebApp:463 - Apply proxy settings
2026-02-18 21:24:26,838 [INFO] WebApp:548 - Chromium requires no authentication
2026-02-18 21:24:26,838 [INFO] WebApp:491 - Direct internet connection detected
2026-02-18 21:24:26,913 [INFO] WebApp:225 - Starting web application
2026-02-18 21:24:26,913 [INFO] WebApp:593 - Web application path used /opt/st/stm32cubeide_1.19.0/plugins/com.st.stm32cube.common.mx_6.15.0.202507011659/db/plugins/mcufinder/reactClient1/index.html
2026-02-18 21:24:26,981 [INFO] UserAuth:487 - Internet connection configuration mode: 1
2026-02-18 21:24:27,084 [INFO] WebApp:191 - Connection restablished
2026-02-18 21:24:27,676 [WARN] PackLoader:240 - Cannot read IP mode file for STMicroelectronics.FP-SNS-MOTENVWB1.1.4.0
2026-02-18 21:24:27,682 [WARN] PackLoader:240 - Cannot read IP mode file for STMicroelectronics.FP-ATR-ASTRA1.2.0.2
2026-02-18 21:24:27,687 [WARN] PackLoader:240 - Cannot read IP mode file for STMicroelectronics.X-CUBE-SMBUS.2.1.0
2026-02-18 21:24:27,690 [WARN] PackLoader:240 - Cannot read IP mode file for STMicroelectronics.X-CUBE-ST60.1.0.0
2026-02-18 21:24:27,711 [WARN] PackLoader:240 - Cannot read IP mode file for STMicroelectronics.X-CUBE-AZRTOS-F7.1.1.0
2026-02-18 21:24:27,716 [WARN] PackLoader:240 - Cannot read IP mode file for Cesanta.I-CUBE-Mongoose.7.19.0
2026-02-18 21:24:27,718 [WARN] PackLoader:240 - Cannot read IP mode file for STMicroelectronics.FP-SNS-MOTENV1.5.1.0
2026-02-18 21:24:27,724 [WARN] PackLoader:240 - Cannot read IP mode file for WES.I-CUBE-Cesium.1.4.0
2026-02-18 21:24:27,742 [WARN] PackLoader:240 - Cannot read IP mode file for Infineon.AIROC-Wi-Fi-Bluetooth-STM32.1.7.1
2026-02-18 21:24:27,761 [WARN] PackLoader:240 - Cannot read IP mode file for STMicroelectronics.X-CUBE-AZRTOS-H7.3.4.0
2026-02-18 21:24:27,769 [WARN] PackLoader:240 - Cannot read IP mode file for STMicroelectronics.X-CUBE-DISPLAY.3.0.0
2026-02-18 21:24:27,774 [WARN] PackLoader:240 - Cannot read IP mode file for STMicroelectronics.FP-SNS-MOTENVWB1.1.5.0
2026-02-18 21:24:27,779 [WARN] PackLoader:240 - Cannot read IP mode file for STMicroelectronics.X-CUBE-NFC10.1.0.0
2026-02-18 21:24:27,783 [WARN] PackLoader:240 - Cannot read IP mode file for STMicroelectronics.X-CUBE-ST60.1.1.0
2026-02-18 21:24:27,787 [WARN] PackLoader:240 - Cannot read IP mode file for emotas.I-CUBE-CANOPEN.1.3.0
2026-02-18 21:24:27,791 [WARN] PackLoader:240 - Cannot read IP mode file for STMicroelectronics.X-CUBE-GNSS1.7.1.0
2026-02-18 21:24:27,794 [WARN] PackLoader:240 - Cannot read IP mode file for STMicroelectronics.FP-SNS-SMARTAG2.1.2.0
2026-02-18 21:24:27,796 [WARN] PackLoader:240 - Cannot read IP mode file for STMicroelectronics.FP-SNS-FLIGHT1.5.1.0
2026-02-18 21:24:27,802 [INFO] LogOutputStream:77 - [STDOUT_REDIRECT] 1 : Invalid condition id : UX_CORESTACK_Condition cause : null
2026-02-18 21:24:27,803 [INFO] LogOutputStream:77 - [STDOUT_REDIRECT] 1 : Invalid condition id : UX_CORESTACK_Condition cause : null
2026-02-18 21:24:27,803 [INFO] LogOutputStream:77 - [STDOUT_REDIRECT] 1 : Invalid condition id : UX_CORESTACK_Condition cause : null
2026-02-18 21:24:27,803 [INFO] LogOutputStream:77 - [STDOUT_REDIRECT] 1 : Invalid condition id : UX_CORESTACK_Condition cause : null
2026-02-18 21:24:27,803 [INFO] LogOutputStream:77 - [STDOUT_REDIRECT] 1 : Invalid condition id : UX_CORESTACK_Condition cause : null
2026-02-18 21:24:27,805 [WARN] PackLoader:240 - Cannot read IP mode file for STMicroelectronics.X-CUBE-AZRTOS-WL.2.0.0
2026-02-18 21:24:27,808 [WARN] PackLoader:240 - Cannot read IP mode file for STMicroelectronics.FP-SNS-MOTENV1.5.0.0
2026-02-18 21:24:27,821 [WARN] PackLoader:240 - Cannot read IP mode file for STMicroelectronics.X-CUBE-AZRTOS-H7RS.1.2.0
2026-02-18 21:24:27,826 [WARN] PackLoader:240 - Cannot read IP mode file for STMicroelectronics.X-CUBE-BLE2.3.3.0
2026-02-18 21:24:27,838 [WARN] PackLoader:240 - Cannot read IP mode file for STMicroelectronics.X-CUBE-NFC9.1.0.0
2026-02-18 21:24:27,841 [WARN] PackLoader:240 - Cannot read IP mode file for wolfSSL.I-CUBE-wolfSSL.5.8.2
2026-02-18 21:24:27,843 [WARN] PackLoader:240 - Cannot read IP mode file for STMicroelectronics.X-CUBE-BLE1.7.1.0
2026-02-18 21:24:27,845 [WARN] PackLoader:240 - Cannot read IP mode file for wolfSSL.I-CUBE-wolfMQTT.1.19.2
2026-02-18 21:24:27,854 [WARN] PackLoader:240 - Cannot read IP mode file for STMicroelectronics.X-CUBE-FREERTOS.1.4.0
2026-02-18 21:24:27,857 [WARN] PackLoader:240 - Cannot read IP mode file for STMicroelectronics.X-CUBE-EEPRMA1.5.2.0
2026-02-18 21:24:27,862 [WARN] PackLoader:240 - Cannot read IP mode file for STMicroelectronics.X-CUBE-ST67W61.1.1.0
2026-02-18 21:24:27,886 [WARN] PackLoader:240 - Cannot read IP mode file for STMicroelectronics.X-CUBE-MEMS1.12.0.0
2026-02-18 21:24:27,944 [WARN] PackLoader:240 - Cannot read IP mode file for STMicroelectronics.X-CUBE-AZRTOS-G0.1.1.0
2026-02-18 21:24:27,952 [WARN] PackLoader:240 - Cannot read IP mode file for STMicroelectronics.X-CUBE-SAFEA1.1.2.2
2026-02-18 21:24:27,956 [WARN] PackLoader:240 - Cannot read IP mode file for STMicroelectronics.X-CUBE-NFC4.3.0.0
2026-02-18 21:24:27,961 [WARN] PackLoader:240 - Cannot read IP mode file for EmbeddedOffice.I-CUBE-FS-RTOS.1.0.1
2026-02-18 21:24:27,964 [WARN] PackLoader:240 - Cannot read IP mode file for STMicroelectronics.X-CUBE-WB05N.2.0.0
2026-02-18 21:24:27,966 [WARN] PackLoader:240 - Cannot read IP mode file for wolfSSL.I-CUBE-wolfTPM.3.8.0
2026-02-18 21:24:27,970 [WARN] PackLoader:240 - Cannot read IP mode file for STMicroelectronics.X-CUBE-TCPP.4.2.0
2026-02-18 21:24:27,974 [WARN] PackLoader:240 - Cannot read IP mode file for RealThread.X-CUBE-RT-Thread_Nano.4.1.1
2026-02-18 21:24:27,977 [WARN] PackLoader:240 - Cannot read IP mode file for STMicroelectronics.FP-ATR-SIGFOX1.3.2.0
2026-02-18 21:24:27,980 [WARN] PackLoader:240 - Cannot read IP mode file for ITTIA_DB.I-CUBE-ITTIADB.8.9.0
2026-02-18 21:24:27,984 [WARN] PackLoader:240 - Cannot read IP mode file for STMicroelectronics.X-CUBE-NFC6.3.2.0
2026-02-18 21:24:28,001 [WARN] PackLoader:240 - Cannot read IP mode file for SEGGER.I-CUBE-embOS.1.3.1
2026-02-18 21:24:28,024 [WARN] PackLoader:240 - Cannot read IP mode file for STMicroelectronics.X-CUBE-ALGOBUILD.1.4.0
2026-02-18 21:24:28,058 [WARN] PackLoader:240 - Cannot read IP mode file for STMicroelectronics.X-CUBE-MEMS1.11.3.0
2026-02-18 21:24:28,183 [WARN] PackLoader:240 - Cannot read IP mode file for STMicroelectronics.X-CUBE-PM33A1.1.0.0
2026-02-18 21:24:28,189 [WARN] PackLoader:240 - Cannot read IP mode file for STMicroelectronics.X-CUBE-AZRTOS-F4.1.1.0
2026-02-18 21:24:28,192 [WARN] PackLoader:240 - Cannot read IP mode file for STMicroelectronics.X-CUBE-ISPU.2.1.0
2026-02-18 21:24:28,197 [WARN] PackLoader:240 - Cannot read IP mode file for STMicroelectronics.X-CUBE-IPS.3.2.0
2026-02-18 21:24:28,206 [WARN] PackLoader:240 - Cannot read IP mode file for STMicroelectronics.X-CUBE-NFC12.1.0.0
2026-02-18 21:24:28,215 [WARN] PackLoader:240 - Cannot read IP mode file for STMicroelectronics.X-CUBE-AZRTOS-L5.2.0.0
2026-02-18 21:24:28,220 [WARN] PackLoader:240 - Cannot read IP mode file for STMicroelectronics.X-CUBE-NFC6.3.1.0
2026-02-18 21:24:28,224 [WARN] PackLoader:240 - Cannot read IP mode file for STMicroelectronics.X-CUBE-FREERTOS.1.3.1
2026-02-18 21:24:28,226 [WARN] PackLoader:240 - Cannot read IP mode file for STMicroelectronics.X-CUBE-TOUCHGFX.4.26.0
2026-02-18 21:24:28,229 [WARN] PackLoader:240 - Cannot read IP mode file for STMicroelectronics.X-CUBE-DPower.1.3.0
2026-02-18 21:24:28,237 [WARN] ConditionMgr:438 - getConditionDescription Invalid condition id : LAN8742 Phy interface Condition cause : null
2026-02-18 21:24:28,238 [WARN] PackLoader:240 - Cannot read IP mode file for STMicroelectronics.X-CUBE-AZRTOS-L4.2.0.0
2026-02-18 21:24:28,239 [WARN] ConditionMgr:1044 - genDependencies : Invalid condition id : LAN8742 Phy interface Condition cause : null
2026-02-18 21:24:28,239 [WARN] ConditionMgr:1044 - genDependencies : Invalid condition id : LAN8742 Phy interface Condition cause : null
2026-02-18 21:24:28,239 [WARN] ConditionMgr:1044 - genDependencies : Invalid condition id : LAN8742 Phy interface Condition cause : null
2026-02-18 21:24:28,242 [WARN] PackLoader:240 - Cannot read IP mode file for STMicroelectronics.X-CUBE-SFXS2LP1.4.0.0
2026-02-18 21:24:28,246 [WARN] PackLoader:240 - Cannot read IP mode file for STMicroelectronics.X-CUBE-ST67W61.1.2.0
2026-02-18 21:24:28,252 [WARN] PackLoader:240 - Cannot read IP mode file for STMicroelectronics.X-CUBE-BLEMGR.4.1.0
2026-02-18 21:24:28,259 [WARN] ConditionMgr:438 - getConditionDescription Invalid condition id : UX DEVICE CLASS RTOS Condition cause : null
2026-02-18 21:24:28,260 [WARN] ConditionMgr:438 - getConditionDescription Invalid condition id : UX DEVICE CLASS RTOS Condition cause : null
2026-02-18 21:24:28,261 [WARN] PackLoader:240 - Cannot read IP mode file for STMicroelectronics.X-CUBE-AZRTOS-WB.2.0.0
2026-02-18 21:24:28,261 [WARN] ConditionMgr:1044 - genDependencies : Invalid condition id : UX DEVICE CLASS RTOS Condition cause : null
2026-02-18 21:24:28,261 [WARN] ConditionMgr:1044 - genDependencies : Invalid condition id : UX DEVICE CLASS RTOS Condition cause : null
2026-02-18 21:24:28,261 [WARN] ConditionMgr:1044 - genDependencies : Invalid condition id : UX DEVICE CLASS RTOS Condition cause : null
2026-02-18 21:24:28,261 [WARN] ConditionMgr:1044 - genDependencies : Invalid condition id : UX DEVICE CLASS RTOS Condition cause : null
2026-02-18 21:24:28,261 [WARN] ConditionMgr:1044 - genDependencies : Invalid condition id : UX DEVICE CLASS RTOS Condition cause : null
2026-02-18 21:24:28,264 [WARN] PackLoader:240 - Cannot read IP mode file for STMicroelectronics.X-CUBE-GNSS1.7.0.1
2026-02-18 21:24:28,266 [WARN] ConditionMgr:438 - getConditionDescription Invalid condition id : Cortex-A Device cause : null
2026-02-18 21:24:28,271 [WARN] ConditionMgr:1044 - genDependencies : Invalid condition id : Cortex-A Device cause : null
2026-02-18 21:24:28,271 [WARN] ConditionMgr:1044 - genDependencies : Invalid condition id : Cortex-A Device cause : null
2026-02-18 21:24:28,271 [WARN] ConditionMgr:1044 - genDependencies : Invalid condition id : Cortex-A Device cause : null
2026-02-18 21:24:28,274 [WARN] PackLoader:240 - Cannot read IP mode file for STMicroelectronics.X-CUBE-STSE01.2.0.0
2026-02-18 21:24:28,279 [WARN] PackLoader:240 - Cannot read IP mode file for STMicroelectronics.X-CUBE-SUBG2.5.0.0
2026-02-18 21:24:28,289 [WARN] PackLoader:240 - Cannot read IP mode file for STMicroelectronics.X-CUBE-AZRTOS-H7RS.1.1.0
2026-02-18 21:24:28,297 [WARN] PackLoader:240 - Cannot read IP mode file for STMicroelectronics.X-CUBE-AZRTOS-G4.2.0.0
2026-02-18 21:24:28,300 [WARN] PackLoader:240 - Cannot read IP mode file for wolfSSL.I-CUBE-wolfSSH.1.4.20
2026-02-18 21:24:28,302 [WARN] PackLoader:240 - Cannot read IP mode file for STMicroelectronics.X-CUBE-NFC7.2.0.0
2026-02-18 21:24:28,303 [WARN] PackLoader:240 - Cannot read IP mode file for STMicroelectronics.X-CUBE-ALS.1.0.2
2026-02-18 21:24:28,306 [WARN] PackLoader:240 - Cannot read IP mode file for STMicroelectronics.X-CUBE-STSE01.1.0.0
2026-02-18 21:24:28,311 [WARN] PackLoader:240 - Cannot read IP mode file for STMicroelectronics.X-CUBE-TOF1.3.4.3
2026-02-18 21:24:28,317 [INFO] ThirdParty:978 - Integrity check success = true
2026-02-18 21:24:28,317 [INFO] IntegrityCheckThread:100 - exiting critical section [integrity check]
2026-02-18 21:24:28,317 [INFO] IntegrityCheckThread:103 - End integrity checks thread
