2026-02-19 00:23:32,054 [INFO] WebApp:194 - Connection lost
2026-02-19 00:23:40,203 [INFO] WebApp:191 - Connection restablished
2026-02-19 18:47:52,485 [INFO] Activator:176 - 


2026-02-19 18:47:52,486 [INFO] Activator:177 - !SESSION log4j initialized
2026-02-19 18:47:55,604 [INFO] LogOutputStream:77 - [STDOUT_REDIRECT] 
2026-02-19 18:47:56,150 [INFO] ApplicationProperties:184 - Using Application install path: /opt/st/stm32cubeide_1.19.0/plugins/com.st.stm32cube.common.mx_6.15.0.202507011659
2026-02-19 18:47:56,163 [INFO] DbMcusXml:78 - Set database path to: /opt/st/stm32cubeide_1.19.0/plugins/com.st.stm32cube.common.mx_6.15.0.202507011659//db//mcu/
2026-02-19 18:47:56,163 [INFO] ApiDb:274 - Set plugin database path to: /opt/st/stm32cubeide_1.19.0/plugins/com.st.stm32cube.common.mx_6.15.0.202507011659//db//plugins/boardmanager/
2026-02-19 18:47:56,163 [WARN] ApiDb:259 - Overriding images path with different value:  => /opt/st/stm32cubeide_1.19.0/plugins/com.st.stm32cube.common.mx_6.15.0.202507011659//db//plugins/mcufinder/images/
2026-02-19 18:47:56,169 [INFO] ApiDb:250 - Set database path to: /home/kamil/.stmcufinder/plugins/mcufinder//mcu/
2026-02-19 18:47:56,170 [INFO] DbMcusAds:125 - Set database path to: /home/kamil/.stmcufinder/plugins/mcufinder//mcu/
2026-02-19 18:47:56,172 [INFO] CrossReferenceDbSqlite:203 - Set database path to: /home/kamil/.stmcufinder/plugins/mcufinder//mcu/cs/
2026-02-19 18:47:56,257 [INFO] RulesReader:64 - Compatibility file has been processed (317 Rules)
2026-02-19 18:47:56,299 [INFO] DbMcusXml:78 - Set database path to: /opt/st/stm32cubeide_1.19.0/plugins/com.st.stm32cube.common.mx_6.15.0.202507011659//db//mcu/
2026-02-19 18:47:56,299 [INFO] ApiDb:274 - Set plugin database path to: /opt/st/stm32cubeide_1.19.0/plugins/com.st.stm32cube.common.mx_6.15.0.202507011659//db//plugins/boardmanager/
2026-02-19 18:47:56,299 [INFO] ApiDb:261 - Set plugin images path to: /opt/st/stm32cubeide_1.19.0/plugins/com.st.stm32cube.common.mx_6.15.0.202507011659//db//plugins/mcufinder/images/
2026-02-19 18:47:56,299 [WARN] DbFile:41 - Overriding database path with different value: /home/kamil/.stmcufinder/plugins/mcufinder/ => /home/kamil/.stmcufinder/plugins/mcufinder
2026-02-19 18:47:56,299 [INFO] ApiDb:250 - Set database path to: /home/kamil/.stmcufinder/plugins/mcufinder//mcu/
2026-02-19 18:47:56,299 [WARN] DbFile:41 - Overriding database path with different value: /home/kamil/.stmcufinder/plugins/mcufinder/ => /home/kamil/.stmcufinder/plugins/mcufinder
2026-02-19 18:47:56,299 [INFO] DbMcusAds:125 - Set database path to: /home/kamil/.stmcufinder/plugins/mcufinder//mcu/
2026-02-19 18:47:56,299 [WARN] DbFile:41 - Overriding database path with different value: /home/kamil/.stmcufinder/plugins/mcufinder/ => /home/kamil/.stmcufinder/plugins/mcufinder
2026-02-19 18:47:56,299 [WARN] DbFile:41 - Overriding database path with different value: /home/kamil/.stmcufinder/plugins/mcufinder/ => /home/kamil/.stmcufinder/plugins/mcufinder
2026-02-19 18:47:56,300 [INFO] CrossReferenceDbSqlite:203 - Set database path to: /home/kamil/.stmcufinder/plugins/mcufinder//mcu/cs/
2026-02-19 18:47:56,356 [INFO] MainPanel:274 - HeapMemory: 268435456
2026-02-19 18:47:56,455 [INFO] DbMcusXml:78 - Set database path to: /opt/st/stm32cubeide_1.19.0/plugins/com.st.stm32cube.common.mx_6.15.0.202507011659//db//mcu/
2026-02-19 18:47:56,455 [INFO] ApiDb:274 - Set plugin database path to: /opt/st/stm32cubeide_1.19.0/plugins/com.st.stm32cube.common.mx_6.15.0.202507011659//db//plugins/boardmanager/
2026-02-19 18:47:56,455 [INFO] ApiDb:261 - Set plugin images path to: /opt/st/stm32cubeide_1.19.0/plugins/com.st.stm32cube.common.mx_6.15.0.202507011659//db//plugins/mcufinder/images/
2026-02-19 18:47:56,456 [WARN] DbFile:41 - Overriding database path with different value: /home/kamil/.stmcufinder/plugins/mcufinder/ => /home/kamil/.stmcufinder/plugins/mcufinder
2026-02-19 18:47:56,456 [INFO] ApiDb:250 - Set database path to: /home/kamil/.stmcufinder/plugins/mcufinder//mcu/
2026-02-19 18:47:56,456 [WARN] DbFile:41 - Overriding database path with different value: /home/kamil/.stmcufinder/plugins/mcufinder/ => /home/kamil/.stmcufinder/plugins/mcufinder
2026-02-19 18:47:56,456 [INFO] DbMcusAds:125 - Set database path to: /home/kamil/.stmcufinder/plugins/mcufinder//mcu/
2026-02-19 18:47:56,456 [WARN] DbFile:41 - Overriding database path with different value: /home/kamil/.stmcufinder/plugins/mcufinder/ => /home/kamil/.stmcufinder/plugins/mcufinder
2026-02-19 18:47:56,456 [WARN] DbFile:41 - Overriding database path with different value: /home/kamil/.stmcufinder/plugins/mcufinder/ => /home/kamil/.stmcufinder/plugins/mcufinder
2026-02-19 18:47:56,456 [INFO] CrossReferenceDbSqlite:203 - Set database path to: /home/kamil/.stmcufinder/plugins/mcufinder//mcu/cs/
2026-02-19 18:47:56,468 [INFO] ApplicationProperties:184 - Using Application install path: /opt/st/stm32cubeide_1.19.0/plugins/com.st.stm32cube.common.mx_6.15.0.202507011659
2026-02-19 18:47:56,469 [INFO] PluginManage:196 - Search for loadable plugins [exclusion list=, ]
2026-02-19 18:47:56,470 [INFO] PluginManage:310 - Check plugin analytics
2026-02-19 18:47:56,580 [INFO] AnalyticsPlugin:253 - Accepted Software Licenses: 
2026-02-19 18:47:56,581 [INFO] AnalyticsPlugin:255 - Accepted CMSIS Pack Licenses: 
2026-02-19 18:47:56,581 [INFO] AnalyticsPlugin:257 - Accepted Firmware Licenses: FW.F4.1.28.0
2026-02-19 18:47:56,582 [INFO] PluginManage:359 - Loaded plugin analytics (category:tool,tabindex:-1)
2026-02-19 18:47:56,582 [INFO] PluginManage:310 - Check plugin cadmodel
2026-02-19 18:47:56,586 [INFO] CADModel:105 - Init CAD model plugin
2026-02-19 18:47:56,586 [INFO] PluginManage:359 - Loaded plugin cadmodel (category:power,tabindex:5)
2026-02-19 18:47:56,587 [INFO] PluginManage:310 - Check plugin clock
2026-02-19 18:47:56,594 [INFO] PluginManage:359 - Loaded plugin clock (category:base,tabindex:2)
2026-02-19 18:47:56,594 [INFO] PluginManage:310 - Check plugin ddr
2026-02-19 18:47:56,596 [INFO] PluginManage:359 - Loaded plugin ddr (category:tool,tabindex:6)
2026-02-19 18:47:56,596 [INFO] PluginManage:310 - Check plugin filemanager
2026-02-19 18:47:56,697 [INFO] PluginManage:359 - Loaded plugin filemanager (category:base,tabindex:10)
2026-02-19 18:47:56,697 [INFO] PluginManage:310 - Check plugin ipmanager
2026-02-19 18:47:56,701 [INFO] PluginManage:359 - Loaded plugin ipmanager (category:base,tabindex:5)
2026-02-19 18:47:56,701 [INFO] PluginManage:310 - Check plugin lpbam
2026-02-19 18:47:56,708 [INFO] PluginManage:359 - Loaded plugin lpbam (category:base,tabindex:0)
2026-02-19 18:47:56,709 [INFO] PluginManage:310 - Check plugin memorymap
2026-02-19 18:47:56,717 [INFO] PluginManage:359 - Loaded plugin memorymap (category:base,tabindex:4)
2026-02-19 18:47:56,717 [INFO] PluginManage:310 - Check plugin pinoutandconfiguration
2026-02-19 18:47:56,723 [INFO] PluginManage:359 - Loaded plugin pinoutandconfiguration (category:base,tabindex:1)
2026-02-19 18:47:56,723 [INFO] PluginManage:310 - Check plugin pinoutconfig
2026-02-19 18:47:56,777 [WARN] SupportedApi:132 - Cannot load RTOS API schema: s4s-elt-must-match.1: The content of 'definitions' must match (annotation?, (simpleType | complexType)?, (unique | key | keyref)*)). A problem was found starting at: attribute.
2026-02-19 18:47:56,876 [INFO] PluginManage:359 - Loaded plugin pinoutconfig (category:base,tabindex:0)
2026-02-19 18:47:56,876 [INFO] PluginManage:310 - Check plugin power
2026-02-19 18:47:56,883 [INFO] PluginManage:359 - Loaded plugin power (category:power,tabindex:4)
2026-02-19 18:47:56,884 [INFO] PluginManage:310 - Check plugin projectmanager
2026-02-19 18:47:56,895 [INFO] PluginManage:359 - Loaded plugin projectmanager (category:projectmanager,tabindex:4)
2026-02-19 18:47:56,895 [INFO] PluginManage:310 - Check plugin rif
2026-02-19 18:47:56,902 [INFO] PluginManage:359 - Loaded plugin rif (category:base,tabindex:3)
2026-02-19 18:47:56,902 [INFO] PluginManage:310 - Check plugin thirdparty
2026-02-19 18:47:56,987 [INFO] PluginManage:359 - Loaded plugin thirdparty (category:base,tabindex:-1)
2026-02-19 18:47:56,988 [INFO] PluginManage:310 - Check plugin tools
2026-02-19 18:47:56,987 [WARN] IntegrityCheckThread:84 - waiting for thirdparty lock release [integrity check]
2026-02-19 18:47:56,988 [INFO] IntegrityCheckThread:86 - entering critical section [integrity check]
2026-02-19 18:47:56,988 [INFO] ThirdPartyUpdaterWithRetryManager:70 - Updater plugin not ready yet. [1/15]
2026-02-19 18:47:56,989 [INFO] PluginManage:359 - Loaded plugin tools (category:base,tabindex:7)
2026-02-19 18:47:56,989 [INFO] PluginManage:310 - Check plugin tutovideos
2026-02-19 18:47:57,112 [INFO] PluginManage:359 - Loaded plugin tutovideos (category:base,tabindex:-1)
2026-02-19 18:47:57,112 [INFO] PluginManage:310 - Check plugin updater
2026-02-19 18:47:57,130 [INFO] PluginManage:359 - Loaded plugin updater (category:base,tabindex:12)
2026-02-19 18:47:57,131 [INFO] PluginManage:310 - Check plugin userauth
2026-02-19 18:47:57,134 [INFO] UserAuth:118 - Init User Auth plugin
2026-02-19 18:47:57,134 [INFO] PluginManage:359 - Loaded plugin userauth (category:base,tabindex:14)
2026-02-19 18:47:57,135 [INFO] PluginManage:283 - PluginManage : Loaded plugins [18]
2026-02-19 18:47:57,258 [INFO] PinOutPanel:1589 - setPackage(No Configuration,No Configuration)
2026-02-19 18:47:57,299 [INFO] CADModel:165 - CPN selected for project level
2026-02-19 18:47:57,300 [INFO] CADModel:114 - Register for checkConnection events
2026-02-19 18:47:57,306 [INFO] IPUIPlugin:80 - create IPUIPlugin
2026-02-19 18:47:57,306 [INFO] PluginManager:220 - loadIPPluginJar : add tracer_emb
2026-02-19 18:47:57,307 [INFO] IPUIPlugin:80 - create IPUIPlugin
2026-02-19 18:47:57,307 [INFO] PluginManager:220 - loadIPPluginJar : add radio
2026-02-19 18:47:57,310 [INFO] IPUIPlugin:80 - create IPUIPlugin
2026-02-19 18:47:57,310 [INFO] PluginManager:220 - loadIPPluginJar : add ddr_ctrl_phy
2026-02-19 18:47:57,314 [INFO] IPUIPlugin:80 - create IPUIPlugin
2026-02-19 18:47:57,314 [INFO] PluginManager:220 - loadIPPluginJar : add mdma
2026-02-19 18:47:57,315 [INFO] IPUIPlugin:80 - create IPUIPlugin
2026-02-19 18:47:57,316 [INFO] PluginManager:220 - loadIPPluginJar : add touchsensing
2026-02-19 18:47:57,317 [INFO] IPUIPlugin:80 - create IPUIPlugin
2026-02-19 18:47:57,317 [INFO] PluginManager:220 - loadIPPluginJar : add ucpd
2026-02-19 18:47:57,320 [INFO] IPUIPlugin:80 - create IPUIPlugin
2026-02-19 18:47:57,321 [INFO] PluginManager:220 - loadIPPluginJar : add plateformsettings
2026-02-19 18:47:57,324 [INFO] IPUIPlugin:80 - create IPUIPlugin
2026-02-19 18:47:57,324 [INFO] PluginManager:220 - loadIPPluginJar : add ipddr
2026-02-19 18:47:57,326 [INFO] IPUIPlugin:80 - create IPUIPlugin
2026-02-19 18:47:57,326 [INFO] PluginManager:220 - loadIPPluginJar : add resmgrutility
2026-02-19 18:47:57,327 [INFO] IPUIPlugin:80 - create IPUIPlugin
2026-02-19 18:47:57,327 [INFO] PluginManager:220 - loadIPPluginJar : add ts
2026-02-19 18:47:57,328 [INFO] IPUIPlugin:80 - create IPUIPlugin
2026-02-19 18:47:57,328 [INFO] PluginManager:220 - loadIPPluginJar : add dma3
2026-02-19 18:47:57,330 [INFO] IPUIPlugin:80 - create IPUIPlugin
2026-02-19 18:47:57,330 [INFO] PluginManager:220 - loadIPPluginJar : add openamp
2026-02-19 18:47:57,331 [INFO] IPUIPlugin:80 - create IPUIPlugin
2026-02-19 18:47:57,331 [INFO] PluginManager:220 - loadIPPluginJar : add opamp
2026-02-19 18:47:57,333 [INFO] IPUIPlugin:80 - create IPUIPlugin
2026-02-19 18:47:57,333 [INFO] PluginManager:220 - loadIPPluginJar : add pdm2pcm
2026-02-19 18:47:57,334 [INFO] IPUIPlugin:80 - create IPUIPlugin
2026-02-19 18:47:57,334 [INFO] PluginManager:220 - loadIPPluginJar : add gfxmmu
2026-02-19 18:47:57,335 [INFO] IPUIPlugin:80 - create IPUIPlugin
2026-02-19 18:47:57,335 [INFO] PluginManager:220 - loadIPPluginJar : add aes
2026-02-19 18:47:57,336 [INFO] IPUIPlugin:80 - create IPUIPlugin
2026-02-19 18:47:57,336 [INFO] PluginManager:220 - loadIPPluginJar : add gtzc
2026-02-19 18:47:57,338 [INFO] IPUIPlugin:80 - create IPUIPlugin
2026-02-19 18:47:57,338 [INFO] PluginManager:220 - loadIPPluginJar : add sai
2026-02-19 18:47:57,339 [INFO] IPUIPlugin:80 - create IPUIPlugin
2026-02-19 18:47:57,339 [INFO] PluginManager:220 - loadIPPluginJar : add tsc
2026-02-19 18:47:57,341 [INFO] IPUIPlugin:80 - create IPUIPlugin
2026-02-19 18:47:57,341 [INFO] PluginManager:220 - loadIPPluginJar : add usbx
2026-02-19 18:47:57,342 [INFO] IPUIPlugin:80 - create IPUIPlugin
2026-02-19 18:47:57,342 [INFO] PluginManager:220 - loadIPPluginJar : add can
2026-02-19 18:47:57,343 [INFO] IPUIPlugin:80 - create IPUIPlugin
2026-02-19 18:47:57,344 [INFO] PluginManager:220 - loadIPPluginJar : add i2c
2026-02-19 18:47:57,345 [INFO] IPUIPlugin:80 - create IPUIPlugin
2026-02-19 18:47:57,345 [INFO] PluginManager:220 - loadIPPluginJar : add lorawan
2026-02-19 18:47:57,346 [INFO] IPUIPlugin:80 - create IPUIPlugin
2026-02-19 18:47:57,346 [INFO] PluginManager:220 - loadIPPluginJar : add spi
2026-02-19 18:47:57,350 [INFO] IPUIPlugin:80 - create IPUIPlugin
2026-02-19 18:47:57,350 [INFO] PluginManager:220 - loadIPPluginJar : add linkedlist
2026-02-19 18:47:57,353 [INFO] IPUIPlugin:80 - create IPUIPlugin
2026-02-19 18:47:57,354 [INFO] PluginManager:220 - loadIPPluginJar : add fmc
2026-02-19 18:47:57,355 [INFO] IPUIPlugin:80 - create IPUIPlugin
2026-02-19 18:47:57,355 [INFO] PluginManager:220 - loadIPPluginJar : add i3c
2026-02-19 18:47:57,355 [INFO] IPUIPlugin:80 - create IPUIPlugin
2026-02-19 18:47:57,356 [INFO] PluginManager:220 - loadIPPluginJar : add ltdc
2026-02-19 18:47:57,359 [INFO] IPUIPlugin:80 - create IPUIPlugin
2026-02-19 18:47:57,359 [INFO] PluginManager:220 - loadIPPluginJar : add dma
2026-02-19 18:47:57,362 [INFO] IPUIPlugin:80 - create IPUIPlugin
2026-02-19 18:47:57,363 [INFO] PluginManager:220 - loadIPPluginJar : add freertos
2026-02-19 18:47:57,363 [INFO] IPUIPlugin:80 - create IPUIPlugin
2026-02-19 18:47:57,364 [INFO] PluginManager:220 - loadIPPluginJar : add hash
2026-02-19 18:47:57,368 [INFO] IPUIPlugin:80 - create IPUIPlugin
2026-02-19 18:47:57,368 [INFO] PluginManager:220 - loadIPPluginJar : add adc
2026-02-19 18:47:57,369 [INFO] IPUIPlugin:80 - create IPUIPlugin
2026-02-19 18:47:57,370 [INFO] PluginManager:220 - loadIPPluginJar : add usart
2026-02-19 18:47:57,374 [INFO] IPUIPlugin:80 - create IPUIPlugin
2026-02-19 18:47:57,374 [INFO] PluginManager:220 - loadIPPluginJar : add stm32_wpan
2026-02-19 18:47:57,375 [INFO] IPUIPlugin:80 - create IPUIPlugin
2026-02-19 18:47:57,375 [INFO] PluginManager:220 - loadIPPluginJar : add genericplugin
2026-02-19 18:47:57,377 [INFO] IPUIPlugin:80 - create IPUIPlugin
2026-02-19 18:47:57,377 [INFO] PluginManager:220 - loadIPPluginJar : add gpio
2026-02-19 18:47:57,380 [INFO] IPUIPlugin:80 - create IPUIPlugin
2026-02-19 18:47:57,380 [INFO] PluginManager:220 - loadIPPluginJar : add nvic
2026-02-19 18:47:57,381 [INFO] IPUIPlugin:80 - create IPUIPlugin
2026-02-19 18:47:57,381 [INFO] PluginManager:220 - loadIPPluginJar : add dfsdm
2026-02-19 18:47:57,382 [INFO] IPUIPlugin:80 - create IPUIPlugin
2026-02-19 18:47:57,382 [INFO] PluginManager:220 - loadIPPluginJar : add fatfs
2026-02-19 18:47:57,383 [INFO] IPUIPlugin:80 - create IPUIPlugin
2026-02-19 18:47:57,383 [INFO] PluginManager:220 - loadIPPluginJar : add comp
2026-02-19 18:47:57,384 [INFO] IPUIPlugin:80 - create IPUIPlugin
2026-02-19 18:47:57,384 [INFO] PluginManager:220 - loadIPPluginJar : add i2s
2026-02-19 18:47:57,385 [INFO] IPUIPlugin:80 - create IPUIPlugin
2026-02-19 18:47:57,385 [INFO] PluginManager:220 - loadIPPluginJar : add cryp
2026-02-19 18:47:57,386 [INFO] IPUIPlugin:80 - create IPUIPlugin
2026-02-19 18:47:57,386 [INFO] PluginManager:220 - loadIPPluginJar : add quadspi
2026-02-19 18:47:57,390 [INFO] IPUIPlugin:80 - create IPUIPlugin
2026-02-19 18:47:57,390 [INFO] PluginManager:220 - loadIPPluginJar : add gic
2026-02-19 18:47:57,390 [INFO] IPUIPlugin:80 - create IPUIPlugin
2026-02-19 18:47:57,391 [INFO] PluginManager:220 - loadIPPluginJar : add tim
2026-02-19 18:47:57,392 [INFO] IPUIPlugin:80 - create IPUIPlugin
2026-02-19 18:47:57,392 [INFO] PluginManager:220 - loadIPPluginJar : add extmemmanager
2026-02-19 18:47:57,480 [FATAL] Updater:351 - Updater called before beeing initialized
2026-02-19 18:47:57,498 [INFO] RulesReader:64 - Compatibility file has been processed (317 Rules)
2026-02-19 18:47:57,506 [INFO] RulesReader:64 - Compatibility file has been processed (317 Rules)
2026-02-19 18:47:57,511 [INFO] CADModel:165 - CPN selected for project level
2026-02-19 18:47:57,511 [INFO] CADModel:114 - Register for checkConnection events
2026-02-19 18:47:57,511 [FATAL] Updater:351 - Updater called before beeing initialized
2026-02-19 18:47:57,511 [ERROR] CADModel:125 - Updater not yet initialized, retry later 
2026-02-19 18:47:57,604 [FATAL] Updater:351 - Updater called before beeing initialized
2026-02-19 18:47:57,605 [INFO] CADModel:165 - CPN selected for project level
2026-02-19 18:47:57,605 [INFO] CADModel:114 - Register for checkConnection events
2026-02-19 18:47:57,605 [FATAL] Updater:351 - Updater called before beeing initialized
2026-02-19 18:47:57,605 [ERROR] CADModel:125 - Updater not yet initialized, retry later 
2026-02-19 18:47:57,608 [FATAL] Updater:351 - Updater called before beeing initialized
2026-02-19 18:47:57,683 [FATAL] Updater:351 - Updater called before beeing initialized
2026-02-19 18:47:57,686 [INFO] DbMcusAds:53 - JSON generation date=Mon Nov 10 11:43:01 CET 2025 (1762771381096)
2026-02-19 18:47:57,687 [FATAL] Updater:351 - Updater called before beeing initialized
2026-02-19 18:47:57,706 [WARN] DetailPanel:346 - Failed to get advertising image, set to default
2026-02-19 18:47:57,752 [FATAL] Updater:351 - Updater called before beeing initialized
2026-02-19 18:47:57,754 [FATAL] Updater:351 - Updater called before beeing initialized
2026-02-19 18:47:57,754 [FATAL] Updater:351 - Updater called before beeing initialized
2026-02-19 18:47:57,754 [WARN] DetailPanel:346 - Failed to get advertising image, set to default
2026-02-19 18:47:57,755 [FATAL] Updater:351 - Updater called before beeing initialized
2026-02-19 18:47:57,777 [ERROR] Updater:1198 - MainUpdater not yet initialized. External WinMGr cannot be set.
2026-02-19 18:47:57,778 [INFO] Updater:1134 - Updater Version found : 6.15.0
2026-02-19 18:47:57,791 [INFO] ApplicationProperties:184 - Using Application install path: /opt/st/stm32cubeide_1.19.0/plugins/com.st.stm32cube.common.mx_6.15.0.202507011659
2026-02-19 18:47:58,011 [INFO] MainUpdater:2872 - connection check result : 10
2026-02-19 18:47:58,011 [INFO] MainUpdater:289 - Updater Check For Update Now.
2026-02-19 18:47:58,012 [INFO] MicroXplorer:498 - Change Database Version : DB.6.0.150
2026-02-19 18:47:58,017 [INFO] McuFinderGlobals:63 - Set McuFinder mode to 2 (CubeIDE integrated)
2026-02-19 18:47:58,019 [INFO] UserAuth:487 - Internet connection configuration mode: 1
2026-02-19 18:47:58,037 [INFO] JxBrowserEngine:152 - Initiate JxBrowser Engine with user profile folder
2026-02-19 18:47:58,167 [INFO] CheckServerUpdateThread:120 - End of CheckServer Thread
2026-02-19 18:47:58,610 [INFO] WebApp:169 - Instantiating new browser for Auth
2026-02-19 18:47:59,042 [INFO] WebApp:463 - Apply proxy settings
2026-02-19 18:47:59,043 [INFO] WebApp:548 - Chromium requires no authentication
2026-02-19 18:47:59,048 [INFO] WebApp:491 - Direct internet connection detected
2026-02-19 18:47:59,061 [INFO] WebApp:900 - Register for checkConnection events
2026-02-19 18:47:59,061 [INFO] WebApp:463 - Apply proxy settings
2026-02-19 18:47:59,061 [INFO] WebApp:548 - Chromium requires no authentication
2026-02-19 18:47:59,061 [INFO] WebApp:491 - Direct internet connection detected
2026-02-19 18:47:59,141 [INFO] WebApp:225 - Starting web application
2026-02-19 18:47:59,141 [INFO] WebApp:593 - Web application path used /opt/st/stm32cubeide_1.19.0/plugins/com.st.stm32cube.common.mx_6.15.0.202507011659/db/plugins/mcufinder/reactClient1/index.html
2026-02-19 18:47:59,208 [INFO] UserAuth:487 - Internet connection configuration mode: 1
2026-02-19 18:47:59,611 [INFO] WebApp:191 - Connection restablished
2026-02-19 18:48:00,087 [WARN] PackLoader:240 - Cannot read IP mode file for STMicroelectronics.FP-SNS-MOTENVWB1.1.4.0
2026-02-19 18:48:00,093 [WARN] PackLoader:240 - Cannot read IP mode file for STMicroelectronics.FP-ATR-ASTRA1.2.0.2
2026-02-19 18:48:00,098 [WARN] PackLoader:240 - Cannot read IP mode file for STMicroelectronics.X-CUBE-SMBUS.2.1.0
2026-02-19 18:48:00,101 [WARN] PackLoader:240 - Cannot read IP mode file for STMicroelectronics.X-CUBE-ST60.1.0.0
2026-02-19 18:48:00,122 [WARN] PackLoader:240 - Cannot read IP mode file for STMicroelectronics.X-CUBE-AZRTOS-F7.1.1.0
2026-02-19 18:48:00,128 [WARN] PackLoader:240 - Cannot read IP mode file for Cesanta.I-CUBE-Mongoose.7.19.0
2026-02-19 18:48:00,130 [WARN] PackLoader:240 - Cannot read IP mode file for STMicroelectronics.FP-SNS-MOTENV1.5.1.0
2026-02-19 18:48:00,138 [WARN] PackLoader:240 - Cannot read IP mode file for WES.I-CUBE-Cesium.1.4.0
2026-02-19 18:48:00,155 [WARN] PackLoader:240 - Cannot read IP mode file for Infineon.AIROC-Wi-Fi-Bluetooth-STM32.1.7.1
2026-02-19 18:48:00,174 [WARN] PackLoader:240 - Cannot read IP mode file for STMicroelectronics.X-CUBE-AZRTOS-H7.3.4.0
2026-02-19 18:48:00,182 [WARN] PackLoader:240 - Cannot read IP mode file for STMicroelectronics.X-CUBE-DISPLAY.3.0.0
2026-02-19 18:48:00,196 [WARN] PackLoader:240 - Cannot read IP mode file for STMicroelectronics.FP-SNS-MOTENVWB1.1.5.0
2026-02-19 18:48:00,201 [WARN] PackLoader:240 - Cannot read IP mode file for STMicroelectronics.X-CUBE-NFC10.1.0.0
2026-02-19 18:48:00,205 [WARN] PackLoader:240 - Cannot read IP mode file for STMicroelectronics.X-CUBE-ST60.1.1.0
2026-02-19 18:48:00,209 [WARN] PackLoader:240 - Cannot read IP mode file for emotas.I-CUBE-CANOPEN.1.3.0
2026-02-19 18:48:00,214 [WARN] PackLoader:240 - Cannot read IP mode file for STMicroelectronics.X-CUBE-GNSS1.7.1.0
2026-02-19 18:48:00,218 [WARN] PackLoader:240 - Cannot read IP mode file for STMicroelectronics.FP-SNS-SMARTAG2.1.2.0
2026-02-19 18:48:00,220 [WARN] PackLoader:240 - Cannot read IP mode file for STMicroelectronics.FP-SNS-FLIGHT1.5.1.0
2026-02-19 18:48:00,226 [INFO] LogOutputStream:77 - [STDOUT_REDIRECT] 1 : Invalid condition id : UX_CORESTACK_Condition cause : null
2026-02-19 18:48:00,227 [INFO] LogOutputStream:77 - [STDOUT_REDIRECT] 1 : Invalid condition id : UX_CORESTACK_Condition cause : null
2026-02-19 18:48:00,227 [INFO] LogOutputStream:77 - [STDOUT_REDIRECT] 1 : Invalid condition id : UX_CORESTACK_Condition cause : null
2026-02-19 18:48:00,227 [INFO] LogOutputStream:77 - [STDOUT_REDIRECT] 1 : Invalid condition id : UX_CORESTACK_Condition cause : null
2026-02-19 18:48:00,227 [INFO] LogOutputStream:77 - [STDOUT_REDIRECT] 1 : Invalid condition id : UX_CORESTACK_Condition cause : null
2026-02-19 18:48:00,230 [WARN] PackLoader:240 - Cannot read IP mode file for STMicroelectronics.X-CUBE-AZRTOS-WL.2.0.0
2026-02-19 18:48:00,233 [WARN] PackLoader:240 - Cannot read IP mode file for STMicroelectronics.FP-SNS-MOTENV1.5.0.0
2026-02-19 18:48:00,246 [WARN] PackLoader:240 - Cannot read IP mode file for STMicroelectronics.X-CUBE-AZRTOS-H7RS.1.2.0
2026-02-19 18:48:00,252 [WARN] PackLoader:240 - Cannot read IP mode file for STMicroelectronics.X-CUBE-BLE2.3.3.0
2026-02-19 18:48:00,266 [WARN] PackLoader:240 - Cannot read IP mode file for STMicroelectronics.X-CUBE-NFC9.1.0.0
2026-02-19 18:48:00,270 [WARN] PackLoader:240 - Cannot read IP mode file for wolfSSL.I-CUBE-wolfSSL.5.8.2
2026-02-19 18:48:00,272 [WARN] PackLoader:240 - Cannot read IP mode file for STMicroelectronics.X-CUBE-BLE1.7.1.0
2026-02-19 18:48:00,275 [WARN] PackLoader:240 - Cannot read IP mode file for wolfSSL.I-CUBE-wolfMQTT.1.19.2
2026-02-19 18:48:00,278 [WARN] PackLoader:240 - Cannot read IP mode file for STMicroelectronics.X-CUBE-FREERTOS.1.4.0
2026-02-19 18:48:00,282 [WARN] PackLoader:240 - Cannot read IP mode file for STMicroelectronics.X-CUBE-EEPRMA1.5.2.0
2026-02-19 18:48:00,286 [WARN] PackLoader:240 - Cannot read IP mode file for STMicroelectronics.X-CUBE-ST67W61.1.1.0
2026-02-19 18:48:00,313 [WARN] PackLoader:240 - Cannot read IP mode file for STMicroelectronics.X-CUBE-MEMS1.12.0.0
2026-02-19 18:48:00,417 [WARN] PackLoader:240 - Cannot read IP mode file for STMicroelectronics.X-CUBE-AZRTOS-G0.1.1.0
2026-02-19 18:48:00,424 [WARN] PackLoader:240 - Cannot read IP mode file for STMicroelectronics.X-CUBE-SAFEA1.1.2.2
2026-02-19 18:48:00,429 [WARN] PackLoader:240 - Cannot read IP mode file for STMicroelectronics.X-CUBE-NFC4.3.0.0
2026-02-19 18:48:00,436 [WARN] PackLoader:240 - Cannot read IP mode file for EmbeddedOffice.I-CUBE-FS-RTOS.1.0.1
2026-02-19 18:48:00,440 [WARN] PackLoader:240 - Cannot read IP mode file for STMicroelectronics.X-CUBE-WB05N.2.0.0
2026-02-19 18:48:00,443 [WARN] PackLoader:240 - Cannot read IP mode file for wolfSSL.I-CUBE-wolfTPM.3.8.0
2026-02-19 18:48:00,447 [WARN] PackLoader:240 - Cannot read IP mode file for STMicroelectronics.X-CUBE-TCPP.4.2.0
2026-02-19 18:48:00,452 [WARN] PackLoader:240 - Cannot read IP mode file for RealThread.X-CUBE-RT-Thread_Nano.4.1.1
2026-02-19 18:48:00,454 [WARN] PackLoader:240 - Cannot read IP mode file for STMicroelectronics.FP-ATR-SIGFOX1.3.2.0
2026-02-19 18:48:00,458 [WARN] PackLoader:240 - Cannot read IP mode file for ITTIA_DB.I-CUBE-ITTIADB.8.9.0
2026-02-19 18:48:00,464 [WARN] PackLoader:240 - Cannot read IP mode file for STMicroelectronics.X-CUBE-NFC6.3.2.0
2026-02-19 18:48:00,495 [WARN] PackLoader:240 - Cannot read IP mode file for SEGGER.I-CUBE-embOS.1.3.1
2026-02-19 18:48:00,517 [WARN] PackLoader:240 - Cannot read IP mode file for STMicroelectronics.X-CUBE-ALGOBUILD.1.4.0
2026-02-19 18:48:00,548 [WARN] PackLoader:240 - Cannot read IP mode file for STMicroelectronics.X-CUBE-MEMS1.11.3.0
2026-02-19 18:48:00,613 [WARN] PackLoader:240 - Cannot read IP mode file for STMicroelectronics.X-CUBE-PM33A1.1.0.0
2026-02-19 18:48:00,622 [WARN] PackLoader:240 - Cannot read IP mode file for STMicroelectronics.X-CUBE-AZRTOS-F4.1.1.0
2026-02-19 18:48:00,626 [WARN] PackLoader:240 - Cannot read IP mode file for STMicroelectronics.X-CUBE-ISPU.2.1.0
2026-02-19 18:48:00,632 [WARN] PackLoader:240 - Cannot read IP mode file for STMicroelectronics.X-CUBE-IPS.3.2.0
2026-02-19 18:48:00,638 [WARN] PackLoader:240 - Cannot read IP mode file for STMicroelectronics.X-CUBE-NFC12.1.0.0
2026-02-19 18:48:00,647 [WARN] PackLoader:240 - Cannot read IP mode file for STMicroelectronics.X-CUBE-AZRTOS-L5.2.0.0
2026-02-19 18:48:00,651 [WARN] PackLoader:240 - Cannot read IP mode file for STMicroelectronics.X-CUBE-NFC6.3.1.0
2026-02-19 18:48:00,655 [WARN] PackLoader:240 - Cannot read IP mode file for STMicroelectronics.X-CUBE-FREERTOS.1.3.1
2026-02-19 18:48:00,657 [WARN] PackLoader:240 - Cannot read IP mode file for STMicroelectronics.X-CUBE-TOUCHGFX.4.26.0
2026-02-19 18:48:00,660 [WARN] PackLoader:240 - Cannot read IP mode file for STMicroelectronics.X-CUBE-DPower.1.3.0
2026-02-19 18:48:00,669 [WARN] ConditionMgr:438 - getConditionDescription Invalid condition id : LAN8742 Phy interface Condition cause : null
2026-02-19 18:48:00,669 [WARN] PackLoader:240 - Cannot read IP mode file for STMicroelectronics.X-CUBE-AZRTOS-L4.2.0.0
2026-02-19 18:48:00,670 [WARN] ConditionMgr:1044 - genDependencies : Invalid condition id : LAN8742 Phy interface Condition cause : null
2026-02-19 18:48:00,670 [WARN] ConditionMgr:1044 - genDependencies : Invalid condition id : LAN8742 Phy interface Condition cause : null
2026-02-19 18:48:00,671 [WARN] ConditionMgr:1044 - genDependencies : Invalid condition id : LAN8742 Phy interface Condition cause : null
2026-02-19 18:48:00,674 [WARN] PackLoader:240 - Cannot read IP mode file for STMicroelectronics.X-CUBE-SFXS2LP1.4.0.0
2026-02-19 18:48:00,678 [WARN] PackLoader:240 - Cannot read IP mode file for STMicroelectronics.X-CUBE-ST67W61.1.2.0
2026-02-19 18:48:00,683 [WARN] PackLoader:240 - Cannot read IP mode file for STMicroelectronics.X-CUBE-BLEMGR.4.1.0
2026-02-19 18:48:00,692 [WARN] ConditionMgr:438 - getConditionDescription Invalid condition id : UX DEVICE CLASS RTOS Condition cause : null
2026-02-19 18:48:00,692 [WARN] ConditionMgr:438 - getConditionDescription Invalid condition id : UX DEVICE CLASS RTOS Condition cause : null
2026-02-19 18:48:00,693 [WARN] PackLoader:240 - Cannot read IP mode file for STMicroelectronics.X-CUBE-AZRTOS-WB.2.0.0
2026-02-19 18:48:00,693 [WARN] ConditionMgr:1044 - genDependencies : Invalid condition id : UX DEVICE CLASS RTOS Condition cause : null
2026-02-19 18:48:00,693 [WARN] ConditionMgr:1044 - genDependencies : Invalid condition id : UX DEVICE CLASS RTOS Condition cause : null
2026-02-19 18:48:00,693 [WARN] ConditionMgr:1044 - genDependencies : Invalid condition id : UX DEVICE CLASS RTOS Condition cause : null
2026-02-19 18:48:00,694 [WARN] ConditionMgr:1044 - genDependencies : Invalid condition id : UX DEVICE CLASS RTOS Condition cause : null
2026-02-19 18:48:00,694 [WARN] ConditionMgr:1044 - genDependencies : Invalid condition id : UX DEVICE CLASS RTOS Condition cause : null
2026-02-19 18:48:00,696 [WARN] PackLoader:240 - Cannot read IP mode file for STMicroelectronics.X-CUBE-GNSS1.7.0.1
2026-02-19 18:48:00,699 [WARN] ConditionMgr:438 - getConditionDescription Invalid condition id : Cortex-A Device cause : null
2026-02-19 18:48:00,703 [WARN] ConditionMgr:1044 - genDependencies : Invalid condition id : Cortex-A Device cause : null
2026-02-19 18:48:00,703 [WARN] ConditionMgr:1044 - genDependencies : Invalid condition id : Cortex-A Device cause : null
2026-02-19 18:48:00,703 [WARN] ConditionMgr:1044 - genDependencies : Invalid condition id : Cortex-A Device cause : null
2026-02-19 18:48:00,706 [WARN] PackLoader:240 - Cannot read IP mode file for STMicroelectronics.X-CUBE-STSE01.2.0.0
2026-02-19 18:48:00,712 [WARN] PackLoader:240 - Cannot read IP mode file for STMicroelectronics.X-CUBE-SUBG2.5.0.0
2026-02-19 18:48:00,723 [WARN] PackLoader:240 - Cannot read IP mode file for STMicroelectronics.X-CUBE-AZRTOS-H7RS.1.1.0
2026-02-19 18:48:00,732 [WARN] PackLoader:240 - Cannot read IP mode file for STMicroelectronics.X-CUBE-AZRTOS-G4.2.0.0
2026-02-19 18:48:00,737 [WARN] PackLoader:240 - Cannot read IP mode file for wolfSSL.I-CUBE-wolfSSH.1.4.20
2026-02-19 18:48:00,742 [WARN] PackLoader:240 - Cannot read IP mode file for STMicroelectronics.X-CUBE-NFC7.2.0.0
2026-02-19 18:48:00,745 [WARN] PackLoader:240 - Cannot read IP mode file for STMicroelectronics.X-CUBE-ALS.1.0.2
2026-02-19 18:48:00,749 [WARN] PackLoader:240 - Cannot read IP mode file for STMicroelectronics.X-CUBE-STSE01.1.0.0
2026-02-19 18:48:00,755 [WARN] PackLoader:240 - Cannot read IP mode file for STMicroelectronics.X-CUBE-TOF1.3.4.3
2026-02-19 18:48:00,762 [INFO] ThirdParty:978 - Integrity check success = true
2026-02-19 18:48:00,762 [INFO] IntegrityCheckThread:100 - exiting critical section [integrity check]
2026-02-19 18:48:00,762 [INFO] IntegrityCheckThread:103 - End integrity checks thread
2026-02-19 19:01:30,787 [ERROR] LogOutputStream:75 - [STDERR_REDIRECT] SWT SessionManagerDBus: Failed to UnregisterClient: GDBus.Error:org.freedesktop.DBus.Error.NoReply: Message recipient disconnected from message bus without replying
2026-02-19 19:01:30,975 [ERROR] LogOutputStream:75 - [STDERR_REDIRECT] 
2026-02-19 23:51:02,581 [INFO] Activator:176 - 


2026-02-19 23:51:02,582 [INFO] Activator:177 - !SESSION log4j initialized
2026-02-19 23:51:05,636 [INFO] LogOutputStream:77 - [STDOUT_REDIRECT] 
2026-02-19 23:51:07,750 [INFO] ApplicationProperties:184 - Using Application install path: /opt/st/stm32cubeide_1.19.0/plugins/com.st.stm32cube.common.mx_6.15.0.202507011659
2026-02-19 23:51:07,765 [INFO] DbMcusXml:78 - Set database path to: /opt/st/stm32cubeide_1.19.0/plugins/com.st.stm32cube.common.mx_6.15.0.202507011659//db//mcu/
2026-02-19 23:51:07,765 [INFO] ApiDb:274 - Set plugin database path to: /opt/st/stm32cubeide_1.19.0/plugins/com.st.stm32cube.common.mx_6.15.0.202507011659//db//plugins/boardmanager/
2026-02-19 23:51:07,765 [WARN] ApiDb:259 - Overriding images path with different value:  => /opt/st/stm32cubeide_1.19.0/plugins/com.st.stm32cube.common.mx_6.15.0.202507011659//db//plugins/mcufinder/images/
2026-02-19 23:51:07,770 [INFO] ApiDb:250 - Set database path to: /home/kamil/.stmcufinder/plugins/mcufinder//mcu/
2026-02-19 23:51:07,771 [INFO] DbMcusAds:125 - Set database path to: /home/kamil/.stmcufinder/plugins/mcufinder//mcu/
2026-02-19 23:51:07,773 [INFO] CrossReferenceDbSqlite:203 - Set database path to: /home/kamil/.stmcufinder/plugins/mcufinder//mcu/cs/
2026-02-19 23:51:07,843 [INFO] RulesReader:64 - Compatibility file has been processed (317 Rules)
2026-02-19 23:51:07,882 [INFO] DbMcusXml:78 - Set database path to: /opt/st/stm32cubeide_1.19.0/plugins/com.st.stm32cube.common.mx_6.15.0.202507011659//db//mcu/
2026-02-19 23:51:07,882 [INFO] ApiDb:274 - Set plugin database path to: /opt/st/stm32cubeide_1.19.0/plugins/com.st.stm32cube.common.mx_6.15.0.202507011659//db//plugins/boardmanager/
2026-02-19 23:51:07,882 [INFO] ApiDb:261 - Set plugin images path to: /opt/st/stm32cubeide_1.19.0/plugins/com.st.stm32cube.common.mx_6.15.0.202507011659//db//plugins/mcufinder/images/
2026-02-19 23:51:07,882 [WARN] DbFile:41 - Overriding database path with different value: /home/kamil/.stmcufinder/plugins/mcufinder/ => /home/kamil/.stmcufinder/plugins/mcufinder
2026-02-19 23:51:07,882 [INFO] ApiDb:250 - Set database path to: /home/kamil/.stmcufinder/plugins/mcufinder//mcu/
2026-02-19 23:51:07,882 [WARN] DbFile:41 - Overriding database path with different value: /home/kamil/.stmcufinder/plugins/mcufinder/ => /home/kamil/.stmcufinder/plugins/mcufinder
2026-02-19 23:51:07,882 [INFO] DbMcusAds:125 - Set database path to: /home/kamil/.stmcufinder/plugins/mcufinder//mcu/
2026-02-19 23:51:07,882 [WARN] DbFile:41 - Overriding database path with different value: /home/kamil/.stmcufinder/plugins/mcufinder/ => /home/kamil/.stmcufinder/plugins/mcufinder
2026-02-19 23:51:07,882 [WARN] DbFile:41 - Overriding database path with different value: /home/kamil/.stmcufinder/plugins/mcufinder/ => /home/kamil/.stmcufinder/plugins/mcufinder
2026-02-19 23:51:07,883 [INFO] CrossReferenceDbSqlite:203 - Set database path to: /home/kamil/.stmcufinder/plugins/mcufinder//mcu/cs/
2026-02-19 23:51:07,925 [INFO] MainPanel:274 - HeapMemory: 268435456
2026-02-19 23:51:08,012 [INFO] DbMcusXml:78 - Set database path to: /opt/st/stm32cubeide_1.19.0/plugins/com.st.stm32cube.common.mx_6.15.0.202507011659//db//mcu/
2026-02-19 23:51:08,012 [INFO] ApiDb:274 - Set plugin database path to: /opt/st/stm32cubeide_1.19.0/plugins/com.st.stm32cube.common.mx_6.15.0.202507011659//db//plugins/boardmanager/
2026-02-19 23:51:08,012 [INFO] ApiDb:261 - Set plugin images path to: /opt/st/stm32cubeide_1.19.0/plugins/com.st.stm32cube.common.mx_6.15.0.202507011659//db//plugins/mcufinder/images/
2026-02-19 23:51:08,012 [WARN] DbFile:41 - Overriding database path with different value: /home/kamil/.stmcufinder/plugins/mcufinder/ => /home/kamil/.stmcufinder/plugins/mcufinder
2026-02-19 23:51:08,012 [INFO] ApiDb:250 - Set database path to: /home/kamil/.stmcufinder/plugins/mcufinder//mcu/
2026-02-19 23:51:08,012 [WARN] DbFile:41 - Overriding database path with different value: /home/kamil/.stmcufinder/plugins/mcufinder/ => /home/kamil/.stmcufinder/plugins/mcufinder
2026-02-19 23:51:08,012 [INFO] DbMcusAds:125 - Set database path to: /home/kamil/.stmcufinder/plugins/mcufinder//mcu/
2026-02-19 23:51:08,012 [WARN] DbFile:41 - Overriding database path with different value: /home/kamil/.stmcufinder/plugins/mcufinder/ => /home/kamil/.stmcufinder/plugins/mcufinder
2026-02-19 23:51:08,012 [WARN] DbFile:41 - Overriding database path with different value: /home/kamil/.stmcufinder/plugins/mcufinder/ => /home/kamil/.stmcufinder/plugins/mcufinder
2026-02-19 23:51:08,013 [INFO] CrossReferenceDbSqlite:203 - Set database path to: /home/kamil/.stmcufinder/plugins/mcufinder//mcu/cs/
2026-02-19 23:51:08,023 [INFO] ApplicationProperties:184 - Using Application install path: /opt/st/stm32cubeide_1.19.0/plugins/com.st.stm32cube.common.mx_6.15.0.202507011659
2026-02-19 23:51:08,024 [INFO] PluginManage:196 - Search for loadable plugins [exclusion list=, ]
2026-02-19 23:51:08,025 [INFO] PluginManage:310 - Check plugin analytics
2026-02-19 23:51:08,110 [INFO] AnalyticsPlugin:253 - Accepted Software Licenses: 
2026-02-19 23:51:08,110 [INFO] AnalyticsPlugin:255 - Accepted CMSIS Pack Licenses: 
2026-02-19 23:51:08,110 [INFO] AnalyticsPlugin:257 - Accepted Firmware Licenses: FW.F4.1.28.0
2026-02-19 23:51:08,111 [INFO] PluginManage:359 - Loaded plugin analytics (category:tool,tabindex:-1)
2026-02-19 23:51:08,111 [INFO] PluginManage:310 - Check plugin cadmodel
2026-02-19 23:51:08,115 [INFO] CADModel:105 - Init CAD model plugin
2026-02-19 23:51:08,115 [INFO] PluginManage:359 - Loaded plugin cadmodel (category:power,tabindex:5)
2026-02-19 23:51:08,115 [INFO] PluginManage:310 - Check plugin clock
2026-02-19 23:51:08,121 [INFO] PluginManage:359 - Loaded plugin clock (category:base,tabindex:2)
2026-02-19 23:51:08,121 [INFO] PluginManage:310 - Check plugin ddr
2026-02-19 23:51:08,123 [INFO] PluginManage:359 - Loaded plugin ddr (category:tool,tabindex:6)
2026-02-19 23:51:08,123 [INFO] PluginManage:310 - Check plugin filemanager
2026-02-19 23:51:08,210 [INFO] PluginManage:359 - Loaded plugin filemanager (category:base,tabindex:10)
2026-02-19 23:51:08,210 [INFO] PluginManage:310 - Check plugin ipmanager
2026-02-19 23:51:08,213 [INFO] PluginManage:359 - Loaded plugin ipmanager (category:base,tabindex:5)
2026-02-19 23:51:08,213 [INFO] PluginManage:310 - Check plugin lpbam
2026-02-19 23:51:08,219 [INFO] PluginManage:359 - Loaded plugin lpbam (category:base,tabindex:0)
2026-02-19 23:51:08,219 [INFO] PluginManage:310 - Check plugin memorymap
2026-02-19 23:51:08,225 [INFO] PluginManage:359 - Loaded plugin memorymap (category:base,tabindex:4)
2026-02-19 23:51:08,225 [INFO] PluginManage:310 - Check plugin pinoutandconfiguration
2026-02-19 23:51:08,231 [INFO] PluginManage:359 - Loaded plugin pinoutandconfiguration (category:base,tabindex:1)
2026-02-19 23:51:08,231 [INFO] PluginManage:310 - Check plugin pinoutconfig
2026-02-19 23:51:08,291 [WARN] SupportedApi:132 - Cannot load RTOS API schema: s4s-elt-must-match.1: The content of 'definitions' must match (annotation?, (simpleType | complexType)?, (unique | key | keyref)*)). A problem was found starting at: attribute.
2026-02-19 23:51:08,385 [INFO] PluginManage:359 - Loaded plugin pinoutconfig (category:base,tabindex:0)
2026-02-19 23:51:08,385 [INFO] PluginManage:310 - Check plugin power
2026-02-19 23:51:08,392 [INFO] PluginManage:359 - Loaded plugin power (category:power,tabindex:4)
2026-02-19 23:51:08,392 [INFO] PluginManage:310 - Check plugin projectmanager
2026-02-19 23:51:08,403 [INFO] PluginManage:359 - Loaded plugin projectmanager (category:projectmanager,tabindex:4)
2026-02-19 23:51:08,403 [INFO] PluginManage:310 - Check plugin rif
2026-02-19 23:51:08,409 [INFO] PluginManage:359 - Loaded plugin rif (category:base,tabindex:3)
2026-02-19 23:51:08,409 [INFO] PluginManage:310 - Check plugin thirdparty
2026-02-19 23:51:08,493 [INFO] PluginManage:359 - Loaded plugin thirdparty (category:base,tabindex:-1)
2026-02-19 23:51:08,493 [INFO] PluginManage:310 - Check plugin tools
2026-02-19 23:51:08,493 [WARN] IntegrityCheckThread:84 - waiting for thirdparty lock release [integrity check]
2026-02-19 23:51:08,493 [INFO] IntegrityCheckThread:86 - entering critical section [integrity check]
2026-02-19 23:51:08,493 [INFO] ThirdPartyUpdaterWithRetryManager:70 - Updater plugin not ready yet. [1/15]
2026-02-19 23:51:08,495 [INFO] PluginManage:359 - Loaded plugin tools (category:base,tabindex:7)
2026-02-19 23:51:08,495 [INFO] PluginManage:310 - Check plugin tutovideos
2026-02-19 23:51:08,614 [INFO] PluginManage:359 - Loaded plugin tutovideos (category:base,tabindex:-1)
2026-02-19 23:51:08,614 [INFO] PluginManage:310 - Check plugin updater
2026-02-19 23:51:08,630 [INFO] PluginManage:359 - Loaded plugin updater (category:base,tabindex:12)
2026-02-19 23:51:08,630 [INFO] PluginManage:310 - Check plugin userauth
2026-02-19 23:51:08,634 [INFO] UserAuth:118 - Init User Auth plugin
2026-02-19 23:51:08,634 [INFO] PluginManage:359 - Loaded plugin userauth (category:base,tabindex:14)
2026-02-19 23:51:08,634 [INFO] PluginManage:283 - PluginManage : Loaded plugins [18]
2026-02-19 23:51:08,744 [INFO] PinOutPanel:1589 - setPackage(No Configuration,No Configuration)
2026-02-19 23:51:08,783 [INFO] CADModel:165 - CPN selected for project level
2026-02-19 23:51:08,783 [INFO] CADModel:114 - Register for checkConnection events
2026-02-19 23:51:08,789 [INFO] IPUIPlugin:80 - create IPUIPlugin
2026-02-19 23:51:08,789 [INFO] PluginManager:220 - loadIPPluginJar : add tracer_emb
2026-02-19 23:51:08,789 [INFO] IPUIPlugin:80 - create IPUIPlugin
2026-02-19 23:51:08,790 [INFO] PluginManager:220 - loadIPPluginJar : add radio
2026-02-19 23:51:08,793 [INFO] IPUIPlugin:80 - create IPUIPlugin
2026-02-19 23:51:08,793 [INFO] PluginManager:220 - loadIPPluginJar : add ddr_ctrl_phy
2026-02-19 23:51:08,796 [INFO] IPUIPlugin:80 - create IPUIPlugin
2026-02-19 23:51:08,796 [INFO] PluginManager:220 - loadIPPluginJar : add mdma
2026-02-19 23:51:08,798 [INFO] IPUIPlugin:80 - create IPUIPlugin
2026-02-19 23:51:08,798 [INFO] PluginManager:220 - loadIPPluginJar : add touchsensing
2026-02-19 23:51:08,799 [INFO] IPUIPlugin:80 - create IPUIPlugin
2026-02-19 23:51:08,799 [INFO] PluginManager:220 - loadIPPluginJar : add ucpd
2026-02-19 23:51:08,802 [INFO] IPUIPlugin:80 - create IPUIPlugin
2026-02-19 23:51:08,803 [INFO] PluginManager:220 - loadIPPluginJar : add plateformsettings
2026-02-19 23:51:08,805 [INFO] IPUIPlugin:80 - create IPUIPlugin
2026-02-19 23:51:08,805 [INFO] PluginManager:220 - loadIPPluginJar : add ipddr
2026-02-19 23:51:08,808 [INFO] IPUIPlugin:80 - create IPUIPlugin
2026-02-19 23:51:08,808 [INFO] PluginManager:220 - loadIPPluginJar : add resmgrutility
2026-02-19 23:51:08,809 [INFO] IPUIPlugin:80 - create IPUIPlugin
2026-02-19 23:51:08,809 [INFO] PluginManager:220 - loadIPPluginJar : add ts
2026-02-19 23:51:08,810 [INFO] IPUIPlugin:80 - create IPUIPlugin
2026-02-19 23:51:08,810 [INFO] PluginManager:220 - loadIPPluginJar : add dma3
2026-02-19 23:51:08,811 [INFO] IPUIPlugin:80 - create IPUIPlugin
2026-02-19 23:51:08,811 [INFO] PluginManager:220 - loadIPPluginJar : add openamp
2026-02-19 23:51:08,812 [INFO] IPUIPlugin:80 - create IPUIPlugin
2026-02-19 23:51:08,813 [INFO] PluginManager:220 - loadIPPluginJar : add opamp
2026-02-19 23:51:08,814 [INFO] IPUIPlugin:80 - create IPUIPlugin
2026-02-19 23:51:08,814 [INFO] PluginManager:220 - loadIPPluginJar : add pdm2pcm
2026-02-19 23:51:08,815 [INFO] IPUIPlugin:80 - create IPUIPlugin
2026-02-19 23:51:08,815 [INFO] PluginManager:220 - loadIPPluginJar : add gfxmmu
2026-02-19 23:51:08,816 [INFO] IPUIPlugin:80 - create IPUIPlugin
2026-02-19 23:51:08,817 [INFO] PluginManager:220 - loadIPPluginJar : add aes
2026-02-19 23:51:08,818 [INFO] IPUIPlugin:80 - create IPUIPlugin
2026-02-19 23:51:08,818 [INFO] PluginManager:220 - loadIPPluginJar : add gtzc
2026-02-19 23:51:08,820 [INFO] IPUIPlugin:80 - create IPUIPlugin
2026-02-19 23:51:08,820 [INFO] PluginManager:220 - loadIPPluginJar : add sai
2026-02-19 23:51:08,821 [INFO] IPUIPlugin:80 - create IPUIPlugin
2026-02-19 23:51:08,821 [INFO] PluginManager:220 - loadIPPluginJar : add tsc
2026-02-19 23:51:08,823 [INFO] IPUIPlugin:80 - create IPUIPlugin
2026-02-19 23:51:08,823 [INFO] PluginManager:220 - loadIPPluginJar : add usbx
2026-02-19 23:51:08,825 [INFO] IPUIPlugin:80 - create IPUIPlugin
2026-02-19 23:51:08,825 [INFO] PluginManager:220 - loadIPPluginJar : add can
2026-02-19 23:51:08,827 [INFO] IPUIPlugin:80 - create IPUIPlugin
2026-02-19 23:51:08,827 [INFO] PluginManager:220 - loadIPPluginJar : add i2c
2026-02-19 23:51:08,829 [INFO] IPUIPlugin:80 - create IPUIPlugin
2026-02-19 23:51:08,829 [INFO] PluginManager:220 - loadIPPluginJar : add lorawan
2026-02-19 23:51:08,830 [INFO] IPUIPlugin:80 - create IPUIPlugin
2026-02-19 23:51:08,830 [INFO] PluginManager:220 - loadIPPluginJar : add spi
2026-02-19 23:51:08,835 [INFO] IPUIPlugin:80 - create IPUIPlugin
2026-02-19 23:51:08,835 [INFO] PluginManager:220 - loadIPPluginJar : add linkedlist
2026-02-19 23:51:08,838 [INFO] IPUIPlugin:80 - create IPUIPlugin
2026-02-19 23:51:08,838 [INFO] PluginManager:220 - loadIPPluginJar : add fmc
2026-02-19 23:51:08,839 [INFO] IPUIPlugin:80 - create IPUIPlugin
2026-02-19 23:51:08,839 [INFO] PluginManager:220 - loadIPPluginJar : add i3c
2026-02-19 23:51:08,840 [INFO] IPUIPlugin:80 - create IPUIPlugin
2026-02-19 23:51:08,840 [INFO] PluginManager:220 - loadIPPluginJar : add ltdc
2026-02-19 23:51:08,843 [INFO] IPUIPlugin:80 - create IPUIPlugin
2026-02-19 23:51:08,844 [INFO] PluginManager:220 - loadIPPluginJar : add dma
2026-02-19 23:51:08,847 [INFO] IPUIPlugin:80 - create IPUIPlugin
2026-02-19 23:51:08,847 [INFO] PluginManager:220 - loadIPPluginJar : add freertos
2026-02-19 23:51:08,849 [INFO] IPUIPlugin:80 - create IPUIPlugin
2026-02-19 23:51:08,849 [INFO] PluginManager:220 - loadIPPluginJar : add hash
2026-02-19 23:51:08,853 [INFO] IPUIPlugin:80 - create IPUIPlugin
2026-02-19 23:51:08,853 [INFO] PluginManager:220 - loadIPPluginJar : add adc
2026-02-19 23:51:08,854 [INFO] IPUIPlugin:80 - create IPUIPlugin
2026-02-19 23:51:08,854 [INFO] PluginManager:220 - loadIPPluginJar : add usart
2026-02-19 23:51:08,859 [INFO] IPUIPlugin:80 - create IPUIPlugin
2026-02-19 23:51:08,859 [INFO] PluginManager:220 - loadIPPluginJar : add stm32_wpan
2026-02-19 23:51:08,860 [INFO] IPUIPlugin:80 - create IPUIPlugin
2026-02-19 23:51:08,860 [INFO] PluginManager:220 - loadIPPluginJar : add genericplugin
2026-02-19 23:51:08,864 [INFO] IPUIPlugin:80 - create IPUIPlugin
2026-02-19 23:51:08,864 [INFO] PluginManager:220 - loadIPPluginJar : add gpio
2026-02-19 23:51:08,867 [INFO] IPUIPlugin:80 - create IPUIPlugin
2026-02-19 23:51:08,867 [INFO] PluginManager:220 - loadIPPluginJar : add nvic
2026-02-19 23:51:08,869 [INFO] IPUIPlugin:80 - create IPUIPlugin
2026-02-19 23:51:08,869 [INFO] PluginManager:220 - loadIPPluginJar : add dfsdm
2026-02-19 23:51:08,870 [INFO] IPUIPlugin:80 - create IPUIPlugin
2026-02-19 23:51:08,870 [INFO] PluginManager:220 - loadIPPluginJar : add fatfs
2026-02-19 23:51:08,872 [INFO] IPUIPlugin:80 - create IPUIPlugin
2026-02-19 23:51:08,872 [INFO] PluginManager:220 - loadIPPluginJar : add comp
2026-02-19 23:51:08,874 [INFO] IPUIPlugin:80 - create IPUIPlugin
2026-02-19 23:51:08,874 [INFO] PluginManager:220 - loadIPPluginJar : add i2s
2026-02-19 23:51:08,875 [INFO] IPUIPlugin:80 - create IPUIPlugin
2026-02-19 23:51:08,875 [INFO] PluginManager:220 - loadIPPluginJar : add cryp
2026-02-19 23:51:08,876 [INFO] IPUIPlugin:80 - create IPUIPlugin
2026-02-19 23:51:08,876 [INFO] PluginManager:220 - loadIPPluginJar : add quadspi
2026-02-19 23:51:08,881 [INFO] IPUIPlugin:80 - create IPUIPlugin
2026-02-19 23:51:08,881 [INFO] PluginManager:220 - loadIPPluginJar : add gic
2026-02-19 23:51:08,882 [INFO] IPUIPlugin:80 - create IPUIPlugin
2026-02-19 23:51:08,882 [INFO] PluginManager:220 - loadIPPluginJar : add tim
2026-02-19 23:51:08,884 [INFO] IPUIPlugin:80 - create IPUIPlugin
2026-02-19 23:51:08,884 [INFO] PluginManager:220 - loadIPPluginJar : add extmemmanager
2026-02-19 23:51:08,981 [FATAL] Updater:351 - Updater called before beeing initialized
2026-02-19 23:51:08,996 [INFO] RulesReader:64 - Compatibility file has been processed (317 Rules)
2026-02-19 23:51:09,002 [INFO] RulesReader:64 - Compatibility file has been processed (317 Rules)
2026-02-19 23:51:09,006 [INFO] CADModel:165 - CPN selected for project level
2026-02-19 23:51:09,006 [INFO] CADModel:114 - Register for checkConnection events
2026-02-19 23:51:09,006 [FATAL] Updater:351 - Updater called before beeing initialized
2026-02-19 23:51:09,006 [ERROR] CADModel:125 - Updater not yet initialized, retry later 
2026-02-19 23:51:09,101 [FATAL] Updater:351 - Updater called before beeing initialized
2026-02-19 23:51:09,102 [INFO] CADModel:165 - CPN selected for project level
2026-02-19 23:51:09,103 [INFO] CADModel:114 - Register for checkConnection events
2026-02-19 23:51:09,103 [FATAL] Updater:351 - Updater called before beeing initialized
2026-02-19 23:51:09,103 [ERROR] CADModel:125 - Updater not yet initialized, retry later 
2026-02-19 23:51:09,106 [FATAL] Updater:351 - Updater called before beeing initialized
2026-02-19 23:51:09,155 [FATAL] Updater:351 - Updater called before beeing initialized
2026-02-19 23:51:09,158 [INFO] DbMcusAds:53 - JSON generation date=Mon Nov 10 11:43:01 CET 2025 (1762771381096)
2026-02-19 23:51:09,158 [FATAL] Updater:351 - Updater called before beeing initialized
2026-02-19 23:51:09,179 [WARN] DetailPanel:346 - Failed to get advertising image, set to default
2026-02-19 23:51:09,226 [FATAL] Updater:351 - Updater called before beeing initialized
2026-02-19 23:51:09,227 [FATAL] Updater:351 - Updater called before beeing initialized
2026-02-19 23:51:09,227 [FATAL] Updater:351 - Updater called before beeing initialized
2026-02-19 23:51:09,227 [WARN] DetailPanel:346 - Failed to get advertising image, set to default
2026-02-19 23:51:09,227 [FATAL] Updater:351 - Updater called before beeing initialized
2026-02-19 23:51:09,245 [ERROR] Updater:1198 - MainUpdater not yet initialized. External WinMGr cannot be set.
2026-02-19 23:51:09,246 [INFO] Updater:1134 - Updater Version found : 6.15.0
2026-02-19 23:51:09,262 [INFO] ApplicationProperties:184 - Using Application install path: /opt/st/stm32cubeide_1.19.0/plugins/com.st.stm32cube.common.mx_6.15.0.202507011659
2026-02-19 23:51:09,547 [INFO] MainUpdater:2872 - connection check result : 10
2026-02-19 23:51:09,548 [INFO] MainUpdater:289 - Updater Check For Update Now.
2026-02-19 23:51:09,548 [INFO] MicroXplorer:498 - Change Database Version : DB.6.0.150
2026-02-19 23:51:09,562 [INFO] McuFinderGlobals:63 - Set McuFinder mode to 2 (CubeIDE integrated)
2026-02-19 23:51:09,562 [INFO] UserAuth:487 - Internet connection configuration mode: 1
2026-02-19 23:51:09,577 [INFO] JxBrowserEngine:152 - Initiate JxBrowser Engine with user profile folder
2026-02-19 23:51:09,721 [INFO] CheckServerUpdateThread:120 - End of CheckServer Thread
2026-02-19 23:51:10,207 [INFO] WebApp:169 - Instantiating new browser for Auth
2026-02-19 23:51:10,676 [INFO] WebApp:463 - Apply proxy settings
2026-02-19 23:51:10,676 [INFO] WebApp:548 - Chromium requires no authentication
2026-02-19 23:51:10,680 [INFO] WebApp:491 - Direct internet connection detected
2026-02-19 23:51:10,690 [INFO] WebApp:900 - Register for checkConnection events
2026-02-19 23:51:10,690 [INFO] WebApp:463 - Apply proxy settings
2026-02-19 23:51:10,690 [INFO] WebApp:548 - Chromium requires no authentication
2026-02-19 23:51:10,691 [INFO] WebApp:491 - Direct internet connection detected
2026-02-19 23:51:10,761 [INFO] WebApp:225 - Starting web application
2026-02-19 23:51:10,761 [INFO] WebApp:593 - Web application path used /opt/st/stm32cubeide_1.19.0/plugins/com.st.stm32cube.common.mx_6.15.0.202507011659/db/plugins/mcufinder/reactClient1/index.html
2026-02-19 23:51:10,830 [INFO] UserAuth:487 - Internet connection configuration mode: 1
2026-02-19 23:51:11,029 [INFO] WebApp:191 - Connection restablished
2026-02-19 23:51:11,599 [WARN] PackLoader:240 - Cannot read IP mode file for STMicroelectronics.FP-SNS-MOTENVWB1.1.4.0
2026-02-19 23:51:11,606 [WARN] PackLoader:240 - Cannot read IP mode file for STMicroelectronics.FP-ATR-ASTRA1.2.0.2
2026-02-19 23:51:11,610 [WARN] PackLoader:240 - Cannot read IP mode file for STMicroelectronics.X-CUBE-SMBUS.2.1.0
2026-02-19 23:51:11,613 [WARN] PackLoader:240 - Cannot read IP mode file for STMicroelectronics.X-CUBE-ST60.1.0.0
2026-02-19 23:51:11,635 [WARN] PackLoader:240 - Cannot read IP mode file for STMicroelectronics.X-CUBE-AZRTOS-F7.1.1.0
2026-02-19 23:51:11,641 [WARN] PackLoader:240 - Cannot read IP mode file for Cesanta.I-CUBE-Mongoose.7.19.0
2026-02-19 23:51:11,644 [WARN] PackLoader:240 - Cannot read IP mode file for STMicroelectronics.FP-SNS-MOTENV1.5.1.0
2026-02-19 23:51:11,651 [WARN] PackLoader:240 - Cannot read IP mode file for WES.I-CUBE-Cesium.1.4.0
2026-02-19 23:51:11,667 [WARN] PackLoader:240 - Cannot read IP mode file for Infineon.AIROC-Wi-Fi-Bluetooth-STM32.1.7.1
2026-02-19 23:51:11,695 [WARN] PackLoader:240 - Cannot read IP mode file for STMicroelectronics.X-CUBE-AZRTOS-H7.3.4.0
2026-02-19 23:51:11,702 [WARN] PackLoader:240 - Cannot read IP mode file for STMicroelectronics.X-CUBE-DISPLAY.3.0.0
2026-02-19 23:51:11,708 [WARN] PackLoader:240 - Cannot read IP mode file for STMicroelectronics.FP-SNS-MOTENVWB1.1.5.0
2026-02-19 23:51:11,714 [WARN] PackLoader:240 - Cannot read IP mode file for STMicroelectronics.X-CUBE-NFC10.1.0.0
2026-02-19 23:51:11,718 [WARN] PackLoader:240 - Cannot read IP mode file for STMicroelectronics.X-CUBE-ST60.1.1.0
2026-02-19 23:51:11,721 [WARN] PackLoader:240 - Cannot read IP mode file for emotas.I-CUBE-CANOPEN.1.3.0
2026-02-19 23:51:11,726 [WARN] PackLoader:240 - Cannot read IP mode file for STMicroelectronics.X-CUBE-GNSS1.7.1.0
2026-02-19 23:51:11,729 [WARN] PackLoader:240 - Cannot read IP mode file for STMicroelectronics.FP-SNS-SMARTAG2.1.2.0
2026-02-19 23:51:11,732 [WARN] PackLoader:240 - Cannot read IP mode file for STMicroelectronics.FP-SNS-FLIGHT1.5.1.0
2026-02-19 23:51:11,739 [INFO] LogOutputStream:77 - [STDOUT_REDIRECT] 1 : Invalid condition id : UX_CORESTACK_Condition cause : null
2026-02-19 23:51:11,739 [INFO] LogOutputStream:77 - [STDOUT_REDIRECT] 1 : Invalid condition id : UX_CORESTACK_Condition cause : null
2026-02-19 23:51:11,739 [INFO] LogOutputStream:77 - [STDOUT_REDIRECT] 1 : Invalid condition id : UX_CORESTACK_Condition cause : null
2026-02-19 23:51:11,739 [INFO] LogOutputStream:77 - [STDOUT_REDIRECT] 1 : Invalid condition id : UX_CORESTACK_Condition cause : null
2026-02-19 23:51:11,739 [INFO] LogOutputStream:77 - [STDOUT_REDIRECT] 1 : Invalid condition id : UX_CORESTACK_Condition cause : null
2026-02-19 23:51:11,741 [WARN] PackLoader:240 - Cannot read IP mode file for STMicroelectronics.X-CUBE-AZRTOS-WL.2.0.0
2026-02-19 23:51:11,745 [WARN] PackLoader:240 - Cannot read IP mode file for STMicroelectronics.FP-SNS-MOTENV1.5.0.0
2026-02-19 23:51:11,758 [WARN] PackLoader:240 - Cannot read IP mode file for STMicroelectronics.X-CUBE-AZRTOS-H7RS.1.2.0
2026-02-19 23:51:11,763 [WARN] PackLoader:240 - Cannot read IP mode file for STMicroelectronics.X-CUBE-BLE2.3.3.0
2026-02-19 23:51:11,776 [WARN] PackLoader:240 - Cannot read IP mode file for STMicroelectronics.X-CUBE-NFC9.1.0.0
2026-02-19 23:51:11,780 [WARN] PackLoader:240 - Cannot read IP mode file for wolfSSL.I-CUBE-wolfSSL.5.8.2
2026-02-19 23:51:11,784 [WARN] PackLoader:240 - Cannot read IP mode file for STMicroelectronics.X-CUBE-BLE1.7.1.0
2026-02-19 23:51:11,787 [WARN] PackLoader:240 - Cannot read IP mode file for wolfSSL.I-CUBE-wolfMQTT.1.19.2
2026-02-19 23:51:11,790 [WARN] PackLoader:240 - Cannot read IP mode file for STMicroelectronics.X-CUBE-FREERTOS.1.4.0
2026-02-19 23:51:11,794 [WARN] PackLoader:240 - Cannot read IP mode file for STMicroelectronics.X-CUBE-EEPRMA1.5.2.0
2026-02-19 23:51:11,798 [WARN] PackLoader:240 - Cannot read IP mode file for STMicroelectronics.X-CUBE-ST67W61.1.1.0
2026-02-19 23:51:11,830 [WARN] PackLoader:240 - Cannot read IP mode file for STMicroelectronics.X-CUBE-MEMS1.12.0.0
2026-02-19 23:51:11,966 [WARN] PackLoader:240 - Cannot read IP mode file for STMicroelectronics.X-CUBE-AZRTOS-G0.1.1.0
2026-02-19 23:51:11,973 [WARN] PackLoader:240 - Cannot read IP mode file for STMicroelectronics.X-CUBE-SAFEA1.1.2.2
2026-02-19 23:51:11,977 [WARN] PackLoader:240 - Cannot read IP mode file for STMicroelectronics.X-CUBE-NFC4.3.0.0
2026-02-19 23:51:11,983 [WARN] PackLoader:240 - Cannot read IP mode file for EmbeddedOffice.I-CUBE-FS-RTOS.1.0.1
2026-02-19 23:51:11,986 [WARN] PackLoader:240 - Cannot read IP mode file for STMicroelectronics.X-CUBE-WB05N.2.0.0
2026-02-19 23:51:11,989 [WARN] PackLoader:240 - Cannot read IP mode file for wolfSSL.I-CUBE-wolfTPM.3.8.0
2026-02-19 23:51:11,993 [WARN] PackLoader:240 - Cannot read IP mode file for STMicroelectronics.X-CUBE-TCPP.4.2.0
2026-02-19 23:51:11,998 [WARN] PackLoader:240 - Cannot read IP mode file for RealThread.X-CUBE-RT-Thread_Nano.4.1.1
2026-02-19 23:51:12,001 [WARN] PackLoader:240 - Cannot read IP mode file for STMicroelectronics.FP-ATR-SIGFOX1.3.2.0
2026-02-19 23:51:12,004 [WARN] PackLoader:240 - Cannot read IP mode file for ITTIA_DB.I-CUBE-ITTIADB.8.9.0
2026-02-19 23:51:12,010 [WARN] PackLoader:240 - Cannot read IP mode file for STMicroelectronics.X-CUBE-NFC6.3.2.0
2026-02-19 23:51:12,032 [WARN] PackLoader:240 - Cannot read IP mode file for SEGGER.I-CUBE-embOS.1.3.1
2026-02-19 23:51:12,059 [WARN] PackLoader:240 - Cannot read IP mode file for STMicroelectronics.X-CUBE-ALGOBUILD.1.4.0
2026-02-19 23:51:12,083 [WARN] PackLoader:240 - Cannot read IP mode file for STMicroelectronics.X-CUBE-MEMS1.11.3.0
2026-02-19 23:51:12,160 [WARN] PackLoader:240 - Cannot read IP mode file for STMicroelectronics.X-CUBE-PM33A1.1.0.0
2026-02-19 23:51:12,166 [WARN] PackLoader:240 - Cannot read IP mode file for STMicroelectronics.X-CUBE-AZRTOS-F4.1.1.0
2026-02-19 23:51:12,169 [WARN] PackLoader:240 - Cannot read IP mode file for STMicroelectronics.X-CUBE-ISPU.2.1.0
2026-02-19 23:51:12,174 [WARN] PackLoader:240 - Cannot read IP mode file for STMicroelectronics.X-CUBE-IPS.3.2.0
2026-02-19 23:51:12,180 [WARN] PackLoader:240 - Cannot read IP mode file for STMicroelectronics.X-CUBE-NFC12.1.0.0
2026-02-19 23:51:12,189 [WARN] PackLoader:240 - Cannot read IP mode file for STMicroelectronics.X-CUBE-AZRTOS-L5.2.0.0
2026-02-19 23:51:12,193 [WARN] PackLoader:240 - Cannot read IP mode file for STMicroelectronics.X-CUBE-NFC6.3.1.0
2026-02-19 23:51:12,197 [WARN] PackLoader:240 - Cannot read IP mode file for STMicroelectronics.X-CUBE-FREERTOS.1.3.1
2026-02-19 23:51:12,199 [WARN] PackLoader:240 - Cannot read IP mode file for STMicroelectronics.X-CUBE-TOUCHGFX.4.26.0
2026-02-19 23:51:12,201 [WARN] PackLoader:240 - Cannot read IP mode file for STMicroelectronics.X-CUBE-DPower.1.3.0
2026-02-19 23:51:12,208 [WARN] ConditionMgr:438 - getConditionDescription Invalid condition id : LAN8742 Phy interface Condition cause : null
2026-02-19 23:51:12,209 [WARN] PackLoader:240 - Cannot read IP mode file for STMicroelectronics.X-CUBE-AZRTOS-L4.2.0.0
2026-02-19 23:51:12,209 [WARN] ConditionMgr:1044 - genDependencies : Invalid condition id : LAN8742 Phy interface Condition cause : null
2026-02-19 23:51:12,210 [WARN] ConditionMgr:1044 - genDependencies : Invalid condition id : LAN8742 Phy interface Condition cause : null
2026-02-19 23:51:12,210 [WARN] ConditionMgr:1044 - genDependencies : Invalid condition id : LAN8742 Phy interface Condition cause : null
2026-02-19 23:51:12,213 [WARN] PackLoader:240 - Cannot read IP mode file for STMicroelectronics.X-CUBE-SFXS2LP1.4.0.0
2026-02-19 23:51:12,216 [WARN] PackLoader:240 - Cannot read IP mode file for STMicroelectronics.X-CUBE-ST67W61.1.2.0
2026-02-19 23:51:12,221 [WARN] PackLoader:240 - Cannot read IP mode file for STMicroelectronics.X-CUBE-BLEMGR.4.1.0
2026-02-19 23:51:12,228 [WARN] ConditionMgr:438 - getConditionDescription Invalid condition id : UX DEVICE CLASS RTOS Condition cause : null
2026-02-19 23:51:12,228 [WARN] ConditionMgr:438 - getConditionDescription Invalid condition id : UX DEVICE CLASS RTOS Condition cause : null
2026-02-19 23:51:12,229 [WARN] PackLoader:240 - Cannot read IP mode file for STMicroelectronics.X-CUBE-AZRTOS-WB.2.0.0
2026-02-19 23:51:12,230 [WARN] ConditionMgr:1044 - genDependencies : Invalid condition id : UX DEVICE CLASS RTOS Condition cause : null
2026-02-19 23:51:12,230 [WARN] ConditionMgr:1044 - genDependencies : Invalid condition id : UX DEVICE CLASS RTOS Condition cause : null
2026-02-19 23:51:12,230 [WARN] ConditionMgr:1044 - genDependencies : Invalid condition id : UX DEVICE CLASS RTOS Condition cause : null
2026-02-19 23:51:12,230 [WARN] ConditionMgr:1044 - genDependencies : Invalid condition id : UX DEVICE CLASS RTOS Condition cause : null
2026-02-19 23:51:12,230 [WARN] ConditionMgr:1044 - genDependencies : Invalid condition id : UX DEVICE CLASS RTOS Condition cause : null
2026-02-19 23:51:12,233 [WARN] PackLoader:240 - Cannot read IP mode file for STMicroelectronics.X-CUBE-GNSS1.7.0.1
2026-02-19 23:51:12,236 [WARN] ConditionMgr:438 - getConditionDescription Invalid condition id : Cortex-A Device cause : null
2026-02-19 23:51:12,241 [WARN] ConditionMgr:1044 - genDependencies : Invalid condition id : Cortex-A Device cause : null
2026-02-19 23:51:12,242 [WARN] ConditionMgr:1044 - genDependencies : Invalid condition id : Cortex-A Device cause : null
2026-02-19 23:51:12,242 [WARN] ConditionMgr:1044 - genDependencies : Invalid condition id : Cortex-A Device cause : null
2026-02-19 23:51:12,245 [WARN] PackLoader:240 - Cannot read IP mode file for STMicroelectronics.X-CUBE-STSE01.2.0.0
2026-02-19 23:51:12,251 [WARN] PackLoader:240 - Cannot read IP mode file for STMicroelectronics.X-CUBE-SUBG2.5.0.0
2026-02-19 23:51:12,263 [WARN] PackLoader:240 - Cannot read IP mode file for STMicroelectronics.X-CUBE-AZRTOS-H7RS.1.1.0
2026-02-19 23:51:12,276 [WARN] PackLoader:240 - Cannot read IP mode file for STMicroelectronics.X-CUBE-AZRTOS-G4.2.0.0
2026-02-19 23:51:12,281 [WARN] PackLoader:240 - Cannot read IP mode file for wolfSSL.I-CUBE-wolfSSH.1.4.20
2026-02-19 23:51:12,283 [WARN] PackLoader:240 - Cannot read IP mode file for STMicroelectronics.X-CUBE-NFC7.2.0.0
2026-02-19 23:51:12,286 [WARN] PackLoader:240 - Cannot read IP mode file for STMicroelectronics.X-CUBE-ALS.1.0.2
2026-02-19 23:51:12,290 [WARN] PackLoader:240 - Cannot read IP mode file for STMicroelectronics.X-CUBE-STSE01.1.0.0
2026-02-19 23:51:12,297 [WARN] PackLoader:240 - Cannot read IP mode file for STMicroelectronics.X-CUBE-TOF1.3.4.3
2026-02-19 23:51:12,304 [INFO] ThirdParty:978 - Integrity check success = true
2026-02-19 23:51:12,304 [INFO] IntegrityCheckThread:100 - exiting critical section [integrity check]
2026-02-19 23:51:12,304 [INFO] IntegrityCheckThread:103 - End integrity checks thread
