2025-10-15 21:59:45,141 [INFO] Activator:176 - 


2025-10-15 21:59:45,146 [INFO] Activator:177 - !SESSION log4j initialized
2025-10-15 21:59:48,163 [INFO] LogOutputStream:77 - [STDOUT_REDIRECT] 
2025-10-15 21:59:48,748 [INFO] ApplicationProperties:184 - Using Application install path: /opt/st/stm32cubeide_1.19.0/plugins/com.st.stm32cube.common.mx_6.15.0.202507011659
2025-10-15 21:59:48,771 [INFO] DbMcusXml:78 - Set database path to: /opt/st/stm32cubeide_1.19.0/plugins/com.st.stm32cube.common.mx_6.15.0.202507011659//db//mcu/
2025-10-15 21:59:48,772 [INFO] ApiDb:274 - Set plugin database path to: /opt/st/stm32cubeide_1.19.0/plugins/com.st.stm32cube.common.mx_6.15.0.202507011659//db//plugins/boardmanager/
2025-10-15 21:59:48,772 [WARN] ApiDb:259 - Overriding images path with different value:  => /opt/st/stm32cubeide_1.19.0/plugins/com.st.stm32cube.common.mx_6.15.0.202507011659//db//plugins/mcufinder/images/
2025-10-15 21:59:48,778 [INFO] ApiDb:250 - Set database path to: /home/kamil/.stmcufinder/plugins/mcufinder//mcu/
2025-10-15 21:59:48,779 [INFO] DbMcusAds:125 - Set database path to: /home/kamil/.stmcufinder/plugins/mcufinder//mcu/
2025-10-15 21:59:48,781 [INFO] CrossReferenceDbSqlite:203 - Set database path to: /home/kamil/.stmcufinder/plugins/mcufinder//mcu/cs/
2025-10-15 21:59:48,877 [INFO] RulesReader:64 - Compatibility file has been processed (317 Rules)
2025-10-15 21:59:48,918 [INFO] DbMcusXml:78 - Set database path to: /opt/st/stm32cubeide_1.19.0/plugins/com.st.stm32cube.common.mx_6.15.0.202507011659//db//mcu/
2025-10-15 21:59:48,918 [INFO] ApiDb:274 - Set plugin database path to: /opt/st/stm32cubeide_1.19.0/plugins/com.st.stm32cube.common.mx_6.15.0.202507011659//db//plugins/boardmanager/
2025-10-15 21:59:48,918 [INFO] ApiDb:261 - Set plugin images path to: /opt/st/stm32cubeide_1.19.0/plugins/com.st.stm32cube.common.mx_6.15.0.202507011659//db//plugins/mcufinder/images/
2025-10-15 21:59:48,919 [WARN] DbFile:41 - Overriding database path with different value: /home/kamil/.stmcufinder/plugins/mcufinder/ => /home/kamil/.stmcufinder/plugins/mcufinder
2025-10-15 21:59:48,919 [INFO] ApiDb:250 - Set database path to: /home/kamil/.stmcufinder/plugins/mcufinder//mcu/
2025-10-15 21:59:48,919 [WARN] DbFile:41 - Overriding database path with different value: /home/kamil/.stmcufinder/plugins/mcufinder/ => /home/kamil/.stmcufinder/plugins/mcufinder
2025-10-15 21:59:48,919 [INFO] DbMcusAds:125 - Set database path to: /home/kamil/.stmcufinder/plugins/mcufinder//mcu/
2025-10-15 21:59:48,919 [WARN] DbFile:41 - Overriding database path with different value: /home/kamil/.stmcufinder/plugins/mcufinder/ => /home/kamil/.stmcufinder/plugins/mcufinder
2025-10-15 21:59:48,919 [WARN] DbFile:41 - Overriding database path with different value: /home/kamil/.stmcufinder/plugins/mcufinder/ => /home/kamil/.stmcufinder/plugins/mcufinder
2025-10-15 21:59:48,919 [INFO] CrossReferenceDbSqlite:203 - Set database path to: /home/kamil/.stmcufinder/plugins/mcufinder//mcu/cs/
2025-10-15 21:59:48,968 [INFO] MainPanel:274 - HeapMemory: 268435456
2025-10-15 21:59:49,069 [INFO] DbMcusXml:78 - Set database path to: /opt/st/stm32cubeide_1.19.0/plugins/com.st.stm32cube.common.mx_6.15.0.202507011659//db//mcu/
2025-10-15 21:59:49,069 [INFO] ApiDb:274 - Set plugin database path to: /opt/st/stm32cubeide_1.19.0/plugins/com.st.stm32cube.common.mx_6.15.0.202507011659//db//plugins/boardmanager/
2025-10-15 21:59:49,070 [INFO] ApiDb:261 - Set plugin images path to: /opt/st/stm32cubeide_1.19.0/plugins/com.st.stm32cube.common.mx_6.15.0.202507011659//db//plugins/mcufinder/images/
2025-10-15 21:59:49,070 [WARN] DbFile:41 - Overriding database path with different value: /home/kamil/.stmcufinder/plugins/mcufinder/ => /home/kamil/.stmcufinder/plugins/mcufinder
2025-10-15 21:59:49,070 [INFO] ApiDb:250 - Set database path to: /home/kamil/.stmcufinder/plugins/mcufinder//mcu/
2025-10-15 21:59:49,070 [WARN] DbFile:41 - Overriding database path with different value: /home/kamil/.stmcufinder/plugins/mcufinder/ => /home/kamil/.stmcufinder/plugins/mcufinder
2025-10-15 21:59:49,070 [INFO] DbMcusAds:125 - Set database path to: /home/kamil/.stmcufinder/plugins/mcufinder//mcu/
2025-10-15 21:59:49,070 [WARN] DbFile:41 - Overriding database path with different value: /home/kamil/.stmcufinder/plugins/mcufinder/ => /home/kamil/.stmcufinder/plugins/mcufinder
2025-10-15 21:59:49,070 [WARN] DbFile:41 - Overriding database path with different value: /home/kamil/.stmcufinder/plugins/mcufinder/ => /home/kamil/.stmcufinder/plugins/mcufinder
2025-10-15 21:59:49,070 [INFO] CrossReferenceDbSqlite:203 - Set database path to: /home/kamil/.stmcufinder/plugins/mcufinder//mcu/cs/
2025-10-15 21:59:49,084 [INFO] ApplicationProperties:184 - Using Application install path: /opt/st/stm32cubeide_1.19.0/plugins/com.st.stm32cube.common.mx_6.15.0.202507011659
2025-10-15 21:59:49,085 [INFO] PluginManage:196 - Search for loadable plugins [exclusion list=, ]
2025-10-15 21:59:49,086 [INFO] PluginManage:310 - Check plugin analytics
2025-10-15 21:59:49,185 [INFO] AnalyticsPlugin:253 - Accepted Software Licenses: 
2025-10-15 21:59:49,186 [INFO] AnalyticsPlugin:255 - Accepted CMSIS Pack Licenses: 
2025-10-15 21:59:49,186 [INFO] AnalyticsPlugin:257 - Accepted Firmware Licenses: 
2025-10-15 21:59:49,187 [INFO] PluginManage:359 - Loaded plugin analytics (category:tool,tabindex:-1)
2025-10-15 21:59:49,188 [INFO] PluginManage:310 - Check plugin cadmodel
2025-10-15 21:59:49,192 [INFO] CADModel:105 - Init CAD model plugin
2025-10-15 21:59:49,192 [INFO] PluginManage:359 - Loaded plugin cadmodel (category:power,tabindex:5)
2025-10-15 21:59:49,192 [INFO] PluginManage:310 - Check plugin clock
2025-10-15 21:59:49,198 [INFO] PluginManage:359 - Loaded plugin clock (category:base,tabindex:2)
2025-10-15 21:59:49,198 [INFO] PluginManage:310 - Check plugin ddr
2025-10-15 21:59:49,200 [INFO] PluginManage:359 - Loaded plugin ddr (category:tool,tabindex:6)
2025-10-15 21:59:49,200 [INFO] PluginManage:310 - Check plugin filemanager
2025-10-15 21:59:49,318 [INFO] PluginManage:359 - Loaded plugin filemanager (category:base,tabindex:10)
2025-10-15 21:59:49,318 [INFO] PluginManage:310 - Check plugin ipmanager
2025-10-15 21:59:49,322 [INFO] PluginManage:359 - Loaded plugin ipmanager (category:base,tabindex:5)
2025-10-15 21:59:49,322 [INFO] PluginManage:310 - Check plugin lpbam
2025-10-15 21:59:49,330 [INFO] PluginManage:359 - Loaded plugin lpbam (category:base,tabindex:0)
2025-10-15 21:59:49,331 [INFO] PluginManage:310 - Check plugin memorymap
2025-10-15 21:59:49,341 [INFO] PluginManage:359 - Loaded plugin memorymap (category:base,tabindex:4)
2025-10-15 21:59:49,341 [INFO] PluginManage:310 - Check plugin pinoutandconfiguration
2025-10-15 21:59:49,348 [INFO] PluginManage:359 - Loaded plugin pinoutandconfiguration (category:base,tabindex:1)
2025-10-15 21:59:49,349 [INFO] PluginManage:310 - Check plugin pinoutconfig
2025-10-15 21:59:49,416 [WARN] SupportedApi:132 - Cannot load RTOS API schema: s4s-elt-must-match.1: The content of 'definitions' must match (annotation?, (simpleType | complexType)?, (unique | key | keyref)*)). A problem was found starting at: attribute.
2025-10-15 21:59:49,534 [INFO] PluginManage:359 - Loaded plugin pinoutconfig (category:base,tabindex:0)
2025-10-15 21:59:49,534 [INFO] PluginManage:310 - Check plugin power
2025-10-15 21:59:49,541 [INFO] PluginManage:359 - Loaded plugin power (category:power,tabindex:4)
2025-10-15 21:59:49,542 [INFO] PluginManage:310 - Check plugin projectmanager
2025-10-15 21:59:49,553 [INFO] PluginManage:359 - Loaded plugin projectmanager (category:projectmanager,tabindex:4)
2025-10-15 21:59:49,553 [INFO] PluginManage:310 - Check plugin rif
2025-10-15 21:59:49,562 [INFO] PluginManage:359 - Loaded plugin rif (category:base,tabindex:3)
2025-10-15 21:59:49,562 [INFO] PluginManage:310 - Check plugin thirdparty
2025-10-15 21:59:49,673 [INFO] PluginManage:359 - Loaded plugin thirdparty (category:base,tabindex:-1)
2025-10-15 21:59:49,673 [INFO] PluginManage:310 - Check plugin tools
2025-10-15 21:59:49,673 [WARN] IntegrityCheckThread:84 - waiting for thirdparty lock release [integrity check]
2025-10-15 21:59:49,673 [INFO] IntegrityCheckThread:86 - entering critical section [integrity check]
2025-10-15 21:59:49,674 [INFO] ThirdPartyUpdaterWithRetryManager:70 - Updater plugin not ready yet. [1/15]
2025-10-15 21:59:49,675 [INFO] PluginManage:359 - Loaded plugin tools (category:base,tabindex:7)
2025-10-15 21:59:49,675 [INFO] PluginManage:310 - Check plugin tutovideos
2025-10-15 21:59:49,807 [INFO] PluginManage:359 - Loaded plugin tutovideos (category:base,tabindex:-1)
2025-10-15 21:59:49,807 [INFO] PluginManage:310 - Check plugin updater
2025-10-15 21:59:49,826 [INFO] PluginManage:359 - Loaded plugin updater (category:base,tabindex:12)
2025-10-15 21:59:49,826 [INFO] PluginManage:310 - Check plugin userauth
2025-10-15 21:59:49,829 [INFO] UserAuth:118 - Init User Auth plugin
2025-10-15 21:59:49,830 [INFO] PluginManage:359 - Loaded plugin userauth (category:base,tabindex:14)
2025-10-15 21:59:49,830 [INFO] PluginManage:283 - PluginManage : Loaded plugins [18]
2025-10-15 21:59:49,952 [INFO] PinOutPanel:1589 - setPackage(No Configuration,No Configuration)
2025-10-15 21:59:49,998 [INFO] CADModel:165 - CPN selected for project level
2025-10-15 21:59:49,998 [INFO] CADModel:114 - Register for checkConnection events
2025-10-15 21:59:50,007 [INFO] IPUIPlugin:80 - create IPUIPlugin
2025-10-15 21:59:50,007 [INFO] PluginManager:220 - loadIPPluginJar : add tracer_emb
2025-10-15 21:59:50,009 [INFO] IPUIPlugin:80 - create IPUIPlugin
2025-10-15 21:59:50,009 [INFO] PluginManager:220 - loadIPPluginJar : add radio
2025-10-15 21:59:50,014 [INFO] IPUIPlugin:80 - create IPUIPlugin
2025-10-15 21:59:50,014 [INFO] PluginManager:220 - loadIPPluginJar : add ddr_ctrl_phy
2025-10-15 21:59:50,020 [INFO] IPUIPlugin:80 - create IPUIPlugin
2025-10-15 21:59:50,020 [INFO] PluginManager:220 - loadIPPluginJar : add mdma
2025-10-15 21:59:50,023 [INFO] IPUIPlugin:80 - create IPUIPlugin
2025-10-15 21:59:50,023 [INFO] PluginManager:220 - loadIPPluginJar : add touchsensing
2025-10-15 21:59:50,025 [INFO] IPUIPlugin:80 - create IPUIPlugin
2025-10-15 21:59:50,026 [INFO] PluginManager:220 - loadIPPluginJar : add ucpd
2025-10-15 21:59:50,032 [INFO] IPUIPlugin:80 - create IPUIPlugin
2025-10-15 21:59:50,034 [INFO] PluginManager:220 - loadIPPluginJar : add plateformsettings
2025-10-15 21:59:50,037 [INFO] IPUIPlugin:80 - create IPUIPlugin
2025-10-15 21:59:50,037 [INFO] PluginManager:220 - loadIPPluginJar : add ipddr
2025-10-15 21:59:50,042 [INFO] IPUIPlugin:80 - create IPUIPlugin
2025-10-15 21:59:50,043 [INFO] PluginManager:220 - loadIPPluginJar : add resmgrutility
2025-10-15 21:59:50,044 [INFO] IPUIPlugin:80 - create IPUIPlugin
2025-10-15 21:59:50,044 [INFO] PluginManager:220 - loadIPPluginJar : add ts
2025-10-15 21:59:50,047 [INFO] IPUIPlugin:80 - create IPUIPlugin
2025-10-15 21:59:50,047 [INFO] PluginManager:220 - loadIPPluginJar : add dma3
2025-10-15 21:59:50,049 [INFO] IPUIPlugin:80 - create IPUIPlugin
2025-10-15 21:59:50,049 [INFO] PluginManager:220 - loadIPPluginJar : add openamp
2025-10-15 21:59:50,051 [INFO] IPUIPlugin:80 - create IPUIPlugin
2025-10-15 21:59:50,051 [INFO] PluginManager:220 - loadIPPluginJar : add opamp
2025-10-15 21:59:50,055 [INFO] IPUIPlugin:80 - create IPUIPlugin
2025-10-15 21:59:50,055 [INFO] PluginManager:220 - loadIPPluginJar : add pdm2pcm
2025-10-15 21:59:50,057 [INFO] IPUIPlugin:80 - create IPUIPlugin
2025-10-15 21:59:50,058 [INFO] PluginManager:220 - loadIPPluginJar : add gfxmmu
2025-10-15 21:59:50,061 [INFO] IPUIPlugin:80 - create IPUIPlugin
2025-10-15 21:59:50,061 [INFO] PluginManager:220 - loadIPPluginJar : add aes
2025-10-15 21:59:50,064 [INFO] IPUIPlugin:80 - create IPUIPlugin
2025-10-15 21:59:50,064 [INFO] PluginManager:220 - loadIPPluginJar : add gtzc
2025-10-15 21:59:50,068 [INFO] IPUIPlugin:80 - create IPUIPlugin
2025-10-15 21:59:50,068 [INFO] PluginManager:220 - loadIPPluginJar : add sai
2025-10-15 21:59:50,070 [INFO] IPUIPlugin:80 - create IPUIPlugin
2025-10-15 21:59:50,070 [INFO] PluginManager:220 - loadIPPluginJar : add tsc
2025-10-15 21:59:50,073 [INFO] IPUIPlugin:80 - create IPUIPlugin
2025-10-15 21:59:50,073 [INFO] PluginManager:220 - loadIPPluginJar : add usbx
2025-10-15 21:59:50,075 [INFO] IPUIPlugin:80 - create IPUIPlugin
2025-10-15 21:59:50,076 [INFO] PluginManager:220 - loadIPPluginJar : add can
2025-10-15 21:59:50,077 [INFO] IPUIPlugin:80 - create IPUIPlugin
2025-10-15 21:59:50,078 [INFO] PluginManager:220 - loadIPPluginJar : add i2c
2025-10-15 21:59:50,080 [INFO] IPUIPlugin:80 - create IPUIPlugin
2025-10-15 21:59:50,080 [INFO] PluginManager:220 - loadIPPluginJar : add lorawan
2025-10-15 21:59:50,082 [INFO] IPUIPlugin:80 - create IPUIPlugin
2025-10-15 21:59:50,082 [INFO] PluginManager:220 - loadIPPluginJar : add spi
2025-10-15 21:59:50,090 [INFO] IPUIPlugin:80 - create IPUIPlugin
2025-10-15 21:59:50,090 [INFO] PluginManager:220 - loadIPPluginJar : add linkedlist
2025-10-15 21:59:50,093 [INFO] IPUIPlugin:80 - create IPUIPlugin
2025-10-15 21:59:50,093 [INFO] PluginManager:220 - loadIPPluginJar : add fmc
2025-10-15 21:59:50,095 [INFO] IPUIPlugin:80 - create IPUIPlugin
2025-10-15 21:59:50,095 [INFO] PluginManager:220 - loadIPPluginJar : add i3c
2025-10-15 21:59:50,096 [INFO] IPUIPlugin:80 - create IPUIPlugin
2025-10-15 21:59:50,096 [INFO] PluginManager:220 - loadIPPluginJar : add ltdc
2025-10-15 21:59:50,100 [INFO] IPUIPlugin:80 - create IPUIPlugin
2025-10-15 21:59:50,100 [INFO] PluginManager:220 - loadIPPluginJar : add dma
2025-10-15 21:59:50,104 [INFO] IPUIPlugin:80 - create IPUIPlugin
2025-10-15 21:59:50,105 [INFO] PluginManager:220 - loadIPPluginJar : add freertos
2025-10-15 21:59:50,107 [INFO] IPUIPlugin:80 - create IPUIPlugin
2025-10-15 21:59:50,107 [INFO] PluginManager:220 - loadIPPluginJar : add hash
2025-10-15 21:59:50,111 [INFO] IPUIPlugin:80 - create IPUIPlugin
2025-10-15 21:59:50,111 [INFO] PluginManager:220 - loadIPPluginJar : add adc
2025-10-15 21:59:50,113 [INFO] IPUIPlugin:80 - create IPUIPlugin
2025-10-15 21:59:50,113 [INFO] PluginManager:220 - loadIPPluginJar : add usart
2025-10-15 21:59:50,118 [INFO] IPUIPlugin:80 - create IPUIPlugin
2025-10-15 21:59:50,118 [INFO] PluginManager:220 - loadIPPluginJar : add stm32_wpan
2025-10-15 21:59:50,119 [INFO] IPUIPlugin:80 - create IPUIPlugin
2025-10-15 21:59:50,119 [INFO] PluginManager:220 - loadIPPluginJar : add genericplugin
2025-10-15 21:59:50,125 [INFO] IPUIPlugin:80 - create IPUIPlugin
2025-10-15 21:59:50,125 [INFO] PluginManager:220 - loadIPPluginJar : add gpio
2025-10-15 21:59:50,129 [INFO] IPUIPlugin:80 - create IPUIPlugin
2025-10-15 21:59:50,129 [INFO] PluginManager:220 - loadIPPluginJar : add nvic
2025-10-15 21:59:50,132 [INFO] IPUIPlugin:80 - create IPUIPlugin
2025-10-15 21:59:50,132 [INFO] PluginManager:220 - loadIPPluginJar : add dfsdm
2025-10-15 21:59:50,133 [INFO] IPUIPlugin:80 - create IPUIPlugin
2025-10-15 21:59:50,133 [INFO] PluginManager:220 - loadIPPluginJar : add fatfs
2025-10-15 21:59:50,134 [INFO] IPUIPlugin:80 - create IPUIPlugin
2025-10-15 21:59:50,134 [INFO] PluginManager:220 - loadIPPluginJar : add comp
2025-10-15 21:59:50,136 [INFO] IPUIPlugin:80 - create IPUIPlugin
2025-10-15 21:59:50,137 [INFO] PluginManager:220 - loadIPPluginJar : add i2s
2025-10-15 21:59:50,139 [INFO] IPUIPlugin:80 - create IPUIPlugin
2025-10-15 21:59:50,139 [INFO] PluginManager:220 - loadIPPluginJar : add cryp
2025-10-15 21:59:50,141 [INFO] IPUIPlugin:80 - create IPUIPlugin
2025-10-15 21:59:50,141 [INFO] PluginManager:220 - loadIPPluginJar : add quadspi
2025-10-15 21:59:50,147 [INFO] IPUIPlugin:80 - create IPUIPlugin
2025-10-15 21:59:50,148 [INFO] PluginManager:220 - loadIPPluginJar : add gic
2025-10-15 21:59:50,149 [INFO] IPUIPlugin:80 - create IPUIPlugin
2025-10-15 21:59:50,149 [INFO] PluginManager:220 - loadIPPluginJar : add tim
2025-10-15 21:59:50,152 [INFO] IPUIPlugin:80 - create IPUIPlugin
2025-10-15 21:59:50,152 [INFO] PluginManager:220 - loadIPPluginJar : add extmemmanager
2025-10-15 21:59:50,242 [FATAL] Updater:351 - Updater called before beeing initialized
2025-10-15 21:59:50,265 [INFO] RulesReader:64 - Compatibility file has been processed (317 Rules)
2025-10-15 21:59:50,275 [INFO] RulesReader:64 - Compatibility file has been processed (317 Rules)
2025-10-15 21:59:50,283 [INFO] CADModel:165 - CPN selected for project level
2025-10-15 21:59:50,283 [INFO] CADModel:114 - Register for checkConnection events
2025-10-15 21:59:50,283 [FATAL] Updater:351 - Updater called before beeing initialized
2025-10-15 21:59:50,284 [ERROR] CADModel:125 - Updater not yet initialized, retry later 
2025-10-15 21:59:50,376 [FATAL] Updater:351 - Updater called before beeing initialized
2025-10-15 21:59:50,377 [INFO] CADModel:165 - CPN selected for project level
2025-10-15 21:59:50,377 [INFO] CADModel:114 - Register for checkConnection events
2025-10-15 21:59:50,377 [FATAL] Updater:351 - Updater called before beeing initialized
2025-10-15 21:59:50,377 [ERROR] CADModel:125 - Updater not yet initialized, retry later 
2025-10-15 21:59:50,380 [FATAL] Updater:351 - Updater called before beeing initialized
2025-10-15 21:59:50,443 [FATAL] Updater:351 - Updater called before beeing initialized
2025-10-15 21:59:50,446 [INFO] DbMcusAds:53 - JSON generation date=Tue Jul 08 10:14:23 CEST 2025 (1751962463524)
2025-10-15 21:59:50,446 [FATAL] Updater:351 - Updater called before beeing initialized
2025-10-15 21:59:50,469 [WARN] DetailPanel:346 - Failed to get advertising image, set to default
2025-10-15 21:59:50,516 [FATAL] Updater:351 - Updater called before beeing initialized
2025-10-15 21:59:50,518 [FATAL] Updater:351 - Updater called before beeing initialized
2025-10-15 21:59:50,518 [FATAL] Updater:351 - Updater called before beeing initialized
2025-10-15 21:59:50,518 [WARN] DetailPanel:346 - Failed to get advertising image, set to default
2025-10-15 21:59:50,518 [FATAL] Updater:351 - Updater called before beeing initialized
2025-10-15 21:59:50,543 [ERROR] Updater:1198 - MainUpdater not yet initialized. External WinMGr cannot be set.
2025-10-15 21:59:50,545 [INFO] Updater:1134 - Updater Version found : 6.15.0
2025-10-15 21:59:50,562 [INFO] ApplicationProperties:184 - Using Application install path: /opt/st/stm32cubeide_1.19.0/plugins/com.st.stm32cube.common.mx_6.15.0.202507011659
2025-10-15 21:59:50,781 [INFO] MainUpdater:2872 - connection check result : 10
2025-10-15 21:59:50,782 [INFO] MainUpdater:289 - Updater Check For Update Now.
2025-10-15 21:59:50,782 [INFO] MicroXplorer:498 - Change Database Version : DB.6.0.150
2025-10-15 21:59:50,787 [INFO] McuFinderGlobals:63 - Set McuFinder mode to 2 (CubeIDE integrated)
2025-10-15 21:59:50,787 [INFO] UserAuth:171 - activating auth plugin
2025-10-15 21:59:50,790 [INFO] UserAuth:487 - Internet connection configuration mode: 1
2025-10-15 21:59:50,807 [INFO] JxBrowserEngine:152 - Initiate JxBrowser Engine with user profile folder
2025-10-15 21:59:50,945 [INFO] CheckServerUpdateThread:120 - End of CheckServer Thread
2025-10-15 21:59:51,381 [INFO] WebApp:169 - Instantiating new browser for Auth
2025-10-15 21:59:51,797 [INFO] WebApp:463 - Apply proxy settings
2025-10-15 21:59:51,797 [INFO] WebApp:548 - Chromium requires no authentication
2025-10-15 21:59:51,802 [INFO] WebApp:491 - Direct internet connection detected
2025-10-15 21:59:51,812 [INFO] WebApp:900 - Register for checkConnection events
2025-10-15 21:59:51,812 [INFO] WebApp:463 - Apply proxy settings
2025-10-15 21:59:51,812 [INFO] WebApp:548 - Chromium requires no authentication
2025-10-15 21:59:51,812 [INFO] WebApp:491 - Direct internet connection detected
2025-10-15 21:59:51,894 [INFO] WebApp:225 - Starting web application
2025-10-15 21:59:51,895 [INFO] WebApp:593 - Web application path used /opt/st/stm32cubeide_1.19.0/plugins/com.st.stm32cube.common.mx_6.15.0.202507011659/db/plugins/mcufinder/reactClient1/index.html
2025-10-15 21:59:52,111 [INFO] WebApp:191 - Connection restablished
2025-10-15 21:59:52,772 [WARN] PackLoader:240 - Cannot read IP mode file for STMicroelectronics.FP-SNS-MOTENVWB1.1.4.0
2025-10-15 21:59:52,778 [WARN] PackLoader:240 - Cannot read IP mode file for STMicroelectronics.FP-ATR-ASTRA1.2.0.2
2025-10-15 21:59:52,784 [WARN] PackLoader:240 - Cannot read IP mode file for STMicroelectronics.X-CUBE-SMBUS.2.1.0
2025-10-15 21:59:52,787 [WARN] PackLoader:240 - Cannot read IP mode file for STMicroelectronics.X-CUBE-ST60.1.0.0
2025-10-15 21:59:52,808 [WARN] PackLoader:240 - Cannot read IP mode file for STMicroelectronics.X-CUBE-AZRTOS-F7.1.1.0
2025-10-15 21:59:52,812 [WARN] PackLoader:240 - Cannot read IP mode file for Cesanta.I-CUBE-Mongoose.7.19.0
2025-10-15 21:59:52,819 [WARN] PackLoader:240 - Cannot read IP mode file for WES.I-CUBE-Cesium.1.4.0
2025-10-15 21:59:52,836 [WARN] PackLoader:240 - Cannot read IP mode file for Infineon.AIROC-Wi-Fi-Bluetooth-STM32.1.7.1
2025-10-15 21:59:52,855 [WARN] PackLoader:240 - Cannot read IP mode file for STMicroelectronics.X-CUBE-AZRTOS-H7.3.4.0
2025-10-15 21:59:52,871 [WARN] PackLoader:240 - Cannot read IP mode file for STMicroelectronics.X-CUBE-DISPLAY.3.0.0
2025-10-15 21:59:52,879 [WARN] PackLoader:240 - Cannot read IP mode file for STMicroelectronics.X-CUBE-NFC10.1.0.0
2025-10-15 21:59:52,884 [WARN] PackLoader:240 - Cannot read IP mode file for emotas.I-CUBE-CANOPEN.1.3.0
2025-10-15 21:59:52,887 [WARN] PackLoader:240 - Cannot read IP mode file for STMicroelectronics.FP-SNS-SMARTAG2.1.2.0
2025-10-15 21:59:52,889 [WARN] PackLoader:240 - Cannot read IP mode file for STMicroelectronics.FP-SNS-FLIGHT1.5.1.0
2025-10-15 21:59:52,895 [INFO] LogOutputStream:77 - [STDOUT_REDIRECT] 1 : Invalid condition id : UX_CORESTACK_Condition cause : null
2025-10-15 21:59:52,895 [INFO] LogOutputStream:77 - [STDOUT_REDIRECT] 1 : Invalid condition id : UX_CORESTACK_Condition cause : null
2025-10-15 21:59:52,895 [INFO] LogOutputStream:77 - [STDOUT_REDIRECT] 1 : Invalid condition id : UX_CORESTACK_Condition cause : null
2025-10-15 21:59:52,895 [INFO] LogOutputStream:77 - [STDOUT_REDIRECT] 1 : Invalid condition id : UX_CORESTACK_Condition cause : null
2025-10-15 21:59:52,896 [INFO] LogOutputStream:77 - [STDOUT_REDIRECT] 1 : Invalid condition id : UX_CORESTACK_Condition cause : null
2025-10-15 21:59:52,897 [WARN] PackLoader:240 - Cannot read IP mode file for STMicroelectronics.X-CUBE-AZRTOS-WL.2.0.0
2025-10-15 21:59:52,901 [WARN] PackLoader:240 - Cannot read IP mode file for STMicroelectronics.FP-SNS-MOTENV1.5.0.0
2025-10-15 21:59:52,920 [WARN] PackLoader:240 - Cannot read IP mode file for STMicroelectronics.X-CUBE-BLE2.3.3.0
2025-10-15 21:59:52,925 [WARN] PackLoader:240 - Cannot read IP mode file for STMicroelectronics.X-CUBE-NFC9.1.0.0
2025-10-15 21:59:52,929 [WARN] PackLoader:240 - Cannot read IP mode file for wolfSSL.I-CUBE-wolfSSL.5.8.2
2025-10-15 21:59:52,934 [WARN] PackLoader:240 - Cannot read IP mode file for STMicroelectronics.X-CUBE-BLE1.7.1.0
2025-10-15 21:59:52,937 [WARN] PackLoader:240 - Cannot read IP mode file for wolfSSL.I-CUBE-wolfMQTT.1.19.2
2025-10-15 21:59:52,941 [WARN] PackLoader:240 - Cannot read IP mode file for STMicroelectronics.X-CUBE-EEPRMA1.5.2.0
2025-10-15 21:59:52,946 [WARN] PackLoader:240 - Cannot read IP mode file for STMicroelectronics.X-CUBE-ST67W61.1.1.0
2025-10-15 21:59:52,955 [WARN] PackLoader:240 - Cannot read IP mode file for STMicroelectronics.X-CUBE-AZRTOS-G0.1.1.0
2025-10-15 21:59:52,960 [WARN] PackLoader:240 - Cannot read IP mode file for STMicroelectronics.X-CUBE-SAFEA1.1.2.2
2025-10-15 21:59:52,963 [WARN] PackLoader:240 - Cannot read IP mode file for STMicroelectronics.X-CUBE-NFC4.3.0.0
2025-10-15 21:59:52,969 [WARN] PackLoader:240 - Cannot read IP mode file for EmbeddedOffice.I-CUBE-FS-RTOS.1.0.1
2025-10-15 21:59:52,973 [WARN] PackLoader:240 - Cannot read IP mode file for STMicroelectronics.X-CUBE-WB05N.2.0.0
2025-10-15 21:59:52,976 [WARN] PackLoader:240 - Cannot read IP mode file for wolfSSL.I-CUBE-wolfTPM.3.8.0
2025-10-15 21:59:52,980 [WARN] PackLoader:240 - Cannot read IP mode file for STMicroelectronics.X-CUBE-TCPP.4.2.0
2025-10-15 21:59:52,986 [WARN] PackLoader:240 - Cannot read IP mode file for RealThread.X-CUBE-RT-Thread_Nano.4.1.1
2025-10-15 21:59:52,989 [WARN] PackLoader:240 - Cannot read IP mode file for STMicroelectronics.FP-ATR-SIGFOX1.3.2.0
2025-10-15 21:59:52,993 [WARN] PackLoader:240 - Cannot read IP mode file for ITTIA_DB.I-CUBE-ITTIADB.8.9.0
2025-10-15 21:59:53,010 [WARN] PackLoader:240 - Cannot read IP mode file for SEGGER.I-CUBE-embOS.1.3.1
2025-10-15 21:59:53,042 [WARN] PackLoader:240 - Cannot read IP mode file for STMicroelectronics.X-CUBE-ALGOBUILD.1.4.0
2025-10-15 21:59:53,070 [WARN] PackLoader:240 - Cannot read IP mode file for STMicroelectronics.X-CUBE-MEMS1.11.3.0
2025-10-15 21:59:53,127 [WARN] PackLoader:240 - Cannot read IP mode file for STMicroelectronics.X-CUBE-PM33A1.1.0.0
2025-10-15 21:59:53,138 [WARN] PackLoader:240 - Cannot read IP mode file for STMicroelectronics.X-CUBE-AZRTOS-F4.1.1.0
2025-10-15 21:59:53,143 [WARN] PackLoader:240 - Cannot read IP mode file for STMicroelectronics.X-CUBE-ISPU.2.1.0
2025-10-15 21:59:53,150 [WARN] PackLoader:240 - Cannot read IP mode file for STMicroelectronics.X-CUBE-IPS.3.2.0
2025-10-15 21:59:53,156 [WARN] PackLoader:240 - Cannot read IP mode file for STMicroelectronics.X-CUBE-NFC12.1.0.0
2025-10-15 21:59:53,163 [WARN] PackLoader:240 - Cannot read IP mode file for STMicroelectronics.X-CUBE-AZRTOS-L5.2.0.0
2025-10-15 21:59:53,167 [WARN] PackLoader:240 - Cannot read IP mode file for STMicroelectronics.X-CUBE-NFC6.3.1.0
2025-10-15 21:59:53,170 [WARN] PackLoader:240 - Cannot read IP mode file for STMicroelectronics.X-CUBE-FREERTOS.1.3.1
2025-10-15 21:59:53,172 [WARN] PackLoader:240 - Cannot read IP mode file for STMicroelectronics.X-CUBE-TOUCHGFX.4.26.0
2025-10-15 21:59:53,175 [WARN] PackLoader:240 - Cannot read IP mode file for STMicroelectronics.X-CUBE-DPower.1.3.0
2025-10-15 21:59:53,181 [WARN] ConditionMgr:438 - getConditionDescription Invalid condition id : LAN8742 Phy interface Condition cause : null
2025-10-15 21:59:53,182 [WARN] PackLoader:240 - Cannot read IP mode file for STMicroelectronics.X-CUBE-AZRTOS-L4.2.0.0
2025-10-15 21:59:53,182 [WARN] ConditionMgr:1044 - genDependencies : Invalid condition id : LAN8742 Phy interface Condition cause : null
2025-10-15 21:59:53,182 [WARN] ConditionMgr:1044 - genDependencies : Invalid condition id : LAN8742 Phy interface Condition cause : null
2025-10-15 21:59:53,183 [WARN] ConditionMgr:1044 - genDependencies : Invalid condition id : LAN8742 Phy interface Condition cause : null
2025-10-15 21:59:53,186 [WARN] PackLoader:240 - Cannot read IP mode file for STMicroelectronics.X-CUBE-SFXS2LP1.4.0.0
2025-10-15 21:59:53,190 [WARN] PackLoader:240 - Cannot read IP mode file for STMicroelectronics.X-CUBE-BLEMGR.4.1.0
2025-10-15 21:59:53,197 [WARN] ConditionMgr:438 - getConditionDescription Invalid condition id : UX DEVICE CLASS RTOS Condition cause : null
2025-10-15 21:59:53,197 [WARN] ConditionMgr:438 - getConditionDescription Invalid condition id : UX DEVICE CLASS RTOS Condition cause : null
2025-10-15 21:59:53,198 [WARN] PackLoader:240 - Cannot read IP mode file for STMicroelectronics.X-CUBE-AZRTOS-WB.2.0.0
2025-10-15 21:59:53,199 [WARN] ConditionMgr:1044 - genDependencies : Invalid condition id : UX DEVICE CLASS RTOS Condition cause : null
2025-10-15 21:59:53,199 [WARN] ConditionMgr:1044 - genDependencies : Invalid condition id : UX DEVICE CLASS RTOS Condition cause : null
2025-10-15 21:59:53,199 [WARN] ConditionMgr:1044 - genDependencies : Invalid condition id : UX DEVICE CLASS RTOS Condition cause : null
2025-10-15 21:59:53,199 [WARN] ConditionMgr:1044 - genDependencies : Invalid condition id : UX DEVICE CLASS RTOS Condition cause : null
2025-10-15 21:59:53,199 [WARN] ConditionMgr:1044 - genDependencies : Invalid condition id : UX DEVICE CLASS RTOS Condition cause : null
2025-10-15 21:59:53,202 [WARN] PackLoader:240 - Cannot read IP mode file for STMicroelectronics.X-CUBE-GNSS1.7.0.1
2025-10-15 21:59:53,203 [WARN] ConditionMgr:438 - getConditionDescription Invalid condition id : Cortex-A Device cause : null
2025-10-15 21:59:53,210 [WARN] ConditionMgr:1044 - genDependencies : Invalid condition id : Cortex-A Device cause : null
2025-10-15 21:59:53,210 [WARN] ConditionMgr:1044 - genDependencies : Invalid condition id : Cortex-A Device cause : null
2025-10-15 21:59:53,210 [WARN] ConditionMgr:1044 - genDependencies : Invalid condition id : Cortex-A Device cause : null
2025-10-15 21:59:53,214 [WARN] PackLoader:240 - Cannot read IP mode file for STMicroelectronics.X-CUBE-SUBG2.5.0.0
2025-10-15 21:59:53,222 [WARN] PackLoader:240 - Cannot read IP mode file for STMicroelectronics.X-CUBE-AZRTOS-H7RS.1.1.0
2025-10-15 21:59:53,231 [WARN] PackLoader:240 - Cannot read IP mode file for STMicroelectronics.X-CUBE-AZRTOS-G4.2.0.0
2025-10-15 21:59:53,233 [WARN] PackLoader:240 - Cannot read IP mode file for wolfSSL.I-CUBE-wolfSSH.1.4.20
2025-10-15 21:59:53,235 [WARN] PackLoader:240 - Cannot read IP mode file for STMicroelectronics.X-CUBE-NFC7.2.0.0
2025-10-15 21:59:53,236 [WARN] PackLoader:240 - Cannot read IP mode file for STMicroelectronics.X-CUBE-ALS.1.0.2
2025-10-15 21:59:53,238 [WARN] PackLoader:240 - Cannot read IP mode file for STMicroelectronics.X-CUBE-STSE01.1.0.0
2025-10-15 21:59:53,243 [WARN] PackLoader:240 - Cannot read IP mode file for STMicroelectronics.X-CUBE-TOF1.3.4.3
2025-10-15 21:59:53,255 [INFO] ThirdParty:978 - Integrity check success = true
2025-10-15 21:59:53,256 [INFO] IntegrityCheckThread:100 - exiting critical section [integrity check]
2025-10-15 21:59:53,256 [INFO] IntegrityCheckThread:103 - End integrity checks thread
2025-10-15 23:35:49,625 [INFO] WebApp:194 - Connection lost
2025-10-15 23:35:55,766 [INFO] WebApp:191 - Connection restablished
2025-10-15 23:35:57,774 [INFO] WebApp:194 - Connection lost
2025-10-15 23:35:57,929 [INFO] WebApp:191 - Connection restablished
