2026-03-06 13:31:49,089 [INFO] Activator:176 - 


2026-03-06 13:31:49,092 [INFO] Activator:177 - !SESSION log4j initialized
2026-03-06 13:31:52,114 [INFO] LogOutputStream:77 - [STDOUT_REDIRECT] 
2026-03-06 13:31:52,714 [INFO] ApplicationProperties:184 - Using Application install path: /opt/st/stm32cubeide_1.19.0/plugins/com.st.stm32cube.common.mx_6.15.0.202507011659
2026-03-06 13:31:52,728 [INFO] DbMcusXml:78 - Set database path to: /opt/st/stm32cubeide_1.19.0/plugins/com.st.stm32cube.common.mx_6.15.0.202507011659//db//mcu/
2026-03-06 13:31:52,729 [INFO] ApiDb:274 - Set plugin database path to: /opt/st/stm32cubeide_1.19.0/plugins/com.st.stm32cube.common.mx_6.15.0.202507011659//db//plugins/boardmanager/
2026-03-06 13:31:52,729 [WARN] ApiDb:259 - Overriding images path with different value:  => /opt/st/stm32cubeide_1.19.0/plugins/com.st.stm32cube.common.mx_6.15.0.202507011659//db//plugins/mcufinder/images/
2026-03-06 13:31:52,735 [INFO] ApiDb:250 - Set database path to: /home/kamil/.stmcufinder/plugins/mcufinder//mcu/
2026-03-06 13:31:52,736 [INFO] DbMcusAds:125 - Set database path to: /home/kamil/.stmcufinder/plugins/mcufinder//mcu/
2026-03-06 13:31:52,738 [INFO] CrossReferenceDbSqlite:203 - Set database path to: /home/kamil/.stmcufinder/plugins/mcufinder//mcu/cs/
2026-03-06 13:31:52,819 [INFO] RulesReader:64 - Compatibility file has been processed (317 Rules)
2026-03-06 13:31:52,871 [INFO] DbMcusXml:78 - Set database path to: /opt/st/stm32cubeide_1.19.0/plugins/com.st.stm32cube.common.mx_6.15.0.202507011659//db//mcu/
2026-03-06 13:31:52,871 [INFO] ApiDb:274 - Set plugin database path to: /opt/st/stm32cubeide_1.19.0/plugins/com.st.stm32cube.common.mx_6.15.0.202507011659//db//plugins/boardmanager/
2026-03-06 13:31:52,872 [INFO] ApiDb:261 - Set plugin images path to: /opt/st/stm32cubeide_1.19.0/plugins/com.st.stm32cube.common.mx_6.15.0.202507011659//db//plugins/mcufinder/images/
2026-03-06 13:31:52,872 [WARN] DbFile:41 - Overriding database path with different value: /home/kamil/.stmcufinder/plugins/mcufinder/ => /home/kamil/.stmcufinder/plugins/mcufinder
2026-03-06 13:31:52,872 [INFO] ApiDb:250 - Set database path to: /home/kamil/.stmcufinder/plugins/mcufinder//mcu/
2026-03-06 13:31:52,872 [WARN] DbFile:41 - Overriding database path with different value: /home/kamil/.stmcufinder/plugins/mcufinder/ => /home/kamil/.stmcufinder/plugins/mcufinder
2026-03-06 13:31:52,872 [INFO] DbMcusAds:125 - Set database path to: /home/kamil/.stmcufinder/plugins/mcufinder//mcu/
2026-03-06 13:31:52,873 [WARN] DbFile:41 - Overriding database path with different value: /home/kamil/.stmcufinder/plugins/mcufinder/ => /home/kamil/.stmcufinder/plugins/mcufinder
2026-03-06 13:31:52,873 [WARN] DbFile:41 - Overriding database path with different value: /home/kamil/.stmcufinder/plugins/mcufinder/ => /home/kamil/.stmcufinder/plugins/mcufinder
2026-03-06 13:31:52,873 [INFO] CrossReferenceDbSqlite:203 - Set database path to: /home/kamil/.stmcufinder/plugins/mcufinder//mcu/cs/
2026-03-06 13:31:52,925 [INFO] MainPanel:274 - HeapMemory: 268435456
2026-03-06 13:31:53,025 [INFO] DbMcusXml:78 - Set database path to: /opt/st/stm32cubeide_1.19.0/plugins/com.st.stm32cube.common.mx_6.15.0.202507011659//db//mcu/
2026-03-06 13:31:53,025 [INFO] ApiDb:274 - Set plugin database path to: /opt/st/stm32cubeide_1.19.0/plugins/com.st.stm32cube.common.mx_6.15.0.202507011659//db//plugins/boardmanager/
2026-03-06 13:31:53,025 [INFO] ApiDb:261 - Set plugin images path to: /opt/st/stm32cubeide_1.19.0/plugins/com.st.stm32cube.common.mx_6.15.0.202507011659//db//plugins/mcufinder/images/
2026-03-06 13:31:53,025 [WARN] DbFile:41 - Overriding database path with different value: /home/kamil/.stmcufinder/plugins/mcufinder/ => /home/kamil/.stmcufinder/plugins/mcufinder
2026-03-06 13:31:53,025 [INFO] ApiDb:250 - Set database path to: /home/kamil/.stmcufinder/plugins/mcufinder//mcu/
2026-03-06 13:31:53,025 [WARN] DbFile:41 - Overriding database path with different value: /home/kamil/.stmcufinder/plugins/mcufinder/ => /home/kamil/.stmcufinder/plugins/mcufinder
2026-03-06 13:31:53,025 [INFO] DbMcusAds:125 - Set database path to: /home/kamil/.stmcufinder/plugins/mcufinder//mcu/
2026-03-06 13:31:53,025 [WARN] DbFile:41 - Overriding database path with different value: /home/kamil/.stmcufinder/plugins/mcufinder/ => /home/kamil/.stmcufinder/plugins/mcufinder
2026-03-06 13:31:53,025 [WARN] DbFile:41 - Overriding database path with different value: /home/kamil/.stmcufinder/plugins/mcufinder/ => /home/kamil/.stmcufinder/plugins/mcufinder
2026-03-06 13:31:53,025 [INFO] CrossReferenceDbSqlite:203 - Set database path to: /home/kamil/.stmcufinder/plugins/mcufinder//mcu/cs/
2026-03-06 13:31:53,035 [INFO] ApplicationProperties:184 - Using Application install path: /opt/st/stm32cubeide_1.19.0/plugins/com.st.stm32cube.common.mx_6.15.0.202507011659
2026-03-06 13:31:53,037 [INFO] PluginManage:196 - Search for loadable plugins [exclusion list=, ]
2026-03-06 13:31:53,037 [INFO] PluginManage:310 - Check plugin analytics
2026-03-06 13:31:53,137 [INFO] AnalyticsPlugin:253 - Accepted Software Licenses: 
2026-03-06 13:31:53,137 [INFO] AnalyticsPlugin:255 - Accepted CMSIS Pack Licenses: 
2026-03-06 13:31:53,137 [INFO] AnalyticsPlugin:257 - Accepted Firmware Licenses: FW.F4.1.28.0
2026-03-06 13:31:53,139 [INFO] PluginManage:359 - Loaded plugin analytics (category:tool,tabindex:-1)
2026-03-06 13:31:53,139 [INFO] PluginManage:310 - Check plugin cadmodel
2026-03-06 13:31:53,143 [INFO] CADModel:105 - Init CAD model plugin
2026-03-06 13:31:53,143 [INFO] PluginManage:359 - Loaded plugin cadmodel (category:power,tabindex:5)
2026-03-06 13:31:53,143 [INFO] PluginManage:310 - Check plugin clock
2026-03-06 13:31:53,149 [INFO] PluginManage:359 - Loaded plugin clock (category:base,tabindex:2)
2026-03-06 13:31:53,149 [INFO] PluginManage:310 - Check plugin ddr
2026-03-06 13:31:53,151 [INFO] PluginManage:359 - Loaded plugin ddr (category:tool,tabindex:6)
2026-03-06 13:31:53,151 [INFO] PluginManage:310 - Check plugin filemanager
2026-03-06 13:31:53,249 [INFO] PluginManage:359 - Loaded plugin filemanager (category:base,tabindex:10)
2026-03-06 13:31:53,249 [INFO] PluginManage:310 - Check plugin ipmanager
2026-03-06 13:31:53,253 [INFO] PluginManage:359 - Loaded plugin ipmanager (category:base,tabindex:5)
2026-03-06 13:31:53,253 [INFO] PluginManage:310 - Check plugin lpbam
2026-03-06 13:31:53,259 [INFO] PluginManage:359 - Loaded plugin lpbam (category:base,tabindex:0)
2026-03-06 13:31:53,259 [INFO] PluginManage:310 - Check plugin memorymap
2026-03-06 13:31:53,267 [INFO] PluginManage:359 - Loaded plugin memorymap (category:base,tabindex:4)
2026-03-06 13:31:53,267 [INFO] PluginManage:310 - Check plugin pinoutandconfiguration
2026-03-06 13:31:53,273 [INFO] PluginManage:359 - Loaded plugin pinoutandconfiguration (category:base,tabindex:1)
2026-03-06 13:31:53,273 [INFO] PluginManage:310 - Check plugin pinoutconfig
2026-03-06 13:31:53,323 [WARN] SupportedApi:132 - Cannot load RTOS API schema: s4s-elt-must-match.1: The content of 'definitions' must match (annotation?, (simpleType | complexType)?, (unique | key | keyref)*)). A problem was found starting at: attribute.
2026-03-06 13:31:53,408 [INFO] PluginManage:359 - Loaded plugin pinoutconfig (category:base,tabindex:0)
2026-03-06 13:31:53,408 [INFO] PluginManage:310 - Check plugin power
2026-03-06 13:31:53,416 [INFO] PluginManage:359 - Loaded plugin power (category:power,tabindex:4)
2026-03-06 13:31:53,417 [INFO] PluginManage:310 - Check plugin projectmanager
2026-03-06 13:31:53,428 [INFO] PluginManage:359 - Loaded plugin projectmanager (category:projectmanager,tabindex:4)
2026-03-06 13:31:53,428 [INFO] PluginManage:310 - Check plugin rif
2026-03-06 13:31:53,436 [INFO] PluginManage:359 - Loaded plugin rif (category:base,tabindex:3)
2026-03-06 13:31:53,436 [INFO] PluginManage:310 - Check plugin thirdparty
2026-03-06 13:31:53,524 [INFO] PluginManage:359 - Loaded plugin thirdparty (category:base,tabindex:-1)
2026-03-06 13:31:53,524 [WARN] IntegrityCheckThread:84 - waiting for thirdparty lock release [integrity check]
2026-03-06 13:31:53,525 [INFO] PluginManage:310 - Check plugin tools
2026-03-06 13:31:53,525 [INFO] IntegrityCheckThread:86 - entering critical section [integrity check]
2026-03-06 13:31:53,525 [INFO] ThirdPartyUpdaterWithRetryManager:70 - Updater plugin not ready yet. [1/15]
2026-03-06 13:31:53,526 [INFO] PluginManage:359 - Loaded plugin tools (category:base,tabindex:7)
2026-03-06 13:31:53,526 [INFO] PluginManage:310 - Check plugin tutovideos
2026-03-06 13:31:53,645 [INFO] PluginManage:359 - Loaded plugin tutovideos (category:base,tabindex:-1)
2026-03-06 13:31:53,645 [INFO] PluginManage:310 - Check plugin updater
2026-03-06 13:31:53,663 [INFO] PluginManage:359 - Loaded plugin updater (category:base,tabindex:12)
2026-03-06 13:31:53,663 [INFO] PluginManage:310 - Check plugin userauth
2026-03-06 13:31:53,665 [INFO] UserAuth:118 - Init User Auth plugin
2026-03-06 13:31:53,666 [INFO] PluginManage:359 - Loaded plugin userauth (category:base,tabindex:14)
2026-03-06 13:31:53,666 [INFO] PluginManage:283 - PluginManage : Loaded plugins [18]
2026-03-06 13:31:53,775 [INFO] PinOutPanel:1589 - setPackage(No Configuration,No Configuration)
2026-03-06 13:31:53,822 [INFO] CADModel:165 - CPN selected for project level
2026-03-06 13:31:53,822 [INFO] CADModel:114 - Register for checkConnection events
2026-03-06 13:31:53,829 [INFO] IPUIPlugin:80 - create IPUIPlugin
2026-03-06 13:31:53,829 [INFO] PluginManager:220 - loadIPPluginJar : add tracer_emb
2026-03-06 13:31:53,830 [INFO] IPUIPlugin:80 - create IPUIPlugin
2026-03-06 13:31:53,831 [INFO] PluginManager:220 - loadIPPluginJar : add radio
2026-03-06 13:31:53,835 [INFO] IPUIPlugin:80 - create IPUIPlugin
2026-03-06 13:31:53,835 [INFO] PluginManager:220 - loadIPPluginJar : add ddr_ctrl_phy
2026-03-06 13:31:53,840 [INFO] IPUIPlugin:80 - create IPUIPlugin
2026-03-06 13:31:53,840 [INFO] PluginManager:220 - loadIPPluginJar : add mdma
2026-03-06 13:31:53,842 [INFO] IPUIPlugin:80 - create IPUIPlugin
2026-03-06 13:31:53,842 [INFO] PluginManager:220 - loadIPPluginJar : add touchsensing
2026-03-06 13:31:53,843 [INFO] IPUIPlugin:80 - create IPUIPlugin
2026-03-06 13:31:53,844 [INFO] PluginManager:220 - loadIPPluginJar : add ucpd
2026-03-06 13:31:53,849 [INFO] IPUIPlugin:80 - create IPUIPlugin
2026-03-06 13:31:53,850 [INFO] PluginManager:220 - loadIPPluginJar : add plateformsettings
2026-03-06 13:31:53,853 [INFO] IPUIPlugin:80 - create IPUIPlugin
2026-03-06 13:31:53,853 [INFO] PluginManager:220 - loadIPPluginJar : add ipddr
2026-03-06 13:31:53,857 [INFO] IPUIPlugin:80 - create IPUIPlugin
2026-03-06 13:31:53,857 [INFO] PluginManager:220 - loadIPPluginJar : add resmgrutility
2026-03-06 13:31:53,858 [INFO] IPUIPlugin:80 - create IPUIPlugin
2026-03-06 13:31:53,858 [INFO] PluginManager:220 - loadIPPluginJar : add ts
2026-03-06 13:31:53,859 [INFO] IPUIPlugin:80 - create IPUIPlugin
2026-03-06 13:31:53,859 [INFO] PluginManager:220 - loadIPPluginJar : add dma3
2026-03-06 13:31:53,861 [INFO] IPUIPlugin:80 - create IPUIPlugin
2026-03-06 13:31:53,861 [INFO] PluginManager:220 - loadIPPluginJar : add openamp
2026-03-06 13:31:53,862 [INFO] IPUIPlugin:80 - create IPUIPlugin
2026-03-06 13:31:53,862 [INFO] PluginManager:220 - loadIPPluginJar : add opamp
2026-03-06 13:31:53,864 [INFO] IPUIPlugin:80 - create IPUIPlugin
2026-03-06 13:31:53,864 [INFO] PluginManager:220 - loadIPPluginJar : add pdm2pcm
2026-03-06 13:31:53,865 [INFO] IPUIPlugin:80 - create IPUIPlugin
2026-03-06 13:31:53,865 [INFO] PluginManager:220 - loadIPPluginJar : add gfxmmu
2026-03-06 13:31:53,867 [INFO] IPUIPlugin:80 - create IPUIPlugin
2026-03-06 13:31:53,867 [INFO] PluginManager:220 - loadIPPluginJar : add aes
2026-03-06 13:31:53,868 [INFO] IPUIPlugin:80 - create IPUIPlugin
2026-03-06 13:31:53,868 [INFO] PluginManager:220 - loadIPPluginJar : add gtzc
2026-03-06 13:31:53,870 [INFO] IPUIPlugin:80 - create IPUIPlugin
2026-03-06 13:31:53,870 [INFO] PluginManager:220 - loadIPPluginJar : add sai
2026-03-06 13:31:53,871 [INFO] IPUIPlugin:80 - create IPUIPlugin
2026-03-06 13:31:53,871 [INFO] PluginManager:220 - loadIPPluginJar : add tsc
2026-03-06 13:31:53,872 [INFO] IPUIPlugin:80 - create IPUIPlugin
2026-03-06 13:31:53,873 [INFO] PluginManager:220 - loadIPPluginJar : add usbx
2026-03-06 13:31:53,874 [INFO] IPUIPlugin:80 - create IPUIPlugin
2026-03-06 13:31:53,874 [INFO] PluginManager:220 - loadIPPluginJar : add can
2026-03-06 13:31:53,875 [INFO] IPUIPlugin:80 - create IPUIPlugin
2026-03-06 13:31:53,875 [INFO] PluginManager:220 - loadIPPluginJar : add i2c
2026-03-06 13:31:53,877 [INFO] IPUIPlugin:80 - create IPUIPlugin
2026-03-06 13:31:53,877 [INFO] PluginManager:220 - loadIPPluginJar : add lorawan
2026-03-06 13:31:53,878 [INFO] IPUIPlugin:80 - create IPUIPlugin
2026-03-06 13:31:53,878 [INFO] PluginManager:220 - loadIPPluginJar : add spi
2026-03-06 13:31:53,883 [INFO] IPUIPlugin:80 - create IPUIPlugin
2026-03-06 13:31:53,883 [INFO] PluginManager:220 - loadIPPluginJar : add linkedlist
2026-03-06 13:31:53,886 [INFO] IPUIPlugin:80 - create IPUIPlugin
2026-03-06 13:31:53,887 [INFO] PluginManager:220 - loadIPPluginJar : add fmc
2026-03-06 13:31:53,888 [INFO] IPUIPlugin:80 - create IPUIPlugin
2026-03-06 13:31:53,888 [INFO] PluginManager:220 - loadIPPluginJar : add i3c
2026-03-06 13:31:53,889 [INFO] IPUIPlugin:80 - create IPUIPlugin
2026-03-06 13:31:53,889 [INFO] PluginManager:220 - loadIPPluginJar : add ltdc
2026-03-06 13:31:53,893 [INFO] IPUIPlugin:80 - create IPUIPlugin
2026-03-06 13:31:53,893 [INFO] PluginManager:220 - loadIPPluginJar : add dma
2026-03-06 13:31:53,897 [INFO] IPUIPlugin:80 - create IPUIPlugin
2026-03-06 13:31:53,897 [INFO] PluginManager:220 - loadIPPluginJar : add freertos
2026-03-06 13:31:53,899 [INFO] IPUIPlugin:80 - create IPUIPlugin
2026-03-06 13:31:53,899 [INFO] PluginManager:220 - loadIPPluginJar : add hash
2026-03-06 13:31:53,904 [INFO] IPUIPlugin:80 - create IPUIPlugin
2026-03-06 13:31:53,904 [INFO] PluginManager:220 - loadIPPluginJar : add adc
2026-03-06 13:31:53,906 [INFO] IPUIPlugin:80 - create IPUIPlugin
2026-03-06 13:31:53,906 [INFO] PluginManager:220 - loadIPPluginJar : add usart
2026-03-06 13:31:53,911 [INFO] IPUIPlugin:80 - create IPUIPlugin
2026-03-06 13:31:53,911 [INFO] PluginManager:220 - loadIPPluginJar : add stm32_wpan
2026-03-06 13:31:53,912 [INFO] IPUIPlugin:80 - create IPUIPlugin
2026-03-06 13:31:53,912 [INFO] PluginManager:220 - loadIPPluginJar : add genericplugin
2026-03-06 13:31:53,915 [INFO] IPUIPlugin:80 - create IPUIPlugin
2026-03-06 13:31:53,916 [INFO] PluginManager:220 - loadIPPluginJar : add gpio
2026-03-06 13:31:53,918 [INFO] IPUIPlugin:80 - create IPUIPlugin
2026-03-06 13:31:53,918 [INFO] PluginManager:220 - loadIPPluginJar : add nvic
2026-03-06 13:31:53,920 [INFO] IPUIPlugin:80 - create IPUIPlugin
2026-03-06 13:31:53,920 [INFO] PluginManager:220 - loadIPPluginJar : add dfsdm
2026-03-06 13:31:53,920 [INFO] IPUIPlugin:80 - create IPUIPlugin
2026-03-06 13:31:53,921 [INFO] PluginManager:220 - loadIPPluginJar : add fatfs
2026-03-06 13:31:53,921 [INFO] IPUIPlugin:80 - create IPUIPlugin
2026-03-06 13:31:53,922 [INFO] PluginManager:220 - loadIPPluginJar : add comp
2026-03-06 13:31:53,923 [INFO] IPUIPlugin:80 - create IPUIPlugin
2026-03-06 13:31:53,923 [INFO] PluginManager:220 - loadIPPluginJar : add i2s
2026-03-06 13:31:53,924 [INFO] IPUIPlugin:80 - create IPUIPlugin
2026-03-06 13:31:53,924 [INFO] PluginManager:220 - loadIPPluginJar : add cryp
2026-03-06 13:31:53,925 [INFO] IPUIPlugin:80 - create IPUIPlugin
2026-03-06 13:31:53,925 [INFO] PluginManager:220 - loadIPPluginJar : add quadspi
2026-03-06 13:31:53,929 [INFO] IPUIPlugin:80 - create IPUIPlugin
2026-03-06 13:31:53,929 [INFO] PluginManager:220 - loadIPPluginJar : add gic
2026-03-06 13:31:53,930 [INFO] IPUIPlugin:80 - create IPUIPlugin
2026-03-06 13:31:53,930 [INFO] PluginManager:220 - loadIPPluginJar : add tim
2026-03-06 13:31:53,932 [INFO] IPUIPlugin:80 - create IPUIPlugin
2026-03-06 13:31:53,932 [INFO] PluginManager:220 - loadIPPluginJar : add extmemmanager
2026-03-06 13:31:54,025 [FATAL] Updater:351 - Updater called before beeing initialized
2026-03-06 13:31:54,045 [INFO] RulesReader:64 - Compatibility file has been processed (317 Rules)
2026-03-06 13:31:54,053 [INFO] RulesReader:64 - Compatibility file has been processed (317 Rules)
2026-03-06 13:31:54,058 [INFO] CADModel:165 - CPN selected for project level
2026-03-06 13:31:54,058 [INFO] CADModel:114 - Register for checkConnection events
2026-03-06 13:31:54,058 [FATAL] Updater:351 - Updater called before beeing initialized
2026-03-06 13:31:54,058 [ERROR] CADModel:125 - Updater not yet initialized, retry later 
2026-03-06 13:31:54,157 [FATAL] Updater:351 - Updater called before beeing initialized
2026-03-06 13:31:54,158 [INFO] CADModel:165 - CPN selected for project level
2026-03-06 13:31:54,159 [INFO] CADModel:114 - Register for checkConnection events
2026-03-06 13:31:54,159 [FATAL] Updater:351 - Updater called before beeing initialized
2026-03-06 13:31:54,159 [ERROR] CADModel:125 - Updater not yet initialized, retry later 
2026-03-06 13:31:54,161 [FATAL] Updater:351 - Updater called before beeing initialized
2026-03-06 13:31:54,256 [FATAL] Updater:351 - Updater called before beeing initialized
2026-03-06 13:31:54,260 [INFO] DbMcusAds:53 - JSON generation date=Wed Feb 18 15:32:49 CET 2026 (1771425169371)
2026-03-06 13:31:54,260 [FATAL] Updater:351 - Updater called before beeing initialized
2026-03-06 13:31:54,285 [WARN] DetailPanel:346 - Failed to get advertising image, set to default
2026-03-06 13:31:54,343 [FATAL] Updater:351 - Updater called before beeing initialized
2026-03-06 13:31:54,344 [FATAL] Updater:351 - Updater called before beeing initialized
2026-03-06 13:31:54,344 [FATAL] Updater:351 - Updater called before beeing initialized
2026-03-06 13:31:54,344 [WARN] DetailPanel:346 - Failed to get advertising image, set to default
2026-03-06 13:31:54,345 [FATAL] Updater:351 - Updater called before beeing initialized
2026-03-06 13:31:54,368 [ERROR] Updater:1198 - MainUpdater not yet initialized. External WinMGr cannot be set.
2026-03-06 13:31:54,370 [INFO] Updater:1134 - Updater Version found : 6.15.0
2026-03-06 13:31:54,382 [INFO] ApplicationProperties:184 - Using Application install path: /opt/st/stm32cubeide_1.19.0/plugins/com.st.stm32cube.common.mx_6.15.0.202507011659
2026-03-06 13:31:54,582 [INFO] MainUpdater:2872 - connection check result : 10
2026-03-06 13:31:54,582 [INFO] MainUpdater:3604 - Updater definition file requires update
2026-03-06 13:31:54,582 [INFO] MainUpdater:289 - Updater Check For Update Now.
2026-03-06 13:31:54,583 [INFO] MicroXplorer:498 - Change Database Version : DB.6.0.150
2026-03-06 13:31:54,585 [INFO] McuFinderGlobals:63 - Set McuFinder mode to 2 (CubeIDE integrated)
2026-03-06 13:31:54,586 [INFO] UserAuth:487 - Internet connection configuration mode: 1
2026-03-06 13:31:54,600 [INFO] JxBrowserEngine:152 - Initiate JxBrowser Engine with user profile folder
2026-03-06 13:31:54,607 [INFO] ServerAccessManage:452 - Complete download http(s) 200
2026-03-06 13:31:54,608 [INFO] ServerAccessManage:509 - Download File updaters.zip
2026-03-06 13:31:54,662 [INFO] FileExtend:248 - Unzip File : updaters.zip
2026-03-06 13:31:54,662 [INFO] FileExtend:263 - Standard Zip Deflate
2026-03-06 13:31:54,813 [INFO] ServerAccessManage:452 - Complete download http(s) 200
2026-03-06 13:31:54,813 [INFO] ServerAccessManage:509 - Download File PacksControlFlags.xml
2026-03-06 13:31:54,849 [INFO] ServerAccessManage:452 - Complete download http(s) 200
2026-03-06 13:31:54,850 [INFO] ServerAccessManage:509 - Download File cubemx.pidx
2026-03-06 13:31:55,237 [INFO] ServerAccessManage:452 - Complete download http(s) 200
2026-03-06 13:31:55,238 [INFO] ServerAccessManage:509 - Download File STMicroelectronics.X-CUBE-FREERTOS.pdsc
2026-03-06 13:31:55,390 [INFO] WebApp:169 - Instantiating new browser for Auth
2026-03-06 13:31:55,632 [INFO] ServerAccessManage:452 - Complete download http(s) 200
2026-03-06 13:31:55,632 [INFO] ServerAccessManage:509 - Download File STMicroelectronics.X-CUBE-TOUCHGFX.pdsc
2026-03-06 13:31:55,935 [INFO] WebApp:463 - Apply proxy settings
2026-03-06 13:31:55,935 [INFO] WebApp:548 - Chromium requires no authentication
2026-03-06 13:31:55,941 [INFO] WebApp:491 - Direct internet connection detected
2026-03-06 13:31:55,956 [INFO] WebApp:900 - Register for checkConnection events
2026-03-06 13:31:55,956 [INFO] WebApp:463 - Apply proxy settings
2026-03-06 13:31:55,956 [INFO] WebApp:548 - Chromium requires no authentication
2026-03-06 13:31:55,957 [INFO] WebApp:491 - Direct internet connection detected
2026-03-06 13:31:56,037 [INFO] WebApp:225 - Starting web application
2026-03-06 13:31:56,038 [INFO] WebApp:593 - Web application path used /opt/st/stm32cubeide_1.19.0/plugins/com.st.stm32cube.common.mx_6.15.0.202507011659/db/plugins/mcufinder/reactClient1/index.html
2026-03-06 13:31:56,127 [INFO] UserAuth:487 - Internet connection configuration mode: 1
2026-03-06 13:31:56,169 [INFO] WebApp:191 - Connection restablished
2026-03-06 13:31:56,216 [INFO] ServerAccessManage:452 - Complete download http(s) 200
2026-03-06 13:31:56,216 [INFO] ServerAccessManage:509 - Download File STMicroelectronics.X-CUBE-AZRTOS-H7.pdsc
2026-03-06 13:31:56,526 [WARN] MainUpdater:1193 - Updater busy. Cannot search thirdparties
2026-03-06 13:31:56,526 [INFO] ThirdPartyUpdaterWithRetryManager:96 - Updater plugin is busy. [1/15]
2026-03-06 13:31:56,762 [WARN] PackLoader:240 - Cannot read IP mode file for STMicroelectronics.X-CUBE-FREERTOS.1.5.0
2026-03-06 13:31:56,768 [WARN] PackLoader:240 - Cannot read IP mode file for STMicroelectronics.X-CUBE-TOUCHGFX.4.26.1
2026-03-06 13:31:56,795 [WARN] PackLoader:240 - Cannot read IP mode file for STMicroelectronics.X-CUBE-AZRTOS-H7.3.5.0
2026-03-06 13:31:56,801 [INFO] PopulateThirdPartyThread:66 - Ending populate Thread
2026-03-06 13:31:56,802 [INFO] ThirdParty:1030 - CMSIS Pack Vendor :STMicroelectronics X-CUBE-FREERTOS 1.5.0
2026-03-06 13:31:56,802 [INFO] ThirdParty:1030 - CMSIS Pack Vendor :STMicroelectronics X-CUBE-AZRTOS-H7 3.5.0
2026-03-06 13:31:56,802 [INFO] ThirdParty:1030 - CMSIS Pack Vendor :STMicroelectronics X-CUBE-TOUCHGFX 4.26.1
2026-03-06 13:31:56,803 [INFO] LoadServerUpdatesThread:375 - End of LoadServerUpdate Thread
2026-03-06 13:31:56,887 [INFO] CheckServerUpdateThread:120 - End of CheckServer Thread
2026-03-06 13:31:59,686 [WARN] PackLoader:240 - Cannot read IP mode file for STMicroelectronics.X-CUBE-AZRTOS-H7.3.5.0
2026-03-06 13:31:59,697 [WARN] PackLoader:240 - Cannot read IP mode file for STMicroelectronics.FP-SNS-MOTENVWB1.1.4.0
2026-03-06 13:31:59,702 [WARN] PackLoader:240 - Cannot read IP mode file for STMicroelectronics.FP-ATR-ASTRA1.2.0.2
2026-03-06 13:31:59,708 [WARN] PackLoader:240 - Cannot read IP mode file for STMicroelectronics.X-CUBE-SMBUS.2.1.0
2026-03-06 13:31:59,712 [WARN] PackLoader:240 - Cannot read IP mode file for STMicroelectronics.X-CUBE-ST60.1.0.0
2026-03-06 13:31:59,730 [WARN] PackLoader:240 - Cannot read IP mode file for STMicroelectronics.X-CUBE-AZRTOS-F7.1.1.0
2026-03-06 13:31:59,737 [WARN] PackLoader:240 - Cannot read IP mode file for Cesanta.I-CUBE-Mongoose.7.19.0
2026-03-06 13:31:59,741 [WARN] PackLoader:240 - Cannot read IP mode file for STMicroelectronics.FP-SNS-MOTENV1.5.1.0
2026-03-06 13:31:59,748 [WARN] PackLoader:240 - Cannot read IP mode file for WES.I-CUBE-Cesium.1.4.0
2026-03-06 13:31:59,766 [WARN] PackLoader:240 - Cannot read IP mode file for Infineon.AIROC-Wi-Fi-Bluetooth-STM32.1.7.1
2026-03-06 13:31:59,788 [WARN] PackLoader:240 - Cannot read IP mode file for STMicroelectronics.X-CUBE-AZRTOS-H7.3.4.0
2026-03-06 13:31:59,796 [WARN] PackLoader:240 - Cannot read IP mode file for STMicroelectronics.X-CUBE-DISPLAY.3.0.0
2026-03-06 13:31:59,802 [WARN] PackLoader:240 - Cannot read IP mode file for STMicroelectronics.FP-SNS-MOTENVWB1.1.5.0
2026-03-06 13:31:59,808 [WARN] PackLoader:240 - Cannot read IP mode file for STMicroelectronics.X-CUBE-NFC10.1.0.0
2026-03-06 13:31:59,813 [WARN] PackLoader:240 - Cannot read IP mode file for STMicroelectronics.X-CUBE-ST60.1.1.0
2026-03-06 13:31:59,817 [WARN] PackLoader:240 - Cannot read IP mode file for emotas.I-CUBE-CANOPEN.1.3.0
2026-03-06 13:31:59,822 [WARN] PackLoader:240 - Cannot read IP mode file for STMicroelectronics.X-CUBE-GNSS1.7.1.0
2026-03-06 13:31:59,826 [WARN] PackLoader:240 - Cannot read IP mode file for STMicroelectronics.FP-SNS-SMARTAG2.1.2.0
2026-03-06 13:31:59,829 [WARN] PackLoader:240 - Cannot read IP mode file for STMicroelectronics.FP-SNS-FLIGHT1.5.1.0
2026-03-06 13:31:59,836 [INFO] LogOutputStream:77 - [STDOUT_REDIRECT] 1 : Invalid condition id : UX_CORESTACK_Condition cause : null
2026-03-06 13:31:59,837 [INFO] LogOutputStream:77 - [STDOUT_REDIRECT] 1 : Invalid condition id : UX_CORESTACK_Condition cause : null
2026-03-06 13:31:59,837 [INFO] LogOutputStream:77 - [STDOUT_REDIRECT] 1 : Invalid condition id : UX_CORESTACK_Condition cause : null
2026-03-06 13:31:59,837 [INFO] LogOutputStream:77 - [STDOUT_REDIRECT] 1 : Invalid condition id : UX_CORESTACK_Condition cause : null
2026-03-06 13:31:59,837 [INFO] LogOutputStream:77 - [STDOUT_REDIRECT] 1 : Invalid condition id : UX_CORESTACK_Condition cause : null
2026-03-06 13:31:59,840 [WARN] PackLoader:240 - Cannot read IP mode file for STMicroelectronics.X-CUBE-AZRTOS-WL.2.0.0
2026-03-06 13:31:59,844 [WARN] PackLoader:240 - Cannot read IP mode file for STMicroelectronics.FP-SNS-MOTENV1.5.0.0
2026-03-06 13:31:59,860 [WARN] PackLoader:240 - Cannot read IP mode file for STMicroelectronics.X-CUBE-AZRTOS-H7RS.1.2.0
2026-03-06 13:31:59,867 [WARN] PackLoader:240 - Cannot read IP mode file for STMicroelectronics.X-CUBE-BLE2.3.3.0
2026-03-06 13:31:59,881 [WARN] PackLoader:240 - Cannot read IP mode file for STMicroelectronics.X-CUBE-NFC9.1.0.0
2026-03-06 13:31:59,885 [WARN] PackLoader:240 - Cannot read IP mode file for wolfSSL.I-CUBE-wolfSSL.5.8.2
2026-03-06 13:31:59,889 [WARN] PackLoader:240 - Cannot read IP mode file for STMicroelectronics.X-CUBE-BLE1.7.1.0
2026-03-06 13:31:59,891 [WARN] PackLoader:240 - Cannot read IP mode file for wolfSSL.I-CUBE-wolfMQTT.1.19.2
2026-03-06 13:31:59,895 [WARN] PackLoader:240 - Cannot read IP mode file for STMicroelectronics.X-CUBE-FREERTOS.1.4.0
2026-03-06 13:31:59,900 [WARN] PackLoader:240 - Cannot read IP mode file for STMicroelectronics.X-CUBE-EEPRMA1.5.2.0
2026-03-06 13:31:59,906 [WARN] PackLoader:240 - Cannot read IP mode file for STMicroelectronics.X-CUBE-ST67W61.1.1.0
2026-03-06 13:31:59,950 [WARN] PackLoader:240 - Cannot read IP mode file for STMicroelectronics.X-CUBE-MEMS1.12.0.0
2026-03-06 13:32:00,048 [WARN] PackLoader:240 - Cannot read IP mode file for STMicroelectronics.X-CUBE-AZRTOS-G0.1.1.0
2026-03-06 13:32:00,055 [WARN] PackLoader:240 - Cannot read IP mode file for STMicroelectronics.X-CUBE-SAFEA1.1.2.2
2026-03-06 13:32:00,060 [WARN] PackLoader:240 - Cannot read IP mode file for STMicroelectronics.X-CUBE-NFC4.3.0.0
2026-03-06 13:32:00,066 [WARN] PackLoader:240 - Cannot read IP mode file for EmbeddedOffice.I-CUBE-FS-RTOS.1.0.1
2026-03-06 13:32:00,071 [WARN] PackLoader:240 - Cannot read IP mode file for STMicroelectronics.X-CUBE-WB05N.2.0.0
2026-03-06 13:32:00,074 [WARN] PackLoader:240 - Cannot read IP mode file for wolfSSL.I-CUBE-wolfTPM.3.8.0
2026-03-06 13:32:00,078 [WARN] PackLoader:240 - Cannot read IP mode file for STMicroelectronics.X-CUBE-TCPP.4.2.0
2026-03-06 13:32:00,082 [WARN] PackLoader:240 - Cannot read IP mode file for RealThread.X-CUBE-RT-Thread_Nano.4.1.1
2026-03-06 13:32:00,085 [WARN] PackLoader:240 - Cannot read IP mode file for STMicroelectronics.FP-ATR-SIGFOX1.3.2.0
2026-03-06 13:32:00,089 [WARN] PackLoader:240 - Cannot read IP mode file for STMicroelectronics.X-CUBE-FREERTOS.1.5.0
2026-03-06 13:32:00,093 [WARN] PackLoader:240 - Cannot read IP mode file for ITTIA_DB.I-CUBE-ITTIADB.8.9.0
2026-03-06 13:32:00,099 [WARN] PackLoader:240 - Cannot read IP mode file for STMicroelectronics.X-CUBE-NFC6.3.2.0
2026-03-06 13:32:00,121 [WARN] PackLoader:240 - Cannot read IP mode file for SEGGER.I-CUBE-embOS.1.3.1
2026-03-06 13:32:00,161 [WARN] PackLoader:240 - Cannot read IP mode file for STMicroelectronics.X-CUBE-ALGOBUILD.1.4.0
2026-03-06 13:32:00,203 [WARN] PackLoader:240 - Cannot read IP mode file for STMicroelectronics.X-CUBE-MEMS1.11.3.0
2026-03-06 13:32:00,304 [WARN] PackLoader:240 - Cannot read IP mode file for STMicroelectronics.X-CUBE-PM33A1.1.0.0
2026-03-06 13:32:00,315 [WARN] PackLoader:240 - Cannot read IP mode file for STMicroelectronics.X-CUBE-AZRTOS-F4.1.1.0
2026-03-06 13:32:00,320 [WARN] PackLoader:240 - Cannot read IP mode file for STMicroelectronics.X-CUBE-ISPU.2.1.0
2026-03-06 13:32:00,330 [WARN] PackLoader:240 - Cannot read IP mode file for STMicroelectronics.X-CUBE-IPS.3.2.0
2026-03-06 13:32:00,339 [WARN] PackLoader:240 - Cannot read IP mode file for STMicroelectronics.X-CUBE-NFC12.1.0.0
2026-03-06 13:32:00,350 [WARN] PackLoader:240 - Cannot read IP mode file for STMicroelectronics.X-CUBE-AZRTOS-L5.2.0.0
2026-03-06 13:32:00,356 [WARN] PackLoader:240 - Cannot read IP mode file for STMicroelectronics.X-CUBE-NFC6.3.1.0
2026-03-06 13:32:00,362 [WARN] PackLoader:240 - Cannot read IP mode file for STMicroelectronics.X-CUBE-FREERTOS.1.3.1
2026-03-06 13:32:00,364 [WARN] PackLoader:240 - Cannot read IP mode file for STMicroelectronics.X-CUBE-TOUCHGFX.4.26.0
2026-03-06 13:32:00,366 [WARN] PackLoader:240 - Cannot read IP mode file for STMicroelectronics.X-CUBE-TOUCHGFX.4.26.1
2026-03-06 13:32:00,369 [WARN] PackLoader:240 - Cannot read IP mode file for STMicroelectronics.X-CUBE-DPower.1.3.0
2026-03-06 13:32:00,393 [WARN] ConditionMgr:438 - getConditionDescription Invalid condition id : LAN8742 Phy interface Condition cause : null
2026-03-06 13:32:00,393 [WARN] PackLoader:240 - Cannot read IP mode file for STMicroelectronics.X-CUBE-AZRTOS-L4.2.0.0
2026-03-06 13:32:00,395 [WARN] ConditionMgr:1044 - genDependencies : Invalid condition id : LAN8742 Phy interface Condition cause : null
2026-03-06 13:32:00,395 [WARN] ConditionMgr:1044 - genDependencies : Invalid condition id : LAN8742 Phy interface Condition cause : null
2026-03-06 13:32:00,396 [WARN] ConditionMgr:1044 - genDependencies : Invalid condition id : LAN8742 Phy interface Condition cause : null
2026-03-06 13:32:00,403 [WARN] PackLoader:240 - Cannot read IP mode file for STMicroelectronics.X-CUBE-SFXS2LP1.4.0.0
2026-03-06 13:32:00,410 [WARN] PackLoader:240 - Cannot read IP mode file for STMicroelectronics.X-CUBE-ST67W61.1.2.0
2026-03-06 13:32:00,419 [WARN] PackLoader:240 - Cannot read IP mode file for STMicroelectronics.X-CUBE-BLEMGR.4.1.0
2026-03-06 13:32:00,431 [WARN] ConditionMgr:438 - getConditionDescription Invalid condition id : UX DEVICE CLASS RTOS Condition cause : null
2026-03-06 13:32:00,431 [WARN] ConditionMgr:438 - getConditionDescription Invalid condition id : UX DEVICE CLASS RTOS Condition cause : null
2026-03-06 13:32:00,433 [WARN] PackLoader:240 - Cannot read IP mode file for STMicroelectronics.X-CUBE-AZRTOS-WB.2.0.0
2026-03-06 13:32:00,433 [WARN] ConditionMgr:1044 - genDependencies : Invalid condition id : UX DEVICE CLASS RTOS Condition cause : null
2026-03-06 13:32:00,433 [WARN] ConditionMgr:1044 - genDependencies : Invalid condition id : UX DEVICE CLASS RTOS Condition cause : null
2026-03-06 13:32:00,434 [WARN] ConditionMgr:1044 - genDependencies : Invalid condition id : UX DEVICE CLASS RTOS Condition cause : null
2026-03-06 13:32:00,434 [WARN] ConditionMgr:1044 - genDependencies : Invalid condition id : UX DEVICE CLASS RTOS Condition cause : null
2026-03-06 13:32:00,434 [WARN] ConditionMgr:1044 - genDependencies : Invalid condition id : UX DEVICE CLASS RTOS Condition cause : null
2026-03-06 13:32:00,440 [WARN] PackLoader:240 - Cannot read IP mode file for STMicroelectronics.X-CUBE-GNSS1.7.0.1
2026-03-06 13:32:00,443 [WARN] ConditionMgr:438 - getConditionDescription Invalid condition id : Cortex-A Device cause : null
2026-03-06 13:32:00,448 [WARN] ConditionMgr:1044 - genDependencies : Invalid condition id : Cortex-A Device cause : null
2026-03-06 13:32:00,448 [WARN] ConditionMgr:1044 - genDependencies : Invalid condition id : Cortex-A Device cause : null
2026-03-06 13:32:00,448 [WARN] ConditionMgr:1044 - genDependencies : Invalid condition id : Cortex-A Device cause : null
2026-03-06 13:32:00,462 [WARN] PackLoader:240 - Cannot read IP mode file for STMicroelectronics.X-CUBE-STSE01.2.0.0
2026-03-06 13:32:00,471 [WARN] PackLoader:240 - Cannot read IP mode file for STMicroelectronics.X-CUBE-SUBG2.5.0.0
2026-03-06 13:32:00,487 [WARN] PackLoader:240 - Cannot read IP mode file for STMicroelectronics.X-CUBE-AZRTOS-H7RS.1.1.0
2026-03-06 13:32:00,498 [WARN] PackLoader:240 - Cannot read IP mode file for STMicroelectronics.X-CUBE-AZRTOS-G4.2.0.0
2026-03-06 13:32:00,502 [WARN] PackLoader:240 - Cannot read IP mode file for wolfSSL.I-CUBE-wolfSSH.1.4.20
2026-03-06 13:32:00,506 [WARN] PackLoader:240 - Cannot read IP mode file for STMicroelectronics.X-CUBE-NFC7.2.0.0
2026-03-06 13:32:00,508 [WARN] PackLoader:240 - Cannot read IP mode file for STMicroelectronics.X-CUBE-ALS.1.0.2
2026-03-06 13:32:00,513 [WARN] PackLoader:240 - Cannot read IP mode file for STMicroelectronics.X-CUBE-STSE01.1.0.0
2026-03-06 13:32:00,520 [WARN] PackLoader:240 - Cannot read IP mode file for STMicroelectronics.X-CUBE-TOF1.3.4.3
2026-03-06 13:32:00,528 [INFO] ThirdParty:978 - Integrity check success = true
2026-03-06 13:32:00,528 [INFO] IntegrityCheckThread:100 - exiting critical section [integrity check]
2026-03-06 13:32:00,528 [INFO] IntegrityCheckThread:103 - End integrity checks thread
2026-03-06 13:42:22,776 [ERROR] LogOutputStream:75 - [STDERR_REDIRECT] SWT SessionManagerDBus: Failed to UnregisterClient: GDBus.Error:org.freedesktop.DBus.Error.NoReply: Message recipient disconnected from message bus without replying
