2026-02-12 17:45:04,264 [INFO] Activator:176 - 


2026-02-12 17:45:04,266 [INFO] Activator:177 - !SESSION log4j initialized
2026-02-12 17:45:07,226 [INFO] LogOutputStream:77 - [STDOUT_REDIRECT] 
2026-02-12 17:45:13,178 [INFO] ApplicationProperties:184 - Using Application install path: /opt/st/stm32cubeide_1.19.0/plugins/com.st.stm32cube.common.mx_6.15.0.202507011659
2026-02-12 17:45:13,208 [INFO] DbMcusXml:78 - Set database path to: /opt/st/stm32cubeide_1.19.0/plugins/com.st.stm32cube.common.mx_6.15.0.202507011659//db//mcu/
2026-02-12 17:45:13,208 [INFO] ApiDb:274 - Set plugin database path to: /opt/st/stm32cubeide_1.19.0/plugins/com.st.stm32cube.common.mx_6.15.0.202507011659//db//plugins/boardmanager/
2026-02-12 17:45:13,209 [WARN] ApiDb:259 - Overriding images path with different value:  => /opt/st/stm32cubeide_1.19.0/plugins/com.st.stm32cube.common.mx_6.15.0.202507011659//db//plugins/mcufinder/images/
2026-02-12 17:45:13,217 [INFO] ApiDb:250 - Set database path to: /home/kamil/.stmcufinder/plugins/mcufinder//mcu/
2026-02-12 17:45:13,220 [INFO] DbMcusAds:125 - Set database path to: /home/kamil/.stmcufinder/plugins/mcufinder//mcu/
2026-02-12 17:45:13,223 [INFO] CrossReferenceDbSqlite:203 - Set database path to: /home/kamil/.stmcufinder/plugins/mcufinder//mcu/cs/
2026-02-12 17:45:13,394 [INFO] RulesReader:64 - Compatibility file has been processed (317 Rules)
2026-02-12 17:45:13,490 [INFO] DbMcusXml:78 - Set database path to: /opt/st/stm32cubeide_1.19.0/plugins/com.st.stm32cube.common.mx_6.15.0.202507011659//db//mcu/
2026-02-12 17:45:13,490 [INFO] ApiDb:274 - Set plugin database path to: /opt/st/stm32cubeide_1.19.0/plugins/com.st.stm32cube.common.mx_6.15.0.202507011659//db//plugins/boardmanager/
2026-02-12 17:45:13,490 [INFO] ApiDb:261 - Set plugin images path to: /opt/st/stm32cubeide_1.19.0/plugins/com.st.stm32cube.common.mx_6.15.0.202507011659//db//plugins/mcufinder/images/
2026-02-12 17:45:13,491 [WARN] DbFile:41 - Overriding database path with different value: /home/kamil/.stmcufinder/plugins/mcufinder/ => /home/kamil/.stmcufinder/plugins/mcufinder
2026-02-12 17:45:13,491 [INFO] ApiDb:250 - Set database path to: /home/kamil/.stmcufinder/plugins/mcufinder//mcu/
2026-02-12 17:45:13,491 [WARN] DbFile:41 - Overriding database path with different value: /home/kamil/.stmcufinder/plugins/mcufinder/ => /home/kamil/.stmcufinder/plugins/mcufinder
2026-02-12 17:45:13,491 [INFO] DbMcusAds:125 - Set database path to: /home/kamil/.stmcufinder/plugins/mcufinder//mcu/
2026-02-12 17:45:13,491 [WARN] DbFile:41 - Overriding database path with different value: /home/kamil/.stmcufinder/plugins/mcufinder/ => /home/kamil/.stmcufinder/plugins/mcufinder
2026-02-12 17:45:13,491 [WARN] DbFile:41 - Overriding database path with different value: /home/kamil/.stmcufinder/plugins/mcufinder/ => /home/kamil/.stmcufinder/plugins/mcufinder
2026-02-12 17:45:13,491 [INFO] CrossReferenceDbSqlite:203 - Set database path to: /home/kamil/.stmcufinder/plugins/mcufinder//mcu/cs/
2026-02-12 17:45:13,591 [INFO] MainPanel:274 - HeapMemory: 268435456
2026-02-12 17:45:13,802 [INFO] DbMcusXml:78 - Set database path to: /opt/st/stm32cubeide_1.19.0/plugins/com.st.stm32cube.common.mx_6.15.0.202507011659//db//mcu/
2026-02-12 17:45:13,803 [INFO] ApiDb:274 - Set plugin database path to: /opt/st/stm32cubeide_1.19.0/plugins/com.st.stm32cube.common.mx_6.15.0.202507011659//db//plugins/boardmanager/
2026-02-12 17:45:13,803 [INFO] ApiDb:261 - Set plugin images path to: /opt/st/stm32cubeide_1.19.0/plugins/com.st.stm32cube.common.mx_6.15.0.202507011659//db//plugins/mcufinder/images/
2026-02-12 17:45:13,803 [WARN] DbFile:41 - Overriding database path with different value: /home/kamil/.stmcufinder/plugins/mcufinder/ => /home/kamil/.stmcufinder/plugins/mcufinder
2026-02-12 17:45:13,803 [INFO] ApiDb:250 - Set database path to: /home/kamil/.stmcufinder/plugins/mcufinder//mcu/
2026-02-12 17:45:13,803 [WARN] DbFile:41 - Overriding database path with different value: /home/kamil/.stmcufinder/plugins/mcufinder/ => /home/kamil/.stmcufinder/plugins/mcufinder
2026-02-12 17:45:13,803 [INFO] DbMcusAds:125 - Set database path to: /home/kamil/.stmcufinder/plugins/mcufinder//mcu/
2026-02-12 17:45:13,804 [WARN] DbFile:41 - Overriding database path with different value: /home/kamil/.stmcufinder/plugins/mcufinder/ => /home/kamil/.stmcufinder/plugins/mcufinder
2026-02-12 17:45:13,804 [WARN] DbFile:41 - Overriding database path with different value: /home/kamil/.stmcufinder/plugins/mcufinder/ => /home/kamil/.stmcufinder/plugins/mcufinder
2026-02-12 17:45:13,804 [INFO] CrossReferenceDbSqlite:203 - Set database path to: /home/kamil/.stmcufinder/plugins/mcufinder//mcu/cs/
2026-02-12 17:45:13,828 [INFO] ApplicationProperties:184 - Using Application install path: /opt/st/stm32cubeide_1.19.0/plugins/com.st.stm32cube.common.mx_6.15.0.202507011659
2026-02-12 17:45:13,831 [INFO] PluginManage:196 - Search for loadable plugins [exclusion list=, ]
2026-02-12 17:45:13,832 [INFO] PluginManage:310 - Check plugin analytics
2026-02-12 17:45:14,047 [INFO] AnalyticsPlugin:253 - Accepted Software Licenses: 
2026-02-12 17:45:14,047 [INFO] AnalyticsPlugin:255 - Accepted CMSIS Pack Licenses: 
2026-02-12 17:45:14,048 [INFO] AnalyticsPlugin:257 - Accepted Firmware Licenses: FW.F4.1.28.0
2026-02-12 17:45:14,051 [INFO] PluginManage:359 - Loaded plugin analytics (category:tool,tabindex:-1)
2026-02-12 17:45:14,051 [INFO] PluginManage:310 - Check plugin cadmodel
2026-02-12 17:45:14,058 [INFO] CADModel:105 - Init CAD model plugin
2026-02-12 17:45:14,058 [INFO] PluginManage:359 - Loaded plugin cadmodel (category:power,tabindex:5)
2026-02-12 17:45:14,058 [INFO] PluginManage:310 - Check plugin clock
2026-02-12 17:45:14,071 [INFO] PluginManage:359 - Loaded plugin clock (category:base,tabindex:2)
2026-02-12 17:45:14,072 [INFO] PluginManage:310 - Check plugin ddr
2026-02-12 17:45:14,074 [INFO] PluginManage:359 - Loaded plugin ddr (category:tool,tabindex:6)
2026-02-12 17:45:14,075 [INFO] PluginManage:310 - Check plugin filemanager
2026-02-12 17:45:14,266 [INFO] PluginManage:359 - Loaded plugin filemanager (category:base,tabindex:10)
2026-02-12 17:45:14,266 [INFO] PluginManage:310 - Check plugin ipmanager
2026-02-12 17:45:14,273 [INFO] PluginManage:359 - Loaded plugin ipmanager (category:base,tabindex:5)
2026-02-12 17:45:14,273 [INFO] PluginManage:310 - Check plugin lpbam
2026-02-12 17:45:14,285 [INFO] PluginManage:359 - Loaded plugin lpbam (category:base,tabindex:0)
2026-02-12 17:45:14,285 [INFO] PluginManage:310 - Check plugin memorymap
2026-02-12 17:45:14,300 [INFO] PluginManage:359 - Loaded plugin memorymap (category:base,tabindex:4)
2026-02-12 17:45:14,300 [INFO] PluginManage:310 - Check plugin pinoutandconfiguration
2026-02-12 17:45:14,310 [INFO] PluginManage:359 - Loaded plugin pinoutandconfiguration (category:base,tabindex:1)
2026-02-12 17:45:14,310 [INFO] PluginManage:310 - Check plugin pinoutconfig
2026-02-12 17:45:14,415 [WARN] SupportedApi:132 - Cannot load RTOS API schema: s4s-elt-must-match.1: The content of 'definitions' must match (annotation?, (simpleType | complexType)?, (unique | key | keyref)*)). A problem was found starting at: attribute.
2026-02-12 17:45:14,586 [INFO] PluginManage:359 - Loaded plugin pinoutconfig (category:base,tabindex:0)
2026-02-12 17:45:14,586 [INFO] PluginManage:310 - Check plugin power
2026-02-12 17:45:14,597 [INFO] PluginManage:359 - Loaded plugin power (category:power,tabindex:4)
2026-02-12 17:45:14,597 [INFO] PluginManage:310 - Check plugin projectmanager
2026-02-12 17:45:14,612 [INFO] PluginManage:359 - Loaded plugin projectmanager (category:projectmanager,tabindex:4)
2026-02-12 17:45:14,612 [INFO] PluginManage:310 - Check plugin rif
2026-02-12 17:45:14,623 [INFO] PluginManage:359 - Loaded plugin rif (category:base,tabindex:3)
2026-02-12 17:45:14,623 [INFO] PluginManage:310 - Check plugin thirdparty
2026-02-12 17:45:14,740 [INFO] PluginManage:359 - Loaded plugin thirdparty (category:base,tabindex:-1)
2026-02-12 17:45:14,741 [INFO] PluginManage:310 - Check plugin tools
2026-02-12 17:45:14,740 [WARN] IntegrityCheckThread:84 - waiting for thirdparty lock release [integrity check]
2026-02-12 17:45:14,741 [INFO] IntegrityCheckThread:86 - entering critical section [integrity check]
2026-02-12 17:45:14,741 [INFO] ThirdPartyUpdaterWithRetryManager:70 - Updater plugin not ready yet. [1/15]
2026-02-12 17:45:14,743 [INFO] PluginManage:359 - Loaded plugin tools (category:base,tabindex:7)
2026-02-12 17:45:14,743 [INFO] PluginManage:310 - Check plugin tutovideos
2026-02-12 17:45:14,926 [INFO] PluginManage:359 - Loaded plugin tutovideos (category:base,tabindex:-1)
2026-02-12 17:45:14,927 [INFO] PluginManage:310 - Check plugin updater
2026-02-12 17:45:14,952 [INFO] PluginManage:359 - Loaded plugin updater (category:base,tabindex:12)
2026-02-12 17:45:14,952 [INFO] PluginManage:310 - Check plugin userauth
2026-02-12 17:45:14,958 [INFO] UserAuth:118 - Init User Auth plugin
2026-02-12 17:45:14,959 [INFO] PluginManage:359 - Loaded plugin userauth (category:base,tabindex:14)
2026-02-12 17:45:14,959 [INFO] PluginManage:283 - PluginManage : Loaded plugins [18]
2026-02-12 17:45:15,197 [INFO] PinOutPanel:1589 - setPackage(No Configuration,No Configuration)
2026-02-12 17:45:15,264 [INFO] CADModel:165 - CPN selected for project level
2026-02-12 17:45:15,264 [INFO] CADModel:114 - Register for checkConnection events
2026-02-12 17:45:15,273 [INFO] IPUIPlugin:80 - create IPUIPlugin
2026-02-12 17:45:15,274 [INFO] PluginManager:220 - loadIPPluginJar : add tracer_emb
2026-02-12 17:45:15,275 [INFO] IPUIPlugin:80 - create IPUIPlugin
2026-02-12 17:45:15,276 [INFO] PluginManager:220 - loadIPPluginJar : add radio
2026-02-12 17:45:15,281 [INFO] IPUIPlugin:80 - create IPUIPlugin
2026-02-12 17:45:15,281 [INFO] PluginManager:220 - loadIPPluginJar : add ddr_ctrl_phy
2026-02-12 17:45:15,288 [INFO] IPUIPlugin:80 - create IPUIPlugin
2026-02-12 17:45:15,288 [INFO] PluginManager:220 - loadIPPluginJar : add mdma
2026-02-12 17:45:15,292 [INFO] IPUIPlugin:80 - create IPUIPlugin
2026-02-12 17:45:15,292 [INFO] PluginManager:220 - loadIPPluginJar : add touchsensing
2026-02-12 17:45:15,293 [INFO] IPUIPlugin:80 - create IPUIPlugin
2026-02-12 17:45:15,294 [INFO] PluginManager:220 - loadIPPluginJar : add ucpd
2026-02-12 17:45:15,301 [INFO] IPUIPlugin:80 - create IPUIPlugin
2026-02-12 17:45:15,304 [INFO] PluginManager:220 - loadIPPluginJar : add plateformsettings
2026-02-12 17:45:15,308 [INFO] IPUIPlugin:80 - create IPUIPlugin
2026-02-12 17:45:15,308 [INFO] PluginManager:220 - loadIPPluginJar : add ipddr
2026-02-12 17:45:15,314 [INFO] IPUIPlugin:80 - create IPUIPlugin
2026-02-12 17:45:15,314 [INFO] PluginManager:220 - loadIPPluginJar : add resmgrutility
2026-02-12 17:45:15,315 [INFO] IPUIPlugin:80 - create IPUIPlugin
2026-02-12 17:45:15,315 [INFO] PluginManager:220 - loadIPPluginJar : add ts
2026-02-12 17:45:15,316 [INFO] IPUIPlugin:80 - create IPUIPlugin
2026-02-12 17:45:15,317 [INFO] PluginManager:220 - loadIPPluginJar : add dma3
2026-02-12 17:45:15,319 [INFO] IPUIPlugin:80 - create IPUIPlugin
2026-02-12 17:45:15,320 [INFO] PluginManager:220 - loadIPPluginJar : add openamp
2026-02-12 17:45:15,322 [INFO] IPUIPlugin:80 - create IPUIPlugin
2026-02-12 17:45:15,322 [INFO] PluginManager:220 - loadIPPluginJar : add opamp
2026-02-12 17:45:15,324 [INFO] IPUIPlugin:80 - create IPUIPlugin
2026-02-12 17:45:15,325 [INFO] PluginManager:220 - loadIPPluginJar : add pdm2pcm
2026-02-12 17:45:15,326 [INFO] IPUIPlugin:80 - create IPUIPlugin
2026-02-12 17:45:15,326 [INFO] PluginManager:220 - loadIPPluginJar : add gfxmmu
2026-02-12 17:45:15,329 [INFO] IPUIPlugin:80 - create IPUIPlugin
2026-02-12 17:45:15,329 [INFO] PluginManager:220 - loadIPPluginJar : add aes
2026-02-12 17:45:15,331 [INFO] IPUIPlugin:80 - create IPUIPlugin
2026-02-12 17:45:15,331 [INFO] PluginManager:220 - loadIPPluginJar : add gtzc
2026-02-12 17:45:15,334 [INFO] IPUIPlugin:80 - create IPUIPlugin
2026-02-12 17:45:15,334 [INFO] PluginManager:220 - loadIPPluginJar : add sai
2026-02-12 17:45:15,335 [INFO] IPUIPlugin:80 - create IPUIPlugin
2026-02-12 17:45:15,335 [INFO] PluginManager:220 - loadIPPluginJar : add tsc
2026-02-12 17:45:15,339 [INFO] IPUIPlugin:80 - create IPUIPlugin
2026-02-12 17:45:15,339 [INFO] PluginManager:220 - loadIPPluginJar : add usbx
2026-02-12 17:45:15,342 [INFO] IPUIPlugin:80 - create IPUIPlugin
2026-02-12 17:45:15,342 [INFO] PluginManager:220 - loadIPPluginJar : add can
2026-02-12 17:45:15,345 [INFO] IPUIPlugin:80 - create IPUIPlugin
2026-02-12 17:45:15,345 [INFO] PluginManager:220 - loadIPPluginJar : add i2c
2026-02-12 17:45:15,348 [INFO] IPUIPlugin:80 - create IPUIPlugin
2026-02-12 17:45:15,348 [INFO] PluginManager:220 - loadIPPluginJar : add lorawan
2026-02-12 17:45:15,350 [INFO] IPUIPlugin:80 - create IPUIPlugin
2026-02-12 17:45:15,350 [INFO] PluginManager:220 - loadIPPluginJar : add spi
2026-02-12 17:45:15,357 [INFO] IPUIPlugin:80 - create IPUIPlugin
2026-02-12 17:45:15,357 [INFO] PluginManager:220 - loadIPPluginJar : add linkedlist
2026-02-12 17:45:15,362 [INFO] IPUIPlugin:80 - create IPUIPlugin
2026-02-12 17:45:15,362 [INFO] PluginManager:220 - loadIPPluginJar : add fmc
2026-02-12 17:45:15,365 [INFO] IPUIPlugin:80 - create IPUIPlugin
2026-02-12 17:45:15,365 [INFO] PluginManager:220 - loadIPPluginJar : add i3c
2026-02-12 17:45:15,366 [INFO] IPUIPlugin:80 - create IPUIPlugin
2026-02-12 17:45:15,366 [INFO] PluginManager:220 - loadIPPluginJar : add ltdc
2026-02-12 17:45:15,372 [INFO] IPUIPlugin:80 - create IPUIPlugin
2026-02-12 17:45:15,373 [INFO] PluginManager:220 - loadIPPluginJar : add dma
2026-02-12 17:45:15,378 [INFO] IPUIPlugin:80 - create IPUIPlugin
2026-02-12 17:45:15,378 [INFO] PluginManager:220 - loadIPPluginJar : add freertos
2026-02-12 17:45:15,381 [INFO] IPUIPlugin:80 - create IPUIPlugin
2026-02-12 17:45:15,381 [INFO] PluginManager:220 - loadIPPluginJar : add hash
2026-02-12 17:45:15,388 [INFO] IPUIPlugin:80 - create IPUIPlugin
2026-02-12 17:45:15,388 [INFO] PluginManager:220 - loadIPPluginJar : add adc
2026-02-12 17:45:15,391 [INFO] IPUIPlugin:80 - create IPUIPlugin
2026-02-12 17:45:15,391 [INFO] PluginManager:220 - loadIPPluginJar : add usart
2026-02-12 17:45:15,399 [INFO] IPUIPlugin:80 - create IPUIPlugin
2026-02-12 17:45:15,399 [INFO] PluginManager:220 - loadIPPluginJar : add stm32_wpan
2026-02-12 17:45:15,401 [INFO] IPUIPlugin:80 - create IPUIPlugin
2026-02-12 17:45:15,401 [INFO] PluginManager:220 - loadIPPluginJar : add genericplugin
2026-02-12 17:45:15,406 [INFO] IPUIPlugin:80 - create IPUIPlugin
2026-02-12 17:45:15,406 [INFO] PluginManager:220 - loadIPPluginJar : add gpio
2026-02-12 17:45:15,412 [INFO] IPUIPlugin:80 - create IPUIPlugin
2026-02-12 17:45:15,412 [INFO] PluginManager:220 - loadIPPluginJar : add nvic
2026-02-12 17:45:15,415 [INFO] IPUIPlugin:80 - create IPUIPlugin
2026-02-12 17:45:15,415 [INFO] PluginManager:220 - loadIPPluginJar : add dfsdm
2026-02-12 17:45:15,417 [INFO] IPUIPlugin:80 - create IPUIPlugin
2026-02-12 17:45:15,417 [INFO] PluginManager:220 - loadIPPluginJar : add fatfs
2026-02-12 17:45:15,418 [INFO] IPUIPlugin:80 - create IPUIPlugin
2026-02-12 17:45:15,418 [INFO] PluginManager:220 - loadIPPluginJar : add comp
2026-02-12 17:45:15,420 [INFO] IPUIPlugin:80 - create IPUIPlugin
2026-02-12 17:45:15,420 [INFO] PluginManager:220 - loadIPPluginJar : add i2s
2026-02-12 17:45:15,423 [INFO] IPUIPlugin:80 - create IPUIPlugin
2026-02-12 17:45:15,424 [INFO] PluginManager:220 - loadIPPluginJar : add cryp
2026-02-12 17:45:15,426 [INFO] IPUIPlugin:80 - create IPUIPlugin
2026-02-12 17:45:15,426 [INFO] PluginManager:220 - loadIPPluginJar : add quadspi
2026-02-12 17:45:15,435 [INFO] IPUIPlugin:80 - create IPUIPlugin
2026-02-12 17:45:15,435 [INFO] PluginManager:220 - loadIPPluginJar : add gic
2026-02-12 17:45:15,438 [INFO] IPUIPlugin:80 - create IPUIPlugin
2026-02-12 17:45:15,438 [INFO] PluginManager:220 - loadIPPluginJar : add tim
2026-02-12 17:45:15,441 [INFO] IPUIPlugin:80 - create IPUIPlugin
2026-02-12 17:45:15,441 [INFO] PluginManager:220 - loadIPPluginJar : add extmemmanager
2026-02-12 17:45:15,548 [FATAL] Updater:351 - Updater called before beeing initialized
2026-02-12 17:45:15,570 [INFO] RulesReader:64 - Compatibility file has been processed (317 Rules)
2026-02-12 17:45:15,582 [INFO] RulesReader:64 - Compatibility file has been processed (317 Rules)
2026-02-12 17:45:15,588 [INFO] CADModel:165 - CPN selected for project level
2026-02-12 17:45:15,589 [INFO] CADModel:114 - Register for checkConnection events
2026-02-12 17:45:15,589 [FATAL] Updater:351 - Updater called before beeing initialized
2026-02-12 17:45:15,589 [ERROR] CADModel:125 - Updater not yet initialized, retry later 
2026-02-12 17:45:15,706 [FATAL] Updater:351 - Updater called before beeing initialized
2026-02-12 17:45:15,707 [INFO] CADModel:165 - CPN selected for project level
2026-02-12 17:45:15,707 [INFO] CADModel:114 - Register for checkConnection events
2026-02-12 17:45:15,707 [FATAL] Updater:351 - Updater called before beeing initialized
2026-02-12 17:45:15,707 [ERROR] CADModel:125 - Updater not yet initialized, retry later 
2026-02-12 17:45:15,710 [FATAL] Updater:351 - Updater called before beeing initialized
2026-02-12 17:45:15,771 [FATAL] Updater:351 - Updater called before beeing initialized
2026-02-12 17:45:15,774 [INFO] DbMcusAds:53 - JSON generation date=Mon Nov 10 11:43:01 CET 2025 (1762771381096)
2026-02-12 17:45:15,774 [FATAL] Updater:351 - Updater called before beeing initialized
2026-02-12 17:45:15,794 [WARN] DetailPanel:346 - Failed to get advertising image, set to default
2026-02-12 17:45:15,860 [FATAL] Updater:351 - Updater called before beeing initialized
2026-02-12 17:45:15,862 [FATAL] Updater:351 - Updater called before beeing initialized
2026-02-12 17:45:15,862 [FATAL] Updater:351 - Updater called before beeing initialized
2026-02-12 17:45:15,862 [WARN] DetailPanel:346 - Failed to get advertising image, set to default
2026-02-12 17:45:15,863 [FATAL] Updater:351 - Updater called before beeing initialized
2026-02-12 17:45:15,908 [ERROR] Updater:1198 - MainUpdater not yet initialized. External WinMGr cannot be set.
2026-02-12 17:45:15,910 [INFO] Updater:1134 - Updater Version found : 6.15.0
2026-02-12 17:45:15,923 [INFO] ApplicationProperties:184 - Using Application install path: /opt/st/stm32cubeide_1.19.0/plugins/com.st.stm32cube.common.mx_6.15.0.202507011659
2026-02-12 17:45:16,328 [INFO] MainUpdater:2872 - connection check result : 10
2026-02-12 17:45:16,328 [INFO] MainUpdater:3604 - Updater definition file requires update
2026-02-12 17:45:16,329 [INFO] MainUpdater:289 - Updater Check For Update Now.
2026-02-12 17:45:16,329 [INFO] MicroXplorer:498 - Change Database Version : DB.6.0.150
2026-02-12 17:45:16,333 [INFO] McuFinderGlobals:63 - Set McuFinder mode to 2 (CubeIDE integrated)
2026-02-12 17:45:16,333 [INFO] UserAuth:487 - Internet connection configuration mode: 1
2026-02-12 17:45:16,346 [INFO] JxBrowserEngine:152 - Initiate JxBrowser Engine with user profile folder
2026-02-12 17:45:16,421 [INFO] ServerAccessManage:452 - Complete download http(s) 200
2026-02-12 17:45:16,422 [INFO] ServerAccessManage:509 - Download File updaters.zip
2026-02-12 17:45:16,651 [INFO] FileExtend:248 - Unzip File : updaters.zip
2026-02-12 17:45:16,651 [INFO] FileExtend:263 - Standard Zip Deflate
2026-02-12 17:45:16,909 [INFO] ServerAccessManage:452 - Complete download http(s) 200
2026-02-12 17:45:16,910 [INFO] ServerAccessManage:509 - Download File PacksControlFlags.xml
2026-02-12 17:45:16,990 [INFO] WebApp:169 - Instantiating new browser for Auth
2026-02-12 17:45:17,053 [INFO] ServerAccessManage:452 - Complete download http(s) 200
2026-02-12 17:45:17,053 [INFO] ServerAccessManage:509 - Download File cubemx.pidx
2026-02-12 17:45:17,124 [INFO] LoadServerUpdatesThread:375 - End of LoadServerUpdate Thread
2026-02-12 17:45:17,266 [INFO] CheckServerUpdateThread:120 - End of CheckServer Thread
2026-02-12 17:45:17,438 [INFO] WebApp:463 - Apply proxy settings
2026-02-12 17:45:17,438 [INFO] WebApp:548 - Chromium requires no authentication
2026-02-12 17:45:17,443 [INFO] WebApp:491 - Direct internet connection detected
2026-02-12 17:45:17,455 [INFO] WebApp:900 - Register for checkConnection events
2026-02-12 17:45:17,455 [INFO] WebApp:463 - Apply proxy settings
2026-02-12 17:45:17,455 [INFO] WebApp:548 - Chromium requires no authentication
2026-02-12 17:45:17,455 [INFO] WebApp:491 - Direct internet connection detected
2026-02-12 17:45:17,529 [INFO] WebApp:225 - Starting web application
2026-02-12 17:45:17,529 [INFO] WebApp:593 - Web application path used /opt/st/stm32cubeide_1.19.0/plugins/com.st.stm32cube.common.mx_6.15.0.202507011659/db/plugins/mcufinder/reactClient1/index.html
2026-02-12 17:45:17,625 [INFO] UserAuth:487 - Internet connection configuration mode: 1
2026-02-12 17:45:17,882 [WARN] PackLoader:240 - Cannot read IP mode file for STMicroelectronics.FP-SNS-MOTENVWB1.1.4.0
2026-02-12 17:45:17,890 [WARN] PackLoader:240 - Cannot read IP mode file for STMicroelectronics.FP-ATR-ASTRA1.2.0.2
2026-02-12 17:45:17,897 [WARN] PackLoader:240 - Cannot read IP mode file for STMicroelectronics.X-CUBE-SMBUS.2.1.0
2026-02-12 17:45:17,901 [WARN] PackLoader:240 - Cannot read IP mode file for STMicroelectronics.X-CUBE-ST60.1.0.0
2026-02-12 17:45:17,926 [WARN] PackLoader:240 - Cannot read IP mode file for STMicroelectronics.X-CUBE-AZRTOS-F7.1.1.0
2026-02-12 17:45:17,933 [WARN] PackLoader:240 - Cannot read IP mode file for Cesanta.I-CUBE-Mongoose.7.19.0
2026-02-12 17:45:17,937 [WARN] PackLoader:240 - Cannot read IP mode file for STMicroelectronics.FP-SNS-MOTENV1.5.1.0
2026-02-12 17:45:17,949 [WARN] PackLoader:240 - Cannot read IP mode file for WES.I-CUBE-Cesium.1.4.0
2026-02-12 17:45:17,974 [WARN] PackLoader:240 - Cannot read IP mode file for Infineon.AIROC-Wi-Fi-Bluetooth-STM32.1.7.1
2026-02-12 17:45:18,004 [ERROR] LogOutputStream:75 - [STDERR_REDIRECT] 
2026-02-12 22:38:50,714 [INFO] Activator:176 - 


2026-02-12 22:38:50,715 [INFO] Activator:177 - !SESSION log4j initialized
2026-02-12 22:38:54,154 [INFO] LogOutputStream:77 - [STDOUT_REDIRECT] 
2026-02-12 22:38:54,964 [INFO] ApplicationProperties:184 - Using Application install path: /opt/st/stm32cubeide_1.19.0/plugins/com.st.stm32cube.common.mx_6.15.0.202507011659
2026-02-12 22:38:54,983 [INFO] DbMcusXml:78 - Set database path to: /opt/st/stm32cubeide_1.19.0/plugins/com.st.stm32cube.common.mx_6.15.0.202507011659//db//mcu/
2026-02-12 22:38:54,983 [INFO] ApiDb:274 - Set plugin database path to: /opt/st/stm32cubeide_1.19.0/plugins/com.st.stm32cube.common.mx_6.15.0.202507011659//db//plugins/boardmanager/
2026-02-12 22:38:54,983 [WARN] ApiDb:259 - Overriding images path with different value:  => /opt/st/stm32cubeide_1.19.0/plugins/com.st.stm32cube.common.mx_6.15.0.202507011659//db//plugins/mcufinder/images/
2026-02-12 22:38:54,990 [INFO] ApiDb:250 - Set database path to: /home/kamil/.stmcufinder/plugins/mcufinder//mcu/
2026-02-12 22:38:54,991 [INFO] DbMcusAds:125 - Set database path to: /home/kamil/.stmcufinder/plugins/mcufinder//mcu/
2026-02-12 22:38:54,994 [INFO] CrossReferenceDbSqlite:203 - Set database path to: /home/kamil/.stmcufinder/plugins/mcufinder//mcu/cs/
2026-02-12 22:38:55,098 [INFO] RulesReader:64 - Compatibility file has been processed (317 Rules)
2026-02-12 22:38:55,143 [INFO] DbMcusXml:78 - Set database path to: /opt/st/stm32cubeide_1.19.0/plugins/com.st.stm32cube.common.mx_6.15.0.202507011659//db//mcu/
2026-02-12 22:38:55,143 [INFO] ApiDb:274 - Set plugin database path to: /opt/st/stm32cubeide_1.19.0/plugins/com.st.stm32cube.common.mx_6.15.0.202507011659//db//plugins/boardmanager/
2026-02-12 22:38:55,143 [INFO] ApiDb:261 - Set plugin images path to: /opt/st/stm32cubeide_1.19.0/plugins/com.st.stm32cube.common.mx_6.15.0.202507011659//db//plugins/mcufinder/images/
2026-02-12 22:38:55,144 [WARN] DbFile:41 - Overriding database path with different value: /home/kamil/.stmcufinder/plugins/mcufinder/ => /home/kamil/.stmcufinder/plugins/mcufinder
2026-02-12 22:38:55,144 [INFO] ApiDb:250 - Set database path to: /home/kamil/.stmcufinder/plugins/mcufinder//mcu/
2026-02-12 22:38:55,144 [WARN] DbFile:41 - Overriding database path with different value: /home/kamil/.stmcufinder/plugins/mcufinder/ => /home/kamil/.stmcufinder/plugins/mcufinder
2026-02-12 22:38:55,144 [INFO] DbMcusAds:125 - Set database path to: /home/kamil/.stmcufinder/plugins/mcufinder//mcu/
2026-02-12 22:38:55,144 [WARN] DbFile:41 - Overriding database path with different value: /home/kamil/.stmcufinder/plugins/mcufinder/ => /home/kamil/.stmcufinder/plugins/mcufinder
2026-02-12 22:38:55,144 [WARN] DbFile:41 - Overriding database path with different value: /home/kamil/.stmcufinder/plugins/mcufinder/ => /home/kamil/.stmcufinder/plugins/mcufinder
2026-02-12 22:38:55,144 [INFO] CrossReferenceDbSqlite:203 - Set database path to: /home/kamil/.stmcufinder/plugins/mcufinder//mcu/cs/
2026-02-12 22:38:55,202 [INFO] MainPanel:274 - HeapMemory: 268435456
2026-02-12 22:38:55,314 [INFO] DbMcusXml:78 - Set database path to: /opt/st/stm32cubeide_1.19.0/plugins/com.st.stm32cube.common.mx_6.15.0.202507011659//db//mcu/
2026-02-12 22:38:55,314 [INFO] ApiDb:274 - Set plugin database path to: /opt/st/stm32cubeide_1.19.0/plugins/com.st.stm32cube.common.mx_6.15.0.202507011659//db//plugins/boardmanager/
2026-02-12 22:38:55,314 [INFO] ApiDb:261 - Set plugin images path to: /opt/st/stm32cubeide_1.19.0/plugins/com.st.stm32cube.common.mx_6.15.0.202507011659//db//plugins/mcufinder/images/
2026-02-12 22:38:55,315 [WARN] DbFile:41 - Overriding database path with different value: /home/kamil/.stmcufinder/plugins/mcufinder/ => /home/kamil/.stmcufinder/plugins/mcufinder
2026-02-12 22:38:55,315 [INFO] ApiDb:250 - Set database path to: /home/kamil/.stmcufinder/plugins/mcufinder//mcu/
2026-02-12 22:38:55,315 [WARN] DbFile:41 - Overriding database path with different value: /home/kamil/.stmcufinder/plugins/mcufinder/ => /home/kamil/.stmcufinder/plugins/mcufinder
2026-02-12 22:38:55,315 [INFO] DbMcusAds:125 - Set database path to: /home/kamil/.stmcufinder/plugins/mcufinder//mcu/
2026-02-12 22:38:55,315 [WARN] DbFile:41 - Overriding database path with different value: /home/kamil/.stmcufinder/plugins/mcufinder/ => /home/kamil/.stmcufinder/plugins/mcufinder
2026-02-12 22:38:55,315 [WARN] DbFile:41 - Overriding database path with different value: /home/kamil/.stmcufinder/plugins/mcufinder/ => /home/kamil/.stmcufinder/plugins/mcufinder
2026-02-12 22:38:55,315 [INFO] CrossReferenceDbSqlite:203 - Set database path to: /home/kamil/.stmcufinder/plugins/mcufinder//mcu/cs/
2026-02-12 22:38:55,330 [INFO] ApplicationProperties:184 - Using Application install path: /opt/st/stm32cubeide_1.19.0/plugins/com.st.stm32cube.common.mx_6.15.0.202507011659
2026-02-12 22:38:55,331 [INFO] PluginManage:196 - Search for loadable plugins [exclusion list=, ]
2026-02-12 22:38:55,331 [INFO] PluginManage:310 - Check plugin analytics
2026-02-12 22:38:55,453 [INFO] AnalyticsPlugin:253 - Accepted Software Licenses: 
2026-02-12 22:38:55,453 [INFO] AnalyticsPlugin:255 - Accepted CMSIS Pack Licenses: 
2026-02-12 22:38:55,453 [INFO] AnalyticsPlugin:257 - Accepted Firmware Licenses: FW.F4.1.28.0
2026-02-12 22:38:55,455 [INFO] PluginManage:359 - Loaded plugin analytics (category:tool,tabindex:-1)
2026-02-12 22:38:55,455 [INFO] PluginManage:310 - Check plugin cadmodel
2026-02-12 22:38:55,461 [INFO] CADModel:105 - Init CAD model plugin
2026-02-12 22:38:55,461 [INFO] PluginManage:359 - Loaded plugin cadmodel (category:power,tabindex:5)
2026-02-12 22:38:55,461 [INFO] PluginManage:310 - Check plugin clock
2026-02-12 22:38:55,470 [INFO] PluginManage:359 - Loaded plugin clock (category:base,tabindex:2)
2026-02-12 22:38:55,470 [INFO] PluginManage:310 - Check plugin ddr
2026-02-12 22:38:55,473 [INFO] PluginManage:359 - Loaded plugin ddr (category:tool,tabindex:6)
2026-02-12 22:38:55,473 [INFO] PluginManage:310 - Check plugin filemanager
2026-02-12 22:38:55,589 [INFO] PluginManage:359 - Loaded plugin filemanager (category:base,tabindex:10)
2026-02-12 22:38:55,589 [INFO] PluginManage:310 - Check plugin ipmanager
2026-02-12 22:38:55,594 [INFO] PluginManage:359 - Loaded plugin ipmanager (category:base,tabindex:5)
2026-02-12 22:38:55,594 [INFO] PluginManage:310 - Check plugin lpbam
2026-02-12 22:38:55,601 [INFO] PluginManage:359 - Loaded plugin lpbam (category:base,tabindex:0)
2026-02-12 22:38:55,601 [INFO] PluginManage:310 - Check plugin memorymap
2026-02-12 22:38:55,613 [INFO] PluginManage:359 - Loaded plugin memorymap (category:base,tabindex:4)
2026-02-12 22:38:55,613 [INFO] PluginManage:310 - Check plugin pinoutandconfiguration
2026-02-12 22:38:55,620 [INFO] PluginManage:359 - Loaded plugin pinoutandconfiguration (category:base,tabindex:1)
2026-02-12 22:38:55,620 [INFO] PluginManage:310 - Check plugin pinoutconfig
2026-02-12 22:38:55,692 [WARN] SupportedApi:132 - Cannot load RTOS API schema: s4s-elt-must-match.1: The content of 'definitions' must match (annotation?, (simpleType | complexType)?, (unique | key | keyref)*)). A problem was found starting at: attribute.
2026-02-12 22:38:55,795 [INFO] PluginManage:359 - Loaded plugin pinoutconfig (category:base,tabindex:0)
2026-02-12 22:38:55,795 [INFO] PluginManage:310 - Check plugin power
2026-02-12 22:38:55,801 [INFO] PluginManage:359 - Loaded plugin power (category:power,tabindex:4)
2026-02-12 22:38:55,801 [INFO] PluginManage:310 - Check plugin projectmanager
2026-02-12 22:38:55,811 [INFO] PluginManage:359 - Loaded plugin projectmanager (category:projectmanager,tabindex:4)
2026-02-12 22:38:55,811 [INFO] PluginManage:310 - Check plugin rif
2026-02-12 22:38:55,819 [INFO] PluginManage:359 - Loaded plugin rif (category:base,tabindex:3)
2026-02-12 22:38:55,819 [INFO] PluginManage:310 - Check plugin thirdparty
2026-02-12 22:38:55,899 [INFO] PluginManage:359 - Loaded plugin thirdparty (category:base,tabindex:-1)
2026-02-12 22:38:55,899 [INFO] PluginManage:310 - Check plugin tools
2026-02-12 22:38:55,899 [WARN] IntegrityCheckThread:84 - waiting for thirdparty lock release [integrity check]
2026-02-12 22:38:55,899 [INFO] IntegrityCheckThread:86 - entering critical section [integrity check]
2026-02-12 22:38:55,900 [INFO] ThirdPartyUpdaterWithRetryManager:70 - Updater plugin not ready yet. [1/15]
2026-02-12 22:38:55,901 [INFO] PluginManage:359 - Loaded plugin tools (category:base,tabindex:7)
2026-02-12 22:38:55,901 [INFO] PluginManage:310 - Check plugin tutovideos
2026-02-12 22:38:56,019 [INFO] PluginManage:359 - Loaded plugin tutovideos (category:base,tabindex:-1)
2026-02-12 22:38:56,020 [INFO] PluginManage:310 - Check plugin updater
2026-02-12 22:38:56,034 [INFO] PluginManage:359 - Loaded plugin updater (category:base,tabindex:12)
2026-02-12 22:38:56,035 [INFO] PluginManage:310 - Check plugin userauth
2026-02-12 22:38:56,037 [INFO] UserAuth:118 - Init User Auth plugin
2026-02-12 22:38:56,037 [INFO] PluginManage:359 - Loaded plugin userauth (category:base,tabindex:14)
2026-02-12 22:38:56,038 [INFO] PluginManage:283 - PluginManage : Loaded plugins [18]
2026-02-12 22:38:56,137 [INFO] PinOutPanel:1589 - setPackage(No Configuration,No Configuration)
2026-02-12 22:38:56,181 [INFO] CADModel:165 - CPN selected for project level
2026-02-12 22:38:56,182 [INFO] CADModel:114 - Register for checkConnection events
2026-02-12 22:38:56,189 [INFO] IPUIPlugin:80 - create IPUIPlugin
2026-02-12 22:38:56,189 [INFO] PluginManager:220 - loadIPPluginJar : add tracer_emb
2026-02-12 22:38:56,190 [INFO] IPUIPlugin:80 - create IPUIPlugin
2026-02-12 22:38:56,190 [INFO] PluginManager:220 - loadIPPluginJar : add radio
2026-02-12 22:38:56,194 [INFO] IPUIPlugin:80 - create IPUIPlugin
2026-02-12 22:38:56,194 [INFO] PluginManager:220 - loadIPPluginJar : add ddr_ctrl_phy
2026-02-12 22:38:56,199 [INFO] IPUIPlugin:80 - create IPUIPlugin
2026-02-12 22:38:56,199 [INFO] PluginManager:220 - loadIPPluginJar : add mdma
2026-02-12 22:38:56,202 [INFO] IPUIPlugin:80 - create IPUIPlugin
2026-02-12 22:38:56,202 [INFO] PluginManager:220 - loadIPPluginJar : add touchsensing
2026-02-12 22:38:56,203 [INFO] IPUIPlugin:80 - create IPUIPlugin
2026-02-12 22:38:56,203 [INFO] PluginManager:220 - loadIPPluginJar : add ucpd
2026-02-12 22:38:56,208 [INFO] IPUIPlugin:80 - create IPUIPlugin
2026-02-12 22:38:56,210 [INFO] PluginManager:220 - loadIPPluginJar : add plateformsettings
2026-02-12 22:38:56,212 [INFO] IPUIPlugin:80 - create IPUIPlugin
2026-02-12 22:38:56,212 [INFO] PluginManager:220 - loadIPPluginJar : add ipddr
2026-02-12 22:38:56,216 [INFO] IPUIPlugin:80 - create IPUIPlugin
2026-02-12 22:38:56,217 [INFO] PluginManager:220 - loadIPPluginJar : add resmgrutility
2026-02-12 22:38:56,218 [INFO] IPUIPlugin:80 - create IPUIPlugin
2026-02-12 22:38:56,218 [INFO] PluginManager:220 - loadIPPluginJar : add ts
2026-02-12 22:38:56,220 [INFO] IPUIPlugin:80 - create IPUIPlugin
2026-02-12 22:38:56,220 [INFO] PluginManager:220 - loadIPPluginJar : add dma3
2026-02-12 22:38:56,222 [INFO] IPUIPlugin:80 - create IPUIPlugin
2026-02-12 22:38:56,222 [INFO] PluginManager:220 - loadIPPluginJar : add openamp
2026-02-12 22:38:56,223 [INFO] IPUIPlugin:80 - create IPUIPlugin
2026-02-12 22:38:56,223 [INFO] PluginManager:220 - loadIPPluginJar : add opamp
2026-02-12 22:38:56,225 [INFO] IPUIPlugin:80 - create IPUIPlugin
2026-02-12 22:38:56,225 [INFO] PluginManager:220 - loadIPPluginJar : add pdm2pcm
2026-02-12 22:38:56,226 [INFO] IPUIPlugin:80 - create IPUIPlugin
2026-02-12 22:38:56,226 [INFO] PluginManager:220 - loadIPPluginJar : add gfxmmu
2026-02-12 22:38:56,227 [INFO] IPUIPlugin:80 - create IPUIPlugin
2026-02-12 22:38:56,227 [INFO] PluginManager:220 - loadIPPluginJar : add aes
2026-02-12 22:38:56,229 [INFO] IPUIPlugin:80 - create IPUIPlugin
2026-02-12 22:38:56,229 [INFO] PluginManager:220 - loadIPPluginJar : add gtzc
2026-02-12 22:38:56,231 [INFO] IPUIPlugin:80 - create IPUIPlugin
2026-02-12 22:38:56,231 [INFO] PluginManager:220 - loadIPPluginJar : add sai
2026-02-12 22:38:56,232 [INFO] IPUIPlugin:80 - create IPUIPlugin
2026-02-12 22:38:56,232 [INFO] PluginManager:220 - loadIPPluginJar : add tsc
2026-02-12 22:38:56,234 [INFO] IPUIPlugin:80 - create IPUIPlugin
2026-02-12 22:38:56,234 [INFO] PluginManager:220 - loadIPPluginJar : add usbx
2026-02-12 22:38:56,236 [INFO] IPUIPlugin:80 - create IPUIPlugin
2026-02-12 22:38:56,236 [INFO] PluginManager:220 - loadIPPluginJar : add can
2026-02-12 22:38:56,237 [INFO] IPUIPlugin:80 - create IPUIPlugin
2026-02-12 22:38:56,237 [INFO] PluginManager:220 - loadIPPluginJar : add i2c
2026-02-12 22:38:56,239 [INFO] IPUIPlugin:80 - create IPUIPlugin
2026-02-12 22:38:56,239 [INFO] PluginManager:220 - loadIPPluginJar : add lorawan
2026-02-12 22:38:56,240 [INFO] IPUIPlugin:80 - create IPUIPlugin
2026-02-12 22:38:56,240 [INFO] PluginManager:220 - loadIPPluginJar : add spi
2026-02-12 22:38:56,246 [INFO] IPUIPlugin:80 - create IPUIPlugin
2026-02-12 22:38:56,246 [INFO] PluginManager:220 - loadIPPluginJar : add linkedlist
2026-02-12 22:38:56,249 [INFO] IPUIPlugin:80 - create IPUIPlugin
2026-02-12 22:38:56,250 [INFO] PluginManager:220 - loadIPPluginJar : add fmc
2026-02-12 22:38:56,252 [INFO] IPUIPlugin:80 - create IPUIPlugin
2026-02-12 22:38:56,252 [INFO] PluginManager:220 - loadIPPluginJar : add i3c
2026-02-12 22:38:56,253 [INFO] IPUIPlugin:80 - create IPUIPlugin
2026-02-12 22:38:56,253 [INFO] PluginManager:220 - loadIPPluginJar : add ltdc
2026-02-12 22:38:56,258 [INFO] IPUIPlugin:80 - create IPUIPlugin
2026-02-12 22:38:56,258 [INFO] PluginManager:220 - loadIPPluginJar : add dma
2026-02-12 22:38:56,262 [INFO] IPUIPlugin:80 - create IPUIPlugin
2026-02-12 22:38:56,263 [INFO] PluginManager:220 - loadIPPluginJar : add freertos
2026-02-12 22:38:56,264 [INFO] IPUIPlugin:80 - create IPUIPlugin
2026-02-12 22:38:56,264 [INFO] PluginManager:220 - loadIPPluginJar : add hash
2026-02-12 22:38:56,270 [INFO] IPUIPlugin:80 - create IPUIPlugin
2026-02-12 22:38:56,270 [INFO] PluginManager:220 - loadIPPluginJar : add adc
2026-02-12 22:38:56,272 [INFO] IPUIPlugin:80 - create IPUIPlugin
2026-02-12 22:38:56,272 [INFO] PluginManager:220 - loadIPPluginJar : add usart
2026-02-12 22:38:56,278 [INFO] IPUIPlugin:80 - create IPUIPlugin
2026-02-12 22:38:56,278 [INFO] PluginManager:220 - loadIPPluginJar : add stm32_wpan
2026-02-12 22:38:56,279 [INFO] IPUIPlugin:80 - create IPUIPlugin
2026-02-12 22:38:56,279 [INFO] PluginManager:220 - loadIPPluginJar : add genericplugin
2026-02-12 22:38:56,283 [INFO] IPUIPlugin:80 - create IPUIPlugin
2026-02-12 22:38:56,283 [INFO] PluginManager:220 - loadIPPluginJar : add gpio
2026-02-12 22:38:56,287 [INFO] IPUIPlugin:80 - create IPUIPlugin
2026-02-12 22:38:56,287 [INFO] PluginManager:220 - loadIPPluginJar : add nvic
2026-02-12 22:38:56,289 [INFO] IPUIPlugin:80 - create IPUIPlugin
2026-02-12 22:38:56,289 [INFO] PluginManager:220 - loadIPPluginJar : add dfsdm
2026-02-12 22:38:56,291 [INFO] IPUIPlugin:80 - create IPUIPlugin
2026-02-12 22:38:56,291 [INFO] PluginManager:220 - loadIPPluginJar : add fatfs
2026-02-12 22:38:56,293 [INFO] IPUIPlugin:80 - create IPUIPlugin
2026-02-12 22:38:56,293 [INFO] PluginManager:220 - loadIPPluginJar : add comp
2026-02-12 22:38:56,295 [INFO] IPUIPlugin:80 - create IPUIPlugin
2026-02-12 22:38:56,295 [INFO] PluginManager:220 - loadIPPluginJar : add i2s
2026-02-12 22:38:56,297 [INFO] IPUIPlugin:80 - create IPUIPlugin
2026-02-12 22:38:56,298 [INFO] PluginManager:220 - loadIPPluginJar : add cryp
2026-02-12 22:38:56,299 [INFO] IPUIPlugin:80 - create IPUIPlugin
2026-02-12 22:38:56,299 [INFO] PluginManager:220 - loadIPPluginJar : add quadspi
2026-02-12 22:38:56,305 [INFO] IPUIPlugin:80 - create IPUIPlugin
2026-02-12 22:38:56,305 [INFO] PluginManager:220 - loadIPPluginJar : add gic
2026-02-12 22:38:56,307 [INFO] IPUIPlugin:80 - create IPUIPlugin
2026-02-12 22:38:56,307 [INFO] PluginManager:220 - loadIPPluginJar : add tim
2026-02-12 22:38:56,309 [INFO] IPUIPlugin:80 - create IPUIPlugin
2026-02-12 22:38:56,309 [INFO] PluginManager:220 - loadIPPluginJar : add extmemmanager
2026-02-12 22:38:56,413 [FATAL] Updater:351 - Updater called before beeing initialized
2026-02-12 22:38:56,434 [INFO] RulesReader:64 - Compatibility file has been processed (317 Rules)
2026-02-12 22:38:56,443 [INFO] RulesReader:64 - Compatibility file has been processed (317 Rules)
2026-02-12 22:38:56,450 [INFO] CADModel:165 - CPN selected for project level
2026-02-12 22:38:56,450 [INFO] CADModel:114 - Register for checkConnection events
2026-02-12 22:38:56,450 [FATAL] Updater:351 - Updater called before beeing initialized
2026-02-12 22:38:56,450 [ERROR] CADModel:125 - Updater not yet initialized, retry later 
2026-02-12 22:38:56,532 [FATAL] Updater:351 - Updater called before beeing initialized
2026-02-12 22:38:56,533 [INFO] CADModel:165 - CPN selected for project level
2026-02-12 22:38:56,533 [INFO] CADModel:114 - Register for checkConnection events
2026-02-12 22:38:56,533 [FATAL] Updater:351 - Updater called before beeing initialized
2026-02-12 22:38:56,533 [ERROR] CADModel:125 - Updater not yet initialized, retry later 
2026-02-12 22:38:56,535 [FATAL] Updater:351 - Updater called before beeing initialized
2026-02-12 22:38:56,589 [FATAL] Updater:351 - Updater called before beeing initialized
2026-02-12 22:38:56,593 [INFO] DbMcusAds:53 - JSON generation date=Mon Nov 10 11:43:01 CET 2025 (1762771381096)
2026-02-12 22:38:56,593 [FATAL] Updater:351 - Updater called before beeing initialized
2026-02-12 22:38:56,614 [WARN] DetailPanel:346 - Failed to get advertising image, set to default
2026-02-12 22:38:56,670 [FATAL] Updater:351 - Updater called before beeing initialized
2026-02-12 22:38:56,672 [FATAL] Updater:351 - Updater called before beeing initialized
2026-02-12 22:38:56,672 [FATAL] Updater:351 - Updater called before beeing initialized
2026-02-12 22:38:56,672 [WARN] DetailPanel:346 - Failed to get advertising image, set to default
2026-02-12 22:38:56,673 [FATAL] Updater:351 - Updater called before beeing initialized
2026-02-12 22:38:56,694 [ERROR] Updater:1198 - MainUpdater not yet initialized. External WinMGr cannot be set.
2026-02-12 22:38:56,695 [INFO] Updater:1134 - Updater Version found : 6.15.0
2026-02-12 22:38:56,710 [INFO] ApplicationProperties:184 - Using Application install path: /opt/st/stm32cubeide_1.19.0/plugins/com.st.stm32cube.common.mx_6.15.0.202507011659
2026-02-12 22:38:56,927 [INFO] MainUpdater:2872 - connection check result : 10
2026-02-12 22:38:56,927 [INFO] MainUpdater:289 - Updater Check For Update Now.
2026-02-12 22:38:56,927 [INFO] MicroXplorer:498 - Change Database Version : DB.6.0.150
2026-02-12 22:38:56,931 [INFO] McuFinderGlobals:63 - Set McuFinder mode to 2 (CubeIDE integrated)
2026-02-12 22:38:56,932 [INFO] UserAuth:487 - Internet connection configuration mode: 1
2026-02-12 22:38:56,949 [INFO] JxBrowserEngine:152 - Initiate JxBrowser Engine with user profile folder
2026-02-12 22:38:57,088 [INFO] CheckServerUpdateThread:120 - End of CheckServer Thread
2026-02-12 22:38:57,579 [INFO] WebApp:169 - Instantiating new browser for Auth
2026-02-12 22:38:58,030 [INFO] WebApp:463 - Apply proxy settings
2026-02-12 22:38:58,030 [INFO] WebApp:548 - Chromium requires no authentication
2026-02-12 22:38:58,036 [INFO] WebApp:491 - Direct internet connection detected
2026-02-12 22:38:58,046 [INFO] WebApp:900 - Register for checkConnection events
2026-02-12 22:38:58,046 [INFO] WebApp:463 - Apply proxy settings
2026-02-12 22:38:58,046 [INFO] WebApp:548 - Chromium requires no authentication
2026-02-12 22:38:58,046 [INFO] WebApp:491 - Direct internet connection detected
2026-02-12 22:38:58,116 [INFO] WebApp:225 - Starting web application
2026-02-12 22:38:58,116 [INFO] WebApp:593 - Web application path used /opt/st/stm32cubeide_1.19.0/plugins/com.st.stm32cube.common.mx_6.15.0.202507011659/db/plugins/mcufinder/reactClient1/index.html
2026-02-12 22:38:58,181 [INFO] UserAuth:487 - Internet connection configuration mode: 1
2026-02-12 22:38:58,580 [INFO] WebApp:191 - Connection restablished
2026-02-12 22:38:59,049 [WARN] PackLoader:240 - Cannot read IP mode file for STMicroelectronics.FP-SNS-MOTENVWB1.1.4.0
2026-02-12 22:38:59,056 [WARN] PackLoader:240 - Cannot read IP mode file for STMicroelectronics.FP-ATR-ASTRA1.2.0.2
2026-02-12 22:38:59,064 [WARN] PackLoader:240 - Cannot read IP mode file for STMicroelectronics.X-CUBE-SMBUS.2.1.0
2026-02-12 22:38:59,069 [WARN] PackLoader:240 - Cannot read IP mode file for STMicroelectronics.X-CUBE-ST60.1.0.0
2026-02-12 22:38:59,091 [WARN] PackLoader:240 - Cannot read IP mode file for STMicroelectronics.X-CUBE-AZRTOS-F7.1.1.0
2026-02-12 22:38:59,099 [WARN] PackLoader:240 - Cannot read IP mode file for Cesanta.I-CUBE-Mongoose.7.19.0
2026-02-12 22:38:59,103 [WARN] PackLoader:240 - Cannot read IP mode file for STMicroelectronics.FP-SNS-MOTENV1.5.1.0
2026-02-12 22:38:59,114 [WARN] PackLoader:240 - Cannot read IP mode file for WES.I-CUBE-Cesium.1.4.0
2026-02-12 22:38:59,134 [WARN] PackLoader:240 - Cannot read IP mode file for Infineon.AIROC-Wi-Fi-Bluetooth-STM32.1.7.1
2026-02-12 22:38:59,160 [WARN] PackLoader:240 - Cannot read IP mode file for STMicroelectronics.X-CUBE-AZRTOS-H7.3.4.0
2026-02-12 22:38:59,168 [WARN] PackLoader:240 - Cannot read IP mode file for STMicroelectronics.X-CUBE-DISPLAY.3.0.0
2026-02-12 22:38:59,176 [WARN] PackLoader:240 - Cannot read IP mode file for STMicroelectronics.X-CUBE-NFC10.1.0.0
2026-02-12 22:38:59,180 [WARN] PackLoader:240 - Cannot read IP mode file for STMicroelectronics.X-CUBE-ST60.1.1.0
2026-02-12 22:38:59,184 [WARN] PackLoader:240 - Cannot read IP mode file for emotas.I-CUBE-CANOPEN.1.3.0
2026-02-12 22:38:59,187 [WARN] PackLoader:240 - Cannot read IP mode file for STMicroelectronics.X-CUBE-GNSS1.7.1.0
2026-02-12 22:38:59,190 [WARN] PackLoader:240 - Cannot read IP mode file for STMicroelectronics.FP-SNS-SMARTAG2.1.2.0
2026-02-12 22:38:59,192 [WARN] PackLoader:240 - Cannot read IP mode file for STMicroelectronics.FP-SNS-FLIGHT1.5.1.0
2026-02-12 22:38:59,197 [INFO] LogOutputStream:77 - [STDOUT_REDIRECT] 1 : Invalid condition id : UX_CORESTACK_Condition cause : null
2026-02-12 22:38:59,197 [INFO] LogOutputStream:77 - [STDOUT_REDIRECT] 1 : Invalid condition id : UX_CORESTACK_Condition cause : null
2026-02-12 22:38:59,197 [INFO] LogOutputStream:77 - [STDOUT_REDIRECT] 1 : Invalid condition id : UX_CORESTACK_Condition cause : null
2026-02-12 22:38:59,198 [INFO] LogOutputStream:77 - [STDOUT_REDIRECT] 1 : Invalid condition id : UX_CORESTACK_Condition cause : null
2026-02-12 22:38:59,198 [INFO] LogOutputStream:77 - [STDOUT_REDIRECT] 1 : Invalid condition id : UX_CORESTACK_Condition cause : null
2026-02-12 22:38:59,200 [WARN] PackLoader:240 - Cannot read IP mode file for STMicroelectronics.X-CUBE-AZRTOS-WL.2.0.0
2026-02-12 22:38:59,203 [WARN] PackLoader:240 - Cannot read IP mode file for STMicroelectronics.FP-SNS-MOTENV1.5.0.0
2026-02-12 22:38:59,216 [WARN] PackLoader:240 - Cannot read IP mode file for STMicroelectronics.X-CUBE-AZRTOS-H7RS.1.2.0
2026-02-12 22:38:59,222 [WARN] PackLoader:240 - Cannot read IP mode file for STMicroelectronics.X-CUBE-BLE2.3.3.0
2026-02-12 22:38:59,235 [WARN] PackLoader:240 - Cannot read IP mode file for STMicroelectronics.X-CUBE-NFC9.1.0.0
2026-02-12 22:38:59,238 [WARN] PackLoader:240 - Cannot read IP mode file for wolfSSL.I-CUBE-wolfSSL.5.8.2
2026-02-12 22:38:59,240 [WARN] PackLoader:240 - Cannot read IP mode file for STMicroelectronics.X-CUBE-BLE1.7.1.0
2026-02-12 22:38:59,243 [WARN] PackLoader:240 - Cannot read IP mode file for wolfSSL.I-CUBE-wolfMQTT.1.19.2
2026-02-12 22:38:59,246 [WARN] PackLoader:240 - Cannot read IP mode file for STMicroelectronics.X-CUBE-FREERTOS.1.4.0
2026-02-12 22:38:59,256 [WARN] PackLoader:240 - Cannot read IP mode file for STMicroelectronics.X-CUBE-EEPRMA1.5.2.0
2026-02-12 22:38:59,263 [WARN] PackLoader:240 - Cannot read IP mode file for STMicroelectronics.X-CUBE-ST67W61.1.1.0
2026-02-12 22:38:59,292 [WARN] PackLoader:240 - Cannot read IP mode file for STMicroelectronics.X-CUBE-MEMS1.12.0.0
2026-02-12 22:38:59,362 [WARN] PackLoader:240 - Cannot read IP mode file for STMicroelectronics.X-CUBE-AZRTOS-G0.1.1.0
2026-02-12 22:38:59,366 [WARN] PackLoader:240 - Cannot read IP mode file for STMicroelectronics.X-CUBE-SAFEA1.1.2.2
2026-02-12 22:38:59,371 [WARN] PackLoader:240 - Cannot read IP mode file for STMicroelectronics.X-CUBE-NFC4.3.0.0
2026-02-12 22:38:59,380 [WARN] PackLoader:240 - Cannot read IP mode file for EmbeddedOffice.I-CUBE-FS-RTOS.1.0.1
2026-02-12 22:38:59,383 [WARN] PackLoader:240 - Cannot read IP mode file for STMicroelectronics.X-CUBE-WB05N.2.0.0
2026-02-12 22:38:59,386 [WARN] PackLoader:240 - Cannot read IP mode file for wolfSSL.I-CUBE-wolfTPM.3.8.0
2026-02-12 22:38:59,389 [WARN] PackLoader:240 - Cannot read IP mode file for STMicroelectronics.X-CUBE-TCPP.4.2.0
2026-02-12 22:38:59,393 [WARN] PackLoader:240 - Cannot read IP mode file for RealThread.X-CUBE-RT-Thread_Nano.4.1.1
2026-02-12 22:38:59,396 [WARN] PackLoader:240 - Cannot read IP mode file for STMicroelectronics.FP-ATR-SIGFOX1.3.2.0
2026-02-12 22:38:59,399 [WARN] PackLoader:240 - Cannot read IP mode file for ITTIA_DB.I-CUBE-ITTIADB.8.9.0
2026-02-12 22:38:59,404 [WARN] PackLoader:240 - Cannot read IP mode file for STMicroelectronics.X-CUBE-NFC6.3.2.0
2026-02-12 22:38:59,422 [WARN] PackLoader:240 - Cannot read IP mode file for SEGGER.I-CUBE-embOS.1.3.1
2026-02-12 22:38:59,451 [WARN] PackLoader:240 - Cannot read IP mode file for STMicroelectronics.X-CUBE-ALGOBUILD.1.4.0
2026-02-12 22:38:59,478 [WARN] PackLoader:240 - Cannot read IP mode file for STMicroelectronics.X-CUBE-MEMS1.11.3.0
2026-02-12 22:38:59,604 [WARN] PackLoader:240 - Cannot read IP mode file for STMicroelectronics.X-CUBE-PM33A1.1.0.0
2026-02-12 22:38:59,615 [WARN] PackLoader:240 - Cannot read IP mode file for STMicroelectronics.X-CUBE-AZRTOS-F4.1.1.0
2026-02-12 22:38:59,619 [WARN] PackLoader:240 - Cannot read IP mode file for STMicroelectronics.X-CUBE-ISPU.2.1.0
2026-02-12 22:38:59,627 [WARN] PackLoader:240 - Cannot read IP mode file for STMicroelectronics.X-CUBE-IPS.3.2.0
2026-02-12 22:38:59,634 [WARN] PackLoader:240 - Cannot read IP mode file for STMicroelectronics.X-CUBE-NFC12.1.0.0
2026-02-12 22:38:59,648 [WARN] PackLoader:240 - Cannot read IP mode file for STMicroelectronics.X-CUBE-AZRTOS-L5.2.0.0
2026-02-12 22:38:59,654 [WARN] PackLoader:240 - Cannot read IP mode file for STMicroelectronics.X-CUBE-NFC6.3.1.0
2026-02-12 22:38:59,657 [WARN] PackLoader:240 - Cannot read IP mode file for STMicroelectronics.X-CUBE-FREERTOS.1.3.1
2026-02-12 22:38:59,661 [WARN] PackLoader:240 - Cannot read IP mode file for STMicroelectronics.X-CUBE-TOUCHGFX.4.26.0
2026-02-12 22:38:59,664 [WARN] PackLoader:240 - Cannot read IP mode file for STMicroelectronics.X-CUBE-DPower.1.3.0
2026-02-12 22:38:59,673 [WARN] ConditionMgr:438 - getConditionDescription Invalid condition id : LAN8742 Phy interface Condition cause : null
2026-02-12 22:38:59,674 [WARN] PackLoader:240 - Cannot read IP mode file for STMicroelectronics.X-CUBE-AZRTOS-L4.2.0.0
2026-02-12 22:38:59,674 [WARN] ConditionMgr:1044 - genDependencies : Invalid condition id : LAN8742 Phy interface Condition cause : null
2026-02-12 22:38:59,674 [WARN] ConditionMgr:1044 - genDependencies : Invalid condition id : LAN8742 Phy interface Condition cause : null
2026-02-12 22:38:59,675 [WARN] ConditionMgr:1044 - genDependencies : Invalid condition id : LAN8742 Phy interface Condition cause : null
2026-02-12 22:38:59,678 [WARN] PackLoader:240 - Cannot read IP mode file for STMicroelectronics.X-CUBE-SFXS2LP1.4.0.0
2026-02-12 22:38:59,682 [WARN] PackLoader:240 - Cannot read IP mode file for STMicroelectronics.X-CUBE-ST67W61.1.2.0
2026-02-12 22:38:59,688 [WARN] PackLoader:240 - Cannot read IP mode file for STMicroelectronics.X-CUBE-BLEMGR.4.1.0
2026-02-12 22:38:59,696 [WARN] ConditionMgr:438 - getConditionDescription Invalid condition id : UX DEVICE CLASS RTOS Condition cause : null
2026-02-12 22:38:59,696 [WARN] ConditionMgr:438 - getConditionDescription Invalid condition id : UX DEVICE CLASS RTOS Condition cause : null
2026-02-12 22:38:59,697 [WARN] PackLoader:240 - Cannot read IP mode file for STMicroelectronics.X-CUBE-AZRTOS-WB.2.0.0
2026-02-12 22:38:59,697 [WARN] ConditionMgr:1044 - genDependencies : Invalid condition id : UX DEVICE CLASS RTOS Condition cause : null
2026-02-12 22:38:59,697 [WARN] ConditionMgr:1044 - genDependencies : Invalid condition id : UX DEVICE CLASS RTOS Condition cause : null
2026-02-12 22:38:59,697 [WARN] ConditionMgr:1044 - genDependencies : Invalid condition id : UX DEVICE CLASS RTOS Condition cause : null
2026-02-12 22:38:59,697 [WARN] ConditionMgr:1044 - genDependencies : Invalid condition id : UX DEVICE CLASS RTOS Condition cause : null
2026-02-12 22:38:59,697 [WARN] ConditionMgr:1044 - genDependencies : Invalid condition id : UX DEVICE CLASS RTOS Condition cause : null
2026-02-12 22:38:59,701 [WARN] PackLoader:240 - Cannot read IP mode file for STMicroelectronics.X-CUBE-GNSS1.7.0.1
2026-02-12 22:38:59,703 [WARN] ConditionMgr:438 - getConditionDescription Invalid condition id : Cortex-A Device cause : null
2026-02-12 22:38:59,709 [WARN] ConditionMgr:1044 - genDependencies : Invalid condition id : Cortex-A Device cause : null
2026-02-12 22:38:59,709 [WARN] ConditionMgr:1044 - genDependencies : Invalid condition id : Cortex-A Device cause : null
2026-02-12 22:38:59,709 [WARN] ConditionMgr:1044 - genDependencies : Invalid condition id : Cortex-A Device cause : null
2026-02-12 22:38:59,712 [WARN] PackLoader:240 - Cannot read IP mode file for STMicroelectronics.X-CUBE-STSE01.2.0.0
2026-02-12 22:38:59,718 [WARN] PackLoader:240 - Cannot read IP mode file for STMicroelectronics.X-CUBE-SUBG2.5.0.0
2026-02-12 22:38:59,731 [WARN] PackLoader:240 - Cannot read IP mode file for STMicroelectronics.X-CUBE-AZRTOS-H7RS.1.1.0
2026-02-12 22:38:59,739 [WARN] PackLoader:240 - Cannot read IP mode file for STMicroelectronics.X-CUBE-AZRTOS-G4.2.0.0
2026-02-12 22:38:59,742 [WARN] PackLoader:240 - Cannot read IP mode file for wolfSSL.I-CUBE-wolfSSH.1.4.20
2026-02-12 22:38:59,744 [WARN] PackLoader:240 - Cannot read IP mode file for STMicroelectronics.X-CUBE-NFC7.2.0.0
2026-02-12 22:38:59,746 [WARN] PackLoader:240 - Cannot read IP mode file for STMicroelectronics.X-CUBE-ALS.1.0.2
2026-02-12 22:38:59,750 [WARN] PackLoader:240 - Cannot read IP mode file for STMicroelectronics.X-CUBE-STSE01.1.0.0
2026-02-12 22:38:59,755 [WARN] PackLoader:240 - Cannot read IP mode file for STMicroelectronics.X-CUBE-TOF1.3.4.3
2026-02-12 22:38:59,760 [INFO] ThirdParty:978 - Integrity check success = true
2026-02-12 22:38:59,761 [INFO] IntegrityCheckThread:100 - exiting critical section [integrity check]
2026-02-12 22:38:59,761 [INFO] IntegrityCheckThread:103 - End integrity checks thread
2026-02-12 23:24:37,210 [ERROR] LogOutputStream:75 - [STDERR_REDIRECT] 
