2025-10-17 14:27:31,496 [INFO] Activator:176 - 


2025-10-17 14:27:31,499 [INFO] Activator:177 - !SESSION log4j initialized
2025-10-17 14:27:34,606 [INFO] LogOutputStream:77 - [STDOUT_REDIRECT] 
2025-10-17 14:27:35,004 [INFO] ApplicationProperties:184 - Using Application install path: /opt/st/stm32cubeide_1.19.0/plugins/com.st.stm32cube.common.mx_6.15.0.202507011659
2025-10-17 14:27:35,016 [INFO] DbMcusXml:78 - Set database path to: /opt/st/stm32cubeide_1.19.0/plugins/com.st.stm32cube.common.mx_6.15.0.202507011659//db//mcu/
2025-10-17 14:27:35,016 [INFO] ApiDb:274 - Set plugin database path to: /opt/st/stm32cubeide_1.19.0/plugins/com.st.stm32cube.common.mx_6.15.0.202507011659//db//plugins/boardmanager/
2025-10-17 14:27:35,016 [WARN] ApiDb:259 - Overriding images path with different value:  => /opt/st/stm32cubeide_1.19.0/plugins/com.st.stm32cube.common.mx_6.15.0.202507011659//db//plugins/mcufinder/images/
2025-10-17 14:27:35,020 [INFO] ApiDb:250 - Set database path to: /home/kamil/.stmcufinder/plugins/mcufinder//mcu/
2025-10-17 14:27:35,020 [INFO] DbMcusAds:125 - Set database path to: /home/kamil/.stmcufinder/plugins/mcufinder//mcu/
2025-10-17 14:27:35,022 [INFO] CrossReferenceDbSqlite:203 - Set database path to: /home/kamil/.stmcufinder/plugins/mcufinder//mcu/cs/
2025-10-17 14:27:35,099 [INFO] RulesReader:64 - Compatibility file has been processed (317 Rules)
2025-10-17 14:27:35,139 [INFO] DbMcusXml:78 - Set database path to: /opt/st/stm32cubeide_1.19.0/plugins/com.st.stm32cube.common.mx_6.15.0.202507011659//db//mcu/
2025-10-17 14:27:35,139 [INFO] ApiDb:274 - Set plugin database path to: /opt/st/stm32cubeide_1.19.0/plugins/com.st.stm32cube.common.mx_6.15.0.202507011659//db//plugins/boardmanager/
2025-10-17 14:27:35,139 [INFO] ApiDb:261 - Set plugin images path to: /opt/st/stm32cubeide_1.19.0/plugins/com.st.stm32cube.common.mx_6.15.0.202507011659//db//plugins/mcufinder/images/
2025-10-17 14:27:35,139 [WARN] DbFile:41 - Overriding database path with different value: /home/kamil/.stmcufinder/plugins/mcufinder/ => /home/kamil/.stmcufinder/plugins/mcufinder
2025-10-17 14:27:35,139 [INFO] ApiDb:250 - Set database path to: /home/kamil/.stmcufinder/plugins/mcufinder//mcu/
2025-10-17 14:27:35,139 [WARN] DbFile:41 - Overriding database path with different value: /home/kamil/.stmcufinder/plugins/mcufinder/ => /home/kamil/.stmcufinder/plugins/mcufinder
2025-10-17 14:27:35,139 [INFO] DbMcusAds:125 - Set database path to: /home/kamil/.stmcufinder/plugins/mcufinder//mcu/
2025-10-17 14:27:35,139 [WARN] DbFile:41 - Overriding database path with different value: /home/kamil/.stmcufinder/plugins/mcufinder/ => /home/kamil/.stmcufinder/plugins/mcufinder
2025-10-17 14:27:35,139 [WARN] DbFile:41 - Overriding database path with different value: /home/kamil/.stmcufinder/plugins/mcufinder/ => /home/kamil/.stmcufinder/plugins/mcufinder
2025-10-17 14:27:35,139 [INFO] CrossReferenceDbSqlite:203 - Set database path to: /home/kamil/.stmcufinder/plugins/mcufinder//mcu/cs/
2025-10-17 14:27:35,183 [INFO] MainPanel:274 - HeapMemory: 268435456
2025-10-17 14:27:35,263 [INFO] DbMcusXml:78 - Set database path to: /opt/st/stm32cubeide_1.19.0/plugins/com.st.stm32cube.common.mx_6.15.0.202507011659//db//mcu/
2025-10-17 14:27:35,263 [INFO] ApiDb:274 - Set plugin database path to: /opt/st/stm32cubeide_1.19.0/plugins/com.st.stm32cube.common.mx_6.15.0.202507011659//db//plugins/boardmanager/
2025-10-17 14:27:35,263 [INFO] ApiDb:261 - Set plugin images path to: /opt/st/stm32cubeide_1.19.0/plugins/com.st.stm32cube.common.mx_6.15.0.202507011659//db//plugins/mcufinder/images/
2025-10-17 14:27:35,264 [WARN] DbFile:41 - Overriding database path with different value: /home/kamil/.stmcufinder/plugins/mcufinder/ => /home/kamil/.stmcufinder/plugins/mcufinder
2025-10-17 14:27:35,264 [INFO] ApiDb:250 - Set database path to: /home/kamil/.stmcufinder/plugins/mcufinder//mcu/
2025-10-17 14:27:35,264 [WARN] DbFile:41 - Overriding database path with different value: /home/kamil/.stmcufinder/plugins/mcufinder/ => /home/kamil/.stmcufinder/plugins/mcufinder
2025-10-17 14:27:35,264 [INFO] DbMcusAds:125 - Set database path to: /home/kamil/.stmcufinder/plugins/mcufinder//mcu/
2025-10-17 14:27:35,264 [WARN] DbFile:41 - Overriding database path with different value: /home/kamil/.stmcufinder/plugins/mcufinder/ => /home/kamil/.stmcufinder/plugins/mcufinder
2025-10-17 14:27:35,264 [WARN] DbFile:41 - Overriding database path with different value: /home/kamil/.stmcufinder/plugins/mcufinder/ => /home/kamil/.stmcufinder/plugins/mcufinder
2025-10-17 14:27:35,264 [INFO] CrossReferenceDbSqlite:203 - Set database path to: /home/kamil/.stmcufinder/plugins/mcufinder//mcu/cs/
2025-10-17 14:27:35,272 [INFO] ApplicationProperties:184 - Using Application install path: /opt/st/stm32cubeide_1.19.0/plugins/com.st.stm32cube.common.mx_6.15.0.202507011659
2025-10-17 14:27:35,273 [INFO] PluginManage:196 - Search for loadable plugins [exclusion list=, ]
2025-10-17 14:27:35,274 [INFO] PluginManage:310 - Check plugin analytics
2025-10-17 14:27:35,371 [INFO] AnalyticsPlugin:253 - Accepted Software Licenses: 
2025-10-17 14:27:35,371 [INFO] AnalyticsPlugin:255 - Accepted CMSIS Pack Licenses: 
2025-10-17 14:27:35,371 [INFO] AnalyticsPlugin:257 - Accepted Firmware Licenses: 
2025-10-17 14:27:35,372 [INFO] PluginManage:359 - Loaded plugin analytics (category:tool,tabindex:-1)
2025-10-17 14:27:35,372 [INFO] PluginManage:310 - Check plugin cadmodel
2025-10-17 14:27:35,375 [INFO] CADModel:105 - Init CAD model plugin
2025-10-17 14:27:35,375 [INFO] PluginManage:359 - Loaded plugin cadmodel (category:power,tabindex:5)
2025-10-17 14:27:35,375 [INFO] PluginManage:310 - Check plugin clock
2025-10-17 14:27:35,380 [INFO] PluginManage:359 - Loaded plugin clock (category:base,tabindex:2)
2025-10-17 14:27:35,381 [INFO] PluginManage:310 - Check plugin ddr
2025-10-17 14:27:35,382 [INFO] PluginManage:359 - Loaded plugin ddr (category:tool,tabindex:6)
2025-10-17 14:27:35,382 [INFO] PluginManage:310 - Check plugin filemanager
2025-10-17 14:27:35,469 [INFO] PluginManage:359 - Loaded plugin filemanager (category:base,tabindex:10)
2025-10-17 14:27:35,470 [INFO] PluginManage:310 - Check plugin ipmanager
2025-10-17 14:27:35,473 [INFO] PluginManage:359 - Loaded plugin ipmanager (category:base,tabindex:5)
2025-10-17 14:27:35,473 [INFO] PluginManage:310 - Check plugin lpbam
2025-10-17 14:27:35,478 [INFO] PluginManage:359 - Loaded plugin lpbam (category:base,tabindex:0)
2025-10-17 14:27:35,478 [INFO] PluginManage:310 - Check plugin memorymap
2025-10-17 14:27:35,485 [INFO] PluginManage:359 - Loaded plugin memorymap (category:base,tabindex:4)
2025-10-17 14:27:35,485 [INFO] PluginManage:310 - Check plugin pinoutandconfiguration
2025-10-17 14:27:35,490 [INFO] PluginManage:359 - Loaded plugin pinoutandconfiguration (category:base,tabindex:1)
2025-10-17 14:27:35,490 [INFO] PluginManage:310 - Check plugin pinoutconfig
2025-10-17 14:27:35,544 [WARN] SupportedApi:132 - Cannot load RTOS API schema: s4s-elt-must-match.1: The content of 'definitions' must match (annotation?, (simpleType | complexType)?, (unique | key | keyref)*)). A problem was found starting at: attribute.
2025-10-17 14:27:35,629 [INFO] PluginManage:359 - Loaded plugin pinoutconfig (category:base,tabindex:0)
2025-10-17 14:27:35,629 [INFO] PluginManage:310 - Check plugin power
2025-10-17 14:27:35,635 [INFO] PluginManage:359 - Loaded plugin power (category:power,tabindex:4)
2025-10-17 14:27:35,635 [INFO] PluginManage:310 - Check plugin projectmanager
2025-10-17 14:27:35,644 [INFO] PluginManage:359 - Loaded plugin projectmanager (category:projectmanager,tabindex:4)
2025-10-17 14:27:35,644 [INFO] PluginManage:310 - Check plugin rif
2025-10-17 14:27:35,650 [INFO] PluginManage:359 - Loaded plugin rif (category:base,tabindex:3)
2025-10-17 14:27:35,650 [INFO] PluginManage:310 - Check plugin thirdparty
2025-10-17 14:27:35,741 [WARN] IntegrityCheckThread:84 - waiting for thirdparty lock release [integrity check]
2025-10-17 14:27:35,741 [INFO] PluginManage:359 - Loaded plugin thirdparty (category:base,tabindex:-1)
2025-10-17 14:27:35,741 [INFO] IntegrityCheckThread:86 - entering critical section [integrity check]
2025-10-17 14:27:35,741 [INFO] PluginManage:310 - Check plugin tools
2025-10-17 14:27:35,742 [INFO] ThirdPartyUpdaterWithRetryManager:70 - Updater plugin not ready yet. [1/15]
2025-10-17 14:27:35,743 [INFO] PluginManage:359 - Loaded plugin tools (category:base,tabindex:7)
2025-10-17 14:27:35,743 [INFO] PluginManage:310 - Check plugin tutovideos
2025-10-17 14:27:35,866 [INFO] PluginManage:359 - Loaded plugin tutovideos (category:base,tabindex:-1)
2025-10-17 14:27:35,866 [INFO] PluginManage:310 - Check plugin updater
2025-10-17 14:27:35,881 [INFO] PluginManage:359 - Loaded plugin updater (category:base,tabindex:12)
2025-10-17 14:27:35,881 [INFO] PluginManage:310 - Check plugin userauth
2025-10-17 14:27:35,884 [INFO] UserAuth:118 - Init User Auth plugin
2025-10-17 14:27:35,884 [INFO] PluginManage:359 - Loaded plugin userauth (category:base,tabindex:14)
2025-10-17 14:27:35,885 [INFO] PluginManage:283 - PluginManage : Loaded plugins [18]
2025-10-17 14:27:36,002 [INFO] PinOutPanel:1589 - setPackage(No Configuration,No Configuration)
2025-10-17 14:27:36,048 [INFO] CADModel:165 - CPN selected for project level
2025-10-17 14:27:36,048 [INFO] CADModel:114 - Register for checkConnection events
2025-10-17 14:27:36,055 [INFO] IPUIPlugin:80 - create IPUIPlugin
2025-10-17 14:27:36,055 [INFO] PluginManager:220 - loadIPPluginJar : add tracer_emb
2025-10-17 14:27:36,056 [INFO] IPUIPlugin:80 - create IPUIPlugin
2025-10-17 14:27:36,056 [INFO] PluginManager:220 - loadIPPluginJar : add radio
2025-10-17 14:27:36,061 [INFO] IPUIPlugin:80 - create IPUIPlugin
2025-10-17 14:27:36,061 [INFO] PluginManager:220 - loadIPPluginJar : add ddr_ctrl_phy
2025-10-17 14:27:36,066 [INFO] IPUIPlugin:80 - create IPUIPlugin
2025-10-17 14:27:36,066 [INFO] PluginManager:220 - loadIPPluginJar : add mdma
2025-10-17 14:27:36,068 [INFO] IPUIPlugin:80 - create IPUIPlugin
2025-10-17 14:27:36,068 [INFO] PluginManager:220 - loadIPPluginJar : add touchsensing
2025-10-17 14:27:36,069 [INFO] IPUIPlugin:80 - create IPUIPlugin
2025-10-17 14:27:36,069 [INFO] PluginManager:220 - loadIPPluginJar : add ucpd
2025-10-17 14:27:36,073 [INFO] IPUIPlugin:80 - create IPUIPlugin
2025-10-17 14:27:36,075 [INFO] PluginManager:220 - loadIPPluginJar : add plateformsettings
2025-10-17 14:27:36,078 [INFO] IPUIPlugin:80 - create IPUIPlugin
2025-10-17 14:27:36,079 [INFO] PluginManager:220 - loadIPPluginJar : add ipddr
2025-10-17 14:27:36,083 [INFO] IPUIPlugin:80 - create IPUIPlugin
2025-10-17 14:27:36,083 [INFO] PluginManager:220 - loadIPPluginJar : add resmgrutility
2025-10-17 14:27:36,084 [INFO] IPUIPlugin:80 - create IPUIPlugin
2025-10-17 14:27:36,084 [INFO] PluginManager:220 - loadIPPluginJar : add ts
2025-10-17 14:27:36,086 [INFO] IPUIPlugin:80 - create IPUIPlugin
2025-10-17 14:27:36,086 [INFO] PluginManager:220 - loadIPPluginJar : add dma3
2025-10-17 14:27:36,088 [INFO] IPUIPlugin:80 - create IPUIPlugin
2025-10-17 14:27:36,088 [INFO] PluginManager:220 - loadIPPluginJar : add openamp
2025-10-17 14:27:36,089 [INFO] IPUIPlugin:80 - create IPUIPlugin
2025-10-17 14:27:36,089 [INFO] PluginManager:220 - loadIPPluginJar : add opamp
2025-10-17 14:27:36,090 [INFO] IPUIPlugin:80 - create IPUIPlugin
2025-10-17 14:27:36,091 [INFO] PluginManager:220 - loadIPPluginJar : add pdm2pcm
2025-10-17 14:27:36,092 [INFO] IPUIPlugin:80 - create IPUIPlugin
2025-10-17 14:27:36,092 [INFO] PluginManager:220 - loadIPPluginJar : add gfxmmu
2025-10-17 14:27:36,094 [INFO] IPUIPlugin:80 - create IPUIPlugin
2025-10-17 14:27:36,094 [INFO] PluginManager:220 - loadIPPluginJar : add aes
2025-10-17 14:27:36,096 [INFO] IPUIPlugin:80 - create IPUIPlugin
2025-10-17 14:27:36,096 [INFO] PluginManager:220 - loadIPPluginJar : add gtzc
2025-10-17 14:27:36,099 [INFO] IPUIPlugin:80 - create IPUIPlugin
2025-10-17 14:27:36,099 [INFO] PluginManager:220 - loadIPPluginJar : add sai
2025-10-17 14:27:36,101 [INFO] IPUIPlugin:80 - create IPUIPlugin
2025-10-17 14:27:36,101 [INFO] PluginManager:220 - loadIPPluginJar : add tsc
2025-10-17 14:27:36,104 [INFO] IPUIPlugin:80 - create IPUIPlugin
2025-10-17 14:27:36,104 [INFO] PluginManager:220 - loadIPPluginJar : add usbx
2025-10-17 14:27:36,106 [INFO] IPUIPlugin:80 - create IPUIPlugin
2025-10-17 14:27:36,107 [INFO] PluginManager:220 - loadIPPluginJar : add can
2025-10-17 14:27:36,109 [INFO] IPUIPlugin:80 - create IPUIPlugin
2025-10-17 14:27:36,109 [INFO] PluginManager:220 - loadIPPluginJar : add i2c
2025-10-17 14:27:36,110 [INFO] IPUIPlugin:80 - create IPUIPlugin
2025-10-17 14:27:36,111 [INFO] PluginManager:220 - loadIPPluginJar : add lorawan
2025-10-17 14:27:36,112 [INFO] IPUIPlugin:80 - create IPUIPlugin
2025-10-17 14:27:36,112 [INFO] PluginManager:220 - loadIPPluginJar : add spi
2025-10-17 14:27:36,119 [INFO] IPUIPlugin:80 - create IPUIPlugin
2025-10-17 14:27:36,119 [INFO] PluginManager:220 - loadIPPluginJar : add linkedlist
2025-10-17 14:27:36,123 [INFO] IPUIPlugin:80 - create IPUIPlugin
2025-10-17 14:27:36,123 [INFO] PluginManager:220 - loadIPPluginJar : add fmc
2025-10-17 14:27:36,126 [INFO] IPUIPlugin:80 - create IPUIPlugin
2025-10-17 14:27:36,126 [INFO] PluginManager:220 - loadIPPluginJar : add i3c
2025-10-17 14:27:36,128 [INFO] IPUIPlugin:80 - create IPUIPlugin
2025-10-17 14:27:36,128 [INFO] PluginManager:220 - loadIPPluginJar : add ltdc
2025-10-17 14:27:36,133 [INFO] IPUIPlugin:80 - create IPUIPlugin
2025-10-17 14:27:36,134 [INFO] PluginManager:220 - loadIPPluginJar : add dma
2025-10-17 14:27:36,139 [INFO] IPUIPlugin:80 - create IPUIPlugin
2025-10-17 14:27:36,140 [INFO] PluginManager:220 - loadIPPluginJar : add freertos
2025-10-17 14:27:36,142 [INFO] IPUIPlugin:80 - create IPUIPlugin
2025-10-17 14:27:36,142 [INFO] PluginManager:220 - loadIPPluginJar : add hash
2025-10-17 14:27:36,149 [INFO] IPUIPlugin:80 - create IPUIPlugin
2025-10-17 14:27:36,149 [INFO] PluginManager:220 - loadIPPluginJar : add adc
2025-10-17 14:27:36,152 [INFO] IPUIPlugin:80 - create IPUIPlugin
2025-10-17 14:27:36,152 [INFO] PluginManager:220 - loadIPPluginJar : add usart
2025-10-17 14:27:36,158 [INFO] IPUIPlugin:80 - create IPUIPlugin
2025-10-17 14:27:36,158 [INFO] PluginManager:220 - loadIPPluginJar : add stm32_wpan
2025-10-17 14:27:36,159 [INFO] IPUIPlugin:80 - create IPUIPlugin
2025-10-17 14:27:36,159 [INFO] PluginManager:220 - loadIPPluginJar : add genericplugin
2025-10-17 14:27:36,163 [INFO] IPUIPlugin:80 - create IPUIPlugin
2025-10-17 14:27:36,164 [INFO] PluginManager:220 - loadIPPluginJar : add gpio
2025-10-17 14:27:36,167 [INFO] IPUIPlugin:80 - create IPUIPlugin
2025-10-17 14:27:36,167 [INFO] PluginManager:220 - loadIPPluginJar : add nvic
2025-10-17 14:27:36,169 [INFO] IPUIPlugin:80 - create IPUIPlugin
2025-10-17 14:27:36,169 [INFO] PluginManager:220 - loadIPPluginJar : add dfsdm
2025-10-17 14:27:36,171 [INFO] IPUIPlugin:80 - create IPUIPlugin
2025-10-17 14:27:36,171 [INFO] PluginManager:220 - loadIPPluginJar : add fatfs
2025-10-17 14:27:36,172 [INFO] IPUIPlugin:80 - create IPUIPlugin
2025-10-17 14:27:36,172 [INFO] PluginManager:220 - loadIPPluginJar : add comp
2025-10-17 14:27:36,173 [INFO] IPUIPlugin:80 - create IPUIPlugin
2025-10-17 14:27:36,174 [INFO] PluginManager:220 - loadIPPluginJar : add i2s
2025-10-17 14:27:36,175 [INFO] IPUIPlugin:80 - create IPUIPlugin
2025-10-17 14:27:36,175 [INFO] PluginManager:220 - loadIPPluginJar : add cryp
2025-10-17 14:27:36,176 [INFO] IPUIPlugin:80 - create IPUIPlugin
2025-10-17 14:27:36,176 [INFO] PluginManager:220 - loadIPPluginJar : add quadspi
2025-10-17 14:27:36,179 [INFO] IPUIPlugin:80 - create IPUIPlugin
2025-10-17 14:27:36,179 [INFO] PluginManager:220 - loadIPPluginJar : add gic
2025-10-17 14:27:36,180 [INFO] IPUIPlugin:80 - create IPUIPlugin
2025-10-17 14:27:36,180 [INFO] PluginManager:220 - loadIPPluginJar : add tim
2025-10-17 14:27:36,181 [INFO] IPUIPlugin:80 - create IPUIPlugin
2025-10-17 14:27:36,181 [INFO] PluginManager:220 - loadIPPluginJar : add extmemmanager
2025-10-17 14:27:36,274 [FATAL] Updater:351 - Updater called before beeing initialized
2025-10-17 14:27:36,289 [INFO] RulesReader:64 - Compatibility file has been processed (317 Rules)
2025-10-17 14:27:36,298 [INFO] RulesReader:64 - Compatibility file has been processed (317 Rules)
2025-10-17 14:27:36,304 [INFO] CADModel:165 - CPN selected for project level
2025-10-17 14:27:36,304 [INFO] CADModel:114 - Register for checkConnection events
2025-10-17 14:27:36,304 [FATAL] Updater:351 - Updater called before beeing initialized
2025-10-17 14:27:36,304 [ERROR] CADModel:125 - Updater not yet initialized, retry later 
2025-10-17 14:27:36,393 [FATAL] Updater:351 - Updater called before beeing initialized
2025-10-17 14:27:36,394 [INFO] CADModel:165 - CPN selected for project level
2025-10-17 14:27:36,394 [INFO] CADModel:114 - Register for checkConnection events
2025-10-17 14:27:36,394 [FATAL] Updater:351 - Updater called before beeing initialized
2025-10-17 14:27:36,394 [ERROR] CADModel:125 - Updater not yet initialized, retry later 
2025-10-17 14:27:36,396 [FATAL] Updater:351 - Updater called before beeing initialized
2025-10-17 14:27:36,457 [FATAL] Updater:351 - Updater called before beeing initialized
2025-10-17 14:27:36,460 [INFO] DbMcusAds:53 - JSON generation date=Tue Jul 08 10:14:23 CEST 2025 (1751962463524)
2025-10-17 14:27:36,460 [FATAL] Updater:351 - Updater called before beeing initialized
2025-10-17 14:27:36,481 [WARN] DetailPanel:346 - Failed to get advertising image, set to default
2025-10-17 14:27:36,529 [FATAL] Updater:351 - Updater called before beeing initialized
2025-10-17 14:27:36,531 [FATAL] Updater:351 - Updater called before beeing initialized
2025-10-17 14:27:36,531 [FATAL] Updater:351 - Updater called before beeing initialized
2025-10-17 14:27:36,531 [WARN] DetailPanel:346 - Failed to get advertising image, set to default
2025-10-17 14:27:36,531 [FATAL] Updater:351 - Updater called before beeing initialized
2025-10-17 14:27:36,557 [ERROR] Updater:1198 - MainUpdater not yet initialized. External WinMGr cannot be set.
2025-10-17 14:27:36,559 [INFO] Updater:1134 - Updater Version found : 6.15.0
2025-10-17 14:27:36,574 [INFO] ApplicationProperties:184 - Using Application install path: /opt/st/stm32cubeide_1.19.0/plugins/com.st.stm32cube.common.mx_6.15.0.202507011659
2025-10-17 14:27:36,754 [INFO] MainUpdater:2872 - connection check result : 10
2025-10-17 14:27:36,755 [INFO] MainUpdater:289 - Updater Check For Update Now.
2025-10-17 14:27:36,755 [INFO] MicroXplorer:498 - Change Database Version : DB.6.0.150
2025-10-17 14:27:36,759 [INFO] McuFinderGlobals:63 - Set McuFinder mode to 2 (CubeIDE integrated)
2025-10-17 14:27:36,759 [INFO] UserAuth:171 - activating auth plugin
2025-10-17 14:27:36,760 [INFO] UserAuth:487 - Internet connection configuration mode: 1
2025-10-17 14:27:36,777 [INFO] JxBrowserEngine:152 - Initiate JxBrowser Engine with user profile folder
2025-10-17 14:27:36,901 [INFO] CheckServerUpdateThread:120 - End of CheckServer Thread
2025-10-17 14:27:37,335 [INFO] WebApp:169 - Instantiating new browser for Auth
2025-10-17 14:27:37,760 [INFO] WebApp:463 - Apply proxy settings
2025-10-17 14:27:37,760 [INFO] WebApp:548 - Chromium requires no authentication
2025-10-17 14:27:37,766 [INFO] WebApp:491 - Direct internet connection detected
2025-10-17 14:27:37,775 [INFO] WebApp:900 - Register for checkConnection events
2025-10-17 14:27:37,775 [INFO] WebApp:463 - Apply proxy settings
2025-10-17 14:27:37,775 [INFO] WebApp:548 - Chromium requires no authentication
2025-10-17 14:27:37,776 [INFO] WebApp:491 - Direct internet connection detected
2025-10-17 14:27:37,860 [INFO] WebApp:225 - Starting web application
2025-10-17 14:27:37,860 [INFO] WebApp:593 - Web application path used /opt/st/stm32cubeide_1.19.0/plugins/com.st.stm32cube.common.mx_6.15.0.202507011659/db/plugins/mcufinder/reactClient1/index.html
2025-10-17 14:27:38,088 [INFO] WebApp:191 - Connection restablished
2025-10-17 14:27:38,830 [WARN] PackLoader:240 - Cannot read IP mode file for STMicroelectronics.FP-SNS-MOTENVWB1.1.4.0
2025-10-17 14:27:38,835 [WARN] PackLoader:240 - Cannot read IP mode file for STMicroelectronics.FP-ATR-ASTRA1.2.0.2
2025-10-17 14:27:38,839 [WARN] PackLoader:240 - Cannot read IP mode file for STMicroelectronics.X-CUBE-SMBUS.2.1.0
2025-10-17 14:27:38,842 [WARN] PackLoader:240 - Cannot read IP mode file for STMicroelectronics.X-CUBE-ST60.1.0.0
2025-10-17 14:27:38,861 [WARN] PackLoader:240 - Cannot read IP mode file for STMicroelectronics.X-CUBE-AZRTOS-F7.1.1.0
2025-10-17 14:27:38,868 [WARN] PackLoader:240 - Cannot read IP mode file for Cesanta.I-CUBE-Mongoose.7.19.0
2025-10-17 14:27:38,874 [WARN] PackLoader:240 - Cannot read IP mode file for WES.I-CUBE-Cesium.1.4.0
2025-10-17 14:27:38,896 [WARN] PackLoader:240 - Cannot read IP mode file for Infineon.AIROC-Wi-Fi-Bluetooth-STM32.1.7.1
2025-10-17 14:27:38,929 [WARN] PackLoader:240 - Cannot read IP mode file for STMicroelectronics.X-CUBE-AZRTOS-H7.3.4.0
2025-10-17 14:27:38,944 [WARN] PackLoader:240 - Cannot read IP mode file for STMicroelectronics.X-CUBE-DISPLAY.3.0.0
2025-10-17 14:27:38,957 [WARN] PackLoader:240 - Cannot read IP mode file for STMicroelectronics.X-CUBE-NFC10.1.0.0
2025-10-17 14:27:38,962 [WARN] PackLoader:240 - Cannot read IP mode file for emotas.I-CUBE-CANOPEN.1.3.0
2025-10-17 14:27:38,966 [WARN] PackLoader:240 - Cannot read IP mode file for STMicroelectronics.FP-SNS-SMARTAG2.1.2.0
2025-10-17 14:27:38,970 [WARN] PackLoader:240 - Cannot read IP mode file for STMicroelectronics.FP-SNS-FLIGHT1.5.1.0
2025-10-17 14:27:39,001 [INFO] LogOutputStream:77 - [STDOUT_REDIRECT] 1 : Invalid condition id : UX_CORESTACK_Condition cause : null
2025-10-17 14:27:39,002 [INFO] LogOutputStream:77 - [STDOUT_REDIRECT] 1 : Invalid condition id : UX_CORESTACK_Condition cause : null
2025-10-17 14:27:39,003 [INFO] LogOutputStream:77 - [STDOUT_REDIRECT] 1 : Invalid condition id : UX_CORESTACK_Condition cause : null
2025-10-17 14:27:39,003 [INFO] LogOutputStream:77 - [STDOUT_REDIRECT] 1 : Invalid condition id : UX_CORESTACK_Condition cause : null
2025-10-17 14:27:39,004 [INFO] LogOutputStream:77 - [STDOUT_REDIRECT] 1 : Invalid condition id : UX_CORESTACK_Condition cause : null
2025-10-17 14:27:39,008 [WARN] PackLoader:240 - Cannot read IP mode file for STMicroelectronics.X-CUBE-AZRTOS-WL.2.0.0
2025-10-17 14:27:39,017 [WARN] PackLoader:240 - Cannot read IP mode file for STMicroelectronics.FP-SNS-MOTENV1.5.0.0
2025-10-17 14:27:39,026 [WARN] PackLoader:240 - Cannot read IP mode file for STMicroelectronics.X-CUBE-BLE2.3.3.0
2025-10-17 14:27:39,030 [WARN] PackLoader:240 - Cannot read IP mode file for STMicroelectronics.X-CUBE-NFC9.1.0.0
2025-10-17 14:27:39,035 [WARN] PackLoader:240 - Cannot read IP mode file for wolfSSL.I-CUBE-wolfSSL.5.8.2
2025-10-17 14:27:39,038 [WARN] PackLoader:240 - Cannot read IP mode file for STMicroelectronics.X-CUBE-BLE1.7.1.0
2025-10-17 14:27:39,043 [WARN] PackLoader:240 - Cannot read IP mode file for wolfSSL.I-CUBE-wolfMQTT.1.19.2
2025-10-17 14:27:39,047 [WARN] PackLoader:240 - Cannot read IP mode file for STMicroelectronics.X-CUBE-EEPRMA1.5.2.0
2025-10-17 14:27:39,054 [WARN] PackLoader:240 - Cannot read IP mode file for STMicroelectronics.X-CUBE-ST67W61.1.1.0
2025-10-17 14:27:39,063 [WARN] PackLoader:240 - Cannot read IP mode file for STMicroelectronics.X-CUBE-AZRTOS-G0.1.1.0
2025-10-17 14:27:39,069 [WARN] PackLoader:240 - Cannot read IP mode file for STMicroelectronics.X-CUBE-SAFEA1.1.2.2
2025-10-17 14:27:39,073 [WARN] PackLoader:240 - Cannot read IP mode file for STMicroelectronics.X-CUBE-NFC4.3.0.0
2025-10-17 14:27:39,083 [WARN] PackLoader:240 - Cannot read IP mode file for EmbeddedOffice.I-CUBE-FS-RTOS.1.0.1
2025-10-17 14:27:39,088 [WARN] PackLoader:240 - Cannot read IP mode file for STMicroelectronics.X-CUBE-WB05N.2.0.0
2025-10-17 14:27:39,093 [WARN] PackLoader:240 - Cannot read IP mode file for wolfSSL.I-CUBE-wolfTPM.3.8.0
2025-10-17 14:27:39,097 [WARN] PackLoader:240 - Cannot read IP mode file for STMicroelectronics.X-CUBE-TCPP.4.2.0
2025-10-17 14:27:39,102 [WARN] PackLoader:240 - Cannot read IP mode file for RealThread.X-CUBE-RT-Thread_Nano.4.1.1
2025-10-17 14:27:39,105 [WARN] PackLoader:240 - Cannot read IP mode file for STMicroelectronics.FP-ATR-SIGFOX1.3.2.0
2025-10-17 14:27:39,110 [WARN] PackLoader:240 - Cannot read IP mode file for ITTIA_DB.I-CUBE-ITTIADB.8.9.0
2025-10-17 14:27:39,129 [WARN] PackLoader:240 - Cannot read IP mode file for SEGGER.I-CUBE-embOS.1.3.1
2025-10-17 14:27:39,162 [WARN] PackLoader:240 - Cannot read IP mode file for STMicroelectronics.X-CUBE-ALGOBUILD.1.4.0
2025-10-17 14:27:39,198 [WARN] PackLoader:240 - Cannot read IP mode file for STMicroelectronics.X-CUBE-MEMS1.11.3.0
2025-10-17 14:27:39,310 [WARN] PackLoader:240 - Cannot read IP mode file for STMicroelectronics.X-CUBE-PM33A1.1.0.0
2025-10-17 14:27:39,320 [WARN] PackLoader:240 - Cannot read IP mode file for STMicroelectronics.X-CUBE-AZRTOS-F4.1.1.0
2025-10-17 14:27:39,326 [WARN] PackLoader:240 - Cannot read IP mode file for STMicroelectronics.X-CUBE-ISPU.2.1.0
2025-10-17 14:27:39,336 [WARN] PackLoader:240 - Cannot read IP mode file for STMicroelectronics.X-CUBE-IPS.3.2.0
2025-10-17 14:27:39,343 [WARN] PackLoader:240 - Cannot read IP mode file for STMicroelectronics.X-CUBE-NFC12.1.0.0
2025-10-17 14:27:39,355 [WARN] PackLoader:240 - Cannot read IP mode file for STMicroelectronics.X-CUBE-AZRTOS-L5.2.0.0
2025-10-17 14:27:39,361 [WARN] PackLoader:240 - Cannot read IP mode file for STMicroelectronics.X-CUBE-NFC6.3.1.0
2025-10-17 14:27:39,366 [WARN] PackLoader:240 - Cannot read IP mode file for STMicroelectronics.X-CUBE-FREERTOS.1.3.1
2025-10-17 14:27:39,369 [WARN] PackLoader:240 - Cannot read IP mode file for STMicroelectronics.X-CUBE-TOUCHGFX.4.26.0
2025-10-17 14:27:39,371 [WARN] PackLoader:240 - Cannot read IP mode file for STMicroelectronics.X-CUBE-DPower.1.3.0
2025-10-17 14:27:39,378 [WARN] ConditionMgr:438 - getConditionDescription Invalid condition id : LAN8742 Phy interface Condition cause : null
2025-10-17 14:27:39,379 [WARN] PackLoader:240 - Cannot read IP mode file for STMicroelectronics.X-CUBE-AZRTOS-L4.2.0.0
2025-10-17 14:27:39,379 [WARN] ConditionMgr:1044 - genDependencies : Invalid condition id : LAN8742 Phy interface Condition cause : null
2025-10-17 14:27:39,380 [WARN] ConditionMgr:1044 - genDependencies : Invalid condition id : LAN8742 Phy interface Condition cause : null
2025-10-17 14:27:39,380 [WARN] ConditionMgr:1044 - genDependencies : Invalid condition id : LAN8742 Phy interface Condition cause : null
2025-10-17 14:27:39,384 [WARN] PackLoader:240 - Cannot read IP mode file for STMicroelectronics.X-CUBE-SFXS2LP1.4.0.0
2025-10-17 14:27:39,389 [WARN] PackLoader:240 - Cannot read IP mode file for STMicroelectronics.X-CUBE-BLEMGR.4.1.0
2025-10-17 14:27:39,394 [WARN] ConditionMgr:438 - getConditionDescription Invalid condition id : UX DEVICE CLASS RTOS Condition cause : null
2025-10-17 14:27:39,398 [WARN] ConditionMgr:438 - getConditionDescription Invalid condition id : UX DEVICE CLASS RTOS Condition cause : null
2025-10-17 14:27:39,401 [WARN] PackLoader:240 - Cannot read IP mode file for STMicroelectronics.X-CUBE-AZRTOS-WB.2.0.0
2025-10-17 14:27:39,402 [WARN] ConditionMgr:1044 - genDependencies : Invalid condition id : UX DEVICE CLASS RTOS Condition cause : null
2025-10-17 14:27:39,402 [WARN] ConditionMgr:1044 - genDependencies : Invalid condition id : UX DEVICE CLASS RTOS Condition cause : null
2025-10-17 14:27:39,402 [WARN] ConditionMgr:1044 - genDependencies : Invalid condition id : UX DEVICE CLASS RTOS Condition cause : null
2025-10-17 14:27:39,403 [WARN] ConditionMgr:1044 - genDependencies : Invalid condition id : UX DEVICE CLASS RTOS Condition cause : null
2025-10-17 14:27:39,403 [WARN] ConditionMgr:1044 - genDependencies : Invalid condition id : UX DEVICE CLASS RTOS Condition cause : null
2025-10-17 14:27:39,409 [WARN] PackLoader:240 - Cannot read IP mode file for STMicroelectronics.X-CUBE-GNSS1.7.0.1
2025-10-17 14:27:39,413 [WARN] ConditionMgr:438 - getConditionDescription Invalid condition id : Cortex-A Device cause : null
2025-10-17 14:27:39,426 [WARN] ConditionMgr:1044 - genDependencies : Invalid condition id : Cortex-A Device cause : null
2025-10-17 14:27:39,427 [WARN] ConditionMgr:1044 - genDependencies : Invalid condition id : Cortex-A Device cause : null
2025-10-17 14:27:39,427 [WARN] ConditionMgr:1044 - genDependencies : Invalid condition id : Cortex-A Device cause : null
2025-10-17 14:27:39,438 [WARN] PackLoader:240 - Cannot read IP mode file for STMicroelectronics.X-CUBE-SUBG2.5.0.0
2025-10-17 14:27:39,468 [WARN] PackLoader:240 - Cannot read IP mode file for STMicroelectronics.X-CUBE-AZRTOS-H7RS.1.1.0
2025-10-17 14:27:39,478 [WARN] PackLoader:240 - Cannot read IP mode file for STMicroelectronics.X-CUBE-AZRTOS-G4.2.0.0
2025-10-17 14:27:39,481 [WARN] PackLoader:240 - Cannot read IP mode file for wolfSSL.I-CUBE-wolfSSH.1.4.20
2025-10-17 14:27:39,484 [WARN] PackLoader:240 - Cannot read IP mode file for STMicroelectronics.X-CUBE-NFC7.2.0.0
2025-10-17 14:27:39,487 [WARN] PackLoader:240 - Cannot read IP mode file for STMicroelectronics.X-CUBE-ALS.1.0.2
2025-10-17 14:27:39,491 [WARN] PackLoader:240 - Cannot read IP mode file for STMicroelectronics.X-CUBE-STSE01.1.0.0
2025-10-17 14:27:39,495 [WARN] PackLoader:240 - Cannot read IP mode file for STMicroelectronics.X-CUBE-TOF1.3.4.3
2025-10-17 14:27:39,500 [INFO] ThirdParty:978 - Integrity check success = true
2025-10-17 14:27:39,500 [INFO] IntegrityCheckThread:100 - exiting critical section [integrity check]
2025-10-17 14:27:39,500 [INFO] IntegrityCheckThread:103 - End integrity checks thread
2025-10-17 15:02:03,555 [ERROR] LogOutputStream:75 - [STDERR_REDIRECT] 
2025-10-17 15:02:10,776 [INFO] Activator:176 - 


2025-10-17 15:02:10,777 [INFO] Activator:177 - !SESSION log4j initialized
2025-10-17 15:02:13,607 [INFO] LogOutputStream:77 - [STDOUT_REDIRECT] 
2025-10-17 15:02:14,062 [INFO] ApplicationProperties:184 - Using Application install path: /opt/st/stm32cubeide_1.19.0/plugins/com.st.stm32cube.common.mx_6.15.0.202507011659
2025-10-17 15:02:14,073 [INFO] DbMcusXml:78 - Set database path to: /opt/st/stm32cubeide_1.19.0/plugins/com.st.stm32cube.common.mx_6.15.0.202507011659//db//mcu/
2025-10-17 15:02:14,073 [INFO] ApiDb:274 - Set plugin database path to: /opt/st/stm32cubeide_1.19.0/plugins/com.st.stm32cube.common.mx_6.15.0.202507011659//db//plugins/boardmanager/
2025-10-17 15:02:14,073 [WARN] ApiDb:259 - Overriding images path with different value:  => /opt/st/stm32cubeide_1.19.0/plugins/com.st.stm32cube.common.mx_6.15.0.202507011659//db//plugins/mcufinder/images/
2025-10-17 15:02:14,075 [INFO] ApiDb:250 - Set database path to: /home/kamil/.stmcufinder/plugins/mcufinder//mcu/
2025-10-17 15:02:14,076 [INFO] DbMcusAds:125 - Set database path to: /home/kamil/.stmcufinder/plugins/mcufinder//mcu/
2025-10-17 15:02:14,077 [INFO] CrossReferenceDbSqlite:203 - Set database path to: /home/kamil/.stmcufinder/plugins/mcufinder//mcu/cs/
2025-10-17 15:02:14,147 [INFO] RulesReader:64 - Compatibility file has been processed (317 Rules)
2025-10-17 15:02:14,182 [INFO] DbMcusXml:78 - Set database path to: /opt/st/stm32cubeide_1.19.0/plugins/com.st.stm32cube.common.mx_6.15.0.202507011659//db//mcu/
2025-10-17 15:02:14,182 [INFO] ApiDb:274 - Set plugin database path to: /opt/st/stm32cubeide_1.19.0/plugins/com.st.stm32cube.common.mx_6.15.0.202507011659//db//plugins/boardmanager/
2025-10-17 15:02:14,182 [INFO] ApiDb:261 - Set plugin images path to: /opt/st/stm32cubeide_1.19.0/plugins/com.st.stm32cube.common.mx_6.15.0.202507011659//db//plugins/mcufinder/images/
2025-10-17 15:02:14,182 [WARN] DbFile:41 - Overriding database path with different value: /home/kamil/.stmcufinder/plugins/mcufinder/ => /home/kamil/.stmcufinder/plugins/mcufinder
2025-10-17 15:02:14,182 [INFO] ApiDb:250 - Set database path to: /home/kamil/.stmcufinder/plugins/mcufinder//mcu/
2025-10-17 15:02:14,182 [WARN] DbFile:41 - Overriding database path with different value: /home/kamil/.stmcufinder/plugins/mcufinder/ => /home/kamil/.stmcufinder/plugins/mcufinder
2025-10-17 15:02:14,182 [INFO] DbMcusAds:125 - Set database path to: /home/kamil/.stmcufinder/plugins/mcufinder//mcu/
2025-10-17 15:02:14,182 [WARN] DbFile:41 - Overriding database path with different value: /home/kamil/.stmcufinder/plugins/mcufinder/ => /home/kamil/.stmcufinder/plugins/mcufinder
2025-10-17 15:02:14,182 [WARN] DbFile:41 - Overriding database path with different value: /home/kamil/.stmcufinder/plugins/mcufinder/ => /home/kamil/.stmcufinder/plugins/mcufinder
2025-10-17 15:02:14,183 [INFO] CrossReferenceDbSqlite:203 - Set database path to: /home/kamil/.stmcufinder/plugins/mcufinder//mcu/cs/
2025-10-17 15:02:14,227 [INFO] MainPanel:274 - HeapMemory: 268435456
2025-10-17 15:02:14,299 [INFO] DbMcusXml:78 - Set database path to: /opt/st/stm32cubeide_1.19.0/plugins/com.st.stm32cube.common.mx_6.15.0.202507011659//db//mcu/
2025-10-17 15:02:14,299 [INFO] ApiDb:274 - Set plugin database path to: /opt/st/stm32cubeide_1.19.0/plugins/com.st.stm32cube.common.mx_6.15.0.202507011659//db//plugins/boardmanager/
2025-10-17 15:02:14,299 [INFO] ApiDb:261 - Set plugin images path to: /opt/st/stm32cubeide_1.19.0/plugins/com.st.stm32cube.common.mx_6.15.0.202507011659//db//plugins/mcufinder/images/
2025-10-17 15:02:14,299 [WARN] DbFile:41 - Overriding database path with different value: /home/kamil/.stmcufinder/plugins/mcufinder/ => /home/kamil/.stmcufinder/plugins/mcufinder
2025-10-17 15:02:14,299 [INFO] ApiDb:250 - Set database path to: /home/kamil/.stmcufinder/plugins/mcufinder//mcu/
2025-10-17 15:02:14,299 [WARN] DbFile:41 - Overriding database path with different value: /home/kamil/.stmcufinder/plugins/mcufinder/ => /home/kamil/.stmcufinder/plugins/mcufinder
2025-10-17 15:02:14,299 [INFO] DbMcusAds:125 - Set database path to: /home/kamil/.stmcufinder/plugins/mcufinder//mcu/
2025-10-17 15:02:14,299 [WARN] DbFile:41 - Overriding database path with different value: /home/kamil/.stmcufinder/plugins/mcufinder/ => /home/kamil/.stmcufinder/plugins/mcufinder
2025-10-17 15:02:14,299 [WARN] DbFile:41 - Overriding database path with different value: /home/kamil/.stmcufinder/plugins/mcufinder/ => /home/kamil/.stmcufinder/plugins/mcufinder
2025-10-17 15:02:14,300 [INFO] CrossReferenceDbSqlite:203 - Set database path to: /home/kamil/.stmcufinder/plugins/mcufinder//mcu/cs/
2025-10-17 15:02:14,310 [INFO] ApplicationProperties:184 - Using Application install path: /opt/st/stm32cubeide_1.19.0/plugins/com.st.stm32cube.common.mx_6.15.0.202507011659
2025-10-17 15:02:14,311 [INFO] PluginManage:196 - Search for loadable plugins [exclusion list=, ]
2025-10-17 15:02:14,311 [INFO] PluginManage:310 - Check plugin analytics
2025-10-17 15:02:14,429 [INFO] AnalyticsPlugin:253 - Accepted Software Licenses: 
2025-10-17 15:02:14,429 [INFO] AnalyticsPlugin:255 - Accepted CMSIS Pack Licenses: 
2025-10-17 15:02:14,429 [INFO] AnalyticsPlugin:257 - Accepted Firmware Licenses: 
2025-10-17 15:02:14,431 [INFO] PluginManage:359 - Loaded plugin analytics (category:tool,tabindex:-1)
2025-10-17 15:02:14,431 [INFO] PluginManage:310 - Check plugin cadmodel
2025-10-17 15:02:14,434 [INFO] CADModel:105 - Init CAD model plugin
2025-10-17 15:02:14,434 [INFO] PluginManage:359 - Loaded plugin cadmodel (category:power,tabindex:5)
2025-10-17 15:02:14,434 [INFO] PluginManage:310 - Check plugin clock
2025-10-17 15:02:14,440 [INFO] PluginManage:359 - Loaded plugin clock (category:base,tabindex:2)
2025-10-17 15:02:14,440 [INFO] PluginManage:310 - Check plugin ddr
2025-10-17 15:02:14,442 [INFO] PluginManage:359 - Loaded plugin ddr (category:tool,tabindex:6)
2025-10-17 15:02:14,442 [INFO] PluginManage:310 - Check plugin filemanager
2025-10-17 15:02:14,536 [INFO] PluginManage:359 - Loaded plugin filemanager (category:base,tabindex:10)
2025-10-17 15:02:14,536 [INFO] PluginManage:310 - Check plugin ipmanager
2025-10-17 15:02:14,539 [INFO] PluginManage:359 - Loaded plugin ipmanager (category:base,tabindex:5)
2025-10-17 15:02:14,539 [INFO] PluginManage:310 - Check plugin lpbam
2025-10-17 15:02:14,544 [INFO] PluginManage:359 - Loaded plugin lpbam (category:base,tabindex:0)
2025-10-17 15:02:14,544 [INFO] PluginManage:310 - Check plugin memorymap
2025-10-17 15:02:14,551 [INFO] PluginManage:359 - Loaded plugin memorymap (category:base,tabindex:4)
2025-10-17 15:02:14,552 [INFO] PluginManage:310 - Check plugin pinoutandconfiguration
2025-10-17 15:02:14,556 [INFO] PluginManage:359 - Loaded plugin pinoutandconfiguration (category:base,tabindex:1)
2025-10-17 15:02:14,556 [INFO] PluginManage:310 - Check plugin pinoutconfig
2025-10-17 15:02:14,607 [WARN] SupportedApi:132 - Cannot load RTOS API schema: s4s-elt-must-match.1: The content of 'definitions' must match (annotation?, (simpleType | complexType)?, (unique | key | keyref)*)). A problem was found starting at: attribute.
2025-10-17 15:02:14,674 [INFO] PluginManage:359 - Loaded plugin pinoutconfig (category:base,tabindex:0)
2025-10-17 15:02:14,675 [INFO] PluginManage:310 - Check plugin power
2025-10-17 15:02:14,679 [INFO] PluginManage:359 - Loaded plugin power (category:power,tabindex:4)
2025-10-17 15:02:14,679 [INFO] PluginManage:310 - Check plugin projectmanager
2025-10-17 15:02:14,689 [INFO] PluginManage:359 - Loaded plugin projectmanager (category:projectmanager,tabindex:4)
2025-10-17 15:02:14,690 [INFO] PluginManage:310 - Check plugin rif
2025-10-17 15:02:14,695 [INFO] PluginManage:359 - Loaded plugin rif (category:base,tabindex:3)
2025-10-17 15:02:14,695 [INFO] PluginManage:310 - Check plugin thirdparty
2025-10-17 15:02:14,761 [INFO] PluginManage:359 - Loaded plugin thirdparty (category:base,tabindex:-1)
2025-10-17 15:02:14,761 [WARN] IntegrityCheckThread:84 - waiting for thirdparty lock release [integrity check]
2025-10-17 15:02:14,761 [INFO] PluginManage:310 - Check plugin tools
2025-10-17 15:02:14,761 [INFO] IntegrityCheckThread:86 - entering critical section [integrity check]
2025-10-17 15:02:14,761 [INFO] ThirdPartyUpdaterWithRetryManager:70 - Updater plugin not ready yet. [1/15]
2025-10-17 15:02:14,763 [INFO] PluginManage:359 - Loaded plugin tools (category:base,tabindex:7)
2025-10-17 15:02:14,763 [INFO] PluginManage:310 - Check plugin tutovideos
2025-10-17 15:02:14,869 [INFO] PluginManage:359 - Loaded plugin tutovideos (category:base,tabindex:-1)
2025-10-17 15:02:14,869 [INFO] PluginManage:310 - Check plugin updater
2025-10-17 15:02:14,883 [INFO] PluginManage:359 - Loaded plugin updater (category:base,tabindex:12)
2025-10-17 15:02:14,884 [INFO] PluginManage:310 - Check plugin userauth
2025-10-17 15:02:14,887 [INFO] UserAuth:118 - Init User Auth plugin
2025-10-17 15:02:14,887 [INFO] PluginManage:359 - Loaded plugin userauth (category:base,tabindex:14)
2025-10-17 15:02:14,887 [INFO] PluginManage:283 - PluginManage : Loaded plugins [18]
2025-10-17 15:02:14,998 [INFO] PinOutPanel:1589 - setPackage(No Configuration,No Configuration)
2025-10-17 15:02:15,039 [INFO] CADModel:165 - CPN selected for project level
2025-10-17 15:02:15,039 [INFO] CADModel:114 - Register for checkConnection events
2025-10-17 15:02:15,045 [INFO] IPUIPlugin:80 - create IPUIPlugin
2025-10-17 15:02:15,045 [INFO] PluginManager:220 - loadIPPluginJar : add tracer_emb
2025-10-17 15:02:15,046 [INFO] IPUIPlugin:80 - create IPUIPlugin
2025-10-17 15:02:15,046 [INFO] PluginManager:220 - loadIPPluginJar : add radio
2025-10-17 15:02:15,049 [INFO] IPUIPlugin:80 - create IPUIPlugin
2025-10-17 15:02:15,049 [INFO] PluginManager:220 - loadIPPluginJar : add ddr_ctrl_phy
2025-10-17 15:02:15,053 [INFO] IPUIPlugin:80 - create IPUIPlugin
2025-10-17 15:02:15,053 [INFO] PluginManager:220 - loadIPPluginJar : add mdma
2025-10-17 15:02:15,055 [INFO] IPUIPlugin:80 - create IPUIPlugin
2025-10-17 15:02:15,055 [INFO] PluginManager:220 - loadIPPluginJar : add touchsensing
2025-10-17 15:02:15,056 [INFO] IPUIPlugin:80 - create IPUIPlugin
2025-10-17 15:02:15,056 [INFO] PluginManager:220 - loadIPPluginJar : add ucpd
2025-10-17 15:02:15,059 [INFO] IPUIPlugin:80 - create IPUIPlugin
2025-10-17 15:02:15,061 [INFO] PluginManager:220 - loadIPPluginJar : add plateformsettings
2025-10-17 15:02:15,063 [INFO] IPUIPlugin:80 - create IPUIPlugin
2025-10-17 15:02:15,064 [INFO] PluginManager:220 - loadIPPluginJar : add ipddr
2025-10-17 15:02:15,067 [INFO] IPUIPlugin:80 - create IPUIPlugin
2025-10-17 15:02:15,067 [INFO] PluginManager:220 - loadIPPluginJar : add resmgrutility
2025-10-17 15:02:15,068 [INFO] IPUIPlugin:80 - create IPUIPlugin
2025-10-17 15:02:15,068 [INFO] PluginManager:220 - loadIPPluginJar : add ts
2025-10-17 15:02:15,069 [INFO] IPUIPlugin:80 - create IPUIPlugin
2025-10-17 15:02:15,069 [INFO] PluginManager:220 - loadIPPluginJar : add dma3
2025-10-17 15:02:15,071 [INFO] IPUIPlugin:80 - create IPUIPlugin
2025-10-17 15:02:15,071 [INFO] PluginManager:220 - loadIPPluginJar : add openamp
2025-10-17 15:02:15,073 [INFO] IPUIPlugin:80 - create IPUIPlugin
2025-10-17 15:02:15,073 [INFO] PluginManager:220 - loadIPPluginJar : add opamp
2025-10-17 15:02:15,074 [INFO] IPUIPlugin:80 - create IPUIPlugin
2025-10-17 15:02:15,074 [INFO] PluginManager:220 - loadIPPluginJar : add pdm2pcm
2025-10-17 15:02:15,075 [INFO] IPUIPlugin:80 - create IPUIPlugin
2025-10-17 15:02:15,075 [INFO] PluginManager:220 - loadIPPluginJar : add gfxmmu
2025-10-17 15:02:15,076 [INFO] IPUIPlugin:80 - create IPUIPlugin
2025-10-17 15:02:15,076 [INFO] PluginManager:220 - loadIPPluginJar : add aes
2025-10-17 15:02:15,078 [INFO] IPUIPlugin:80 - create IPUIPlugin
2025-10-17 15:02:15,078 [INFO] PluginManager:220 - loadIPPluginJar : add gtzc
2025-10-17 15:02:15,079 [INFO] IPUIPlugin:80 - create IPUIPlugin
2025-10-17 15:02:15,079 [INFO] PluginManager:220 - loadIPPluginJar : add sai
2025-10-17 15:02:15,080 [INFO] IPUIPlugin:80 - create IPUIPlugin
2025-10-17 15:02:15,080 [INFO] PluginManager:220 - loadIPPluginJar : add tsc
2025-10-17 15:02:15,082 [INFO] IPUIPlugin:80 - create IPUIPlugin
2025-10-17 15:02:15,082 [INFO] PluginManager:220 - loadIPPluginJar : add usbx
2025-10-17 15:02:15,082 [INFO] IPUIPlugin:80 - create IPUIPlugin
2025-10-17 15:02:15,083 [INFO] PluginManager:220 - loadIPPluginJar : add can
2025-10-17 15:02:15,083 [INFO] IPUIPlugin:80 - create IPUIPlugin
2025-10-17 15:02:15,084 [INFO] PluginManager:220 - loadIPPluginJar : add i2c
2025-10-17 15:02:15,084 [INFO] IPUIPlugin:80 - create IPUIPlugin
2025-10-17 15:02:15,085 [INFO] PluginManager:220 - loadIPPluginJar : add lorawan
2025-10-17 15:02:15,085 [INFO] IPUIPlugin:80 - create IPUIPlugin
2025-10-17 15:02:15,085 [INFO] PluginManager:220 - loadIPPluginJar : add spi
2025-10-17 15:02:15,090 [INFO] IPUIPlugin:80 - create IPUIPlugin
2025-10-17 15:02:15,090 [INFO] PluginManager:220 - loadIPPluginJar : add linkedlist
2025-10-17 15:02:15,093 [INFO] IPUIPlugin:80 - create IPUIPlugin
2025-10-17 15:02:15,093 [INFO] PluginManager:220 - loadIPPluginJar : add fmc
2025-10-17 15:02:15,094 [INFO] IPUIPlugin:80 - create IPUIPlugin
2025-10-17 15:02:15,094 [INFO] PluginManager:220 - loadIPPluginJar : add i3c
2025-10-17 15:02:15,095 [INFO] IPUIPlugin:80 - create IPUIPlugin
2025-10-17 15:02:15,095 [INFO] PluginManager:220 - loadIPPluginJar : add ltdc
2025-10-17 15:02:15,098 [INFO] IPUIPlugin:80 - create IPUIPlugin
2025-10-17 15:02:15,098 [INFO] PluginManager:220 - loadIPPluginJar : add dma
2025-10-17 15:02:15,101 [INFO] IPUIPlugin:80 - create IPUIPlugin
2025-10-17 15:02:15,101 [INFO] PluginManager:220 - loadIPPluginJar : add freertos
2025-10-17 15:02:15,102 [INFO] IPUIPlugin:80 - create IPUIPlugin
2025-10-17 15:02:15,103 [INFO] PluginManager:220 - loadIPPluginJar : add hash
2025-10-17 15:02:15,107 [INFO] IPUIPlugin:80 - create IPUIPlugin
2025-10-17 15:02:15,107 [INFO] PluginManager:220 - loadIPPluginJar : add adc
2025-10-17 15:02:15,108 [INFO] IPUIPlugin:80 - create IPUIPlugin
2025-10-17 15:02:15,108 [INFO] PluginManager:220 - loadIPPluginJar : add usart
2025-10-17 15:02:15,112 [INFO] IPUIPlugin:80 - create IPUIPlugin
2025-10-17 15:02:15,112 [INFO] PluginManager:220 - loadIPPluginJar : add stm32_wpan
2025-10-17 15:02:15,113 [INFO] IPUIPlugin:80 - create IPUIPlugin
2025-10-17 15:02:15,113 [INFO] PluginManager:220 - loadIPPluginJar : add genericplugin
2025-10-17 15:02:15,115 [INFO] IPUIPlugin:80 - create IPUIPlugin
2025-10-17 15:02:15,115 [INFO] PluginManager:220 - loadIPPluginJar : add gpio
2025-10-17 15:02:15,117 [INFO] IPUIPlugin:80 - create IPUIPlugin
2025-10-17 15:02:15,117 [INFO] PluginManager:220 - loadIPPluginJar : add nvic
2025-10-17 15:02:15,118 [INFO] IPUIPlugin:80 - create IPUIPlugin
2025-10-17 15:02:15,118 [INFO] PluginManager:220 - loadIPPluginJar : add dfsdm
2025-10-17 15:02:15,119 [INFO] IPUIPlugin:80 - create IPUIPlugin
2025-10-17 15:02:15,119 [INFO] PluginManager:220 - loadIPPluginJar : add fatfs
2025-10-17 15:02:15,119 [INFO] IPUIPlugin:80 - create IPUIPlugin
2025-10-17 15:02:15,119 [INFO] PluginManager:220 - loadIPPluginJar : add comp
2025-10-17 15:02:15,120 [INFO] IPUIPlugin:80 - create IPUIPlugin
2025-10-17 15:02:15,120 [INFO] PluginManager:220 - loadIPPluginJar : add i2s
2025-10-17 15:02:15,122 [INFO] IPUIPlugin:80 - create IPUIPlugin
2025-10-17 15:02:15,122 [INFO] PluginManager:220 - loadIPPluginJar : add cryp
2025-10-17 15:02:15,122 [INFO] IPUIPlugin:80 - create IPUIPlugin
2025-10-17 15:02:15,122 [INFO] PluginManager:220 - loadIPPluginJar : add quadspi
2025-10-17 15:02:15,125 [INFO] IPUIPlugin:80 - create IPUIPlugin
2025-10-17 15:02:15,125 [INFO] PluginManager:220 - loadIPPluginJar : add gic
2025-10-17 15:02:15,126 [INFO] IPUIPlugin:80 - create IPUIPlugin
2025-10-17 15:02:15,127 [INFO] PluginManager:220 - loadIPPluginJar : add tim
2025-10-17 15:02:15,128 [INFO] IPUIPlugin:80 - create IPUIPlugin
2025-10-17 15:02:15,128 [INFO] PluginManager:220 - loadIPPluginJar : add extmemmanager
2025-10-17 15:02:15,220 [FATAL] Updater:351 - Updater called before beeing initialized
2025-10-17 15:02:15,247 [INFO] RulesReader:64 - Compatibility file has been processed (317 Rules)
2025-10-17 15:02:15,257 [INFO] RulesReader:64 - Compatibility file has been processed (317 Rules)
2025-10-17 15:02:15,262 [INFO] CADModel:165 - CPN selected for project level
2025-10-17 15:02:15,263 [INFO] CADModel:114 - Register for checkConnection events
2025-10-17 15:02:15,263 [FATAL] Updater:351 - Updater called before beeing initialized
2025-10-17 15:02:15,263 [ERROR] CADModel:125 - Updater not yet initialized, retry later 
2025-10-17 15:02:15,328 [FATAL] Updater:351 - Updater called before beeing initialized
2025-10-17 15:02:15,329 [INFO] CADModel:165 - CPN selected for project level
2025-10-17 15:02:15,329 [INFO] CADModel:114 - Register for checkConnection events
2025-10-17 15:02:15,329 [FATAL] Updater:351 - Updater called before beeing initialized
2025-10-17 15:02:15,329 [ERROR] CADModel:125 - Updater not yet initialized, retry later 
2025-10-17 15:02:15,331 [FATAL] Updater:351 - Updater called before beeing initialized
2025-10-17 15:02:15,387 [FATAL] Updater:351 - Updater called before beeing initialized
2025-10-17 15:02:15,390 [INFO] DbMcusAds:53 - JSON generation date=Tue Jul 08 10:14:23 CEST 2025 (1751962463524)
2025-10-17 15:02:15,390 [FATAL] Updater:351 - Updater called before beeing initialized
2025-10-17 15:02:15,408 [WARN] DetailPanel:346 - Failed to get advertising image, set to default
2025-10-17 15:02:15,456 [FATAL] Updater:351 - Updater called before beeing initialized
2025-10-17 15:02:15,457 [FATAL] Updater:351 - Updater called before beeing initialized
2025-10-17 15:02:15,457 [FATAL] Updater:351 - Updater called before beeing initialized
2025-10-17 15:02:15,457 [WARN] DetailPanel:346 - Failed to get advertising image, set to default
2025-10-17 15:02:15,458 [FATAL] Updater:351 - Updater called before beeing initialized
2025-10-17 15:02:15,474 [ERROR] Updater:1198 - MainUpdater not yet initialized. External WinMGr cannot be set.
2025-10-17 15:02:15,475 [INFO] Updater:1134 - Updater Version found : 6.15.0
2025-10-17 15:02:15,488 [INFO] ApplicationProperties:184 - Using Application install path: /opt/st/stm32cubeide_1.19.0/plugins/com.st.stm32cube.common.mx_6.15.0.202507011659
2025-10-17 15:02:15,669 [INFO] MainUpdater:2872 - connection check result : 10
2025-10-17 15:02:15,669 [INFO] MainUpdater:289 - Updater Check For Update Now.
2025-10-17 15:02:15,669 [INFO] MicroXplorer:498 - Change Database Version : DB.6.0.150
2025-10-17 15:02:15,672 [INFO] McuFinderGlobals:63 - Set McuFinder mode to 2 (CubeIDE integrated)
2025-10-17 15:02:15,672 [INFO] UserAuth:171 - activating auth plugin
2025-10-17 15:02:15,674 [INFO] UserAuth:487 - Internet connection configuration mode: 1
2025-10-17 15:02:15,687 [INFO] JxBrowserEngine:152 - Initiate JxBrowser Engine with user profile folder
2025-10-17 15:02:15,825 [INFO] CheckServerUpdateThread:120 - End of CheckServer Thread
2025-10-17 15:02:16,138 [INFO] WebApp:169 - Instantiating new browser for Auth
2025-10-17 15:02:16,544 [INFO] WebApp:463 - Apply proxy settings
2025-10-17 15:02:16,544 [INFO] WebApp:548 - Chromium requires no authentication
2025-10-17 15:02:16,550 [INFO] WebApp:491 - Direct internet connection detected
2025-10-17 15:02:16,562 [INFO] WebApp:900 - Register for checkConnection events
2025-10-17 15:02:16,562 [INFO] WebApp:463 - Apply proxy settings
2025-10-17 15:02:16,562 [INFO] WebApp:548 - Chromium requires no authentication
2025-10-17 15:02:16,562 [INFO] WebApp:491 - Direct internet connection detected
2025-10-17 15:02:16,632 [INFO] WebApp:225 - Starting web application
2025-10-17 15:02:16,633 [INFO] WebApp:593 - Web application path used /opt/st/stm32cubeide_1.19.0/plugins/com.st.stm32cube.common.mx_6.15.0.202507011659/db/plugins/mcufinder/reactClient1/index.html
2025-10-17 15:02:16,844 [INFO] WebApp:191 - Connection restablished
2025-10-17 15:02:17,837 [WARN] PackLoader:240 - Cannot read IP mode file for STMicroelectronics.FP-SNS-MOTENVWB1.1.4.0
2025-10-17 15:02:17,842 [WARN] PackLoader:240 - Cannot read IP mode file for STMicroelectronics.FP-ATR-ASTRA1.2.0.2
2025-10-17 15:02:17,847 [WARN] PackLoader:240 - Cannot read IP mode file for STMicroelectronics.X-CUBE-SMBUS.2.1.0
2025-10-17 15:02:17,849 [WARN] PackLoader:240 - Cannot read IP mode file for STMicroelectronics.X-CUBE-ST60.1.0.0
2025-10-17 15:02:17,868 [WARN] PackLoader:240 - Cannot read IP mode file for STMicroelectronics.X-CUBE-AZRTOS-F7.1.1.0
2025-10-17 15:02:17,873 [WARN] PackLoader:240 - Cannot read IP mode file for Cesanta.I-CUBE-Mongoose.7.19.0
2025-10-17 15:02:17,879 [WARN] PackLoader:240 - Cannot read IP mode file for WES.I-CUBE-Cesium.1.4.0
2025-10-17 15:02:17,894 [WARN] PackLoader:240 - Cannot read IP mode file for Infineon.AIROC-Wi-Fi-Bluetooth-STM32.1.7.1
2025-10-17 15:02:17,912 [WARN] PackLoader:240 - Cannot read IP mode file for STMicroelectronics.X-CUBE-AZRTOS-H7.3.4.0
2025-10-17 15:02:17,919 [WARN] PackLoader:240 - Cannot read IP mode file for STMicroelectronics.X-CUBE-DISPLAY.3.0.0
2025-10-17 15:02:17,935 [WARN] PackLoader:240 - Cannot read IP mode file for STMicroelectronics.X-CUBE-NFC10.1.0.0
2025-10-17 15:02:17,940 [WARN] PackLoader:240 - Cannot read IP mode file for emotas.I-CUBE-CANOPEN.1.3.0
2025-10-17 15:02:17,943 [WARN] PackLoader:240 - Cannot read IP mode file for STMicroelectronics.FP-SNS-SMARTAG2.1.2.0
2025-10-17 15:02:17,946 [WARN] PackLoader:240 - Cannot read IP mode file for STMicroelectronics.FP-SNS-FLIGHT1.5.1.0
2025-10-17 15:02:17,952 [INFO] LogOutputStream:77 - [STDOUT_REDIRECT] 1 : Invalid condition id : UX_CORESTACK_Condition cause : null
2025-10-17 15:02:17,952 [INFO] LogOutputStream:77 - [STDOUT_REDIRECT] 1 : Invalid condition id : UX_CORESTACK_Condition cause : null
2025-10-17 15:02:17,952 [INFO] LogOutputStream:77 - [STDOUT_REDIRECT] 1 : Invalid condition id : UX_CORESTACK_Condition cause : null
2025-10-17 15:02:17,953 [INFO] LogOutputStream:77 - [STDOUT_REDIRECT] 1 : Invalid condition id : UX_CORESTACK_Condition cause : null
2025-10-17 15:02:17,953 [INFO] LogOutputStream:77 - [STDOUT_REDIRECT] 1 : Invalid condition id : UX_CORESTACK_Condition cause : null
2025-10-17 15:02:17,955 [WARN] PackLoader:240 - Cannot read IP mode file for STMicroelectronics.X-CUBE-AZRTOS-WL.2.0.0
2025-10-17 15:02:17,958 [WARN] PackLoader:240 - Cannot read IP mode file for STMicroelectronics.FP-SNS-MOTENV1.5.0.0
2025-10-17 15:02:17,963 [WARN] PackLoader:240 - Cannot read IP mode file for STMicroelectronics.X-CUBE-BLE2.3.3.0
2025-10-17 15:02:17,980 [WARN] PackLoader:240 - Cannot read IP mode file for STMicroelectronics.X-CUBE-NFC9.1.0.0
2025-10-17 15:02:17,986 [WARN] PackLoader:240 - Cannot read IP mode file for wolfSSL.I-CUBE-wolfSSL.5.8.2
2025-10-17 15:02:17,990 [WARN] PackLoader:240 - Cannot read IP mode file for STMicroelectronics.X-CUBE-BLE1.7.1.0
2025-10-17 15:02:17,992 [WARN] PackLoader:240 - Cannot read IP mode file for wolfSSL.I-CUBE-wolfMQTT.1.19.2
2025-10-17 15:02:17,995 [WARN] PackLoader:240 - Cannot read IP mode file for STMicroelectronics.X-CUBE-EEPRMA1.5.2.0
2025-10-17 15:02:18,000 [WARN] PackLoader:240 - Cannot read IP mode file for STMicroelectronics.X-CUBE-ST67W61.1.1.0
2025-10-17 15:02:18,009 [WARN] PackLoader:240 - Cannot read IP mode file for STMicroelectronics.X-CUBE-AZRTOS-G0.1.1.0
2025-10-17 15:02:18,013 [WARN] PackLoader:240 - Cannot read IP mode file for STMicroelectronics.X-CUBE-SAFEA1.1.2.2
2025-10-17 15:02:18,016 [WARN] PackLoader:240 - Cannot read IP mode file for STMicroelectronics.X-CUBE-NFC4.3.0.0
2025-10-17 15:02:18,021 [WARN] PackLoader:240 - Cannot read IP mode file for EmbeddedOffice.I-CUBE-FS-RTOS.1.0.1
2025-10-17 15:02:18,024 [WARN] PackLoader:240 - Cannot read IP mode file for STMicroelectronics.X-CUBE-WB05N.2.0.0
2025-10-17 15:02:18,026 [WARN] PackLoader:240 - Cannot read IP mode file for wolfSSL.I-CUBE-wolfTPM.3.8.0
2025-10-17 15:02:18,029 [WARN] PackLoader:240 - Cannot read IP mode file for STMicroelectronics.X-CUBE-TCPP.4.2.0
2025-10-17 15:02:18,032 [WARN] PackLoader:240 - Cannot read IP mode file for RealThread.X-CUBE-RT-Thread_Nano.4.1.1
2025-10-17 15:02:18,034 [WARN] PackLoader:240 - Cannot read IP mode file for STMicroelectronics.FP-ATR-SIGFOX1.3.2.0
2025-10-17 15:02:18,038 [WARN] PackLoader:240 - Cannot read IP mode file for ITTIA_DB.I-CUBE-ITTIADB.8.9.0
2025-10-17 15:02:18,051 [WARN] PackLoader:240 - Cannot read IP mode file for SEGGER.I-CUBE-embOS.1.3.1
2025-10-17 15:02:18,079 [WARN] PackLoader:240 - Cannot read IP mode file for STMicroelectronics.X-CUBE-ALGOBUILD.1.4.0
2025-10-17 15:02:18,105 [WARN] PackLoader:240 - Cannot read IP mode file for STMicroelectronics.X-CUBE-MEMS1.11.3.0
2025-10-17 15:02:18,185 [WARN] PackLoader:240 - Cannot read IP mode file for STMicroelectronics.X-CUBE-PM33A1.1.0.0
2025-10-17 15:02:18,194 [WARN] PackLoader:240 - Cannot read IP mode file for STMicroelectronics.X-CUBE-AZRTOS-F4.1.1.0
2025-10-17 15:02:18,198 [WARN] PackLoader:240 - Cannot read IP mode file for STMicroelectronics.X-CUBE-ISPU.2.1.0
2025-10-17 15:02:18,206 [WARN] PackLoader:240 - Cannot read IP mode file for STMicroelectronics.X-CUBE-IPS.3.2.0
2025-10-17 15:02:18,213 [WARN] PackLoader:240 - Cannot read IP mode file for STMicroelectronics.X-CUBE-NFC12.1.0.0
2025-10-17 15:02:18,222 [WARN] PackLoader:240 - Cannot read IP mode file for STMicroelectronics.X-CUBE-AZRTOS-L5.2.0.0
2025-10-17 15:02:18,227 [WARN] PackLoader:240 - Cannot read IP mode file for STMicroelectronics.X-CUBE-NFC6.3.1.0
2025-10-17 15:02:18,232 [WARN] PackLoader:240 - Cannot read IP mode file for STMicroelectronics.X-CUBE-FREERTOS.1.3.1
2025-10-17 15:02:18,234 [WARN] PackLoader:240 - Cannot read IP mode file for STMicroelectronics.X-CUBE-TOUCHGFX.4.26.0
2025-10-17 15:02:18,236 [WARN] PackLoader:240 - Cannot read IP mode file for STMicroelectronics.X-CUBE-DPower.1.3.0
2025-10-17 15:02:18,245 [WARN] ConditionMgr:438 - getConditionDescription Invalid condition id : LAN8742 Phy interface Condition cause : null
2025-10-17 15:02:18,246 [WARN] PackLoader:240 - Cannot read IP mode file for STMicroelectronics.X-CUBE-AZRTOS-L4.2.0.0
2025-10-17 15:02:18,246 [WARN] ConditionMgr:1044 - genDependencies : Invalid condition id : LAN8742 Phy interface Condition cause : null
2025-10-17 15:02:18,246 [WARN] ConditionMgr:1044 - genDependencies : Invalid condition id : LAN8742 Phy interface Condition cause : null
2025-10-17 15:02:18,247 [WARN] ConditionMgr:1044 - genDependencies : Invalid condition id : LAN8742 Phy interface Condition cause : null
2025-10-17 15:02:18,249 [WARN] PackLoader:240 - Cannot read IP mode file for STMicroelectronics.X-CUBE-SFXS2LP1.4.0.0
2025-10-17 15:02:18,255 [WARN] PackLoader:240 - Cannot read IP mode file for STMicroelectronics.X-CUBE-BLEMGR.4.1.0
2025-10-17 15:02:18,263 [WARN] ConditionMgr:438 - getConditionDescription Invalid condition id : UX DEVICE CLASS RTOS Condition cause : null
2025-10-17 15:02:18,263 [WARN] ConditionMgr:438 - getConditionDescription Invalid condition id : UX DEVICE CLASS RTOS Condition cause : null
2025-10-17 15:02:18,264 [WARN] PackLoader:240 - Cannot read IP mode file for STMicroelectronics.X-CUBE-AZRTOS-WB.2.0.0
2025-10-17 15:02:18,264 [WARN] ConditionMgr:1044 - genDependencies : Invalid condition id : UX DEVICE CLASS RTOS Condition cause : null
2025-10-17 15:02:18,265 [WARN] ConditionMgr:1044 - genDependencies : Invalid condition id : UX DEVICE CLASS RTOS Condition cause : null
2025-10-17 15:02:18,265 [WARN] ConditionMgr:1044 - genDependencies : Invalid condition id : UX DEVICE CLASS RTOS Condition cause : null
2025-10-17 15:02:18,265 [WARN] ConditionMgr:1044 - genDependencies : Invalid condition id : UX DEVICE CLASS RTOS Condition cause : null
2025-10-17 15:02:18,265 [WARN] ConditionMgr:1044 - genDependencies : Invalid condition id : UX DEVICE CLASS RTOS Condition cause : null
2025-10-17 15:02:18,268 [WARN] PackLoader:240 - Cannot read IP mode file for STMicroelectronics.X-CUBE-GNSS1.7.0.1
2025-10-17 15:02:18,270 [WARN] ConditionMgr:438 - getConditionDescription Invalid condition id : Cortex-A Device cause : null
2025-10-17 15:02:18,284 [WARN] ConditionMgr:1044 - genDependencies : Invalid condition id : Cortex-A Device cause : null
2025-10-17 15:02:18,285 [WARN] ConditionMgr:1044 - genDependencies : Invalid condition id : Cortex-A Device cause : null
2025-10-17 15:02:18,285 [WARN] ConditionMgr:1044 - genDependencies : Invalid condition id : Cortex-A Device cause : null
2025-10-17 15:02:18,293 [WARN] PackLoader:240 - Cannot read IP mode file for STMicroelectronics.X-CUBE-SUBG2.5.0.0
2025-10-17 15:02:18,313 [WARN] PackLoader:240 - Cannot read IP mode file for STMicroelectronics.X-CUBE-AZRTOS-H7RS.1.1.0
2025-10-17 15:02:18,335 [WARN] PackLoader:240 - Cannot read IP mode file for STMicroelectronics.X-CUBE-AZRTOS-G4.2.0.0
2025-10-17 15:02:18,339 [WARN] PackLoader:240 - Cannot read IP mode file for wolfSSL.I-CUBE-wolfSSH.1.4.20
2025-10-17 15:02:18,342 [WARN] PackLoader:240 - Cannot read IP mode file for STMicroelectronics.X-CUBE-NFC7.2.0.0
2025-10-17 15:02:18,345 [WARN] PackLoader:240 - Cannot read IP mode file for STMicroelectronics.X-CUBE-ALS.1.0.2
2025-10-17 15:02:18,350 [WARN] PackLoader:240 - Cannot read IP mode file for STMicroelectronics.X-CUBE-STSE01.1.0.0
2025-10-17 15:02:18,359 [WARN] PackLoader:240 - Cannot read IP mode file for STMicroelectronics.X-CUBE-TOF1.3.4.3
2025-10-17 15:02:18,366 [INFO] ThirdParty:978 - Integrity check success = true
2025-10-17 15:02:18,366 [INFO] IntegrityCheckThread:100 - exiting critical section [integrity check]
2025-10-17 15:02:18,366 [INFO] IntegrityCheckThread:103 - End integrity checks thread
2025-10-17 15:03:31,117 [ERROR] LogOutputStream:75 - [STDERR_REDIRECT] 
2025-10-17 15:05:14,643 [INFO] Activator:176 - 


2025-10-17 15:05:14,644 [INFO] Activator:177 - !SESSION log4j initialized
2025-10-17 15:05:17,322 [INFO] LogOutputStream:77 - [STDOUT_REDIRECT] 
2025-10-17 15:05:17,716 [INFO] ApplicationProperties:184 - Using Application install path: /opt/st/stm32cubeide_1.19.0/plugins/com.st.stm32cube.common.mx_6.15.0.202507011659
2025-10-17 15:05:17,725 [INFO] DbMcusXml:78 - Set database path to: /opt/st/stm32cubeide_1.19.0/plugins/com.st.stm32cube.common.mx_6.15.0.202507011659//db//mcu/
2025-10-17 15:05:17,725 [INFO] ApiDb:274 - Set plugin database path to: /opt/st/stm32cubeide_1.19.0/plugins/com.st.stm32cube.common.mx_6.15.0.202507011659//db//plugins/boardmanager/
2025-10-17 15:05:17,725 [WARN] ApiDb:259 - Overriding images path with different value:  => /opt/st/stm32cubeide_1.19.0/plugins/com.st.stm32cube.common.mx_6.15.0.202507011659//db//plugins/mcufinder/images/
2025-10-17 15:05:17,729 [INFO] ApiDb:250 - Set database path to: /home/kamil/.stmcufinder/plugins/mcufinder//mcu/
2025-10-17 15:05:17,729 [INFO] DbMcusAds:125 - Set database path to: /home/kamil/.stmcufinder/plugins/mcufinder//mcu/
2025-10-17 15:05:17,731 [INFO] CrossReferenceDbSqlite:203 - Set database path to: /home/kamil/.stmcufinder/plugins/mcufinder//mcu/cs/
2025-10-17 15:05:17,795 [INFO] RulesReader:64 - Compatibility file has been processed (317 Rules)
2025-10-17 15:05:17,833 [INFO] DbMcusXml:78 - Set database path to: /opt/st/stm32cubeide_1.19.0/plugins/com.st.stm32cube.common.mx_6.15.0.202507011659//db//mcu/
2025-10-17 15:05:17,833 [INFO] ApiDb:274 - Set plugin database path to: /opt/st/stm32cubeide_1.19.0/plugins/com.st.stm32cube.common.mx_6.15.0.202507011659//db//plugins/boardmanager/
2025-10-17 15:05:17,834 [INFO] ApiDb:261 - Set plugin images path to: /opt/st/stm32cubeide_1.19.0/plugins/com.st.stm32cube.common.mx_6.15.0.202507011659//db//plugins/mcufinder/images/
2025-10-17 15:05:17,834 [WARN] DbFile:41 - Overriding database path with different value: /home/kamil/.stmcufinder/plugins/mcufinder/ => /home/kamil/.stmcufinder/plugins/mcufinder
2025-10-17 15:05:17,834 [INFO] ApiDb:250 - Set database path to: /home/kamil/.stmcufinder/plugins/mcufinder//mcu/
2025-10-17 15:05:17,834 [WARN] DbFile:41 - Overriding database path with different value: /home/kamil/.stmcufinder/plugins/mcufinder/ => /home/kamil/.stmcufinder/plugins/mcufinder
2025-10-17 15:05:17,834 [INFO] DbMcusAds:125 - Set database path to: /home/kamil/.stmcufinder/plugins/mcufinder//mcu/
2025-10-17 15:05:17,834 [WARN] DbFile:41 - Overriding database path with different value: /home/kamil/.stmcufinder/plugins/mcufinder/ => /home/kamil/.stmcufinder/plugins/mcufinder
2025-10-17 15:05:17,834 [WARN] DbFile:41 - Overriding database path with different value: /home/kamil/.stmcufinder/plugins/mcufinder/ => /home/kamil/.stmcufinder/plugins/mcufinder
2025-10-17 15:05:17,834 [INFO] CrossReferenceDbSqlite:203 - Set database path to: /home/kamil/.stmcufinder/plugins/mcufinder//mcu/cs/
2025-10-17 15:05:17,876 [INFO] MainPanel:274 - HeapMemory: 268435456
2025-10-17 15:05:17,948 [INFO] DbMcusXml:78 - Set database path to: /opt/st/stm32cubeide_1.19.0/plugins/com.st.stm32cube.common.mx_6.15.0.202507011659//db//mcu/
2025-10-17 15:05:17,949 [INFO] ApiDb:274 - Set plugin database path to: /opt/st/stm32cubeide_1.19.0/plugins/com.st.stm32cube.common.mx_6.15.0.202507011659//db//plugins/boardmanager/
2025-10-17 15:05:17,949 [INFO] ApiDb:261 - Set plugin images path to: /opt/st/stm32cubeide_1.19.0/plugins/com.st.stm32cube.common.mx_6.15.0.202507011659//db//plugins/mcufinder/images/
2025-10-17 15:05:17,949 [WARN] DbFile:41 - Overriding database path with different value: /home/kamil/.stmcufinder/plugins/mcufinder/ => /home/kamil/.stmcufinder/plugins/mcufinder
2025-10-17 15:05:17,949 [INFO] ApiDb:250 - Set database path to: /home/kamil/.stmcufinder/plugins/mcufinder//mcu/
2025-10-17 15:05:17,949 [WARN] DbFile:41 - Overriding database path with different value: /home/kamil/.stmcufinder/plugins/mcufinder/ => /home/kamil/.stmcufinder/plugins/mcufinder
2025-10-17 15:05:17,949 [INFO] DbMcusAds:125 - Set database path to: /home/kamil/.stmcufinder/plugins/mcufinder//mcu/
2025-10-17 15:05:17,949 [WARN] DbFile:41 - Overriding database path with different value: /home/kamil/.stmcufinder/plugins/mcufinder/ => /home/kamil/.stmcufinder/plugins/mcufinder
2025-10-17 15:05:17,949 [WARN] DbFile:41 - Overriding database path with different value: /home/kamil/.stmcufinder/plugins/mcufinder/ => /home/kamil/.stmcufinder/plugins/mcufinder
2025-10-17 15:05:17,949 [INFO] CrossReferenceDbSqlite:203 - Set database path to: /home/kamil/.stmcufinder/plugins/mcufinder//mcu/cs/
2025-10-17 15:05:17,958 [INFO] ApplicationProperties:184 - Using Application install path: /opt/st/stm32cubeide_1.19.0/plugins/com.st.stm32cube.common.mx_6.15.0.202507011659
2025-10-17 15:05:17,958 [INFO] PluginManage:196 - Search for loadable plugins [exclusion list=, ]
2025-10-17 15:05:17,959 [INFO] PluginManage:310 - Check plugin analytics
2025-10-17 15:05:18,038 [INFO] AnalyticsPlugin:253 - Accepted Software Licenses: 
2025-10-17 15:05:18,038 [INFO] AnalyticsPlugin:255 - Accepted CMSIS Pack Licenses: 
2025-10-17 15:05:18,038 [INFO] AnalyticsPlugin:257 - Accepted Firmware Licenses: 
2025-10-17 15:05:18,039 [INFO] PluginManage:359 - Loaded plugin analytics (category:tool,tabindex:-1)
2025-10-17 15:05:18,039 [INFO] PluginManage:310 - Check plugin cadmodel
2025-10-17 15:05:18,042 [INFO] CADModel:105 - Init CAD model plugin
2025-10-17 15:05:18,042 [INFO] PluginManage:359 - Loaded plugin cadmodel (category:power,tabindex:5)
2025-10-17 15:05:18,042 [INFO] PluginManage:310 - Check plugin clock
2025-10-17 15:05:18,047 [INFO] PluginManage:359 - Loaded plugin clock (category:base,tabindex:2)
2025-10-17 15:05:18,047 [INFO] PluginManage:310 - Check plugin ddr
2025-10-17 15:05:18,048 [INFO] PluginManage:359 - Loaded plugin ddr (category:tool,tabindex:6)
2025-10-17 15:05:18,048 [INFO] PluginManage:310 - Check plugin filemanager
2025-10-17 15:05:18,124 [INFO] PluginManage:359 - Loaded plugin filemanager (category:base,tabindex:10)
2025-10-17 15:05:18,124 [INFO] PluginManage:310 - Check plugin ipmanager
2025-10-17 15:05:18,127 [INFO] PluginManage:359 - Loaded plugin ipmanager (category:base,tabindex:5)
2025-10-17 15:05:18,127 [INFO] PluginManage:310 - Check plugin lpbam
2025-10-17 15:05:18,132 [INFO] PluginManage:359 - Loaded plugin lpbam (category:base,tabindex:0)
2025-10-17 15:05:18,132 [INFO] PluginManage:310 - Check plugin memorymap
2025-10-17 15:05:18,138 [INFO] PluginManage:359 - Loaded plugin memorymap (category:base,tabindex:4)
2025-10-17 15:05:18,138 [INFO] PluginManage:310 - Check plugin pinoutandconfiguration
2025-10-17 15:05:18,142 [INFO] PluginManage:359 - Loaded plugin pinoutandconfiguration (category:base,tabindex:1)
2025-10-17 15:05:18,142 [INFO] PluginManage:310 - Check plugin pinoutconfig
2025-10-17 15:05:18,199 [WARN] SupportedApi:132 - Cannot load RTOS API schema: s4s-elt-must-match.1: The content of 'definitions' must match (annotation?, (simpleType | complexType)?, (unique | key | keyref)*)). A problem was found starting at: attribute.
2025-10-17 15:05:18,285 [INFO] PluginManage:359 - Loaded plugin pinoutconfig (category:base,tabindex:0)
2025-10-17 15:05:18,285 [INFO] PluginManage:310 - Check plugin power
2025-10-17 15:05:18,291 [INFO] PluginManage:359 - Loaded plugin power (category:power,tabindex:4)
2025-10-17 15:05:18,291 [INFO] PluginManage:310 - Check plugin projectmanager
2025-10-17 15:05:18,301 [INFO] PluginManage:359 - Loaded plugin projectmanager (category:projectmanager,tabindex:4)
2025-10-17 15:05:18,301 [INFO] PluginManage:310 - Check plugin rif
2025-10-17 15:05:18,306 [INFO] PluginManage:359 - Loaded plugin rif (category:base,tabindex:3)
2025-10-17 15:05:18,307 [INFO] PluginManage:310 - Check plugin thirdparty
2025-10-17 15:05:18,400 [INFO] PluginManage:359 - Loaded plugin thirdparty (category:base,tabindex:-1)
2025-10-17 15:05:18,401 [INFO] PluginManage:310 - Check plugin tools
2025-10-17 15:05:18,400 [WARN] IntegrityCheckThread:84 - waiting for thirdparty lock release [integrity check]
2025-10-17 15:05:18,401 [INFO] IntegrityCheckThread:86 - entering critical section [integrity check]
2025-10-17 15:05:18,401 [INFO] ThirdPartyUpdaterWithRetryManager:70 - Updater plugin not ready yet. [1/15]
2025-10-17 15:05:18,402 [INFO] PluginManage:359 - Loaded plugin tools (category:base,tabindex:7)
2025-10-17 15:05:18,402 [INFO] PluginManage:310 - Check plugin tutovideos
2025-10-17 15:05:18,521 [INFO] PluginManage:359 - Loaded plugin tutovideos (category:base,tabindex:-1)
2025-10-17 15:05:18,521 [INFO] PluginManage:310 - Check plugin updater
2025-10-17 15:05:18,539 [INFO] PluginManage:359 - Loaded plugin updater (category:base,tabindex:12)
2025-10-17 15:05:18,539 [INFO] PluginManage:310 - Check plugin userauth
2025-10-17 15:05:18,542 [INFO] UserAuth:118 - Init User Auth plugin
2025-10-17 15:05:18,543 [INFO] PluginManage:359 - Loaded plugin userauth (category:base,tabindex:14)
2025-10-17 15:05:18,543 [INFO] PluginManage:283 - PluginManage : Loaded plugins [18]
2025-10-17 15:05:18,653 [INFO] PinOutPanel:1589 - setPackage(No Configuration,No Configuration)
2025-10-17 15:05:18,694 [INFO] CADModel:165 - CPN selected for project level
2025-10-17 15:05:18,694 [INFO] CADModel:114 - Register for checkConnection events
2025-10-17 15:05:18,699 [INFO] IPUIPlugin:80 - create IPUIPlugin
2025-10-17 15:05:18,699 [INFO] PluginManager:220 - loadIPPluginJar : add tracer_emb
2025-10-17 15:05:18,700 [INFO] IPUIPlugin:80 - create IPUIPlugin
2025-10-17 15:05:18,700 [INFO] PluginManager:220 - loadIPPluginJar : add radio
2025-10-17 15:05:18,703 [INFO] IPUIPlugin:80 - create IPUIPlugin
2025-10-17 15:05:18,703 [INFO] PluginManager:220 - loadIPPluginJar : add ddr_ctrl_phy
2025-10-17 15:05:18,707 [INFO] IPUIPlugin:80 - create IPUIPlugin
2025-10-17 15:05:18,707 [INFO] PluginManager:220 - loadIPPluginJar : add mdma
2025-10-17 15:05:18,709 [INFO] IPUIPlugin:80 - create IPUIPlugin
2025-10-17 15:05:18,709 [INFO] PluginManager:220 - loadIPPluginJar : add touchsensing
2025-10-17 15:05:18,709 [INFO] IPUIPlugin:80 - create IPUIPlugin
2025-10-17 15:05:18,709 [INFO] PluginManager:220 - loadIPPluginJar : add ucpd
2025-10-17 15:05:18,714 [INFO] IPUIPlugin:80 - create IPUIPlugin
2025-10-17 15:05:18,715 [INFO] PluginManager:220 - loadIPPluginJar : add plateformsettings
2025-10-17 15:05:18,718 [INFO] IPUIPlugin:80 - create IPUIPlugin
2025-10-17 15:05:18,718 [INFO] PluginManager:220 - loadIPPluginJar : add ipddr
2025-10-17 15:05:18,721 [INFO] IPUIPlugin:80 - create IPUIPlugin
2025-10-17 15:05:18,721 [INFO] PluginManager:220 - loadIPPluginJar : add resmgrutility
2025-10-17 15:05:18,722 [INFO] IPUIPlugin:80 - create IPUIPlugin
2025-10-17 15:05:18,723 [INFO] PluginManager:220 - loadIPPluginJar : add ts
2025-10-17 15:05:18,724 [INFO] IPUIPlugin:80 - create IPUIPlugin
2025-10-17 15:05:18,724 [INFO] PluginManager:220 - loadIPPluginJar : add dma3
2025-10-17 15:05:18,726 [INFO] IPUIPlugin:80 - create IPUIPlugin
2025-10-17 15:05:18,726 [INFO] PluginManager:220 - loadIPPluginJar : add openamp
2025-10-17 15:05:18,727 [INFO] IPUIPlugin:80 - create IPUIPlugin
2025-10-17 15:05:18,727 [INFO] PluginManager:220 - loadIPPluginJar : add opamp
2025-10-17 15:05:18,729 [INFO] IPUIPlugin:80 - create IPUIPlugin
2025-10-17 15:05:18,729 [INFO] PluginManager:220 - loadIPPluginJar : add pdm2pcm
2025-10-17 15:05:18,730 [INFO] IPUIPlugin:80 - create IPUIPlugin
2025-10-17 15:05:18,730 [INFO] PluginManager:220 - loadIPPluginJar : add gfxmmu
2025-10-17 15:05:18,731 [INFO] IPUIPlugin:80 - create IPUIPlugin
2025-10-17 15:05:18,731 [INFO] PluginManager:220 - loadIPPluginJar : add aes
2025-10-17 15:05:18,732 [INFO] IPUIPlugin:80 - create IPUIPlugin
2025-10-17 15:05:18,732 [INFO] PluginManager:220 - loadIPPluginJar : add gtzc
2025-10-17 15:05:18,734 [INFO] IPUIPlugin:80 - create IPUIPlugin
2025-10-17 15:05:18,734 [INFO] PluginManager:220 - loadIPPluginJar : add sai
2025-10-17 15:05:18,734 [INFO] IPUIPlugin:80 - create IPUIPlugin
2025-10-17 15:05:18,735 [INFO] PluginManager:220 - loadIPPluginJar : add tsc
2025-10-17 15:05:18,736 [INFO] IPUIPlugin:80 - create IPUIPlugin
2025-10-17 15:05:18,736 [INFO] PluginManager:220 - loadIPPluginJar : add usbx
2025-10-17 15:05:18,737 [INFO] IPUIPlugin:80 - create IPUIPlugin
2025-10-17 15:05:18,737 [INFO] PluginManager:220 - loadIPPluginJar : add can
2025-10-17 15:05:18,738 [INFO] IPUIPlugin:80 - create IPUIPlugin
2025-10-17 15:05:18,738 [INFO] PluginManager:220 - loadIPPluginJar : add i2c
2025-10-17 15:05:18,740 [INFO] IPUIPlugin:80 - create IPUIPlugin
2025-10-17 15:05:18,740 [INFO] PluginManager:220 - loadIPPluginJar : add lorawan
2025-10-17 15:05:18,741 [INFO] IPUIPlugin:80 - create IPUIPlugin
2025-10-17 15:05:18,741 [INFO] PluginManager:220 - loadIPPluginJar : add spi
2025-10-17 15:05:18,746 [INFO] IPUIPlugin:80 - create IPUIPlugin
2025-10-17 15:05:18,746 [INFO] PluginManager:220 - loadIPPluginJar : add linkedlist
2025-10-17 15:05:18,749 [INFO] IPUIPlugin:80 - create IPUIPlugin
2025-10-17 15:05:18,750 [INFO] PluginManager:220 - loadIPPluginJar : add fmc
2025-10-17 15:05:18,751 [INFO] IPUIPlugin:80 - create IPUIPlugin
2025-10-17 15:05:18,751 [INFO] PluginManager:220 - loadIPPluginJar : add i3c
2025-10-17 15:05:18,752 [INFO] IPUIPlugin:80 - create IPUIPlugin
2025-10-17 15:05:18,752 [INFO] PluginManager:220 - loadIPPluginJar : add ltdc
2025-10-17 15:05:18,756 [INFO] IPUIPlugin:80 - create IPUIPlugin
2025-10-17 15:05:18,757 [INFO] PluginManager:220 - loadIPPluginJar : add dma
2025-10-17 15:05:18,760 [INFO] IPUIPlugin:80 - create IPUIPlugin
2025-10-17 15:05:18,760 [INFO] PluginManager:220 - loadIPPluginJar : add freertos
2025-10-17 15:05:18,761 [INFO] IPUIPlugin:80 - create IPUIPlugin
2025-10-17 15:05:18,761 [INFO] PluginManager:220 - loadIPPluginJar : add hash
2025-10-17 15:05:18,765 [INFO] IPUIPlugin:80 - create IPUIPlugin
2025-10-17 15:05:18,765 [INFO] PluginManager:220 - loadIPPluginJar : add adc
2025-10-17 15:05:18,767 [INFO] IPUIPlugin:80 - create IPUIPlugin
2025-10-17 15:05:18,767 [INFO] PluginManager:220 - loadIPPluginJar : add usart
2025-10-17 15:05:18,771 [INFO] IPUIPlugin:80 - create IPUIPlugin
2025-10-17 15:05:18,771 [INFO] PluginManager:220 - loadIPPluginJar : add stm32_wpan
2025-10-17 15:05:18,772 [INFO] IPUIPlugin:80 - create IPUIPlugin
2025-10-17 15:05:18,772 [INFO] PluginManager:220 - loadIPPluginJar : add genericplugin
2025-10-17 15:05:18,775 [INFO] IPUIPlugin:80 - create IPUIPlugin
2025-10-17 15:05:18,775 [INFO] PluginManager:220 - loadIPPluginJar : add gpio
2025-10-17 15:05:18,777 [INFO] IPUIPlugin:80 - create IPUIPlugin
2025-10-17 15:05:18,777 [INFO] PluginManager:220 - loadIPPluginJar : add nvic
2025-10-17 15:05:18,778 [INFO] IPUIPlugin:80 - create IPUIPlugin
2025-10-17 15:05:18,778 [INFO] PluginManager:220 - loadIPPluginJar : add dfsdm
2025-10-17 15:05:18,779 [INFO] IPUIPlugin:80 - create IPUIPlugin
2025-10-17 15:05:18,779 [INFO] PluginManager:220 - loadIPPluginJar : add fatfs
2025-10-17 15:05:18,780 [INFO] IPUIPlugin:80 - create IPUIPlugin
2025-10-17 15:05:18,780 [INFO] PluginManager:220 - loadIPPluginJar : add comp
2025-10-17 15:05:18,781 [INFO] IPUIPlugin:80 - create IPUIPlugin
2025-10-17 15:05:18,781 [INFO] PluginManager:220 - loadIPPluginJar : add i2s
2025-10-17 15:05:18,783 [INFO] IPUIPlugin:80 - create IPUIPlugin
2025-10-17 15:05:18,783 [INFO] PluginManager:220 - loadIPPluginJar : add cryp
2025-10-17 15:05:18,784 [INFO] IPUIPlugin:80 - create IPUIPlugin
2025-10-17 15:05:18,784 [INFO] PluginManager:220 - loadIPPluginJar : add quadspi
2025-10-17 15:05:18,787 [INFO] IPUIPlugin:80 - create IPUIPlugin
2025-10-17 15:05:18,787 [INFO] PluginManager:220 - loadIPPluginJar : add gic
2025-10-17 15:05:18,788 [INFO] IPUIPlugin:80 - create IPUIPlugin
2025-10-17 15:05:18,788 [INFO] PluginManager:220 - loadIPPluginJar : add tim
2025-10-17 15:05:18,790 [INFO] IPUIPlugin:80 - create IPUIPlugin
2025-10-17 15:05:18,790 [INFO] PluginManager:220 - loadIPPluginJar : add extmemmanager
2025-10-17 15:05:18,879 [FATAL] Updater:351 - Updater called before beeing initialized
2025-10-17 15:05:18,899 [INFO] RulesReader:64 - Compatibility file has been processed (317 Rules)
2025-10-17 15:05:18,909 [INFO] RulesReader:64 - Compatibility file has been processed (317 Rules)
2025-10-17 15:05:18,914 [INFO] CADModel:165 - CPN selected for project level
2025-10-17 15:05:18,914 [INFO] CADModel:114 - Register for checkConnection events
2025-10-17 15:05:18,914 [FATAL] Updater:351 - Updater called before beeing initialized
2025-10-17 15:05:18,914 [ERROR] CADModel:125 - Updater not yet initialized, retry later 
2025-10-17 15:05:18,991 [FATAL] Updater:351 - Updater called before beeing initialized
2025-10-17 15:05:18,992 [INFO] CADModel:165 - CPN selected for project level
2025-10-17 15:05:18,992 [INFO] CADModel:114 - Register for checkConnection events
2025-10-17 15:05:18,992 [FATAL] Updater:351 - Updater called before beeing initialized
2025-10-17 15:05:18,992 [ERROR] CADModel:125 - Updater not yet initialized, retry later 
2025-10-17 15:05:18,994 [FATAL] Updater:351 - Updater called before beeing initialized
2025-10-17 15:05:19,046 [FATAL] Updater:351 - Updater called before beeing initialized
2025-10-17 15:05:19,049 [INFO] DbMcusAds:53 - JSON generation date=Tue Jul 08 10:14:23 CEST 2025 (1751962463524)
2025-10-17 15:05:19,049 [FATAL] Updater:351 - Updater called before beeing initialized
2025-10-17 15:05:19,068 [WARN] DetailPanel:346 - Failed to get advertising image, set to default
2025-10-17 15:05:19,111 [FATAL] Updater:351 - Updater called before beeing initialized
2025-10-17 15:05:19,112 [FATAL] Updater:351 - Updater called before beeing initialized
2025-10-17 15:05:19,112 [FATAL] Updater:351 - Updater called before beeing initialized
2025-10-17 15:05:19,112 [WARN] DetailPanel:346 - Failed to get advertising image, set to default
2025-10-17 15:05:19,113 [FATAL] Updater:351 - Updater called before beeing initialized
2025-10-17 15:05:19,129 [ERROR] Updater:1198 - MainUpdater not yet initialized. External WinMGr cannot be set.
2025-10-17 15:05:19,130 [INFO] Updater:1134 - Updater Version found : 6.15.0
2025-10-17 15:05:19,141 [INFO] ApplicationProperties:184 - Using Application install path: /opt/st/stm32cubeide_1.19.0/plugins/com.st.stm32cube.common.mx_6.15.0.202507011659
2025-10-17 15:05:19,304 [INFO] MainUpdater:2872 - connection check result : 10
2025-10-17 15:05:19,304 [INFO] MainUpdater:289 - Updater Check For Update Now.
2025-10-17 15:05:19,304 [INFO] MicroXplorer:498 - Change Database Version : DB.6.0.150
2025-10-17 15:05:19,309 [INFO] McuFinderGlobals:63 - Set McuFinder mode to 2 (CubeIDE integrated)
2025-10-17 15:05:19,309 [INFO] UserAuth:171 - activating auth plugin
2025-10-17 15:05:19,311 [INFO] UserAuth:487 - Internet connection configuration mode: 1
2025-10-17 15:05:19,325 [INFO] JxBrowserEngine:152 - Initiate JxBrowser Engine with user profile folder
2025-10-17 15:05:19,470 [INFO] CheckServerUpdateThread:120 - End of CheckServer Thread
2025-10-17 15:05:19,857 [INFO] WebApp:169 - Instantiating new browser for Auth
2025-10-17 15:05:20,262 [INFO] WebApp:463 - Apply proxy settings
2025-10-17 15:05:20,262 [INFO] WebApp:548 - Chromium requires no authentication
2025-10-17 15:05:20,268 [INFO] WebApp:491 - Direct internet connection detected
2025-10-17 15:05:20,278 [INFO] WebApp:900 - Register for checkConnection events
2025-10-17 15:05:20,278 [INFO] WebApp:463 - Apply proxy settings
2025-10-17 15:05:20,278 [INFO] WebApp:548 - Chromium requires no authentication
2025-10-17 15:05:20,279 [INFO] WebApp:491 - Direct internet connection detected
2025-10-17 15:05:20,359 [INFO] WebApp:225 - Starting web application
2025-10-17 15:05:20,359 [INFO] WebApp:593 - Web application path used /opt/st/stm32cubeide_1.19.0/plugins/com.st.stm32cube.common.mx_6.15.0.202507011659/db/plugins/mcufinder/reactClient1/index.html
2025-10-17 15:05:20,635 [INFO] WebApp:191 - Connection restablished
2025-10-17 15:05:21,516 [WARN] PackLoader:240 - Cannot read IP mode file for STMicroelectronics.FP-SNS-MOTENVWB1.1.4.0
2025-10-17 15:05:21,523 [WARN] PackLoader:240 - Cannot read IP mode file for STMicroelectronics.FP-ATR-ASTRA1.2.0.2
2025-10-17 15:05:21,528 [WARN] PackLoader:240 - Cannot read IP mode file for STMicroelectronics.X-CUBE-SMBUS.2.1.0
2025-10-17 15:05:21,531 [WARN] PackLoader:240 - Cannot read IP mode file for STMicroelectronics.X-CUBE-ST60.1.0.0
2025-10-17 15:05:21,572 [WARN] PackLoader:240 - Cannot read IP mode file for STMicroelectronics.X-CUBE-AZRTOS-F7.1.1.0
2025-10-17 15:05:21,583 [WARN] PackLoader:240 - Cannot read IP mode file for Cesanta.I-CUBE-Mongoose.7.19.0
2025-10-17 15:05:21,592 [WARN] PackLoader:240 - Cannot read IP mode file for WES.I-CUBE-Cesium.1.4.0
2025-10-17 15:05:21,612 [WARN] PackLoader:240 - Cannot read IP mode file for Infineon.AIROC-Wi-Fi-Bluetooth-STM32.1.7.1
2025-10-17 15:05:21,631 [WARN] PackLoader:240 - Cannot read IP mode file for STMicroelectronics.X-CUBE-AZRTOS-H7.3.4.0
2025-10-17 15:05:21,639 [WARN] PackLoader:240 - Cannot read IP mode file for STMicroelectronics.X-CUBE-DISPLAY.3.0.0
2025-10-17 15:05:21,647 [WARN] PackLoader:240 - Cannot read IP mode file for STMicroelectronics.X-CUBE-NFC10.1.0.0
2025-10-17 15:05:21,651 [WARN] PackLoader:240 - Cannot read IP mode file for emotas.I-CUBE-CANOPEN.1.3.0
2025-10-17 15:05:21,654 [WARN] PackLoader:240 - Cannot read IP mode file for STMicroelectronics.FP-SNS-SMARTAG2.1.2.0
2025-10-17 15:05:21,657 [WARN] PackLoader:240 - Cannot read IP mode file for STMicroelectronics.FP-SNS-FLIGHT1.5.1.0
2025-10-17 15:05:21,662 [INFO] LogOutputStream:77 - [STDOUT_REDIRECT] 1 : Invalid condition id : UX_CORESTACK_Condition cause : null
2025-10-17 15:05:21,663 [INFO] LogOutputStream:77 - [STDOUT_REDIRECT] 1 : Invalid condition id : UX_CORESTACK_Condition cause : null
2025-10-17 15:05:21,663 [INFO] LogOutputStream:77 - [STDOUT_REDIRECT] 1 : Invalid condition id : UX_CORESTACK_Condition cause : null
2025-10-17 15:05:21,663 [INFO] LogOutputStream:77 - [STDOUT_REDIRECT] 1 : Invalid condition id : UX_CORESTACK_Condition cause : null
2025-10-17 15:05:21,663 [INFO] LogOutputStream:77 - [STDOUT_REDIRECT] 1 : Invalid condition id : UX_CORESTACK_Condition cause : null
2025-10-17 15:05:21,665 [WARN] PackLoader:240 - Cannot read IP mode file for STMicroelectronics.X-CUBE-AZRTOS-WL.2.0.0
2025-10-17 15:05:21,669 [WARN] PackLoader:240 - Cannot read IP mode file for STMicroelectronics.FP-SNS-MOTENV1.5.0.0
2025-10-17 15:05:21,672 [WARN] PackLoader:240 - Cannot read IP mode file for STMicroelectronics.X-CUBE-BLE2.3.3.0
2025-10-17 15:05:21,677 [WARN] PackLoader:240 - Cannot read IP mode file for STMicroelectronics.X-CUBE-NFC9.1.0.0
2025-10-17 15:05:21,680 [WARN] PackLoader:240 - Cannot read IP mode file for wolfSSL.I-CUBE-wolfSSL.5.8.2
2025-10-17 15:05:21,684 [WARN] PackLoader:240 - Cannot read IP mode file for STMicroelectronics.X-CUBE-BLE1.7.1.0
2025-10-17 15:05:21,686 [WARN] PackLoader:240 - Cannot read IP mode file for wolfSSL.I-CUBE-wolfMQTT.1.19.2
2025-10-17 15:05:21,689 [WARN] PackLoader:240 - Cannot read IP mode file for STMicroelectronics.X-CUBE-EEPRMA1.5.2.0
2025-10-17 15:05:21,694 [WARN] PackLoader:240 - Cannot read IP mode file for STMicroelectronics.X-CUBE-ST67W61.1.1.0
2025-10-17 15:05:21,703 [WARN] PackLoader:240 - Cannot read IP mode file for STMicroelectronics.X-CUBE-AZRTOS-G0.1.1.0
2025-10-17 15:05:21,708 [WARN] PackLoader:240 - Cannot read IP mode file for STMicroelectronics.X-CUBE-SAFEA1.1.2.2
2025-10-17 15:05:21,712 [WARN] PackLoader:240 - Cannot read IP mode file for STMicroelectronics.X-CUBE-NFC4.3.0.0
2025-10-17 15:05:21,722 [WARN] PackLoader:240 - Cannot read IP mode file for EmbeddedOffice.I-CUBE-FS-RTOS.1.0.1
2025-10-17 15:05:21,726 [WARN] PackLoader:240 - Cannot read IP mode file for STMicroelectronics.X-CUBE-WB05N.2.0.0
2025-10-17 15:05:21,728 [WARN] PackLoader:240 - Cannot read IP mode file for wolfSSL.I-CUBE-wolfTPM.3.8.0
2025-10-17 15:05:21,731 [WARN] PackLoader:240 - Cannot read IP mode file for STMicroelectronics.X-CUBE-TCPP.4.2.0
2025-10-17 15:05:21,735 [WARN] PackLoader:240 - Cannot read IP mode file for RealThread.X-CUBE-RT-Thread_Nano.4.1.1
2025-10-17 15:05:21,737 [WARN] PackLoader:240 - Cannot read IP mode file for STMicroelectronics.FP-ATR-SIGFOX1.3.2.0
2025-10-17 15:05:21,741 [WARN] PackLoader:240 - Cannot read IP mode file for ITTIA_DB.I-CUBE-ITTIADB.8.9.0
2025-10-17 15:05:21,756 [WARN] PackLoader:240 - Cannot read IP mode file for SEGGER.I-CUBE-embOS.1.3.1
2025-10-17 15:05:21,782 [WARN] PackLoader:240 - Cannot read IP mode file for STMicroelectronics.X-CUBE-ALGOBUILD.1.4.0
2025-10-17 15:05:21,806 [WARN] PackLoader:240 - Cannot read IP mode file for STMicroelectronics.X-CUBE-MEMS1.11.3.0
2025-10-17 15:05:21,886 [WARN] PackLoader:240 - Cannot read IP mode file for STMicroelectronics.X-CUBE-PM33A1.1.0.0
2025-10-17 15:05:21,895 [WARN] PackLoader:240 - Cannot read IP mode file for STMicroelectronics.X-CUBE-AZRTOS-F4.1.1.0
2025-10-17 15:05:21,900 [WARN] PackLoader:240 - Cannot read IP mode file for STMicroelectronics.X-CUBE-ISPU.2.1.0
2025-10-17 15:05:21,907 [WARN] PackLoader:240 - Cannot read IP mode file for STMicroelectronics.X-CUBE-IPS.3.2.0
2025-10-17 15:05:21,914 [WARN] PackLoader:240 - Cannot read IP mode file for STMicroelectronics.X-CUBE-NFC12.1.0.0
2025-10-17 15:05:21,928 [WARN] PackLoader:240 - Cannot read IP mode file for STMicroelectronics.X-CUBE-AZRTOS-L5.2.0.0
2025-10-17 15:05:21,935 [WARN] PackLoader:240 - Cannot read IP mode file for STMicroelectronics.X-CUBE-NFC6.3.1.0
2025-10-17 15:05:21,940 [WARN] PackLoader:240 - Cannot read IP mode file for STMicroelectronics.X-CUBE-FREERTOS.1.3.1
2025-10-17 15:05:21,942 [WARN] PackLoader:240 - Cannot read IP mode file for STMicroelectronics.X-CUBE-TOUCHGFX.4.26.0
2025-10-17 15:05:21,945 [WARN] PackLoader:240 - Cannot read IP mode file for STMicroelectronics.X-CUBE-DPower.1.3.0
2025-10-17 15:05:21,956 [WARN] ConditionMgr:438 - getConditionDescription Invalid condition id : LAN8742 Phy interface Condition cause : null
2025-10-17 15:05:21,956 [WARN] PackLoader:240 - Cannot read IP mode file for STMicroelectronics.X-CUBE-AZRTOS-L4.2.0.0
2025-10-17 15:05:21,957 [WARN] ConditionMgr:1044 - genDependencies : Invalid condition id : LAN8742 Phy interface Condition cause : null
2025-10-17 15:05:21,957 [WARN] ConditionMgr:1044 - genDependencies : Invalid condition id : LAN8742 Phy interface Condition cause : null
2025-10-17 15:05:21,957 [WARN] ConditionMgr:1044 - genDependencies : Invalid condition id : LAN8742 Phy interface Condition cause : null
2025-10-17 15:05:21,962 [WARN] PackLoader:240 - Cannot read IP mode file for STMicroelectronics.X-CUBE-SFXS2LP1.4.0.0
2025-10-17 15:05:21,986 [WARN] PackLoader:240 - Cannot read IP mode file for STMicroelectronics.X-CUBE-BLEMGR.4.1.0
2025-10-17 15:05:22,004 [WARN] ConditionMgr:438 - getConditionDescription Invalid condition id : UX DEVICE CLASS RTOS Condition cause : null
2025-10-17 15:05:22,004 [WARN] ConditionMgr:438 - getConditionDescription Invalid condition id : UX DEVICE CLASS RTOS Condition cause : null
2025-10-17 15:05:22,006 [WARN] PackLoader:240 - Cannot read IP mode file for STMicroelectronics.X-CUBE-AZRTOS-WB.2.0.0
2025-10-17 15:05:22,007 [WARN] ConditionMgr:1044 - genDependencies : Invalid condition id : UX DEVICE CLASS RTOS Condition cause : null
2025-10-17 15:05:22,007 [WARN] ConditionMgr:1044 - genDependencies : Invalid condition id : UX DEVICE CLASS RTOS Condition cause : null
2025-10-17 15:05:22,007 [WARN] ConditionMgr:1044 - genDependencies : Invalid condition id : UX DEVICE CLASS RTOS Condition cause : null
2025-10-17 15:05:22,007 [WARN] ConditionMgr:1044 - genDependencies : Invalid condition id : UX DEVICE CLASS RTOS Condition cause : null
2025-10-17 15:05:22,007 [WARN] ConditionMgr:1044 - genDependencies : Invalid condition id : UX DEVICE CLASS RTOS Condition cause : null
2025-10-17 15:05:22,011 [WARN] PackLoader:240 - Cannot read IP mode file for STMicroelectronics.X-CUBE-GNSS1.7.0.1
2025-10-17 15:05:22,014 [WARN] ConditionMgr:438 - getConditionDescription Invalid condition id : Cortex-A Device cause : null
2025-10-17 15:05:22,024 [WARN] ConditionMgr:1044 - genDependencies : Invalid condition id : Cortex-A Device cause : null
2025-10-17 15:05:22,024 [WARN] ConditionMgr:1044 - genDependencies : Invalid condition id : Cortex-A Device cause : null
2025-10-17 15:05:22,024 [WARN] ConditionMgr:1044 - genDependencies : Invalid condition id : Cortex-A Device cause : null
2025-10-17 15:05:22,032 [WARN] PackLoader:240 - Cannot read IP mode file for STMicroelectronics.X-CUBE-SUBG2.5.0.0
2025-10-17 15:05:22,050 [WARN] PackLoader:240 - Cannot read IP mode file for STMicroelectronics.X-CUBE-AZRTOS-H7RS.1.1.0
2025-10-17 15:05:22,059 [WARN] PackLoader:240 - Cannot read IP mode file for STMicroelectronics.X-CUBE-AZRTOS-G4.2.0.0
2025-10-17 15:05:22,062 [WARN] PackLoader:240 - Cannot read IP mode file for wolfSSL.I-CUBE-wolfSSH.1.4.20
2025-10-17 15:05:22,065 [WARN] PackLoader:240 - Cannot read IP mode file for STMicroelectronics.X-CUBE-NFC7.2.0.0
2025-10-17 15:05:22,067 [WARN] PackLoader:240 - Cannot read IP mode file for STMicroelectronics.X-CUBE-ALS.1.0.2
2025-10-17 15:05:22,071 [WARN] PackLoader:240 - Cannot read IP mode file for STMicroelectronics.X-CUBE-STSE01.1.0.0
2025-10-17 15:05:22,077 [WARN] PackLoader:240 - Cannot read IP mode file for STMicroelectronics.X-CUBE-TOF1.3.4.3
2025-10-17 15:05:22,082 [INFO] ThirdParty:978 - Integrity check success = true
2025-10-17 15:05:22,082 [INFO] IntegrityCheckThread:100 - exiting critical section [integrity check]
2025-10-17 15:05:22,083 [INFO] IntegrityCheckThread:103 - End integrity checks thread
2025-10-17 15:07:01,468 [INFO] WebApp:194 - Connection lost
2025-10-17 15:07:01,618 [INFO] WebApp:191 - Connection restablished
2025-10-17 15:08:47,278 [INFO] WebApp:194 - Connection lost
2025-10-17 15:08:47,431 [INFO] WebApp:191 - Connection restablished
2025-10-17 15:13:45,695 [INFO] WebApp:194 - Connection lost
2025-10-17 15:13:47,579 [INFO] WebApp:191 - Connection restablished
2025-10-17 15:16:54,892 [INFO] WebApp:194 - Connection lost
2025-10-17 15:16:55,058 [INFO] WebApp:191 - Connection restablished
2025-10-17 15:17:23,105 [INFO] WebApp:194 - Connection lost
2025-10-17 15:17:23,331 [INFO] WebApp:191 - Connection restablished
2025-10-17 15:20:27,139 [INFO] WebApp:194 - Connection lost
2025-10-17 15:20:27,488 [INFO] WebApp:191 - Connection restablished
2025-10-17 15:22:45,404 [INFO] WebApp:194 - Connection lost
2025-10-17 15:22:45,948 [INFO] WebApp:191 - Connection restablished
2025-10-17 15:24:52,595 [INFO] WebApp:194 - Connection lost
2025-10-17 15:25:00,114 [INFO] WebApp:191 - Connection restablished
2025-10-17 15:29:57,811 [INFO] WebApp:194 - Connection lost
2025-10-17 15:29:57,977 [INFO] WebApp:191 - Connection restablished
2025-10-17 16:38:47,547 [ERROR] LogOutputStream:75 - [STDERR_REDIRECT] 
