2026-02-20 00:05:39,332 [ERROR] LogOutputStream:75 - [STDERR_REDIRECT] 
2026-02-20 16:15:50,929 [INFO] Activator:176 - 


2026-02-20 16:15:50,930 [INFO] Activator:177 - !SESSION log4j initialized
2026-02-20 16:15:53,024 [INFO] LogOutputStream:77 - [STDOUT_REDIRECT] 
2026-02-20 16:15:53,264 [ERROR] ConfigurationRetriever:142 - IOException on connection: sw-center.st.com
2026-02-20 16:15:53,265 [ERROR] ConfigurationRetriever:142 - IOException on connection: sw-center.st.com
2026-02-20 16:15:53,265 [ERROR] ConfigurationRetriever:142 - IOException on connection: sw-center.st.com
2026-02-20 16:15:53,592 [INFO] ApplicationProperties:184 - Using Application install path: /opt/st/stm32cubeide_1.19.0/plugins/com.st.stm32cube.common.mx_6.15.0.202507011659
2026-02-20 16:15:53,611 [INFO] DbMcusXml:78 - Set database path to: /opt/st/stm32cubeide_1.19.0/plugins/com.st.stm32cube.common.mx_6.15.0.202507011659//db//mcu/
2026-02-20 16:15:53,612 [INFO] ApiDb:274 - Set plugin database path to: /opt/st/stm32cubeide_1.19.0/plugins/com.st.stm32cube.common.mx_6.15.0.202507011659//db//plugins/boardmanager/
2026-02-20 16:15:53,612 [WARN] ApiDb:259 - Overriding images path with different value:  => /opt/st/stm32cubeide_1.19.0/plugins/com.st.stm32cube.common.mx_6.15.0.202507011659//db//plugins/mcufinder/images/
2026-02-20 16:15:53,619 [INFO] ApiDb:250 - Set database path to: /home/kamil/.stmcufinder/plugins/mcufinder//mcu/
2026-02-20 16:15:53,620 [INFO] DbMcusAds:125 - Set database path to: /home/kamil/.stmcufinder/plugins/mcufinder//mcu/
2026-02-20 16:15:53,623 [INFO] CrossReferenceDbSqlite:203 - Set database path to: /home/kamil/.stmcufinder/plugins/mcufinder//mcu/cs/
2026-02-20 16:15:53,739 [INFO] RulesReader:64 - Compatibility file has been processed (317 Rules)
2026-02-20 16:15:53,796 [INFO] DbMcusXml:78 - Set database path to: /opt/st/stm32cubeide_1.19.0/plugins/com.st.stm32cube.common.mx_6.15.0.202507011659//db//mcu/
2026-02-20 16:15:53,796 [INFO] ApiDb:274 - Set plugin database path to: /opt/st/stm32cubeide_1.19.0/plugins/com.st.stm32cube.common.mx_6.15.0.202507011659//db//plugins/boardmanager/
2026-02-20 16:15:53,796 [INFO] ApiDb:261 - Set plugin images path to: /opt/st/stm32cubeide_1.19.0/plugins/com.st.stm32cube.common.mx_6.15.0.202507011659//db//plugins/mcufinder/images/
2026-02-20 16:15:53,797 [WARN] DbFile:41 - Overriding database path with different value: /home/kamil/.stmcufinder/plugins/mcufinder/ => /home/kamil/.stmcufinder/plugins/mcufinder
2026-02-20 16:15:53,797 [INFO] ApiDb:250 - Set database path to: /home/kamil/.stmcufinder/plugins/mcufinder//mcu/
2026-02-20 16:15:53,797 [WARN] DbFile:41 - Overriding database path with different value: /home/kamil/.stmcufinder/plugins/mcufinder/ => /home/kamil/.stmcufinder/plugins/mcufinder
2026-02-20 16:15:53,797 [INFO] DbMcusAds:125 - Set database path to: /home/kamil/.stmcufinder/plugins/mcufinder//mcu/
2026-02-20 16:15:53,797 [WARN] DbFile:41 - Overriding database path with different value: /home/kamil/.stmcufinder/plugins/mcufinder/ => /home/kamil/.stmcufinder/plugins/mcufinder
2026-02-20 16:15:53,797 [WARN] DbFile:41 - Overriding database path with different value: /home/kamil/.stmcufinder/plugins/mcufinder/ => /home/kamil/.stmcufinder/plugins/mcufinder
2026-02-20 16:15:53,797 [INFO] CrossReferenceDbSqlite:203 - Set database path to: /home/kamil/.stmcufinder/plugins/mcufinder//mcu/cs/
2026-02-20 16:15:53,850 [INFO] MainPanel:274 - HeapMemory: 268435456
2026-02-20 16:15:53,980 [INFO] DbMcusXml:78 - Set database path to: /opt/st/stm32cubeide_1.19.0/plugins/com.st.stm32cube.common.mx_6.15.0.202507011659//db//mcu/
2026-02-20 16:15:53,980 [INFO] ApiDb:274 - Set plugin database path to: /opt/st/stm32cubeide_1.19.0/plugins/com.st.stm32cube.common.mx_6.15.0.202507011659//db//plugins/boardmanager/
2026-02-20 16:15:53,980 [INFO] ApiDb:261 - Set plugin images path to: /opt/st/stm32cubeide_1.19.0/plugins/com.st.stm32cube.common.mx_6.15.0.202507011659//db//plugins/mcufinder/images/
2026-02-20 16:15:53,981 [WARN] DbFile:41 - Overriding database path with different value: /home/kamil/.stmcufinder/plugins/mcufinder/ => /home/kamil/.stmcufinder/plugins/mcufinder
2026-02-20 16:15:53,981 [INFO] ApiDb:250 - Set database path to: /home/kamil/.stmcufinder/plugins/mcufinder//mcu/
2026-02-20 16:15:53,981 [WARN] DbFile:41 - Overriding database path with different value: /home/kamil/.stmcufinder/plugins/mcufinder/ => /home/kamil/.stmcufinder/plugins/mcufinder
2026-02-20 16:15:53,981 [INFO] DbMcusAds:125 - Set database path to: /home/kamil/.stmcufinder/plugins/mcufinder//mcu/
2026-02-20 16:15:53,981 [WARN] DbFile:41 - Overriding database path with different value: /home/kamil/.stmcufinder/plugins/mcufinder/ => /home/kamil/.stmcufinder/plugins/mcufinder
2026-02-20 16:15:53,981 [WARN] DbFile:41 - Overriding database path with different value: /home/kamil/.stmcufinder/plugins/mcufinder/ => /home/kamil/.stmcufinder/plugins/mcufinder
2026-02-20 16:15:53,981 [INFO] CrossReferenceDbSqlite:203 - Set database path to: /home/kamil/.stmcufinder/plugins/mcufinder//mcu/cs/
2026-02-20 16:15:53,998 [INFO] ApplicationProperties:184 - Using Application install path: /opt/st/stm32cubeide_1.19.0/plugins/com.st.stm32cube.common.mx_6.15.0.202507011659
2026-02-20 16:15:54,000 [INFO] PluginManage:196 - Search for loadable plugins [exclusion list=, ]
2026-02-20 16:15:54,001 [INFO] PluginManage:310 - Check plugin analytics
2026-02-20 16:15:54,165 [INFO] AnalyticsPlugin:253 - Accepted Software Licenses: 
2026-02-20 16:15:54,165 [INFO] AnalyticsPlugin:255 - Accepted CMSIS Pack Licenses: 
2026-02-20 16:15:54,165 [INFO] AnalyticsPlugin:257 - Accepted Firmware Licenses: FW.F4.1.28.0
2026-02-20 16:15:54,167 [INFO] PluginManage:359 - Loaded plugin analytics (category:tool,tabindex:-1)
2026-02-20 16:15:54,168 [INFO] PluginManage:310 - Check plugin cadmodel
2026-02-20 16:15:54,168 [ERROR] ConfigurationRetriever:142 - IOException on connection: sw-center.st.com
2026-02-20 16:15:54,169 [ERROR] ConfigurationRetriever:142 - IOException on connection: sw-center.st.com
2026-02-20 16:15:54,169 [ERROR] ConfigurationRetriever:142 - IOException on connection: sw-center.st.com
2026-02-20 16:15:54,172 [INFO] CADModel:105 - Init CAD model plugin
2026-02-20 16:15:54,172 [INFO] PluginManage:359 - Loaded plugin cadmodel (category:power,tabindex:5)
2026-02-20 16:15:54,172 [INFO] PluginManage:310 - Check plugin clock
2026-02-20 16:15:54,182 [INFO] PluginManage:359 - Loaded plugin clock (category:base,tabindex:2)
2026-02-20 16:15:54,182 [INFO] PluginManage:310 - Check plugin ddr
2026-02-20 16:15:54,184 [INFO] PluginManage:359 - Loaded plugin ddr (category:tool,tabindex:6)
2026-02-20 16:15:54,184 [INFO] PluginManage:310 - Check plugin filemanager
2026-02-20 16:15:54,296 [INFO] PluginManage:359 - Loaded plugin filemanager (category:base,tabindex:10)
2026-02-20 16:15:54,296 [INFO] PluginManage:310 - Check plugin ipmanager
2026-02-20 16:15:54,299 [INFO] PluginManage:359 - Loaded plugin ipmanager (category:base,tabindex:5)
2026-02-20 16:15:54,299 [INFO] PluginManage:310 - Check plugin lpbam
2026-02-20 16:15:54,306 [INFO] PluginManage:359 - Loaded plugin lpbam (category:base,tabindex:0)
2026-02-20 16:15:54,307 [INFO] PluginManage:310 - Check plugin memorymap
2026-02-20 16:15:54,315 [INFO] PluginManage:359 - Loaded plugin memorymap (category:base,tabindex:4)
2026-02-20 16:15:54,315 [INFO] PluginManage:310 - Check plugin pinoutandconfiguration
2026-02-20 16:15:54,323 [INFO] PluginManage:359 - Loaded plugin pinoutandconfiguration (category:base,tabindex:1)
2026-02-20 16:15:54,323 [INFO] PluginManage:310 - Check plugin pinoutconfig
2026-02-20 16:15:54,392 [WARN] SupportedApi:132 - Cannot load RTOS API schema: s4s-elt-must-match.1: The content of 'definitions' must match (annotation?, (simpleType | complexType)?, (unique | key | keyref)*)). A problem was found starting at: attribute.
2026-02-20 16:15:54,503 [INFO] PluginManage:359 - Loaded plugin pinoutconfig (category:base,tabindex:0)
2026-02-20 16:15:54,503 [INFO] PluginManage:310 - Check plugin power
2026-02-20 16:15:54,511 [INFO] PluginManage:359 - Loaded plugin power (category:power,tabindex:4)
2026-02-20 16:15:54,512 [INFO] PluginManage:310 - Check plugin projectmanager
2026-02-20 16:15:54,522 [INFO] PluginManage:359 - Loaded plugin projectmanager (category:projectmanager,tabindex:4)
2026-02-20 16:15:54,522 [INFO] PluginManage:310 - Check plugin rif
2026-02-20 16:15:54,528 [INFO] PluginManage:359 - Loaded plugin rif (category:base,tabindex:3)
2026-02-20 16:15:54,528 [INFO] PluginManage:310 - Check plugin thirdparty
2026-02-20 16:15:54,624 [INFO] PluginManage:359 - Loaded plugin thirdparty (category:base,tabindex:-1)
2026-02-20 16:15:54,624 [WARN] IntegrityCheckThread:84 - waiting for thirdparty lock release [integrity check]
2026-02-20 16:15:54,624 [INFO] PluginManage:310 - Check plugin tools
2026-02-20 16:15:54,624 [INFO] IntegrityCheckThread:86 - entering critical section [integrity check]
2026-02-20 16:15:54,625 [INFO] ThirdPartyUpdaterWithRetryManager:70 - Updater plugin not ready yet. [1/15]
2026-02-20 16:15:54,626 [INFO] PluginManage:359 - Loaded plugin tools (category:base,tabindex:7)
2026-02-20 16:15:54,626 [INFO] PluginManage:310 - Check plugin tutovideos
2026-02-20 16:15:54,774 [INFO] PluginManage:359 - Loaded plugin tutovideos (category:base,tabindex:-1)
2026-02-20 16:15:54,774 [INFO] PluginManage:310 - Check plugin updater
2026-02-20 16:15:54,794 [INFO] PluginManage:359 - Loaded plugin updater (category:base,tabindex:12)
2026-02-20 16:15:54,795 [INFO] PluginManage:310 - Check plugin userauth
2026-02-20 16:15:54,798 [INFO] UserAuth:118 - Init User Auth plugin
2026-02-20 16:15:54,798 [INFO] PluginManage:359 - Loaded plugin userauth (category:base,tabindex:14)
2026-02-20 16:15:54,799 [INFO] PluginManage:283 - PluginManage : Loaded plugins [18]
2026-02-20 16:15:54,920 [INFO] PinOutPanel:1589 - setPackage(No Configuration,No Configuration)
2026-02-20 16:15:54,970 [INFO] CADModel:165 - CPN selected for project level
2026-02-20 16:15:54,970 [INFO] CADModel:114 - Register for checkConnection events
2026-02-20 16:15:54,977 [INFO] IPUIPlugin:80 - create IPUIPlugin
2026-02-20 16:15:54,978 [INFO] PluginManager:220 - loadIPPluginJar : add tracer_emb
2026-02-20 16:15:54,979 [INFO] IPUIPlugin:80 - create IPUIPlugin
2026-02-20 16:15:54,979 [INFO] PluginManager:220 - loadIPPluginJar : add radio
2026-02-20 16:15:54,983 [INFO] IPUIPlugin:80 - create IPUIPlugin
2026-02-20 16:15:54,983 [INFO] PluginManager:220 - loadIPPluginJar : add ddr_ctrl_phy
2026-02-20 16:15:54,987 [INFO] IPUIPlugin:80 - create IPUIPlugin
2026-02-20 16:15:54,988 [INFO] PluginManager:220 - loadIPPluginJar : add mdma
2026-02-20 16:15:54,990 [INFO] IPUIPlugin:80 - create IPUIPlugin
2026-02-20 16:15:54,990 [INFO] PluginManager:220 - loadIPPluginJar : add touchsensing
2026-02-20 16:15:54,991 [INFO] IPUIPlugin:80 - create IPUIPlugin
2026-02-20 16:15:54,991 [INFO] PluginManager:220 - loadIPPluginJar : add ucpd
2026-02-20 16:15:54,996 [INFO] IPUIPlugin:80 - create IPUIPlugin
2026-02-20 16:15:54,997 [INFO] PluginManager:220 - loadIPPluginJar : add plateformsettings
2026-02-20 16:15:55,001 [INFO] IPUIPlugin:80 - create IPUIPlugin
2026-02-20 16:15:55,001 [INFO] PluginManager:220 - loadIPPluginJar : add ipddr
2026-02-20 16:15:55,004 [INFO] IPUIPlugin:80 - create IPUIPlugin
2026-02-20 16:15:55,004 [INFO] PluginManager:220 - loadIPPluginJar : add resmgrutility
2026-02-20 16:15:55,005 [INFO] IPUIPlugin:80 - create IPUIPlugin
2026-02-20 16:15:55,006 [INFO] PluginManager:220 - loadIPPluginJar : add ts
2026-02-20 16:15:55,007 [INFO] IPUIPlugin:80 - create IPUIPlugin
2026-02-20 16:15:55,007 [INFO] PluginManager:220 - loadIPPluginJar : add dma3
2026-02-20 16:15:55,009 [INFO] IPUIPlugin:80 - create IPUIPlugin
2026-02-20 16:15:55,009 [INFO] PluginManager:220 - loadIPPluginJar : add openamp
2026-02-20 16:15:55,011 [INFO] IPUIPlugin:80 - create IPUIPlugin
2026-02-20 16:15:55,011 [INFO] PluginManager:220 - loadIPPluginJar : add opamp
2026-02-20 16:15:55,013 [INFO] IPUIPlugin:80 - create IPUIPlugin
2026-02-20 16:15:55,014 [INFO] PluginManager:220 - loadIPPluginJar : add pdm2pcm
2026-02-20 16:15:55,015 [INFO] IPUIPlugin:80 - create IPUIPlugin
2026-02-20 16:15:55,016 [INFO] PluginManager:220 - loadIPPluginJar : add gfxmmu
2026-02-20 16:15:55,017 [INFO] IPUIPlugin:80 - create IPUIPlugin
2026-02-20 16:15:55,017 [INFO] PluginManager:220 - loadIPPluginJar : add aes
2026-02-20 16:15:55,020 [INFO] IPUIPlugin:80 - create IPUIPlugin
2026-02-20 16:15:55,020 [INFO] PluginManager:220 - loadIPPluginJar : add gtzc
2026-02-20 16:15:55,023 [INFO] IPUIPlugin:80 - create IPUIPlugin
2026-02-20 16:15:55,023 [INFO] PluginManager:220 - loadIPPluginJar : add sai
2026-02-20 16:15:55,024 [INFO] IPUIPlugin:80 - create IPUIPlugin
2026-02-20 16:15:55,024 [INFO] PluginManager:220 - loadIPPluginJar : add tsc
2026-02-20 16:15:55,027 [INFO] IPUIPlugin:80 - create IPUIPlugin
2026-02-20 16:15:55,027 [INFO] PluginManager:220 - loadIPPluginJar : add usbx
2026-02-20 16:15:55,029 [INFO] IPUIPlugin:80 - create IPUIPlugin
2026-02-20 16:15:55,029 [INFO] PluginManager:220 - loadIPPluginJar : add can
2026-02-20 16:15:55,030 [INFO] IPUIPlugin:80 - create IPUIPlugin
2026-02-20 16:15:55,030 [INFO] PluginManager:220 - loadIPPluginJar : add i2c
2026-02-20 16:15:55,031 [INFO] IPUIPlugin:80 - create IPUIPlugin
2026-02-20 16:15:55,032 [INFO] PluginManager:220 - loadIPPluginJar : add lorawan
2026-02-20 16:15:55,033 [INFO] IPUIPlugin:80 - create IPUIPlugin
2026-02-20 16:15:55,033 [INFO] PluginManager:220 - loadIPPluginJar : add spi
2026-02-20 16:15:55,038 [INFO] IPUIPlugin:80 - create IPUIPlugin
2026-02-20 16:15:55,038 [INFO] PluginManager:220 - loadIPPluginJar : add linkedlist
2026-02-20 16:15:55,041 [INFO] IPUIPlugin:80 - create IPUIPlugin
2026-02-20 16:15:55,041 [INFO] PluginManager:220 - loadIPPluginJar : add fmc
2026-02-20 16:15:55,043 [INFO] IPUIPlugin:80 - create IPUIPlugin
2026-02-20 16:15:55,043 [INFO] PluginManager:220 - loadIPPluginJar : add i3c
2026-02-20 16:15:55,044 [INFO] IPUIPlugin:80 - create IPUIPlugin
2026-02-20 16:15:55,044 [INFO] PluginManager:220 - loadIPPluginJar : add ltdc
2026-02-20 16:15:55,047 [INFO] IPUIPlugin:80 - create IPUIPlugin
2026-02-20 16:15:55,048 [INFO] PluginManager:220 - loadIPPluginJar : add dma
2026-02-20 16:15:55,052 [INFO] IPUIPlugin:80 - create IPUIPlugin
2026-02-20 16:15:55,052 [INFO] PluginManager:220 - loadIPPluginJar : add freertos
2026-02-20 16:15:55,054 [INFO] IPUIPlugin:80 - create IPUIPlugin
2026-02-20 16:15:55,054 [INFO] PluginManager:220 - loadIPPluginJar : add hash
2026-02-20 16:15:55,058 [INFO] IPUIPlugin:80 - create IPUIPlugin
2026-02-20 16:15:55,058 [INFO] PluginManager:220 - loadIPPluginJar : add adc
2026-02-20 16:15:55,060 [INFO] IPUIPlugin:80 - create IPUIPlugin
2026-02-20 16:15:55,060 [INFO] PluginManager:220 - loadIPPluginJar : add usart
2026-02-20 16:15:55,065 [INFO] IPUIPlugin:80 - create IPUIPlugin
2026-02-20 16:15:55,065 [INFO] PluginManager:220 - loadIPPluginJar : add stm32_wpan
2026-02-20 16:15:55,066 [INFO] IPUIPlugin:80 - create IPUIPlugin
2026-02-20 16:15:55,066 [INFO] PluginManager:220 - loadIPPluginJar : add genericplugin
2026-02-20 16:15:55,070 [INFO] IPUIPlugin:80 - create IPUIPlugin
2026-02-20 16:15:55,070 [INFO] PluginManager:220 - loadIPPluginJar : add gpio
2026-02-20 16:15:55,073 [INFO] IPUIPlugin:80 - create IPUIPlugin
2026-02-20 16:15:55,074 [INFO] PluginManager:220 - loadIPPluginJar : add nvic
2026-02-20 16:15:55,076 [INFO] IPUIPlugin:80 - create IPUIPlugin
2026-02-20 16:15:55,076 [INFO] PluginManager:220 - loadIPPluginJar : add dfsdm
2026-02-20 16:15:55,077 [INFO] IPUIPlugin:80 - create IPUIPlugin
2026-02-20 16:15:55,077 [INFO] PluginManager:220 - loadIPPluginJar : add fatfs
2026-02-20 16:15:55,078 [INFO] IPUIPlugin:80 - create IPUIPlugin
2026-02-20 16:15:55,079 [INFO] PluginManager:220 - loadIPPluginJar : add comp
2026-02-20 16:15:55,080 [INFO] IPUIPlugin:80 - create IPUIPlugin
2026-02-20 16:15:55,080 [INFO] PluginManager:220 - loadIPPluginJar : add i2s
2026-02-20 16:15:55,082 [INFO] IPUIPlugin:80 - create IPUIPlugin
2026-02-20 16:15:55,083 [INFO] PluginManager:220 - loadIPPluginJar : add cryp
2026-02-20 16:15:55,084 [INFO] IPUIPlugin:80 - create IPUIPlugin
2026-02-20 16:15:55,084 [INFO] PluginManager:220 - loadIPPluginJar : add quadspi
2026-02-20 16:15:55,089 [INFO] IPUIPlugin:80 - create IPUIPlugin
2026-02-20 16:15:55,089 [INFO] PluginManager:220 - loadIPPluginJar : add gic
2026-02-20 16:15:55,091 [INFO] IPUIPlugin:80 - create IPUIPlugin
2026-02-20 16:15:55,091 [INFO] PluginManager:220 - loadIPPluginJar : add tim
2026-02-20 16:15:55,093 [INFO] IPUIPlugin:80 - create IPUIPlugin
2026-02-20 16:15:55,093 [INFO] PluginManager:220 - loadIPPluginJar : add extmemmanager
2026-02-20 16:15:55,194 [FATAL] Updater:351 - Updater called before beeing initialized
2026-02-20 16:15:55,217 [INFO] RulesReader:64 - Compatibility file has been processed (317 Rules)
2026-02-20 16:15:55,227 [INFO] RulesReader:64 - Compatibility file has been processed (317 Rules)
2026-02-20 16:15:55,234 [INFO] CADModel:165 - CPN selected for project level
2026-02-20 16:15:55,234 [INFO] CADModel:114 - Register for checkConnection events
2026-02-20 16:15:55,234 [FATAL] Updater:351 - Updater called before beeing initialized
2026-02-20 16:15:55,234 [ERROR] CADModel:125 - Updater not yet initialized, retry later 
2026-02-20 16:15:55,337 [FATAL] Updater:351 - Updater called before beeing initialized
2026-02-20 16:15:55,339 [INFO] CADModel:165 - CPN selected for project level
2026-02-20 16:15:55,339 [INFO] CADModel:114 - Register for checkConnection events
2026-02-20 16:15:55,340 [FATAL] Updater:351 - Updater called before beeing initialized
2026-02-20 16:15:55,340 [ERROR] CADModel:125 - Updater not yet initialized, retry later 
2026-02-20 16:15:55,343 [FATAL] Updater:351 - Updater called before beeing initialized
2026-02-20 16:15:55,432 [FATAL] Updater:351 - Updater called before beeing initialized
2026-02-20 16:15:55,436 [INFO] DbMcusAds:53 - JSON generation date=Mon Nov 10 11:43:01 CET 2025 (1762771381096)
2026-02-20 16:15:55,436 [FATAL] Updater:351 - Updater called before beeing initialized
2026-02-20 16:15:55,458 [WARN] DetailPanel:346 - Failed to get advertising image, set to default
2026-02-20 16:15:55,516 [FATAL] Updater:351 - Updater called before beeing initialized
2026-02-20 16:15:55,517 [FATAL] Updater:351 - Updater called before beeing initialized
2026-02-20 16:15:55,517 [FATAL] Updater:351 - Updater called before beeing initialized
2026-02-20 16:15:55,517 [WARN] DetailPanel:346 - Failed to get advertising image, set to default
2026-02-20 16:15:55,518 [FATAL] Updater:351 - Updater called before beeing initialized
2026-02-20 16:15:55,540 [ERROR] Updater:1198 - MainUpdater not yet initialized. External WinMGr cannot be set.
2026-02-20 16:15:55,541 [INFO] Updater:1134 - Updater Version found : 6.15.0
2026-02-20 16:15:55,551 [INFO] ApplicationProperties:184 - Using Application install path: /opt/st/stm32cubeide_1.19.0/plugins/com.st.stm32cube.common.mx_6.15.0.202507011659
2026-02-20 16:15:55,670 [INFO] MainUpdater:2872 - connection check result : 22
2026-02-20 16:15:55,671 [INFO] MainUpdater:289 - Updater Check For Update Now.
2026-02-20 16:15:55,671 [INFO] MicroXplorer:498 - Change Database Version : DB.6.0.150
2026-02-20 16:15:55,676 [INFO] McuFinderGlobals:63 - Set McuFinder mode to 2 (CubeIDE integrated)
2026-02-20 16:15:55,677 [INFO] UserAuth:487 - Internet connection configuration mode: 2
2026-02-20 16:15:55,682 [INFO] UserAuth:487 - Internet connection configuration mode: 2
2026-02-20 16:15:55,829 [INFO] CheckServerUpdateThread:120 - End of CheckServer Thread
2026-02-20 16:15:57,774 [WARN] PackLoader:240 - Cannot read IP mode file for STMicroelectronics.FP-SNS-MOTENVWB1.1.4.0
2026-02-20 16:15:57,785 [WARN] PackLoader:240 - Cannot read IP mode file for STMicroelectronics.FP-ATR-ASTRA1.2.0.2
2026-02-20 16:15:57,794 [WARN] PackLoader:240 - Cannot read IP mode file for STMicroelectronics.X-CUBE-SMBUS.2.1.0
2026-02-20 16:15:57,800 [WARN] PackLoader:240 - Cannot read IP mode file for STMicroelectronics.X-CUBE-ST60.1.0.0
2026-02-20 16:15:57,836 [WARN] PackLoader:240 - Cannot read IP mode file for STMicroelectronics.X-CUBE-AZRTOS-F7.1.1.0
2026-02-20 16:15:57,845 [WARN] PackLoader:240 - Cannot read IP mode file for Cesanta.I-CUBE-Mongoose.7.19.0
2026-02-20 16:15:57,849 [WARN] PackLoader:240 - Cannot read IP mode file for STMicroelectronics.FP-SNS-MOTENV1.5.1.0
2026-02-20 16:15:57,859 [WARN] PackLoader:240 - Cannot read IP mode file for WES.I-CUBE-Cesium.1.4.0
2026-02-20 16:15:57,890 [WARN] PackLoader:240 - Cannot read IP mode file for Infineon.AIROC-Wi-Fi-Bluetooth-STM32.1.7.1
2026-02-20 16:15:57,920 [WARN] PackLoader:240 - Cannot read IP mode file for STMicroelectronics.X-CUBE-AZRTOS-H7.3.4.0
2026-02-20 16:15:57,929 [WARN] PackLoader:240 - Cannot read IP mode file for STMicroelectronics.X-CUBE-DISPLAY.3.0.0
2026-02-20 16:15:57,937 [WARN] PackLoader:240 - Cannot read IP mode file for STMicroelectronics.FP-SNS-MOTENVWB1.1.5.0
2026-02-20 16:15:57,943 [WARN] PackLoader:240 - Cannot read IP mode file for STMicroelectronics.X-CUBE-NFC10.1.0.0
2026-02-20 16:15:57,949 [WARN] PackLoader:240 - Cannot read IP mode file for STMicroelectronics.X-CUBE-ST60.1.1.0
2026-02-20 16:15:57,954 [WARN] PackLoader:240 - Cannot read IP mode file for emotas.I-CUBE-CANOPEN.1.3.0
2026-02-20 16:15:57,959 [WARN] PackLoader:240 - Cannot read IP mode file for STMicroelectronics.X-CUBE-GNSS1.7.1.0
2026-02-20 16:15:57,963 [WARN] PackLoader:240 - Cannot read IP mode file for STMicroelectronics.FP-SNS-SMARTAG2.1.2.0
2026-02-20 16:15:57,966 [WARN] PackLoader:240 - Cannot read IP mode file for STMicroelectronics.FP-SNS-FLIGHT1.5.1.0
2026-02-20 16:15:57,974 [INFO] LogOutputStream:77 - [STDOUT_REDIRECT] 1 : Invalid condition id : UX_CORESTACK_Condition cause : null
2026-02-20 16:15:57,974 [INFO] LogOutputStream:77 - [STDOUT_REDIRECT] 1 : Invalid condition id : UX_CORESTACK_Condition cause : null
2026-02-20 16:15:57,975 [INFO] LogOutputStream:77 - [STDOUT_REDIRECT] 1 : Invalid condition id : UX_CORESTACK_Condition cause : null
2026-02-20 16:15:57,975 [INFO] LogOutputStream:77 - [STDOUT_REDIRECT] 1 : Invalid condition id : UX_CORESTACK_Condition cause : null
2026-02-20 16:15:57,975 [INFO] LogOutputStream:77 - [STDOUT_REDIRECT] 1 : Invalid condition id : UX_CORESTACK_Condition cause : null
2026-02-20 16:15:57,978 [WARN] PackLoader:240 - Cannot read IP mode file for STMicroelectronics.X-CUBE-AZRTOS-WL.2.0.0
2026-02-20 16:15:57,982 [WARN] PackLoader:240 - Cannot read IP mode file for STMicroelectronics.FP-SNS-MOTENV1.5.0.0
2026-02-20 16:15:57,999 [WARN] PackLoader:240 - Cannot read IP mode file for STMicroelectronics.X-CUBE-AZRTOS-H7RS.1.2.0
2026-02-20 16:15:58,006 [WARN] PackLoader:240 - Cannot read IP mode file for STMicroelectronics.X-CUBE-BLE2.3.3.0
2026-02-20 16:15:58,024 [WARN] PackLoader:240 - Cannot read IP mode file for STMicroelectronics.X-CUBE-NFC9.1.0.0
2026-02-20 16:15:58,029 [WARN] PackLoader:240 - Cannot read IP mode file for wolfSSL.I-CUBE-wolfSSL.5.8.2
2026-02-20 16:15:58,033 [WARN] PackLoader:240 - Cannot read IP mode file for STMicroelectronics.X-CUBE-BLE1.7.1.0
2026-02-20 16:15:58,036 [WARN] PackLoader:240 - Cannot read IP mode file for wolfSSL.I-CUBE-wolfMQTT.1.19.2
2026-02-20 16:15:58,040 [WARN] PackLoader:240 - Cannot read IP mode file for STMicroelectronics.X-CUBE-FREERTOS.1.4.0
2026-02-20 16:15:58,046 [WARN] PackLoader:240 - Cannot read IP mode file for STMicroelectronics.X-CUBE-EEPRMA1.5.2.0
2026-02-20 16:15:58,052 [WARN] PackLoader:240 - Cannot read IP mode file for STMicroelectronics.X-CUBE-ST67W61.1.1.0
2026-02-20 16:15:58,096 [WARN] PackLoader:240 - Cannot read IP mode file for STMicroelectronics.X-CUBE-MEMS1.12.0.0
2026-02-20 16:15:58,196 [WARN] PackLoader:240 - Cannot read IP mode file for STMicroelectronics.X-CUBE-AZRTOS-G0.1.1.0
2026-02-20 16:15:58,203 [WARN] PackLoader:240 - Cannot read IP mode file for STMicroelectronics.X-CUBE-SAFEA1.1.2.2
2026-02-20 16:15:58,208 [WARN] PackLoader:240 - Cannot read IP mode file for STMicroelectronics.X-CUBE-NFC4.3.0.0
2026-02-20 16:15:58,216 [WARN] PackLoader:240 - Cannot read IP mode file for EmbeddedOffice.I-CUBE-FS-RTOS.1.0.1
2026-02-20 16:15:58,221 [WARN] PackLoader:240 - Cannot read IP mode file for STMicroelectronics.X-CUBE-WB05N.2.0.0
2026-02-20 16:15:58,224 [WARN] PackLoader:240 - Cannot read IP mode file for wolfSSL.I-CUBE-wolfTPM.3.8.0
2026-02-20 16:15:58,228 [WARN] PackLoader:240 - Cannot read IP mode file for STMicroelectronics.X-CUBE-TCPP.4.2.0
2026-02-20 16:15:58,233 [WARN] PackLoader:240 - Cannot read IP mode file for RealThread.X-CUBE-RT-Thread_Nano.4.1.1
2026-02-20 16:15:58,237 [WARN] PackLoader:240 - Cannot read IP mode file for STMicroelectronics.FP-ATR-SIGFOX1.3.2.0
2026-02-20 16:15:58,240 [WARN] PackLoader:240 - Cannot read IP mode file for ITTIA_DB.I-CUBE-ITTIADB.8.9.0
2026-02-20 16:15:58,246 [WARN] PackLoader:240 - Cannot read IP mode file for STMicroelectronics.X-CUBE-NFC6.3.2.0
2026-02-20 16:15:58,272 [WARN] PackLoader:240 - Cannot read IP mode file for SEGGER.I-CUBE-embOS.1.3.1
2026-02-20 16:15:58,315 [WARN] PackLoader:240 - Cannot read IP mode file for STMicroelectronics.X-CUBE-ALGOBUILD.1.4.0
2026-02-20 16:15:58,390 [WARN] PackLoader:240 - Cannot read IP mode file for STMicroelectronics.X-CUBE-MEMS1.11.3.0
2026-02-20 16:15:58,473 [WARN] PackLoader:240 - Cannot read IP mode file for STMicroelectronics.X-CUBE-PM33A1.1.0.0
2026-02-20 16:15:58,483 [WARN] PackLoader:240 - Cannot read IP mode file for STMicroelectronics.X-CUBE-AZRTOS-F4.1.1.0
2026-02-20 16:15:58,488 [WARN] PackLoader:240 - Cannot read IP mode file for STMicroelectronics.X-CUBE-ISPU.2.1.0
2026-02-20 16:15:58,496 [WARN] PackLoader:240 - Cannot read IP mode file for STMicroelectronics.X-CUBE-IPS.3.2.0
2026-02-20 16:15:58,502 [WARN] PackLoader:240 - Cannot read IP mode file for STMicroelectronics.X-CUBE-NFC12.1.0.0
2026-02-20 16:15:58,511 [WARN] PackLoader:240 - Cannot read IP mode file for STMicroelectronics.X-CUBE-AZRTOS-L5.2.0.0
2026-02-20 16:15:58,517 [WARN] PackLoader:240 - Cannot read IP mode file for STMicroelectronics.X-CUBE-NFC6.3.1.0
2026-02-20 16:15:58,521 [WARN] PackLoader:240 - Cannot read IP mode file for STMicroelectronics.X-CUBE-FREERTOS.1.3.1
2026-02-20 16:15:58,524 [WARN] PackLoader:240 - Cannot read IP mode file for STMicroelectronics.X-CUBE-TOUCHGFX.4.26.0
2026-02-20 16:15:58,527 [WARN] PackLoader:240 - Cannot read IP mode file for STMicroelectronics.X-CUBE-DPower.1.3.0
2026-02-20 16:15:58,536 [WARN] ConditionMgr:438 - getConditionDescription Invalid condition id : LAN8742 Phy interface Condition cause : null
2026-02-20 16:15:58,536 [WARN] PackLoader:240 - Cannot read IP mode file for STMicroelectronics.X-CUBE-AZRTOS-L4.2.0.0
2026-02-20 16:15:58,537 [WARN] ConditionMgr:1044 - genDependencies : Invalid condition id : LAN8742 Phy interface Condition cause : null
2026-02-20 16:15:58,537 [WARN] ConditionMgr:1044 - genDependencies : Invalid condition id : LAN8742 Phy interface Condition cause : null
2026-02-20 16:15:58,538 [WARN] ConditionMgr:1044 - genDependencies : Invalid condition id : LAN8742 Phy interface Condition cause : null
2026-02-20 16:15:58,542 [WARN] PackLoader:240 - Cannot read IP mode file for STMicroelectronics.X-CUBE-SFXS2LP1.4.0.0
2026-02-20 16:15:58,545 [WARN] PackLoader:240 - Cannot read IP mode file for STMicroelectronics.X-CUBE-ST67W61.1.2.0
2026-02-20 16:15:58,551 [WARN] PackLoader:240 - Cannot read IP mode file for STMicroelectronics.X-CUBE-BLEMGR.4.1.0
2026-02-20 16:15:58,559 [WARN] ConditionMgr:438 - getConditionDescription Invalid condition id : UX DEVICE CLASS RTOS Condition cause : null
2026-02-20 16:15:58,559 [WARN] ConditionMgr:438 - getConditionDescription Invalid condition id : UX DEVICE CLASS RTOS Condition cause : null
2026-02-20 16:15:58,560 [WARN] PackLoader:240 - Cannot read IP mode file for STMicroelectronics.X-CUBE-AZRTOS-WB.2.0.0
2026-02-20 16:15:58,561 [WARN] ConditionMgr:1044 - genDependencies : Invalid condition id : UX DEVICE CLASS RTOS Condition cause : null
2026-02-20 16:15:58,561 [WARN] ConditionMgr:1044 - genDependencies : Invalid condition id : UX DEVICE CLASS RTOS Condition cause : null
2026-02-20 16:15:58,561 [WARN] ConditionMgr:1044 - genDependencies : Invalid condition id : UX DEVICE CLASS RTOS Condition cause : null
2026-02-20 16:15:58,561 [WARN] ConditionMgr:1044 - genDependencies : Invalid condition id : UX DEVICE CLASS RTOS Condition cause : null
2026-02-20 16:15:58,561 [WARN] ConditionMgr:1044 - genDependencies : Invalid condition id : UX DEVICE CLASS RTOS Condition cause : null
2026-02-20 16:15:58,564 [WARN] PackLoader:240 - Cannot read IP mode file for STMicroelectronics.X-CUBE-GNSS1.7.0.1
2026-02-20 16:15:58,567 [WARN] ConditionMgr:438 - getConditionDescription Invalid condition id : Cortex-A Device cause : null
2026-02-20 16:15:58,572 [WARN] ConditionMgr:1044 - genDependencies : Invalid condition id : Cortex-A Device cause : null
2026-02-20 16:15:58,572 [WARN] ConditionMgr:1044 - genDependencies : Invalid condition id : Cortex-A Device cause : null
2026-02-20 16:15:58,572 [WARN] ConditionMgr:1044 - genDependencies : Invalid condition id : Cortex-A Device cause : null
2026-02-20 16:15:58,576 [WARN] PackLoader:240 - Cannot read IP mode file for STMicroelectronics.X-CUBE-STSE01.2.0.0
2026-02-20 16:15:58,588 [WARN] PackLoader:240 - Cannot read IP mode file for STMicroelectronics.X-CUBE-SUBG2.5.0.0
2026-02-20 16:15:58,599 [WARN] PackLoader:240 - Cannot read IP mode file for STMicroelectronics.X-CUBE-AZRTOS-H7RS.1.1.0
2026-02-20 16:15:58,608 [WARN] PackLoader:240 - Cannot read IP mode file for STMicroelectronics.X-CUBE-AZRTOS-G4.2.0.0
2026-02-20 16:15:58,612 [WARN] PackLoader:240 - Cannot read IP mode file for wolfSSL.I-CUBE-wolfSSH.1.4.20
2026-02-20 16:15:58,614 [WARN] PackLoader:240 - Cannot read IP mode file for STMicroelectronics.X-CUBE-NFC7.2.0.0
2026-02-20 16:15:58,617 [WARN] PackLoader:240 - Cannot read IP mode file for STMicroelectronics.X-CUBE-ALS.1.0.2
2026-02-20 16:15:58,621 [WARN] PackLoader:240 - Cannot read IP mode file for STMicroelectronics.X-CUBE-STSE01.1.0.0
2026-02-20 16:15:58,627 [WARN] PackLoader:240 - Cannot read IP mode file for STMicroelectronics.X-CUBE-TOF1.3.4.3
2026-02-20 16:15:58,633 [INFO] ThirdParty:978 - Integrity check success = true
2026-02-20 16:15:58,633 [INFO] IntegrityCheckThread:100 - exiting critical section [integrity check]
2026-02-20 16:15:58,633 [INFO] IntegrityCheckThread:103 - End integrity checks thread
2026-02-20 17:07:01,162 [ERROR] LogOutputStream:75 - [STDERR_REDIRECT] SWT SessionManagerDBus: Failed to UnregisterClient: GDBus.Error:org.freedesktop.DBus.Error.NoReply: Message recipient disconnected from message bus without replying
