2026-01-08 12:58:13,499 [INFO] Activator:176 - 


2026-01-08 12:58:13,502 [INFO] Activator:177 - !SESSION log4j initialized
2026-01-08 12:58:21,700 [INFO] LogOutputStream:77 - [STDOUT_REDIRECT] 
2026-01-08 12:58:22,507 [INFO] ApplicationProperties:184 - Using Application install path: /opt/st/stm32cubeide_1.19.0/plugins/com.st.stm32cube.common.mx_6.15.0.202507011659
2026-01-08 12:58:22,521 [INFO] DbMcusXml:78 - Set database path to: /opt/st/stm32cubeide_1.19.0/plugins/com.st.stm32cube.common.mx_6.15.0.202507011659//db//mcu/
2026-01-08 12:58:22,521 [INFO] ApiDb:274 - Set plugin database path to: /opt/st/stm32cubeide_1.19.0/plugins/com.st.stm32cube.common.mx_6.15.0.202507011659//db//plugins/boardmanager/
2026-01-08 12:58:22,521 [WARN] ApiDb:259 - Overriding images path with different value:  => /opt/st/stm32cubeide_1.19.0/plugins/com.st.stm32cube.common.mx_6.15.0.202507011659//db//plugins/mcufinder/images/
2026-01-08 12:58:22,526 [INFO] ApiDb:250 - Set database path to: /home/kamil/.stmcufinder/plugins/mcufinder//mcu/
2026-01-08 12:58:22,527 [INFO] DbMcusAds:125 - Set database path to: /home/kamil/.stmcufinder/plugins/mcufinder//mcu/
2026-01-08 12:58:22,529 [INFO] CrossReferenceDbSqlite:203 - Set database path to: /home/kamil/.stmcufinder/plugins/mcufinder//mcu/cs/
2026-01-08 12:58:22,599 [INFO] RulesReader:64 - Compatibility file has been processed (317 Rules)
2026-01-08 12:58:22,649 [INFO] DbMcusXml:78 - Set database path to: /opt/st/stm32cubeide_1.19.0/plugins/com.st.stm32cube.common.mx_6.15.0.202507011659//db//mcu/
2026-01-08 12:58:22,649 [INFO] ApiDb:274 - Set plugin database path to: /opt/st/stm32cubeide_1.19.0/plugins/com.st.stm32cube.common.mx_6.15.0.202507011659//db//plugins/boardmanager/
2026-01-08 12:58:22,649 [INFO] ApiDb:261 - Set plugin images path to: /opt/st/stm32cubeide_1.19.0/plugins/com.st.stm32cube.common.mx_6.15.0.202507011659//db//plugins/mcufinder/images/
2026-01-08 12:58:22,650 [WARN] DbFile:41 - Overriding database path with different value: /home/kamil/.stmcufinder/plugins/mcufinder/ => /home/kamil/.stmcufinder/plugins/mcufinder
2026-01-08 12:58:22,650 [INFO] ApiDb:250 - Set database path to: /home/kamil/.stmcufinder/plugins/mcufinder//mcu/
2026-01-08 12:58:22,650 [WARN] DbFile:41 - Overriding database path with different value: /home/kamil/.stmcufinder/plugins/mcufinder/ => /home/kamil/.stmcufinder/plugins/mcufinder
2026-01-08 12:58:22,650 [INFO] DbMcusAds:125 - Set database path to: /home/kamil/.stmcufinder/plugins/mcufinder//mcu/
2026-01-08 12:58:22,650 [WARN] DbFile:41 - Overriding database path with different value: /home/kamil/.stmcufinder/plugins/mcufinder/ => /home/kamil/.stmcufinder/plugins/mcufinder
2026-01-08 12:58:22,650 [WARN] DbFile:41 - Overriding database path with different value: /home/kamil/.stmcufinder/plugins/mcufinder/ => /home/kamil/.stmcufinder/plugins/mcufinder
2026-01-08 12:58:22,650 [INFO] CrossReferenceDbSqlite:203 - Set database path to: /home/kamil/.stmcufinder/plugins/mcufinder//mcu/cs/
2026-01-08 12:58:22,704 [INFO] MainPanel:274 - HeapMemory: 268435456
2026-01-08 12:58:22,795 [INFO] DbMcusXml:78 - Set database path to: /opt/st/stm32cubeide_1.19.0/plugins/com.st.stm32cube.common.mx_6.15.0.202507011659//db//mcu/
2026-01-08 12:58:22,795 [INFO] ApiDb:274 - Set plugin database path to: /opt/st/stm32cubeide_1.19.0/plugins/com.st.stm32cube.common.mx_6.15.0.202507011659//db//plugins/boardmanager/
2026-01-08 12:58:22,795 [INFO] ApiDb:261 - Set plugin images path to: /opt/st/stm32cubeide_1.19.0/plugins/com.st.stm32cube.common.mx_6.15.0.202507011659//db//plugins/mcufinder/images/
2026-01-08 12:58:22,796 [WARN] DbFile:41 - Overriding database path with different value: /home/kamil/.stmcufinder/plugins/mcufinder/ => /home/kamil/.stmcufinder/plugins/mcufinder
2026-01-08 12:58:22,796 [INFO] ApiDb:250 - Set database path to: /home/kamil/.stmcufinder/plugins/mcufinder//mcu/
2026-01-08 12:58:22,796 [WARN] DbFile:41 - Overriding database path with different value: /home/kamil/.stmcufinder/plugins/mcufinder/ => /home/kamil/.stmcufinder/plugins/mcufinder
2026-01-08 12:58:22,796 [INFO] DbMcusAds:125 - Set database path to: /home/kamil/.stmcufinder/plugins/mcufinder//mcu/
2026-01-08 12:58:22,796 [WARN] DbFile:41 - Overriding database path with different value: /home/kamil/.stmcufinder/plugins/mcufinder/ => /home/kamil/.stmcufinder/plugins/mcufinder
2026-01-08 12:58:22,796 [WARN] DbFile:41 - Overriding database path with different value: /home/kamil/.stmcufinder/plugins/mcufinder/ => /home/kamil/.stmcufinder/plugins/mcufinder
2026-01-08 12:58:22,796 [INFO] CrossReferenceDbSqlite:203 - Set database path to: /home/kamil/.stmcufinder/plugins/mcufinder//mcu/cs/
2026-01-08 12:58:22,809 [INFO] ApplicationProperties:184 - Using Application install path: /opt/st/stm32cubeide_1.19.0/plugins/com.st.stm32cube.common.mx_6.15.0.202507011659
2026-01-08 12:58:22,810 [INFO] PluginManage:196 - Search for loadable plugins [exclusion list=, ]
2026-01-08 12:58:22,811 [INFO] PluginManage:310 - Check plugin analytics
2026-01-08 12:58:22,907 [INFO] AnalyticsPlugin:253 - Accepted Software Licenses: 
2026-01-08 12:58:22,907 [INFO] AnalyticsPlugin:255 - Accepted CMSIS Pack Licenses: 
2026-01-08 12:58:22,907 [INFO] AnalyticsPlugin:257 - Accepted Firmware Licenses: FW.F4.1.28.0
2026-01-08 12:58:22,909 [INFO] PluginManage:359 - Loaded plugin analytics (category:tool,tabindex:-1)
2026-01-08 12:58:22,909 [INFO] PluginManage:310 - Check plugin cadmodel
2026-01-08 12:58:22,913 [INFO] CADModel:105 - Init CAD model plugin
2026-01-08 12:58:22,913 [INFO] PluginManage:359 - Loaded plugin cadmodel (category:power,tabindex:5)
2026-01-08 12:58:22,913 [INFO] PluginManage:310 - Check plugin clock
2026-01-08 12:58:22,920 [INFO] PluginManage:359 - Loaded plugin clock (category:base,tabindex:2)
2026-01-08 12:58:22,920 [INFO] PluginManage:310 - Check plugin ddr
2026-01-08 12:58:22,921 [INFO] PluginManage:359 - Loaded plugin ddr (category:tool,tabindex:6)
2026-01-08 12:58:22,921 [INFO] PluginManage:310 - Check plugin filemanager
2026-01-08 12:58:23,021 [INFO] PluginManage:359 - Loaded plugin filemanager (category:base,tabindex:10)
2026-01-08 12:58:23,021 [INFO] PluginManage:310 - Check plugin ipmanager
2026-01-08 12:58:23,026 [INFO] PluginManage:359 - Loaded plugin ipmanager (category:base,tabindex:5)
2026-01-08 12:58:23,026 [INFO] PluginManage:310 - Check plugin lpbam
2026-01-08 12:58:23,034 [INFO] PluginManage:359 - Loaded plugin lpbam (category:base,tabindex:0)
2026-01-08 12:58:23,034 [INFO] PluginManage:310 - Check plugin memorymap
2026-01-08 12:58:23,043 [INFO] PluginManage:359 - Loaded plugin memorymap (category:base,tabindex:4)
2026-01-08 12:58:23,043 [INFO] PluginManage:310 - Check plugin pinoutandconfiguration
2026-01-08 12:58:23,049 [INFO] PluginManage:359 - Loaded plugin pinoutandconfiguration (category:base,tabindex:1)
2026-01-08 12:58:23,050 [INFO] PluginManage:310 - Check plugin pinoutconfig
2026-01-08 12:58:23,122 [WARN] SupportedApi:132 - Cannot load RTOS API schema: s4s-elt-must-match.1: The content of 'definitions' must match (annotation?, (simpleType | complexType)?, (unique | key | keyref)*)). A problem was found starting at: attribute.
2026-01-08 12:58:23,216 [INFO] PluginManage:359 - Loaded plugin pinoutconfig (category:base,tabindex:0)
2026-01-08 12:58:23,216 [INFO] PluginManage:310 - Check plugin power
2026-01-08 12:58:23,226 [INFO] PluginManage:359 - Loaded plugin power (category:power,tabindex:4)
2026-01-08 12:58:23,226 [INFO] PluginManage:310 - Check plugin projectmanager
2026-01-08 12:58:23,239 [INFO] PluginManage:359 - Loaded plugin projectmanager (category:projectmanager,tabindex:4)
2026-01-08 12:58:23,239 [INFO] PluginManage:310 - Check plugin rif
2026-01-08 12:58:23,247 [INFO] PluginManage:359 - Loaded plugin rif (category:base,tabindex:3)
2026-01-08 12:58:23,247 [INFO] PluginManage:310 - Check plugin thirdparty
2026-01-08 12:58:23,355 [INFO] PluginManage:359 - Loaded plugin thirdparty (category:base,tabindex:-1)
2026-01-08 12:58:23,355 [INFO] PluginManage:310 - Check plugin tools
2026-01-08 12:58:23,355 [WARN] IntegrityCheckThread:84 - waiting for thirdparty lock release [integrity check]
2026-01-08 12:58:23,356 [INFO] IntegrityCheckThread:86 - entering critical section [integrity check]
2026-01-08 12:58:23,356 [INFO] ThirdPartyUpdaterWithRetryManager:70 - Updater plugin not ready yet. [1/15]
2026-01-08 12:58:23,357 [INFO] PluginManage:359 - Loaded plugin tools (category:base,tabindex:7)
2026-01-08 12:58:23,358 [INFO] PluginManage:310 - Check plugin tutovideos
2026-01-08 12:58:23,497 [INFO] PluginManage:359 - Loaded plugin tutovideos (category:base,tabindex:-1)
2026-01-08 12:58:23,497 [INFO] PluginManage:310 - Check plugin updater
2026-01-08 12:58:23,518 [INFO] PluginManage:359 - Loaded plugin updater (category:base,tabindex:12)
2026-01-08 12:58:23,518 [INFO] PluginManage:310 - Check plugin userauth
2026-01-08 12:58:23,521 [INFO] UserAuth:118 - Init User Auth plugin
2026-01-08 12:58:23,522 [INFO] PluginManage:359 - Loaded plugin userauth (category:base,tabindex:14)
2026-01-08 12:58:23,522 [INFO] PluginManage:283 - PluginManage : Loaded plugins [18]
2026-01-08 12:58:23,660 [INFO] PinOutPanel:1589 - setPackage(No Configuration,No Configuration)
2026-01-08 12:58:23,715 [INFO] CADModel:165 - CPN selected for project level
2026-01-08 12:58:23,715 [INFO] CADModel:114 - Register for checkConnection events
2026-01-08 12:58:23,721 [INFO] IPUIPlugin:80 - create IPUIPlugin
2026-01-08 12:58:23,721 [INFO] PluginManager:220 - loadIPPluginJar : add tracer_emb
2026-01-08 12:58:23,722 [INFO] IPUIPlugin:80 - create IPUIPlugin
2026-01-08 12:58:23,722 [INFO] PluginManager:220 - loadIPPluginJar : add radio
2026-01-08 12:58:23,726 [INFO] IPUIPlugin:80 - create IPUIPlugin
2026-01-08 12:58:23,726 [INFO] PluginManager:220 - loadIPPluginJar : add ddr_ctrl_phy
2026-01-08 12:58:23,730 [INFO] IPUIPlugin:80 - create IPUIPlugin
2026-01-08 12:58:23,730 [INFO] PluginManager:220 - loadIPPluginJar : add mdma
2026-01-08 12:58:23,732 [INFO] IPUIPlugin:80 - create IPUIPlugin
2026-01-08 12:58:23,732 [INFO] PluginManager:220 - loadIPPluginJar : add touchsensing
2026-01-08 12:58:23,733 [INFO] IPUIPlugin:80 - create IPUIPlugin
2026-01-08 12:58:23,733 [INFO] PluginManager:220 - loadIPPluginJar : add ucpd
2026-01-08 12:58:23,738 [INFO] IPUIPlugin:80 - create IPUIPlugin
2026-01-08 12:58:23,740 [INFO] PluginManager:220 - loadIPPluginJar : add plateformsettings
2026-01-08 12:58:23,743 [INFO] IPUIPlugin:80 - create IPUIPlugin
2026-01-08 12:58:23,743 [INFO] PluginManager:220 - loadIPPluginJar : add ipddr
2026-01-08 12:58:23,747 [INFO] IPUIPlugin:80 - create IPUIPlugin
2026-01-08 12:58:23,748 [INFO] PluginManager:220 - loadIPPluginJar : add resmgrutility
2026-01-08 12:58:23,749 [INFO] IPUIPlugin:80 - create IPUIPlugin
2026-01-08 12:58:23,749 [INFO] PluginManager:220 - loadIPPluginJar : add ts
2026-01-08 12:58:23,751 [INFO] IPUIPlugin:80 - create IPUIPlugin
2026-01-08 12:58:23,751 [INFO] PluginManager:220 - loadIPPluginJar : add dma3
2026-01-08 12:58:23,753 [INFO] IPUIPlugin:80 - create IPUIPlugin
2026-01-08 12:58:23,753 [INFO] PluginManager:220 - loadIPPluginJar : add openamp
2026-01-08 12:58:23,754 [INFO] IPUIPlugin:80 - create IPUIPlugin
2026-01-08 12:58:23,754 [INFO] PluginManager:220 - loadIPPluginJar : add opamp
2026-01-08 12:58:23,756 [INFO] IPUIPlugin:80 - create IPUIPlugin
2026-01-08 12:58:23,756 [INFO] PluginManager:220 - loadIPPluginJar : add pdm2pcm
2026-01-08 12:58:23,758 [INFO] IPUIPlugin:80 - create IPUIPlugin
2026-01-08 12:58:23,758 [INFO] PluginManager:220 - loadIPPluginJar : add gfxmmu
2026-01-08 12:58:23,759 [INFO] IPUIPlugin:80 - create IPUIPlugin
2026-01-08 12:58:23,759 [INFO] PluginManager:220 - loadIPPluginJar : add aes
2026-01-08 12:58:23,761 [INFO] IPUIPlugin:80 - create IPUIPlugin
2026-01-08 12:58:23,761 [INFO] PluginManager:220 - loadIPPluginJar : add gtzc
2026-01-08 12:58:23,763 [INFO] IPUIPlugin:80 - create IPUIPlugin
2026-01-08 12:58:23,763 [INFO] PluginManager:220 - loadIPPluginJar : add sai
2026-01-08 12:58:23,764 [INFO] IPUIPlugin:80 - create IPUIPlugin
2026-01-08 12:58:23,764 [INFO] PluginManager:220 - loadIPPluginJar : add tsc
2026-01-08 12:58:23,765 [INFO] IPUIPlugin:80 - create IPUIPlugin
2026-01-08 12:58:23,765 [INFO] PluginManager:220 - loadIPPluginJar : add usbx
2026-01-08 12:58:23,767 [INFO] IPUIPlugin:80 - create IPUIPlugin
2026-01-08 12:58:23,767 [INFO] PluginManager:220 - loadIPPluginJar : add can
2026-01-08 12:58:23,768 [INFO] IPUIPlugin:80 - create IPUIPlugin
2026-01-08 12:58:23,768 [INFO] PluginManager:220 - loadIPPluginJar : add i2c
2026-01-08 12:58:23,769 [INFO] IPUIPlugin:80 - create IPUIPlugin
2026-01-08 12:58:23,769 [INFO] PluginManager:220 - loadIPPluginJar : add lorawan
2026-01-08 12:58:23,771 [INFO] IPUIPlugin:80 - create IPUIPlugin
2026-01-08 12:58:23,771 [INFO] PluginManager:220 - loadIPPluginJar : add spi
2026-01-08 12:58:23,775 [INFO] IPUIPlugin:80 - create IPUIPlugin
2026-01-08 12:58:23,775 [INFO] PluginManager:220 - loadIPPluginJar : add linkedlist
2026-01-08 12:58:23,780 [INFO] IPUIPlugin:80 - create IPUIPlugin
2026-01-08 12:58:23,780 [INFO] PluginManager:220 - loadIPPluginJar : add fmc
2026-01-08 12:58:23,782 [INFO] IPUIPlugin:80 - create IPUIPlugin
2026-01-08 12:58:23,783 [INFO] PluginManager:220 - loadIPPluginJar : add i3c
2026-01-08 12:58:23,784 [INFO] IPUIPlugin:80 - create IPUIPlugin
2026-01-08 12:58:23,784 [INFO] PluginManager:220 - loadIPPluginJar : add ltdc
2026-01-08 12:58:23,788 [INFO] IPUIPlugin:80 - create IPUIPlugin
2026-01-08 12:58:23,788 [INFO] PluginManager:220 - loadIPPluginJar : add dma
2026-01-08 12:58:23,793 [INFO] IPUIPlugin:80 - create IPUIPlugin
2026-01-08 12:58:23,793 [INFO] PluginManager:220 - loadIPPluginJar : add freertos
2026-01-08 12:58:23,794 [INFO] IPUIPlugin:80 - create IPUIPlugin
2026-01-08 12:58:23,794 [INFO] PluginManager:220 - loadIPPluginJar : add hash
2026-01-08 12:58:23,798 [INFO] IPUIPlugin:80 - create IPUIPlugin
2026-01-08 12:58:23,798 [INFO] PluginManager:220 - loadIPPluginJar : add adc
2026-01-08 12:58:23,800 [INFO] IPUIPlugin:80 - create IPUIPlugin
2026-01-08 12:58:23,800 [INFO] PluginManager:220 - loadIPPluginJar : add usart
2026-01-08 12:58:23,803 [INFO] IPUIPlugin:80 - create IPUIPlugin
2026-01-08 12:58:23,804 [INFO] PluginManager:220 - loadIPPluginJar : add stm32_wpan
2026-01-08 12:58:23,804 [INFO] IPUIPlugin:80 - create IPUIPlugin
2026-01-08 12:58:23,804 [INFO] PluginManager:220 - loadIPPluginJar : add genericplugin
2026-01-08 12:58:23,808 [INFO] IPUIPlugin:80 - create IPUIPlugin
2026-01-08 12:58:23,808 [INFO] PluginManager:220 - loadIPPluginJar : add gpio
2026-01-08 12:58:23,811 [INFO] IPUIPlugin:80 - create IPUIPlugin
2026-01-08 12:58:23,811 [INFO] PluginManager:220 - loadIPPluginJar : add nvic
2026-01-08 12:58:23,814 [INFO] IPUIPlugin:80 - create IPUIPlugin
2026-01-08 12:58:23,814 [INFO] PluginManager:220 - loadIPPluginJar : add dfsdm
2026-01-08 12:58:23,815 [INFO] IPUIPlugin:80 - create IPUIPlugin
2026-01-08 12:58:23,815 [INFO] PluginManager:220 - loadIPPluginJar : add fatfs
2026-01-08 12:58:23,816 [INFO] IPUIPlugin:80 - create IPUIPlugin
2026-01-08 12:58:23,816 [INFO] PluginManager:220 - loadIPPluginJar : add comp
2026-01-08 12:58:23,818 [INFO] IPUIPlugin:80 - create IPUIPlugin
2026-01-08 12:58:23,818 [INFO] PluginManager:220 - loadIPPluginJar : add i2s
2026-01-08 12:58:23,819 [INFO] IPUIPlugin:80 - create IPUIPlugin
2026-01-08 12:58:23,819 [INFO] PluginManager:220 - loadIPPluginJar : add cryp
2026-01-08 12:58:23,820 [INFO] IPUIPlugin:80 - create IPUIPlugin
2026-01-08 12:58:23,820 [INFO] PluginManager:220 - loadIPPluginJar : add quadspi
2026-01-08 12:58:23,823 [INFO] IPUIPlugin:80 - create IPUIPlugin
2026-01-08 12:58:23,823 [INFO] PluginManager:220 - loadIPPluginJar : add gic
2026-01-08 12:58:23,824 [INFO] IPUIPlugin:80 - create IPUIPlugin
2026-01-08 12:58:23,824 [INFO] PluginManager:220 - loadIPPluginJar : add tim
2026-01-08 12:58:23,826 [INFO] IPUIPlugin:80 - create IPUIPlugin
2026-01-08 12:58:23,826 [INFO] PluginManager:220 - loadIPPluginJar : add extmemmanager
2026-01-08 12:58:23,919 [FATAL] Updater:351 - Updater called before beeing initialized
2026-01-08 12:58:23,935 [INFO] RulesReader:64 - Compatibility file has been processed (317 Rules)
2026-01-08 12:58:23,942 [INFO] RulesReader:64 - Compatibility file has been processed (317 Rules)
2026-01-08 12:58:23,948 [INFO] CADModel:165 - CPN selected for project level
2026-01-08 12:58:23,948 [INFO] CADModel:114 - Register for checkConnection events
2026-01-08 12:58:23,948 [FATAL] Updater:351 - Updater called before beeing initialized
2026-01-08 12:58:23,948 [ERROR] CADModel:125 - Updater not yet initialized, retry later 
2026-01-08 12:58:24,058 [FATAL] Updater:351 - Updater called before beeing initialized
2026-01-08 12:58:24,059 [INFO] CADModel:165 - CPN selected for project level
2026-01-08 12:58:24,059 [INFO] CADModel:114 - Register for checkConnection events
2026-01-08 12:58:24,059 [FATAL] Updater:351 - Updater called before beeing initialized
2026-01-08 12:58:24,059 [ERROR] CADModel:125 - Updater not yet initialized, retry later 
2026-01-08 12:58:24,061 [FATAL] Updater:351 - Updater called before beeing initialized
2026-01-08 12:58:24,117 [FATAL] Updater:351 - Updater called before beeing initialized
2026-01-08 12:58:24,121 [INFO] DbMcusAds:53 - JSON generation date=Mon Nov 10 11:43:01 CET 2025 (1762771381096)
2026-01-08 12:58:24,121 [FATAL] Updater:351 - Updater called before beeing initialized
2026-01-08 12:58:24,141 [WARN] DetailPanel:346 - Failed to get advertising image, set to default
2026-01-08 12:58:24,189 [FATAL] Updater:351 - Updater called before beeing initialized
2026-01-08 12:58:24,191 [FATAL] Updater:351 - Updater called before beeing initialized
2026-01-08 12:58:24,191 [FATAL] Updater:351 - Updater called before beeing initialized
2026-01-08 12:58:24,191 [WARN] DetailPanel:346 - Failed to get advertising image, set to default
2026-01-08 12:58:24,192 [FATAL] Updater:351 - Updater called before beeing initialized
2026-01-08 12:58:24,212 [ERROR] Updater:1198 - MainUpdater not yet initialized. External WinMGr cannot be set.
2026-01-08 12:58:24,214 [INFO] Updater:1134 - Updater Version found : 6.15.0
2026-01-08 12:58:24,230 [INFO] ApplicationProperties:184 - Using Application install path: /opt/st/stm32cubeide_1.19.0/plugins/com.st.stm32cube.common.mx_6.15.0.202507011659
2026-01-08 12:58:24,573 [INFO] MainUpdater:2872 - connection check result : 10
2026-01-08 12:58:24,573 [INFO] MainUpdater:289 - Updater Check For Update Now.
2026-01-08 12:58:24,573 [INFO] MicroXplorer:498 - Change Database Version : DB.6.0.150
2026-01-08 12:58:24,580 [INFO] McuFinderGlobals:63 - Set McuFinder mode to 2 (CubeIDE integrated)
2026-01-08 12:58:24,581 [INFO] UserAuth:487 - Internet connection configuration mode: 1
2026-01-08 12:58:24,597 [INFO] JxBrowserEngine:152 - Initiate JxBrowser Engine with user profile folder
2026-01-08 12:58:24,732 [INFO] CheckServerUpdateThread:120 - End of CheckServer Thread
2026-01-08 12:58:25,219 [INFO] WebApp:169 - Instantiating new browser for Auth
2026-01-08 12:58:25,692 [INFO] WebApp:463 - Apply proxy settings
2026-01-08 12:58:25,692 [INFO] WebApp:548 - Chromium requires no authentication
2026-01-08 12:58:25,697 [INFO] WebApp:491 - Direct internet connection detected
2026-01-08 12:58:25,711 [INFO] WebApp:900 - Register for checkConnection events
2026-01-08 12:58:25,711 [INFO] WebApp:463 - Apply proxy settings
2026-01-08 12:58:25,711 [INFO] WebApp:548 - Chromium requires no authentication
2026-01-08 12:58:25,711 [INFO] WebApp:491 - Direct internet connection detected
2026-01-08 12:58:25,790 [INFO] WebApp:225 - Starting web application
2026-01-08 12:58:25,791 [INFO] WebApp:593 - Web application path used /opt/st/stm32cubeide_1.19.0/plugins/com.st.stm32cube.common.mx_6.15.0.202507011659/db/plugins/mcufinder/reactClient1/index.html
2026-01-08 12:58:25,865 [INFO] UserAuth:487 - Internet connection configuration mode: 1
2026-01-08 12:58:26,152 [INFO] WebApp:191 - Connection restablished
2026-01-08 12:58:26,463 [WARN] PackLoader:240 - Cannot read IP mode file for STMicroelectronics.FP-SNS-MOTENVWB1.1.4.0
2026-01-08 12:58:26,469 [WARN] PackLoader:240 - Cannot read IP mode file for STMicroelectronics.FP-ATR-ASTRA1.2.0.2
2026-01-08 12:58:26,475 [WARN] PackLoader:240 - Cannot read IP mode file for STMicroelectronics.X-CUBE-SMBUS.2.1.0
2026-01-08 12:58:26,479 [WARN] PackLoader:240 - Cannot read IP mode file for STMicroelectronics.X-CUBE-ST60.1.0.0
2026-01-08 12:58:26,501 [WARN] PackLoader:240 - Cannot read IP mode file for STMicroelectronics.X-CUBE-AZRTOS-F7.1.1.0
2026-01-08 12:58:26,507 [WARN] PackLoader:240 - Cannot read IP mode file for Cesanta.I-CUBE-Mongoose.7.19.0
2026-01-08 12:58:26,510 [WARN] PackLoader:240 - Cannot read IP mode file for STMicroelectronics.FP-SNS-MOTENV1.5.1.0
2026-01-08 12:58:26,518 [WARN] PackLoader:240 - Cannot read IP mode file for WES.I-CUBE-Cesium.1.4.0
2026-01-08 12:58:26,538 [WARN] PackLoader:240 - Cannot read IP mode file for Infineon.AIROC-Wi-Fi-Bluetooth-STM32.1.7.1
2026-01-08 12:58:26,561 [WARN] PackLoader:240 - Cannot read IP mode file for STMicroelectronics.X-CUBE-AZRTOS-H7.3.4.0
2026-01-08 12:58:26,571 [WARN] PackLoader:240 - Cannot read IP mode file for STMicroelectronics.X-CUBE-DISPLAY.3.0.0
2026-01-08 12:58:26,581 [WARN] PackLoader:240 - Cannot read IP mode file for STMicroelectronics.X-CUBE-NFC10.1.0.0
2026-01-08 12:58:26,585 [WARN] PackLoader:240 - Cannot read IP mode file for STMicroelectronics.X-CUBE-ST60.1.1.0
2026-01-08 12:58:26,588 [WARN] PackLoader:240 - Cannot read IP mode file for emotas.I-CUBE-CANOPEN.1.3.0
2026-01-08 12:58:26,592 [WARN] PackLoader:240 - Cannot read IP mode file for STMicroelectronics.X-CUBE-GNSS1.7.1.0
2026-01-08 12:58:26,595 [WARN] PackLoader:240 - Cannot read IP mode file for STMicroelectronics.FP-SNS-SMARTAG2.1.2.0
2026-01-08 12:58:26,597 [WARN] PackLoader:240 - Cannot read IP mode file for STMicroelectronics.FP-SNS-FLIGHT1.5.1.0
2026-01-08 12:58:26,602 [INFO] LogOutputStream:77 - [STDOUT_REDIRECT] 1 : Invalid condition id : UX_CORESTACK_Condition cause : null
2026-01-08 12:58:26,603 [INFO] LogOutputStream:77 - [STDOUT_REDIRECT] 1 : Invalid condition id : UX_CORESTACK_Condition cause : null
2026-01-08 12:58:26,603 [INFO] LogOutputStream:77 - [STDOUT_REDIRECT] 1 : Invalid condition id : UX_CORESTACK_Condition cause : null
2026-01-08 12:58:26,603 [INFO] LogOutputStream:77 - [STDOUT_REDIRECT] 1 : Invalid condition id : UX_CORESTACK_Condition cause : null
2026-01-08 12:58:26,603 [INFO] LogOutputStream:77 - [STDOUT_REDIRECT] 1 : Invalid condition id : UX_CORESTACK_Condition cause : null
2026-01-08 12:58:26,606 [WARN] PackLoader:240 - Cannot read IP mode file for STMicroelectronics.X-CUBE-AZRTOS-WL.2.0.0
2026-01-08 12:58:26,609 [WARN] PackLoader:240 - Cannot read IP mode file for STMicroelectronics.FP-SNS-MOTENV1.5.0.0
2026-01-08 12:58:26,628 [WARN] PackLoader:240 - Cannot read IP mode file for STMicroelectronics.X-CUBE-AZRTOS-H7RS.1.2.0
2026-01-08 12:58:26,633 [WARN] PackLoader:240 - Cannot read IP mode file for STMicroelectronics.X-CUBE-BLE2.3.3.0
2026-01-08 12:58:26,646 [WARN] PackLoader:240 - Cannot read IP mode file for STMicroelectronics.X-CUBE-NFC9.1.0.0
2026-01-08 12:58:26,650 [WARN] PackLoader:240 - Cannot read IP mode file for wolfSSL.I-CUBE-wolfSSL.5.8.2
2026-01-08 12:58:26,653 [WARN] PackLoader:240 - Cannot read IP mode file for STMicroelectronics.X-CUBE-BLE1.7.1.0
2026-01-08 12:58:26,656 [WARN] PackLoader:240 - Cannot read IP mode file for wolfSSL.I-CUBE-wolfMQTT.1.19.2
2026-01-08 12:58:26,659 [WARN] PackLoader:240 - Cannot read IP mode file for STMicroelectronics.X-CUBE-FREERTOS.1.4.0
2026-01-08 12:58:26,662 [WARN] PackLoader:240 - Cannot read IP mode file for STMicroelectronics.X-CUBE-EEPRMA1.5.2.0
2026-01-08 12:58:26,667 [WARN] PackLoader:240 - Cannot read IP mode file for STMicroelectronics.X-CUBE-ST67W61.1.1.0
2026-01-08 12:58:26,694 [WARN] PackLoader:240 - Cannot read IP mode file for STMicroelectronics.X-CUBE-MEMS1.12.0.0
2026-01-08 12:58:26,771 [WARN] PackLoader:240 - Cannot read IP mode file for STMicroelectronics.X-CUBE-AZRTOS-G0.1.1.0
2026-01-08 12:58:26,776 [WARN] PackLoader:240 - Cannot read IP mode file for STMicroelectronics.X-CUBE-SAFEA1.1.2.2
2026-01-08 12:58:26,780 [WARN] PackLoader:240 - Cannot read IP mode file for STMicroelectronics.X-CUBE-NFC4.3.0.0
2026-01-08 12:58:26,785 [WARN] PackLoader:240 - Cannot read IP mode file for EmbeddedOffice.I-CUBE-FS-RTOS.1.0.1
2026-01-08 12:58:26,788 [WARN] PackLoader:240 - Cannot read IP mode file for STMicroelectronics.X-CUBE-WB05N.2.0.0
2026-01-08 12:58:26,790 [WARN] PackLoader:240 - Cannot read IP mode file for wolfSSL.I-CUBE-wolfTPM.3.8.0
2026-01-08 12:58:26,794 [WARN] PackLoader:240 - Cannot read IP mode file for STMicroelectronics.X-CUBE-TCPP.4.2.0
2026-01-08 12:58:26,797 [WARN] PackLoader:240 - Cannot read IP mode file for RealThread.X-CUBE-RT-Thread_Nano.4.1.1
2026-01-08 12:58:26,799 [WARN] PackLoader:240 - Cannot read IP mode file for STMicroelectronics.FP-ATR-SIGFOX1.3.2.0
2026-01-08 12:58:26,802 [WARN] PackLoader:240 - Cannot read IP mode file for ITTIA_DB.I-CUBE-ITTIADB.8.9.0
2026-01-08 12:58:26,819 [WARN] PackLoader:240 - Cannot read IP mode file for SEGGER.I-CUBE-embOS.1.3.1
2026-01-08 12:58:26,850 [WARN] PackLoader:240 - Cannot read IP mode file for STMicroelectronics.X-CUBE-ALGOBUILD.1.4.0
2026-01-08 12:58:26,888 [WARN] PackLoader:240 - Cannot read IP mode file for STMicroelectronics.X-CUBE-MEMS1.11.3.0
2026-01-08 12:58:27,012 [WARN] PackLoader:240 - Cannot read IP mode file for STMicroelectronics.X-CUBE-PM33A1.1.0.0
2026-01-08 12:58:27,024 [WARN] PackLoader:240 - Cannot read IP mode file for STMicroelectronics.X-CUBE-AZRTOS-F4.1.1.0
2026-01-08 12:58:27,028 [WARN] PackLoader:240 - Cannot read IP mode file for STMicroelectronics.X-CUBE-ISPU.2.1.0
2026-01-08 12:58:27,038 [WARN] PackLoader:240 - Cannot read IP mode file for STMicroelectronics.X-CUBE-IPS.3.2.0
2026-01-08 12:58:27,048 [WARN] PackLoader:240 - Cannot read IP mode file for STMicroelectronics.X-CUBE-NFC12.1.0.0
2026-01-08 12:58:27,064 [WARN] PackLoader:240 - Cannot read IP mode file for STMicroelectronics.X-CUBE-AZRTOS-L5.2.0.0
2026-01-08 12:58:27,072 [WARN] PackLoader:240 - Cannot read IP mode file for STMicroelectronics.X-CUBE-NFC6.3.1.0
2026-01-08 12:58:27,080 [WARN] PackLoader:240 - Cannot read IP mode file for STMicroelectronics.X-CUBE-FREERTOS.1.3.1
2026-01-08 12:58:27,084 [WARN] PackLoader:240 - Cannot read IP mode file for STMicroelectronics.X-CUBE-TOUCHGFX.4.26.0
2026-01-08 12:58:27,088 [WARN] PackLoader:240 - Cannot read IP mode file for STMicroelectronics.X-CUBE-DPower.1.3.0
2026-01-08 12:58:27,103 [WARN] ConditionMgr:438 - getConditionDescription Invalid condition id : LAN8742 Phy interface Condition cause : null
2026-01-08 12:58:27,103 [WARN] PackLoader:240 - Cannot read IP mode file for STMicroelectronics.X-CUBE-AZRTOS-L4.2.0.0
2026-01-08 12:58:27,105 [WARN] ConditionMgr:1044 - genDependencies : Invalid condition id : LAN8742 Phy interface Condition cause : null
2026-01-08 12:58:27,105 [WARN] ConditionMgr:1044 - genDependencies : Invalid condition id : LAN8742 Phy interface Condition cause : null
2026-01-08 12:58:27,106 [WARN] ConditionMgr:1044 - genDependencies : Invalid condition id : LAN8742 Phy interface Condition cause : null
2026-01-08 12:58:27,111 [WARN] PackLoader:240 - Cannot read IP mode file for STMicroelectronics.X-CUBE-SFXS2LP1.4.0.0
2026-01-08 12:58:27,120 [WARN] PackLoader:240 - Cannot read IP mode file for STMicroelectronics.X-CUBE-BLEMGR.4.1.0
2026-01-08 12:58:27,129 [WARN] ConditionMgr:438 - getConditionDescription Invalid condition id : UX DEVICE CLASS RTOS Condition cause : null
2026-01-08 12:58:27,129 [WARN] ConditionMgr:438 - getConditionDescription Invalid condition id : UX DEVICE CLASS RTOS Condition cause : null
2026-01-08 12:58:27,131 [WARN] PackLoader:240 - Cannot read IP mode file for STMicroelectronics.X-CUBE-AZRTOS-WB.2.0.0
2026-01-08 12:58:27,131 [WARN] ConditionMgr:1044 - genDependencies : Invalid condition id : UX DEVICE CLASS RTOS Condition cause : null
2026-01-08 12:58:27,131 [WARN] ConditionMgr:1044 - genDependencies : Invalid condition id : UX DEVICE CLASS RTOS Condition cause : null
2026-01-08 12:58:27,131 [WARN] ConditionMgr:1044 - genDependencies : Invalid condition id : UX DEVICE CLASS RTOS Condition cause : null
2026-01-08 12:58:27,131 [WARN] ConditionMgr:1044 - genDependencies : Invalid condition id : UX DEVICE CLASS RTOS Condition cause : null
2026-01-08 12:58:27,132 [WARN] ConditionMgr:1044 - genDependencies : Invalid condition id : UX DEVICE CLASS RTOS Condition cause : null
2026-01-08 12:58:27,135 [WARN] PackLoader:240 - Cannot read IP mode file for STMicroelectronics.X-CUBE-GNSS1.7.0.1
2026-01-08 12:58:27,138 [WARN] ConditionMgr:438 - getConditionDescription Invalid condition id : Cortex-A Device cause : null
2026-01-08 12:58:27,144 [WARN] ConditionMgr:1044 - genDependencies : Invalid condition id : Cortex-A Device cause : null
2026-01-08 12:58:27,144 [WARN] ConditionMgr:1044 - genDependencies : Invalid condition id : Cortex-A Device cause : null
2026-01-08 12:58:27,144 [WARN] ConditionMgr:1044 - genDependencies : Invalid condition id : Cortex-A Device cause : null
2026-01-08 12:58:27,150 [WARN] PackLoader:240 - Cannot read IP mode file for STMicroelectronics.X-CUBE-SUBG2.5.0.0
2026-01-08 12:58:27,160 [WARN] PackLoader:240 - Cannot read IP mode file for STMicroelectronics.X-CUBE-AZRTOS-H7RS.1.1.0
2026-01-08 12:58:27,170 [WARN] PackLoader:240 - Cannot read IP mode file for STMicroelectronics.X-CUBE-AZRTOS-G4.2.0.0
2026-01-08 12:58:27,173 [WARN] PackLoader:240 - Cannot read IP mode file for wolfSSL.I-CUBE-wolfSSH.1.4.20
2026-01-08 12:58:27,175 [WARN] PackLoader:240 - Cannot read IP mode file for STMicroelectronics.X-CUBE-NFC7.2.0.0
2026-01-08 12:58:27,179 [WARN] PackLoader:240 - Cannot read IP mode file for STMicroelectronics.X-CUBE-ALS.1.0.2
2026-01-08 12:58:27,183 [WARN] PackLoader:240 - Cannot read IP mode file for STMicroelectronics.X-CUBE-STSE01.1.0.0
2026-01-08 12:58:27,189 [WARN] PackLoader:240 - Cannot read IP mode file for STMicroelectronics.X-CUBE-TOF1.3.4.3
2026-01-08 12:58:27,201 [INFO] ThirdParty:978 - Integrity check success = true
2026-01-08 12:58:27,201 [INFO] IntegrityCheckThread:100 - exiting critical section [integrity check]
2026-01-08 12:58:27,201 [INFO] IntegrityCheckThread:103 - End integrity checks thread
2026-01-08 16:33:46,143 [INFO] Activator:176 - 


2026-01-08 16:33:46,144 [INFO] Activator:177 - !SESSION log4j initialized
2026-01-08 16:33:49,110 [INFO] LogOutputStream:77 - [STDOUT_REDIRECT] 
2026-01-08 16:33:49,708 [INFO] ApplicationProperties:184 - Using Application install path: /opt/st/stm32cubeide_1.19.0/plugins/com.st.stm32cube.common.mx_6.15.0.202507011659
2026-01-08 16:33:49,720 [INFO] DbMcusXml:78 - Set database path to: /opt/st/stm32cubeide_1.19.0/plugins/com.st.stm32cube.common.mx_6.15.0.202507011659//db//mcu/
2026-01-08 16:33:49,720 [INFO] ApiDb:274 - Set plugin database path to: /opt/st/stm32cubeide_1.19.0/plugins/com.st.stm32cube.common.mx_6.15.0.202507011659//db//plugins/boardmanager/
2026-01-08 16:33:49,721 [WARN] ApiDb:259 - Overriding images path with different value:  => /opt/st/stm32cubeide_1.19.0/plugins/com.st.stm32cube.common.mx_6.15.0.202507011659//db//plugins/mcufinder/images/
2026-01-08 16:33:49,725 [INFO] ApiDb:250 - Set database path to: /home/kamil/.stmcufinder/plugins/mcufinder//mcu/
2026-01-08 16:33:49,726 [INFO] DbMcusAds:125 - Set database path to: /home/kamil/.stmcufinder/plugins/mcufinder//mcu/
2026-01-08 16:33:49,728 [INFO] CrossReferenceDbSqlite:203 - Set database path to: /home/kamil/.stmcufinder/plugins/mcufinder//mcu/cs/
2026-01-08 16:33:49,809 [INFO] RulesReader:64 - Compatibility file has been processed (317 Rules)
2026-01-08 16:33:49,854 [INFO] DbMcusXml:78 - Set database path to: /opt/st/stm32cubeide_1.19.0/plugins/com.st.stm32cube.common.mx_6.15.0.202507011659//db//mcu/
2026-01-08 16:33:49,854 [INFO] ApiDb:274 - Set plugin database path to: /opt/st/stm32cubeide_1.19.0/plugins/com.st.stm32cube.common.mx_6.15.0.202507011659//db//plugins/boardmanager/
2026-01-08 16:33:49,854 [INFO] ApiDb:261 - Set plugin images path to: /opt/st/stm32cubeide_1.19.0/plugins/com.st.stm32cube.common.mx_6.15.0.202507011659//db//plugins/mcufinder/images/
2026-01-08 16:33:49,854 [WARN] DbFile:41 - Overriding database path with different value: /home/kamil/.stmcufinder/plugins/mcufinder/ => /home/kamil/.stmcufinder/plugins/mcufinder
2026-01-08 16:33:49,854 [INFO] ApiDb:250 - Set database path to: /home/kamil/.stmcufinder/plugins/mcufinder//mcu/
2026-01-08 16:33:49,854 [WARN] DbFile:41 - Overriding database path with different value: /home/kamil/.stmcufinder/plugins/mcufinder/ => /home/kamil/.stmcufinder/plugins/mcufinder
2026-01-08 16:33:49,854 [INFO] DbMcusAds:125 - Set database path to: /home/kamil/.stmcufinder/plugins/mcufinder//mcu/
2026-01-08 16:33:49,854 [WARN] DbFile:41 - Overriding database path with different value: /home/kamil/.stmcufinder/plugins/mcufinder/ => /home/kamil/.stmcufinder/plugins/mcufinder
2026-01-08 16:33:49,854 [WARN] DbFile:41 - Overriding database path with different value: /home/kamil/.stmcufinder/plugins/mcufinder/ => /home/kamil/.stmcufinder/plugins/mcufinder
2026-01-08 16:33:49,854 [INFO] CrossReferenceDbSqlite:203 - Set database path to: /home/kamil/.stmcufinder/plugins/mcufinder//mcu/cs/
2026-01-08 16:33:49,898 [INFO] MainPanel:274 - HeapMemory: 268435456
2026-01-08 16:33:50,003 [INFO] DbMcusXml:78 - Set database path to: /opt/st/stm32cubeide_1.19.0/plugins/com.st.stm32cube.common.mx_6.15.0.202507011659//db//mcu/
2026-01-08 16:33:50,003 [INFO] ApiDb:274 - Set plugin database path to: /opt/st/stm32cubeide_1.19.0/plugins/com.st.stm32cube.common.mx_6.15.0.202507011659//db//plugins/boardmanager/
2026-01-08 16:33:50,003 [INFO] ApiDb:261 - Set plugin images path to: /opt/st/stm32cubeide_1.19.0/plugins/com.st.stm32cube.common.mx_6.15.0.202507011659//db//plugins/mcufinder/images/
2026-01-08 16:33:50,003 [WARN] DbFile:41 - Overriding database path with different value: /home/kamil/.stmcufinder/plugins/mcufinder/ => /home/kamil/.stmcufinder/plugins/mcufinder
2026-01-08 16:33:50,003 [INFO] ApiDb:250 - Set database path to: /home/kamil/.stmcufinder/plugins/mcufinder//mcu/
2026-01-08 16:33:50,003 [WARN] DbFile:41 - Overriding database path with different value: /home/kamil/.stmcufinder/plugins/mcufinder/ => /home/kamil/.stmcufinder/plugins/mcufinder
2026-01-08 16:33:50,003 [INFO] DbMcusAds:125 - Set database path to: /home/kamil/.stmcufinder/plugins/mcufinder//mcu/
2026-01-08 16:33:50,004 [WARN] DbFile:41 - Overriding database path with different value: /home/kamil/.stmcufinder/plugins/mcufinder/ => /home/kamil/.stmcufinder/plugins/mcufinder
2026-01-08 16:33:50,004 [WARN] DbFile:41 - Overriding database path with different value: /home/kamil/.stmcufinder/plugins/mcufinder/ => /home/kamil/.stmcufinder/plugins/mcufinder
2026-01-08 16:33:50,004 [INFO] CrossReferenceDbSqlite:203 - Set database path to: /home/kamil/.stmcufinder/plugins/mcufinder//mcu/cs/
2026-01-08 16:33:50,017 [INFO] ApplicationProperties:184 - Using Application install path: /opt/st/stm32cubeide_1.19.0/plugins/com.st.stm32cube.common.mx_6.15.0.202507011659
2026-01-08 16:33:50,018 [INFO] PluginManage:196 - Search for loadable plugins [exclusion list=, ]
2026-01-08 16:33:50,019 [INFO] PluginManage:310 - Check plugin analytics
2026-01-08 16:33:50,120 [INFO] AnalyticsPlugin:253 - Accepted Software Licenses: 
2026-01-08 16:33:50,120 [INFO] AnalyticsPlugin:255 - Accepted CMSIS Pack Licenses: 
2026-01-08 16:33:50,121 [INFO] AnalyticsPlugin:257 - Accepted Firmware Licenses: FW.F4.1.28.0
2026-01-08 16:33:50,122 [INFO] PluginManage:359 - Loaded plugin analytics (category:tool,tabindex:-1)
2026-01-08 16:33:50,123 [INFO] PluginManage:310 - Check plugin cadmodel
2026-01-08 16:33:50,127 [INFO] CADModel:105 - Init CAD model plugin
2026-01-08 16:33:50,127 [INFO] PluginManage:359 - Loaded plugin cadmodel (category:power,tabindex:5)
2026-01-08 16:33:50,127 [INFO] PluginManage:310 - Check plugin clock
2026-01-08 16:33:50,136 [INFO] PluginManage:359 - Loaded plugin clock (category:base,tabindex:2)
2026-01-08 16:33:50,136 [INFO] PluginManage:310 - Check plugin ddr
2026-01-08 16:33:50,138 [INFO] PluginManage:359 - Loaded plugin ddr (category:tool,tabindex:6)
2026-01-08 16:33:50,138 [INFO] PluginManage:310 - Check plugin filemanager
2026-01-08 16:33:50,231 [INFO] PluginManage:359 - Loaded plugin filemanager (category:base,tabindex:10)
2026-01-08 16:33:50,231 [INFO] PluginManage:310 - Check plugin ipmanager
2026-01-08 16:33:50,235 [INFO] PluginManage:359 - Loaded plugin ipmanager (category:base,tabindex:5)
2026-01-08 16:33:50,235 [INFO] PluginManage:310 - Check plugin lpbam
2026-01-08 16:33:50,242 [INFO] PluginManage:359 - Loaded plugin lpbam (category:base,tabindex:0)
2026-01-08 16:33:50,242 [INFO] PluginManage:310 - Check plugin memorymap
2026-01-08 16:33:50,250 [INFO] PluginManage:359 - Loaded plugin memorymap (category:base,tabindex:4)
2026-01-08 16:33:50,250 [INFO] PluginManage:310 - Check plugin pinoutandconfiguration
2026-01-08 16:33:50,256 [INFO] PluginManage:359 - Loaded plugin pinoutandconfiguration (category:base,tabindex:1)
2026-01-08 16:33:50,256 [INFO] PluginManage:310 - Check plugin pinoutconfig
2026-01-08 16:33:50,312 [WARN] SupportedApi:132 - Cannot load RTOS API schema: s4s-elt-must-match.1: The content of 'definitions' must match (annotation?, (simpleType | complexType)?, (unique | key | keyref)*)). A problem was found starting at: attribute.
2026-01-08 16:33:50,442 [INFO] PluginManage:359 - Loaded plugin pinoutconfig (category:base,tabindex:0)
2026-01-08 16:33:50,443 [INFO] PluginManage:310 - Check plugin power
2026-01-08 16:33:50,450 [INFO] PluginManage:359 - Loaded plugin power (category:power,tabindex:4)
2026-01-08 16:33:50,450 [INFO] PluginManage:310 - Check plugin projectmanager
2026-01-08 16:33:50,460 [INFO] PluginManage:359 - Loaded plugin projectmanager (category:projectmanager,tabindex:4)
2026-01-08 16:33:50,460 [INFO] PluginManage:310 - Check plugin rif
2026-01-08 16:33:50,467 [INFO] PluginManage:359 - Loaded plugin rif (category:base,tabindex:3)
2026-01-08 16:33:50,467 [INFO] PluginManage:310 - Check plugin thirdparty
2026-01-08 16:33:50,550 [INFO] PluginManage:359 - Loaded plugin thirdparty (category:base,tabindex:-1)
2026-01-08 16:33:50,550 [INFO] PluginManage:310 - Check plugin tools
2026-01-08 16:33:50,550 [WARN] IntegrityCheckThread:84 - waiting for thirdparty lock release [integrity check]
2026-01-08 16:33:50,551 [INFO] IntegrityCheckThread:86 - entering critical section [integrity check]
2026-01-08 16:33:50,551 [INFO] ThirdPartyUpdaterWithRetryManager:70 - Updater plugin not ready yet. [1/15]
2026-01-08 16:33:50,552 [INFO] PluginManage:359 - Loaded plugin tools (category:base,tabindex:7)
2026-01-08 16:33:50,552 [INFO] PluginManage:310 - Check plugin tutovideos
2026-01-08 16:33:50,676 [INFO] PluginManage:359 - Loaded plugin tutovideos (category:base,tabindex:-1)
2026-01-08 16:33:50,676 [INFO] PluginManage:310 - Check plugin updater
2026-01-08 16:33:50,694 [INFO] PluginManage:359 - Loaded plugin updater (category:base,tabindex:12)
2026-01-08 16:33:50,695 [INFO] PluginManage:310 - Check plugin userauth
2026-01-08 16:33:50,697 [INFO] UserAuth:118 - Init User Auth plugin
2026-01-08 16:33:50,698 [INFO] PluginManage:359 - Loaded plugin userauth (category:base,tabindex:14)
2026-01-08 16:33:50,698 [INFO] PluginManage:283 - PluginManage : Loaded plugins [18]
2026-01-08 16:33:50,818 [INFO] PinOutPanel:1589 - setPackage(No Configuration,No Configuration)
2026-01-08 16:33:50,863 [INFO] CADModel:165 - CPN selected for project level
2026-01-08 16:33:50,863 [INFO] CADModel:114 - Register for checkConnection events
2026-01-08 16:33:50,871 [INFO] IPUIPlugin:80 - create IPUIPlugin
2026-01-08 16:33:50,871 [INFO] PluginManager:220 - loadIPPluginJar : add tracer_emb
2026-01-08 16:33:50,872 [INFO] IPUIPlugin:80 - create IPUIPlugin
2026-01-08 16:33:50,872 [INFO] PluginManager:220 - loadIPPluginJar : add radio
2026-01-08 16:33:50,876 [INFO] IPUIPlugin:80 - create IPUIPlugin
2026-01-08 16:33:50,876 [INFO] PluginManager:220 - loadIPPluginJar : add ddr_ctrl_phy
2026-01-08 16:33:50,880 [INFO] IPUIPlugin:80 - create IPUIPlugin
2026-01-08 16:33:50,881 [INFO] PluginManager:220 - loadIPPluginJar : add mdma
2026-01-08 16:33:50,883 [INFO] IPUIPlugin:80 - create IPUIPlugin
2026-01-08 16:33:50,883 [INFO] PluginManager:220 - loadIPPluginJar : add touchsensing
2026-01-08 16:33:50,884 [INFO] IPUIPlugin:80 - create IPUIPlugin
2026-01-08 16:33:50,884 [INFO] PluginManager:220 - loadIPPluginJar : add ucpd
2026-01-08 16:33:50,888 [INFO] IPUIPlugin:80 - create IPUIPlugin
2026-01-08 16:33:50,890 [INFO] PluginManager:220 - loadIPPluginJar : add plateformsettings
2026-01-08 16:33:50,892 [INFO] IPUIPlugin:80 - create IPUIPlugin
2026-01-08 16:33:50,892 [INFO] PluginManager:220 - loadIPPluginJar : add ipddr
2026-01-08 16:33:50,896 [INFO] IPUIPlugin:80 - create IPUIPlugin
2026-01-08 16:33:50,896 [INFO] PluginManager:220 - loadIPPluginJar : add resmgrutility
2026-01-08 16:33:50,897 [INFO] IPUIPlugin:80 - create IPUIPlugin
2026-01-08 16:33:50,897 [INFO] PluginManager:220 - loadIPPluginJar : add ts
2026-01-08 16:33:50,898 [INFO] IPUIPlugin:80 - create IPUIPlugin
2026-01-08 16:33:50,898 [INFO] PluginManager:220 - loadIPPluginJar : add dma3
2026-01-08 16:33:50,900 [INFO] IPUIPlugin:80 - create IPUIPlugin
2026-01-08 16:33:50,900 [INFO] PluginManager:220 - loadIPPluginJar : add openamp
2026-01-08 16:33:50,901 [INFO] IPUIPlugin:80 - create IPUIPlugin
2026-01-08 16:33:50,901 [INFO] PluginManager:220 - loadIPPluginJar : add opamp
2026-01-08 16:33:50,903 [INFO] IPUIPlugin:80 - create IPUIPlugin
2026-01-08 16:33:50,903 [INFO] PluginManager:220 - loadIPPluginJar : add pdm2pcm
2026-01-08 16:33:50,904 [INFO] IPUIPlugin:80 - create IPUIPlugin
2026-01-08 16:33:50,904 [INFO] PluginManager:220 - loadIPPluginJar : add gfxmmu
2026-01-08 16:33:50,906 [INFO] IPUIPlugin:80 - create IPUIPlugin
2026-01-08 16:33:50,906 [INFO] PluginManager:220 - loadIPPluginJar : add aes
2026-01-08 16:33:50,907 [INFO] IPUIPlugin:80 - create IPUIPlugin
2026-01-08 16:33:50,908 [INFO] PluginManager:220 - loadIPPluginJar : add gtzc
2026-01-08 16:33:50,909 [INFO] IPUIPlugin:80 - create IPUIPlugin
2026-01-08 16:33:50,909 [INFO] PluginManager:220 - loadIPPluginJar : add sai
2026-01-08 16:33:50,910 [INFO] IPUIPlugin:80 - create IPUIPlugin
2026-01-08 16:33:50,910 [INFO] PluginManager:220 - loadIPPluginJar : add tsc
2026-01-08 16:33:50,912 [INFO] IPUIPlugin:80 - create IPUIPlugin
2026-01-08 16:33:50,912 [INFO] PluginManager:220 - loadIPPluginJar : add usbx
2026-01-08 16:33:50,914 [INFO] IPUIPlugin:80 - create IPUIPlugin
2026-01-08 16:33:50,914 [INFO] PluginManager:220 - loadIPPluginJar : add can
2026-01-08 16:33:50,915 [INFO] IPUIPlugin:80 - create IPUIPlugin
2026-01-08 16:33:50,915 [INFO] PluginManager:220 - loadIPPluginJar : add i2c
2026-01-08 16:33:50,916 [INFO] IPUIPlugin:80 - create IPUIPlugin
2026-01-08 16:33:50,916 [INFO] PluginManager:220 - loadIPPluginJar : add lorawan
2026-01-08 16:33:50,917 [INFO] IPUIPlugin:80 - create IPUIPlugin
2026-01-08 16:33:50,917 [INFO] PluginManager:220 - loadIPPluginJar : add spi
2026-01-08 16:33:50,922 [INFO] IPUIPlugin:80 - create IPUIPlugin
2026-01-08 16:33:50,922 [INFO] PluginManager:220 - loadIPPluginJar : add linkedlist
2026-01-08 16:33:50,924 [INFO] IPUIPlugin:80 - create IPUIPlugin
2026-01-08 16:33:50,924 [INFO] PluginManager:220 - loadIPPluginJar : add fmc
2026-01-08 16:33:50,926 [INFO] IPUIPlugin:80 - create IPUIPlugin
2026-01-08 16:33:50,926 [INFO] PluginManager:220 - loadIPPluginJar : add i3c
2026-01-08 16:33:50,927 [INFO] IPUIPlugin:80 - create IPUIPlugin
2026-01-08 16:33:50,927 [INFO] PluginManager:220 - loadIPPluginJar : add ltdc
2026-01-08 16:33:50,930 [INFO] IPUIPlugin:80 - create IPUIPlugin
2026-01-08 16:33:50,930 [INFO] PluginManager:220 - loadIPPluginJar : add dma
2026-01-08 16:33:50,934 [INFO] IPUIPlugin:80 - create IPUIPlugin
2026-01-08 16:33:50,934 [INFO] PluginManager:220 - loadIPPluginJar : add freertos
2026-01-08 16:33:50,935 [INFO] IPUIPlugin:80 - create IPUIPlugin
2026-01-08 16:33:50,935 [INFO] PluginManager:220 - loadIPPluginJar : add hash
2026-01-08 16:33:50,939 [INFO] IPUIPlugin:80 - create IPUIPlugin
2026-01-08 16:33:50,939 [INFO] PluginManager:220 - loadIPPluginJar : add adc
2026-01-08 16:33:50,941 [INFO] IPUIPlugin:80 - create IPUIPlugin
2026-01-08 16:33:50,941 [INFO] PluginManager:220 - loadIPPluginJar : add usart
2026-01-08 16:33:50,945 [INFO] IPUIPlugin:80 - create IPUIPlugin
2026-01-08 16:33:50,945 [INFO] PluginManager:220 - loadIPPluginJar : add stm32_wpan
2026-01-08 16:33:50,946 [INFO] IPUIPlugin:80 - create IPUIPlugin
2026-01-08 16:33:50,946 [INFO] PluginManager:220 - loadIPPluginJar : add genericplugin
2026-01-08 16:33:50,949 [INFO] IPUIPlugin:80 - create IPUIPlugin
2026-01-08 16:33:50,949 [INFO] PluginManager:220 - loadIPPluginJar : add gpio
2026-01-08 16:33:50,951 [INFO] IPUIPlugin:80 - create IPUIPlugin
2026-01-08 16:33:50,951 [INFO] PluginManager:220 - loadIPPluginJar : add nvic
2026-01-08 16:33:50,953 [INFO] IPUIPlugin:80 - create IPUIPlugin
2026-01-08 16:33:50,953 [INFO] PluginManager:220 - loadIPPluginJar : add dfsdm
2026-01-08 16:33:50,953 [INFO] IPUIPlugin:80 - create IPUIPlugin
2026-01-08 16:33:50,954 [INFO] PluginManager:220 - loadIPPluginJar : add fatfs
2026-01-08 16:33:50,955 [INFO] IPUIPlugin:80 - create IPUIPlugin
2026-01-08 16:33:50,955 [INFO] PluginManager:220 - loadIPPluginJar : add comp
2026-01-08 16:33:50,956 [INFO] IPUIPlugin:80 - create IPUIPlugin
2026-01-08 16:33:50,956 [INFO] PluginManager:220 - loadIPPluginJar : add i2s
2026-01-08 16:33:50,958 [INFO] IPUIPlugin:80 - create IPUIPlugin
2026-01-08 16:33:50,958 [INFO] PluginManager:220 - loadIPPluginJar : add cryp
2026-01-08 16:33:50,958 [INFO] IPUIPlugin:80 - create IPUIPlugin
2026-01-08 16:33:50,958 [INFO] PluginManager:220 - loadIPPluginJar : add quadspi
2026-01-08 16:33:50,962 [INFO] IPUIPlugin:80 - create IPUIPlugin
2026-01-08 16:33:50,962 [INFO] PluginManager:220 - loadIPPluginJar : add gic
2026-01-08 16:33:50,964 [INFO] IPUIPlugin:80 - create IPUIPlugin
2026-01-08 16:33:50,964 [INFO] PluginManager:220 - loadIPPluginJar : add tim
2026-01-08 16:33:50,965 [INFO] IPUIPlugin:80 - create IPUIPlugin
2026-01-08 16:33:50,965 [INFO] PluginManager:220 - loadIPPluginJar : add extmemmanager
2026-01-08 16:33:51,059 [FATAL] Updater:351 - Updater called before beeing initialized
2026-01-08 16:33:51,075 [INFO] RulesReader:64 - Compatibility file has been processed (317 Rules)
2026-01-08 16:33:51,083 [INFO] RulesReader:64 - Compatibility file has been processed (317 Rules)
2026-01-08 16:33:51,088 [INFO] CADModel:165 - CPN selected for project level
2026-01-08 16:33:51,088 [INFO] CADModel:114 - Register for checkConnection events
2026-01-08 16:33:51,089 [FATAL] Updater:351 - Updater called before beeing initialized
2026-01-08 16:33:51,089 [ERROR] CADModel:125 - Updater not yet initialized, retry later 
2026-01-08 16:33:51,174 [FATAL] Updater:351 - Updater called before beeing initialized
2026-01-08 16:33:51,175 [INFO] CADModel:165 - CPN selected for project level
2026-01-08 16:33:51,175 [INFO] CADModel:114 - Register for checkConnection events
2026-01-08 16:33:51,175 [FATAL] Updater:351 - Updater called before beeing initialized
2026-01-08 16:33:51,175 [ERROR] CADModel:125 - Updater not yet initialized, retry later 
2026-01-08 16:33:51,178 [FATAL] Updater:351 - Updater called before beeing initialized
2026-01-08 16:33:51,250 [FATAL] Updater:351 - Updater called before beeing initialized
2026-01-08 16:33:51,253 [INFO] DbMcusAds:53 - JSON generation date=Mon Nov 10 11:43:01 CET 2025 (1762771381096)
2026-01-08 16:33:51,253 [FATAL] Updater:351 - Updater called before beeing initialized
2026-01-08 16:33:51,273 [WARN] DetailPanel:346 - Failed to get advertising image, set to default
2026-01-08 16:33:51,322 [FATAL] Updater:351 - Updater called before beeing initialized
2026-01-08 16:33:51,323 [FATAL] Updater:351 - Updater called before beeing initialized
2026-01-08 16:33:51,323 [FATAL] Updater:351 - Updater called before beeing initialized
2026-01-08 16:33:51,323 [WARN] DetailPanel:346 - Failed to get advertising image, set to default
2026-01-08 16:33:51,324 [FATAL] Updater:351 - Updater called before beeing initialized
2026-01-08 16:33:51,344 [ERROR] Updater:1198 - MainUpdater not yet initialized. External WinMGr cannot be set.
2026-01-08 16:33:51,345 [INFO] Updater:1134 - Updater Version found : 6.15.0
2026-01-08 16:33:51,359 [INFO] ApplicationProperties:184 - Using Application install path: /opt/st/stm32cubeide_1.19.0/plugins/com.st.stm32cube.common.mx_6.15.0.202507011659
2026-01-08 16:33:51,595 [INFO] MainUpdater:2872 - connection check result : 10
2026-01-08 16:33:51,595 [INFO] MainUpdater:289 - Updater Check For Update Now.
2026-01-08 16:33:51,596 [INFO] MicroXplorer:498 - Change Database Version : DB.6.0.150
2026-01-08 16:33:51,600 [INFO] McuFinderGlobals:63 - Set McuFinder mode to 2 (CubeIDE integrated)
2026-01-08 16:33:51,601 [INFO] UserAuth:487 - Internet connection configuration mode: 1
2026-01-08 16:33:51,619 [INFO] JxBrowserEngine:152 - Initiate JxBrowser Engine with user profile folder
2026-01-08 16:33:51,753 [INFO] CheckServerUpdateThread:120 - End of CheckServer Thread
2026-01-08 16:33:52,249 [INFO] WebApp:169 - Instantiating new browser for Auth
2026-01-08 16:33:52,696 [INFO] WebApp:463 - Apply proxy settings
2026-01-08 16:33:52,697 [INFO] WebApp:548 - Chromium requires no authentication
2026-01-08 16:33:52,701 [INFO] WebApp:491 - Direct internet connection detected
2026-01-08 16:33:52,713 [INFO] WebApp:900 - Register for checkConnection events
2026-01-08 16:33:52,714 [INFO] WebApp:463 - Apply proxy settings
2026-01-08 16:33:52,714 [INFO] WebApp:548 - Chromium requires no authentication
2026-01-08 16:33:52,714 [INFO] WebApp:491 - Direct internet connection detected
2026-01-08 16:33:52,792 [INFO] WebApp:225 - Starting web application
2026-01-08 16:33:52,793 [INFO] WebApp:593 - Web application path used /opt/st/stm32cubeide_1.19.0/plugins/com.st.stm32cube.common.mx_6.15.0.202507011659/db/plugins/mcufinder/reactClient1/index.html
2026-01-08 16:33:52,862 [INFO] UserAuth:487 - Internet connection configuration mode: 1
2026-01-08 16:33:53,148 [INFO] WebApp:191 - Connection restablished
2026-01-08 16:33:53,664 [WARN] PackLoader:240 - Cannot read IP mode file for STMicroelectronics.FP-SNS-MOTENVWB1.1.4.0
2026-01-08 16:33:53,669 [WARN] PackLoader:240 - Cannot read IP mode file for STMicroelectronics.FP-ATR-ASTRA1.2.0.2
2026-01-08 16:33:53,674 [WARN] PackLoader:240 - Cannot read IP mode file for STMicroelectronics.X-CUBE-SMBUS.2.1.0
2026-01-08 16:33:53,677 [WARN] PackLoader:240 - Cannot read IP mode file for STMicroelectronics.X-CUBE-ST60.1.0.0
2026-01-08 16:33:53,698 [WARN] PackLoader:240 - Cannot read IP mode file for STMicroelectronics.X-CUBE-AZRTOS-F7.1.1.0
2026-01-08 16:33:53,704 [WARN] PackLoader:240 - Cannot read IP mode file for Cesanta.I-CUBE-Mongoose.7.19.0
2026-01-08 16:33:53,707 [WARN] PackLoader:240 - Cannot read IP mode file for STMicroelectronics.FP-SNS-MOTENV1.5.1.0
2026-01-08 16:33:53,715 [WARN] PackLoader:240 - Cannot read IP mode file for WES.I-CUBE-Cesium.1.4.0
2026-01-08 16:33:53,732 [WARN] PackLoader:240 - Cannot read IP mode file for Infineon.AIROC-Wi-Fi-Bluetooth-STM32.1.7.1
2026-01-08 16:33:53,750 [WARN] PackLoader:240 - Cannot read IP mode file for STMicroelectronics.X-CUBE-AZRTOS-H7.3.4.0
2026-01-08 16:33:53,757 [WARN] PackLoader:240 - Cannot read IP mode file for STMicroelectronics.X-CUBE-DISPLAY.3.0.0
2026-01-08 16:33:53,763 [WARN] PackLoader:240 - Cannot read IP mode file for STMicroelectronics.X-CUBE-NFC10.1.0.0
2026-01-08 16:33:53,768 [WARN] PackLoader:240 - Cannot read IP mode file for STMicroelectronics.X-CUBE-ST60.1.1.0
2026-01-08 16:33:53,773 [WARN] PackLoader:240 - Cannot read IP mode file for emotas.I-CUBE-CANOPEN.1.3.0
2026-01-08 16:33:53,786 [WARN] PackLoader:240 - Cannot read IP mode file for STMicroelectronics.X-CUBE-GNSS1.7.1.0
2026-01-08 16:33:53,790 [WARN] PackLoader:240 - Cannot read IP mode file for STMicroelectronics.FP-SNS-SMARTAG2.1.2.0
2026-01-08 16:33:53,792 [WARN] PackLoader:240 - Cannot read IP mode file for STMicroelectronics.FP-SNS-FLIGHT1.5.1.0
2026-01-08 16:33:53,797 [INFO] LogOutputStream:77 - [STDOUT_REDIRECT] 1 : Invalid condition id : UX_CORESTACK_Condition cause : null
2026-01-08 16:33:53,797 [INFO] LogOutputStream:77 - [STDOUT_REDIRECT] 1 : Invalid condition id : UX_CORESTACK_Condition cause : null
2026-01-08 16:33:53,797 [INFO] LogOutputStream:77 - [STDOUT_REDIRECT] 1 : Invalid condition id : UX_CORESTACK_Condition cause : null
2026-01-08 16:33:53,797 [INFO] LogOutputStream:77 - [STDOUT_REDIRECT] 1 : Invalid condition id : UX_CORESTACK_Condition cause : null
2026-01-08 16:33:53,797 [INFO] LogOutputStream:77 - [STDOUT_REDIRECT] 1 : Invalid condition id : UX_CORESTACK_Condition cause : null
2026-01-08 16:33:53,798 [WARN] PackLoader:240 - Cannot read IP mode file for STMicroelectronics.X-CUBE-AZRTOS-WL.2.0.0
2026-01-08 16:33:53,802 [WARN] PackLoader:240 - Cannot read IP mode file for STMicroelectronics.FP-SNS-MOTENV1.5.0.0
2026-01-08 16:33:53,812 [WARN] PackLoader:240 - Cannot read IP mode file for STMicroelectronics.X-CUBE-AZRTOS-H7RS.1.2.0
2026-01-08 16:33:53,816 [WARN] PackLoader:240 - Cannot read IP mode file for STMicroelectronics.X-CUBE-BLE2.3.3.0
2026-01-08 16:33:53,830 [WARN] PackLoader:240 - Cannot read IP mode file for STMicroelectronics.X-CUBE-NFC9.1.0.0
2026-01-08 16:33:53,834 [WARN] PackLoader:240 - Cannot read IP mode file for wolfSSL.I-CUBE-wolfSSL.5.8.2
2026-01-08 16:33:53,838 [WARN] PackLoader:240 - Cannot read IP mode file for STMicroelectronics.X-CUBE-BLE1.7.1.0
2026-01-08 16:33:53,840 [WARN] PackLoader:240 - Cannot read IP mode file for wolfSSL.I-CUBE-wolfMQTT.1.19.2
2026-01-08 16:33:53,844 [WARN] PackLoader:240 - Cannot read IP mode file for STMicroelectronics.X-CUBE-FREERTOS.1.4.0
2026-01-08 16:33:53,848 [WARN] PackLoader:240 - Cannot read IP mode file for STMicroelectronics.X-CUBE-EEPRMA1.5.2.0
2026-01-08 16:33:53,854 [WARN] PackLoader:240 - Cannot read IP mode file for STMicroelectronics.X-CUBE-ST67W61.1.1.0
2026-01-08 16:33:53,882 [WARN] PackLoader:240 - Cannot read IP mode file for STMicroelectronics.X-CUBE-MEMS1.12.0.0
2026-01-08 16:33:53,984 [WARN] PackLoader:240 - Cannot read IP mode file for STMicroelectronics.X-CUBE-AZRTOS-G0.1.1.0
2026-01-08 16:33:53,993 [WARN] PackLoader:240 - Cannot read IP mode file for STMicroelectronics.X-CUBE-SAFEA1.1.2.2
2026-01-08 16:33:53,998 [WARN] PackLoader:240 - Cannot read IP mode file for STMicroelectronics.X-CUBE-NFC4.3.0.0
2026-01-08 16:33:54,006 [WARN] PackLoader:240 - Cannot read IP mode file for EmbeddedOffice.I-CUBE-FS-RTOS.1.0.1
2026-01-08 16:33:54,030 [WARN] PackLoader:240 - Cannot read IP mode file for STMicroelectronics.X-CUBE-WB05N.2.0.0
2026-01-08 16:33:54,037 [WARN] PackLoader:240 - Cannot read IP mode file for wolfSSL.I-CUBE-wolfTPM.3.8.0
2026-01-08 16:33:54,046 [WARN] PackLoader:240 - Cannot read IP mode file for STMicroelectronics.X-CUBE-TCPP.4.2.0
2026-01-08 16:33:54,053 [WARN] PackLoader:240 - Cannot read IP mode file for RealThread.X-CUBE-RT-Thread_Nano.4.1.1
2026-01-08 16:33:54,057 [WARN] PackLoader:240 - Cannot read IP mode file for STMicroelectronics.FP-ATR-SIGFOX1.3.2.0
2026-01-08 16:33:54,063 [WARN] PackLoader:240 - Cannot read IP mode file for ITTIA_DB.I-CUBE-ITTIADB.8.9.0
2026-01-08 16:33:54,093 [WARN] PackLoader:240 - Cannot read IP mode file for SEGGER.I-CUBE-embOS.1.3.1
2026-01-08 16:33:54,140 [WARN] PackLoader:240 - Cannot read IP mode file for STMicroelectronics.X-CUBE-ALGOBUILD.1.4.0
2026-01-08 16:33:54,170 [WARN] PackLoader:240 - Cannot read IP mode file for STMicroelectronics.X-CUBE-MEMS1.11.3.0
2026-01-08 16:33:54,275 [WARN] PackLoader:240 - Cannot read IP mode file for STMicroelectronics.X-CUBE-PM33A1.1.0.0
2026-01-08 16:33:54,285 [WARN] PackLoader:240 - Cannot read IP mode file for STMicroelectronics.X-CUBE-AZRTOS-F4.1.1.0
2026-01-08 16:33:54,290 [WARN] PackLoader:240 - Cannot read IP mode file for STMicroelectronics.X-CUBE-ISPU.2.1.0
2026-01-08 16:33:54,298 [WARN] PackLoader:240 - Cannot read IP mode file for STMicroelectronics.X-CUBE-IPS.3.2.0
2026-01-08 16:33:54,306 [WARN] PackLoader:240 - Cannot read IP mode file for STMicroelectronics.X-CUBE-NFC12.1.0.0
2026-01-08 16:33:54,321 [WARN] PackLoader:240 - Cannot read IP mode file for STMicroelectronics.X-CUBE-AZRTOS-L5.2.0.0
2026-01-08 16:33:54,327 [WARN] PackLoader:240 - Cannot read IP mode file for STMicroelectronics.X-CUBE-NFC6.3.1.0
2026-01-08 16:33:54,331 [WARN] PackLoader:240 - Cannot read IP mode file for STMicroelectronics.X-CUBE-FREERTOS.1.3.1
2026-01-08 16:33:54,334 [WARN] PackLoader:240 - Cannot read IP mode file for STMicroelectronics.X-CUBE-TOUCHGFX.4.26.0
2026-01-08 16:33:54,337 [WARN] PackLoader:240 - Cannot read IP mode file for STMicroelectronics.X-CUBE-DPower.1.3.0
2026-01-08 16:33:54,348 [WARN] ConditionMgr:438 - getConditionDescription Invalid condition id : LAN8742 Phy interface Condition cause : null
2026-01-08 16:33:54,349 [WARN] PackLoader:240 - Cannot read IP mode file for STMicroelectronics.X-CUBE-AZRTOS-L4.2.0.0
2026-01-08 16:33:54,350 [WARN] ConditionMgr:1044 - genDependencies : Invalid condition id : LAN8742 Phy interface Condition cause : null
2026-01-08 16:33:54,350 [WARN] ConditionMgr:1044 - genDependencies : Invalid condition id : LAN8742 Phy interface Condition cause : null
2026-01-08 16:33:54,350 [WARN] ConditionMgr:1044 - genDependencies : Invalid condition id : LAN8742 Phy interface Condition cause : null
2026-01-08 16:33:54,354 [WARN] PackLoader:240 - Cannot read IP mode file for STMicroelectronics.X-CUBE-SFXS2LP1.4.0.0
2026-01-08 16:33:54,361 [WARN] PackLoader:240 - Cannot read IP mode file for STMicroelectronics.X-CUBE-BLEMGR.4.1.0
2026-01-08 16:33:54,369 [WARN] ConditionMgr:438 - getConditionDescription Invalid condition id : UX DEVICE CLASS RTOS Condition cause : null
2026-01-08 16:33:54,369 [WARN] ConditionMgr:438 - getConditionDescription Invalid condition id : UX DEVICE CLASS RTOS Condition cause : null
2026-01-08 16:33:54,371 [WARN] PackLoader:240 - Cannot read IP mode file for STMicroelectronics.X-CUBE-AZRTOS-WB.2.0.0
2026-01-08 16:33:54,371 [WARN] ConditionMgr:1044 - genDependencies : Invalid condition id : UX DEVICE CLASS RTOS Condition cause : null
2026-01-08 16:33:54,371 [WARN] ConditionMgr:1044 - genDependencies : Invalid condition id : UX DEVICE CLASS RTOS Condition cause : null
2026-01-08 16:33:54,372 [WARN] ConditionMgr:1044 - genDependencies : Invalid condition id : UX DEVICE CLASS RTOS Condition cause : null
2026-01-08 16:33:54,372 [WARN] ConditionMgr:1044 - genDependencies : Invalid condition id : UX DEVICE CLASS RTOS Condition cause : null
2026-01-08 16:33:54,372 [WARN] ConditionMgr:1044 - genDependencies : Invalid condition id : UX DEVICE CLASS RTOS Condition cause : null
2026-01-08 16:33:54,375 [WARN] PackLoader:240 - Cannot read IP mode file for STMicroelectronics.X-CUBE-GNSS1.7.0.1
2026-01-08 16:33:54,378 [WARN] ConditionMgr:438 - getConditionDescription Invalid condition id : Cortex-A Device cause : null
2026-01-08 16:33:54,383 [WARN] ConditionMgr:1044 - genDependencies : Invalid condition id : Cortex-A Device cause : null
2026-01-08 16:33:54,383 [WARN] ConditionMgr:1044 - genDependencies : Invalid condition id : Cortex-A Device cause : null
2026-01-08 16:33:54,383 [WARN] ConditionMgr:1044 - genDependencies : Invalid condition id : Cortex-A Device cause : null
2026-01-08 16:33:54,389 [WARN] PackLoader:240 - Cannot read IP mode file for STMicroelectronics.X-CUBE-SUBG2.5.0.0
2026-01-08 16:33:54,402 [WARN] PackLoader:240 - Cannot read IP mode file for STMicroelectronics.X-CUBE-AZRTOS-H7RS.1.1.0
2026-01-08 16:33:54,411 [WARN] PackLoader:240 - Cannot read IP mode file for STMicroelectronics.X-CUBE-AZRTOS-G4.2.0.0
2026-01-08 16:33:54,414 [WARN] PackLoader:240 - Cannot read IP mode file for wolfSSL.I-CUBE-wolfSSH.1.4.20
2026-01-08 16:33:54,416 [WARN] PackLoader:240 - Cannot read IP mode file for STMicroelectronics.X-CUBE-NFC7.2.0.0
2026-01-08 16:33:54,419 [WARN] PackLoader:240 - Cannot read IP mode file for STMicroelectronics.X-CUBE-ALS.1.0.2
2026-01-08 16:33:54,423 [WARN] PackLoader:240 - Cannot read IP mode file for STMicroelectronics.X-CUBE-STSE01.1.0.0
2026-01-08 16:33:54,430 [WARN] PackLoader:240 - Cannot read IP mode file for STMicroelectronics.X-CUBE-TOF1.3.4.3
2026-01-08 16:33:54,436 [INFO] ThirdParty:978 - Integrity check success = true
2026-01-08 16:33:54,437 [INFO] IntegrityCheckThread:100 - exiting critical section [integrity check]
2026-01-08 16:33:54,437 [INFO] IntegrityCheckThread:103 - End integrity checks thread
