2025-12-16 22:11:09,532 [INFO] Activator:176 - 


2025-12-16 22:11:09,535 [INFO] Activator:177 - !SESSION log4j initialized
2025-12-16 22:11:13,094 [INFO] LogOutputStream:77 - [STDOUT_REDIRECT] 
2025-12-16 22:11:13,930 [INFO] ApplicationProperties:184 - Using Application install path: /opt/st/stm32cubeide_1.19.0/plugins/com.st.stm32cube.common.mx_6.15.0.202507011659
2025-12-16 22:11:13,941 [INFO] DbMcusXml:78 - Set database path to: /opt/st/stm32cubeide_1.19.0/plugins/com.st.stm32cube.common.mx_6.15.0.202507011659//db//mcu/
2025-12-16 22:11:13,941 [INFO] ApiDb:274 - Set plugin database path to: /opt/st/stm32cubeide_1.19.0/plugins/com.st.stm32cube.common.mx_6.15.0.202507011659//db//plugins/boardmanager/
2025-12-16 22:11:13,941 [WARN] ApiDb:259 - Overriding images path with different value:  => /opt/st/stm32cubeide_1.19.0/plugins/com.st.stm32cube.common.mx_6.15.0.202507011659//db//plugins/mcufinder/images/
2025-12-16 22:11:13,945 [INFO] ApiDb:250 - Set database path to: /home/kamil/.stmcufinder/plugins/mcufinder//mcu/
2025-12-16 22:11:13,946 [INFO] DbMcusAds:125 - Set database path to: /home/kamil/.stmcufinder/plugins/mcufinder//mcu/
2025-12-16 22:11:13,948 [INFO] CrossReferenceDbSqlite:203 - Set database path to: /home/kamil/.stmcufinder/plugins/mcufinder//mcu/cs/
2025-12-16 22:11:14,023 [INFO] RulesReader:64 - Compatibility file has been processed (317 Rules)
2025-12-16 22:11:14,062 [INFO] DbMcusXml:78 - Set database path to: /opt/st/stm32cubeide_1.19.0/plugins/com.st.stm32cube.common.mx_6.15.0.202507011659//db//mcu/
2025-12-16 22:11:14,062 [INFO] ApiDb:274 - Set plugin database path to: /opt/st/stm32cubeide_1.19.0/plugins/com.st.stm32cube.common.mx_6.15.0.202507011659//db//plugins/boardmanager/
2025-12-16 22:11:14,062 [INFO] ApiDb:261 - Set plugin images path to: /opt/st/stm32cubeide_1.19.0/plugins/com.st.stm32cube.common.mx_6.15.0.202507011659//db//plugins/mcufinder/images/
2025-12-16 22:11:14,062 [WARN] DbFile:41 - Overriding database path with different value: /home/kamil/.stmcufinder/plugins/mcufinder/ => /home/kamil/.stmcufinder/plugins/mcufinder
2025-12-16 22:11:14,062 [INFO] ApiDb:250 - Set database path to: /home/kamil/.stmcufinder/plugins/mcufinder//mcu/
2025-12-16 22:11:14,062 [WARN] DbFile:41 - Overriding database path with different value: /home/kamil/.stmcufinder/plugins/mcufinder/ => /home/kamil/.stmcufinder/plugins/mcufinder
2025-12-16 22:11:14,062 [INFO] DbMcusAds:125 - Set database path to: /home/kamil/.stmcufinder/plugins/mcufinder//mcu/
2025-12-16 22:11:14,062 [WARN] DbFile:41 - Overriding database path with different value: /home/kamil/.stmcufinder/plugins/mcufinder/ => /home/kamil/.stmcufinder/plugins/mcufinder
2025-12-16 22:11:14,062 [WARN] DbFile:41 - Overriding database path with different value: /home/kamil/.stmcufinder/plugins/mcufinder/ => /home/kamil/.stmcufinder/plugins/mcufinder
2025-12-16 22:11:14,062 [INFO] CrossReferenceDbSqlite:203 - Set database path to: /home/kamil/.stmcufinder/plugins/mcufinder//mcu/cs/
2025-12-16 22:11:14,113 [INFO] MainPanel:274 - HeapMemory: 268435456
2025-12-16 22:11:14,209 [INFO] DbMcusXml:78 - Set database path to: /opt/st/stm32cubeide_1.19.0/plugins/com.st.stm32cube.common.mx_6.15.0.202507011659//db//mcu/
2025-12-16 22:11:14,209 [INFO] ApiDb:274 - Set plugin database path to: /opt/st/stm32cubeide_1.19.0/plugins/com.st.stm32cube.common.mx_6.15.0.202507011659//db//plugins/boardmanager/
2025-12-16 22:11:14,209 [INFO] ApiDb:261 - Set plugin images path to: /opt/st/stm32cubeide_1.19.0/plugins/com.st.stm32cube.common.mx_6.15.0.202507011659//db//plugins/mcufinder/images/
2025-12-16 22:11:14,210 [WARN] DbFile:41 - Overriding database path with different value: /home/kamil/.stmcufinder/plugins/mcufinder/ => /home/kamil/.stmcufinder/plugins/mcufinder
2025-12-16 22:11:14,210 [INFO] ApiDb:250 - Set database path to: /home/kamil/.stmcufinder/plugins/mcufinder//mcu/
2025-12-16 22:11:14,210 [WARN] DbFile:41 - Overriding database path with different value: /home/kamil/.stmcufinder/plugins/mcufinder/ => /home/kamil/.stmcufinder/plugins/mcufinder
2025-12-16 22:11:14,210 [INFO] DbMcusAds:125 - Set database path to: /home/kamil/.stmcufinder/plugins/mcufinder//mcu/
2025-12-16 22:11:14,210 [WARN] DbFile:41 - Overriding database path with different value: /home/kamil/.stmcufinder/plugins/mcufinder/ => /home/kamil/.stmcufinder/plugins/mcufinder
2025-12-16 22:11:14,210 [WARN] DbFile:41 - Overriding database path with different value: /home/kamil/.stmcufinder/plugins/mcufinder/ => /home/kamil/.stmcufinder/plugins/mcufinder
2025-12-16 22:11:14,210 [INFO] CrossReferenceDbSqlite:203 - Set database path to: /home/kamil/.stmcufinder/plugins/mcufinder//mcu/cs/
2025-12-16 22:11:14,221 [INFO] ApplicationProperties:184 - Using Application install path: /opt/st/stm32cubeide_1.19.0/plugins/com.st.stm32cube.common.mx_6.15.0.202507011659
2025-12-16 22:11:14,222 [INFO] PluginManage:196 - Search for loadable plugins [exclusion list=, ]
2025-12-16 22:11:14,223 [INFO] PluginManage:310 - Check plugin analytics
2025-12-16 22:11:14,322 [INFO] AnalyticsPlugin:253 - Accepted Software Licenses: 
2025-12-16 22:11:14,322 [INFO] AnalyticsPlugin:255 - Accepted CMSIS Pack Licenses: 
2025-12-16 22:11:14,322 [INFO] AnalyticsPlugin:257 - Accepted Firmware Licenses: FW.F4.1.28.0
2025-12-16 22:11:14,324 [INFO] PluginManage:359 - Loaded plugin analytics (category:tool,tabindex:-1)
2025-12-16 22:11:14,324 [INFO] PluginManage:310 - Check plugin cadmodel
2025-12-16 22:11:14,327 [INFO] CADModel:105 - Init CAD model plugin
2025-12-16 22:11:14,327 [INFO] PluginManage:359 - Loaded plugin cadmodel (category:power,tabindex:5)
2025-12-16 22:11:14,328 [INFO] PluginManage:310 - Check plugin clock
2025-12-16 22:11:14,333 [INFO] PluginManage:359 - Loaded plugin clock (category:base,tabindex:2)
2025-12-16 22:11:14,334 [INFO] PluginManage:310 - Check plugin ddr
2025-12-16 22:11:14,337 [INFO] PluginManage:359 - Loaded plugin ddr (category:tool,tabindex:6)
2025-12-16 22:11:14,337 [INFO] PluginManage:310 - Check plugin filemanager
2025-12-16 22:11:14,431 [INFO] PluginManage:359 - Loaded plugin filemanager (category:base,tabindex:10)
2025-12-16 22:11:14,431 [INFO] PluginManage:310 - Check plugin ipmanager
2025-12-16 22:11:14,434 [INFO] PluginManage:359 - Loaded plugin ipmanager (category:base,tabindex:5)
2025-12-16 22:11:14,435 [INFO] PluginManage:310 - Check plugin lpbam
2025-12-16 22:11:14,443 [INFO] PluginManage:359 - Loaded plugin lpbam (category:base,tabindex:0)
2025-12-16 22:11:14,443 [INFO] PluginManage:310 - Check plugin memorymap
2025-12-16 22:11:14,450 [INFO] PluginManage:359 - Loaded plugin memorymap (category:base,tabindex:4)
2025-12-16 22:11:14,450 [INFO] PluginManage:310 - Check plugin pinoutandconfiguration
2025-12-16 22:11:14,455 [INFO] PluginManage:359 - Loaded plugin pinoutandconfiguration (category:base,tabindex:1)
2025-12-16 22:11:14,455 [INFO] PluginManage:310 - Check plugin pinoutconfig
2025-12-16 22:11:14,512 [WARN] SupportedApi:132 - Cannot load RTOS API schema: s4s-elt-must-match.1: The content of 'definitions' must match (annotation?, (simpleType | complexType)?, (unique | key | keyref)*)). A problem was found starting at: attribute.
2025-12-16 22:11:14,611 [INFO] PluginManage:359 - Loaded plugin pinoutconfig (category:base,tabindex:0)
2025-12-16 22:11:14,611 [INFO] PluginManage:310 - Check plugin power
2025-12-16 22:11:14,618 [INFO] PluginManage:359 - Loaded plugin power (category:power,tabindex:4)
2025-12-16 22:11:14,619 [INFO] PluginManage:310 - Check plugin projectmanager
2025-12-16 22:11:14,629 [INFO] PluginManage:359 - Loaded plugin projectmanager (category:projectmanager,tabindex:4)
2025-12-16 22:11:14,629 [INFO] PluginManage:310 - Check plugin rif
2025-12-16 22:11:14,637 [INFO] PluginManage:359 - Loaded plugin rif (category:base,tabindex:3)
2025-12-16 22:11:14,637 [INFO] PluginManage:310 - Check plugin thirdparty
2025-12-16 22:11:14,744 [INFO] PluginManage:359 - Loaded plugin thirdparty (category:base,tabindex:-1)
2025-12-16 22:11:14,744 [WARN] IntegrityCheckThread:84 - waiting for thirdparty lock release [integrity check]
2025-12-16 22:11:14,744 [INFO] PluginManage:310 - Check plugin tools
2025-12-16 22:11:14,744 [INFO] IntegrityCheckThread:86 - entering critical section [integrity check]
2025-12-16 22:11:14,745 [INFO] ThirdPartyUpdaterWithRetryManager:70 - Updater plugin not ready yet. [1/15]
2025-12-16 22:11:14,746 [INFO] PluginManage:359 - Loaded plugin tools (category:base,tabindex:7)
2025-12-16 22:11:14,746 [INFO] PluginManage:310 - Check plugin tutovideos
2025-12-16 22:11:14,882 [INFO] PluginManage:359 - Loaded plugin tutovideos (category:base,tabindex:-1)
2025-12-16 22:11:14,883 [INFO] PluginManage:310 - Check plugin updater
2025-12-16 22:11:14,900 [INFO] PluginManage:359 - Loaded plugin updater (category:base,tabindex:12)
2025-12-16 22:11:14,900 [INFO] PluginManage:310 - Check plugin userauth
2025-12-16 22:11:14,903 [INFO] UserAuth:118 - Init User Auth plugin
2025-12-16 22:11:14,904 [INFO] PluginManage:359 - Loaded plugin userauth (category:base,tabindex:14)
2025-12-16 22:11:14,904 [INFO] PluginManage:283 - PluginManage : Loaded plugins [18]
2025-12-16 22:11:15,033 [INFO] PinOutPanel:1589 - setPackage(No Configuration,No Configuration)
2025-12-16 22:11:15,083 [INFO] CADModel:165 - CPN selected for project level
2025-12-16 22:11:15,084 [INFO] CADModel:114 - Register for checkConnection events
2025-12-16 22:11:15,092 [INFO] IPUIPlugin:80 - create IPUIPlugin
2025-12-16 22:11:15,092 [INFO] PluginManager:220 - loadIPPluginJar : add tracer_emb
2025-12-16 22:11:15,093 [INFO] IPUIPlugin:80 - create IPUIPlugin
2025-12-16 22:11:15,094 [INFO] PluginManager:220 - loadIPPluginJar : add radio
2025-12-16 22:11:15,098 [INFO] IPUIPlugin:80 - create IPUIPlugin
2025-12-16 22:11:15,098 [INFO] PluginManager:220 - loadIPPluginJar : add ddr_ctrl_phy
2025-12-16 22:11:15,104 [INFO] IPUIPlugin:80 - create IPUIPlugin
2025-12-16 22:11:15,105 [INFO] PluginManager:220 - loadIPPluginJar : add mdma
2025-12-16 22:11:15,107 [INFO] IPUIPlugin:80 - create IPUIPlugin
2025-12-16 22:11:15,107 [INFO] PluginManager:220 - loadIPPluginJar : add touchsensing
2025-12-16 22:11:15,109 [INFO] IPUIPlugin:80 - create IPUIPlugin
2025-12-16 22:11:15,109 [INFO] PluginManager:220 - loadIPPluginJar : add ucpd
2025-12-16 22:11:15,114 [INFO] IPUIPlugin:80 - create IPUIPlugin
2025-12-16 22:11:15,116 [INFO] PluginManager:220 - loadIPPluginJar : add plateformsettings
2025-12-16 22:11:15,118 [INFO] IPUIPlugin:80 - create IPUIPlugin
2025-12-16 22:11:15,118 [INFO] PluginManager:220 - loadIPPluginJar : add ipddr
2025-12-16 22:11:15,121 [INFO] IPUIPlugin:80 - create IPUIPlugin
2025-12-16 22:11:15,121 [INFO] PluginManager:220 - loadIPPluginJar : add resmgrutility
2025-12-16 22:11:15,122 [INFO] IPUIPlugin:80 - create IPUIPlugin
2025-12-16 22:11:15,122 [INFO] PluginManager:220 - loadIPPluginJar : add ts
2025-12-16 22:11:15,124 [INFO] IPUIPlugin:80 - create IPUIPlugin
2025-12-16 22:11:15,124 [INFO] PluginManager:220 - loadIPPluginJar : add dma3
2025-12-16 22:11:15,125 [INFO] IPUIPlugin:80 - create IPUIPlugin
2025-12-16 22:11:15,126 [INFO] PluginManager:220 - loadIPPluginJar : add openamp
2025-12-16 22:11:15,127 [INFO] IPUIPlugin:80 - create IPUIPlugin
2025-12-16 22:11:15,127 [INFO] PluginManager:220 - loadIPPluginJar : add opamp
2025-12-16 22:11:15,129 [INFO] IPUIPlugin:80 - create IPUIPlugin
2025-12-16 22:11:15,129 [INFO] PluginManager:220 - loadIPPluginJar : add pdm2pcm
2025-12-16 22:11:15,130 [INFO] IPUIPlugin:80 - create IPUIPlugin
2025-12-16 22:11:15,130 [INFO] PluginManager:220 - loadIPPluginJar : add gfxmmu
2025-12-16 22:11:15,131 [INFO] IPUIPlugin:80 - create IPUIPlugin
2025-12-16 22:11:15,131 [INFO] PluginManager:220 - loadIPPluginJar : add aes
2025-12-16 22:11:15,133 [INFO] IPUIPlugin:80 - create IPUIPlugin
2025-12-16 22:11:15,133 [INFO] PluginManager:220 - loadIPPluginJar : add gtzc
2025-12-16 22:11:15,137 [INFO] IPUIPlugin:80 - create IPUIPlugin
2025-12-16 22:11:15,137 [INFO] PluginManager:220 - loadIPPluginJar : add sai
2025-12-16 22:11:15,139 [INFO] IPUIPlugin:80 - create IPUIPlugin
2025-12-16 22:11:15,139 [INFO] PluginManager:220 - loadIPPluginJar : add tsc
2025-12-16 22:11:15,142 [INFO] IPUIPlugin:80 - create IPUIPlugin
2025-12-16 22:11:15,143 [INFO] PluginManager:220 - loadIPPluginJar : add usbx
2025-12-16 22:11:15,145 [INFO] IPUIPlugin:80 - create IPUIPlugin
2025-12-16 22:11:15,145 [INFO] PluginManager:220 - loadIPPluginJar : add can
2025-12-16 22:11:15,147 [INFO] IPUIPlugin:80 - create IPUIPlugin
2025-12-16 22:11:15,147 [INFO] PluginManager:220 - loadIPPluginJar : add i2c
2025-12-16 22:11:15,149 [INFO] IPUIPlugin:80 - create IPUIPlugin
2025-12-16 22:11:15,149 [INFO] PluginManager:220 - loadIPPluginJar : add lorawan
2025-12-16 22:11:15,151 [INFO] IPUIPlugin:80 - create IPUIPlugin
2025-12-16 22:11:15,151 [INFO] PluginManager:220 - loadIPPluginJar : add spi
2025-12-16 22:11:15,156 [INFO] IPUIPlugin:80 - create IPUIPlugin
2025-12-16 22:11:15,156 [INFO] PluginManager:220 - loadIPPluginJar : add linkedlist
2025-12-16 22:11:15,159 [INFO] IPUIPlugin:80 - create IPUIPlugin
2025-12-16 22:11:15,159 [INFO] PluginManager:220 - loadIPPluginJar : add fmc
2025-12-16 22:11:15,161 [INFO] IPUIPlugin:80 - create IPUIPlugin
2025-12-16 22:11:15,161 [INFO] PluginManager:220 - loadIPPluginJar : add i3c
2025-12-16 22:11:15,162 [INFO] IPUIPlugin:80 - create IPUIPlugin
2025-12-16 22:11:15,162 [INFO] PluginManager:220 - loadIPPluginJar : add ltdc
2025-12-16 22:11:15,165 [INFO] IPUIPlugin:80 - create IPUIPlugin
2025-12-16 22:11:15,165 [INFO] PluginManager:220 - loadIPPluginJar : add dma
2025-12-16 22:11:15,170 [INFO] IPUIPlugin:80 - create IPUIPlugin
2025-12-16 22:11:15,170 [INFO] PluginManager:220 - loadIPPluginJar : add freertos
2025-12-16 22:11:15,173 [INFO] IPUIPlugin:80 - create IPUIPlugin
2025-12-16 22:11:15,173 [INFO] PluginManager:220 - loadIPPluginJar : add hash
2025-12-16 22:11:15,179 [INFO] IPUIPlugin:80 - create IPUIPlugin
2025-12-16 22:11:15,179 [INFO] PluginManager:220 - loadIPPluginJar : add adc
2025-12-16 22:11:15,182 [INFO] IPUIPlugin:80 - create IPUIPlugin
2025-12-16 22:11:15,182 [INFO] PluginManager:220 - loadIPPluginJar : add usart
2025-12-16 22:11:15,186 [INFO] IPUIPlugin:80 - create IPUIPlugin
2025-12-16 22:11:15,187 [INFO] PluginManager:220 - loadIPPluginJar : add stm32_wpan
2025-12-16 22:11:15,187 [INFO] IPUIPlugin:80 - create IPUIPlugin
2025-12-16 22:11:15,187 [INFO] PluginManager:220 - loadIPPluginJar : add genericplugin
2025-12-16 22:11:15,190 [INFO] IPUIPlugin:80 - create IPUIPlugin
2025-12-16 22:11:15,190 [INFO] PluginManager:220 - loadIPPluginJar : add gpio
2025-12-16 22:11:15,193 [INFO] IPUIPlugin:80 - create IPUIPlugin
2025-12-16 22:11:15,193 [INFO] PluginManager:220 - loadIPPluginJar : add nvic
2025-12-16 22:11:15,194 [INFO] IPUIPlugin:80 - create IPUIPlugin
2025-12-16 22:11:15,194 [INFO] PluginManager:220 - loadIPPluginJar : add dfsdm
2025-12-16 22:11:15,195 [INFO] IPUIPlugin:80 - create IPUIPlugin
2025-12-16 22:11:15,195 [INFO] PluginManager:220 - loadIPPluginJar : add fatfs
2025-12-16 22:11:15,195 [INFO] IPUIPlugin:80 - create IPUIPlugin
2025-12-16 22:11:15,195 [INFO] PluginManager:220 - loadIPPluginJar : add comp
2025-12-16 22:11:15,197 [INFO] IPUIPlugin:80 - create IPUIPlugin
2025-12-16 22:11:15,197 [INFO] PluginManager:220 - loadIPPluginJar : add i2s
2025-12-16 22:11:15,199 [INFO] IPUIPlugin:80 - create IPUIPlugin
2025-12-16 22:11:15,199 [INFO] PluginManager:220 - loadIPPluginJar : add cryp
2025-12-16 22:11:15,200 [INFO] IPUIPlugin:80 - create IPUIPlugin
2025-12-16 22:11:15,200 [INFO] PluginManager:220 - loadIPPluginJar : add quadspi
2025-12-16 22:11:15,206 [INFO] IPUIPlugin:80 - create IPUIPlugin
2025-12-16 22:11:15,206 [INFO] PluginManager:220 - loadIPPluginJar : add gic
2025-12-16 22:11:15,208 [INFO] IPUIPlugin:80 - create IPUIPlugin
2025-12-16 22:11:15,209 [INFO] PluginManager:220 - loadIPPluginJar : add tim
2025-12-16 22:11:15,211 [INFO] IPUIPlugin:80 - create IPUIPlugin
2025-12-16 22:11:15,211 [INFO] PluginManager:220 - loadIPPluginJar : add extmemmanager
2025-12-16 22:11:15,306 [FATAL] Updater:351 - Updater called before beeing initialized
2025-12-16 22:11:15,328 [INFO] RulesReader:64 - Compatibility file has been processed (317 Rules)
2025-12-16 22:11:15,339 [INFO] RulesReader:64 - Compatibility file has been processed (317 Rules)
2025-12-16 22:11:15,346 [INFO] CADModel:165 - CPN selected for project level
2025-12-16 22:11:15,346 [INFO] CADModel:114 - Register for checkConnection events
2025-12-16 22:11:15,346 [FATAL] Updater:351 - Updater called before beeing initialized
2025-12-16 22:11:15,346 [ERROR] CADModel:125 - Updater not yet initialized, retry later 
2025-12-16 22:11:15,444 [FATAL] Updater:351 - Updater called before beeing initialized
2025-12-16 22:11:15,445 [INFO] CADModel:165 - CPN selected for project level
2025-12-16 22:11:15,445 [INFO] CADModel:114 - Register for checkConnection events
2025-12-16 22:11:15,445 [FATAL] Updater:351 - Updater called before beeing initialized
2025-12-16 22:11:15,445 [ERROR] CADModel:125 - Updater not yet initialized, retry later 
2025-12-16 22:11:15,447 [FATAL] Updater:351 - Updater called before beeing initialized
2025-12-16 22:11:15,510 [FATAL] Updater:351 - Updater called before beeing initialized
2025-12-16 22:11:15,513 [INFO] DbMcusAds:53 - JSON generation date=Mon Nov 10 11:43:01 CET 2025 (1762771381096)
2025-12-16 22:11:15,513 [FATAL] Updater:351 - Updater called before beeing initialized
2025-12-16 22:11:15,532 [WARN] DetailPanel:346 - Failed to get advertising image, set to default
2025-12-16 22:11:15,580 [FATAL] Updater:351 - Updater called before beeing initialized
2025-12-16 22:11:15,582 [FATAL] Updater:351 - Updater called before beeing initialized
2025-12-16 22:11:15,582 [FATAL] Updater:351 - Updater called before beeing initialized
2025-12-16 22:11:15,582 [WARN] DetailPanel:346 - Failed to get advertising image, set to default
2025-12-16 22:11:15,582 [FATAL] Updater:351 - Updater called before beeing initialized
2025-12-16 22:11:15,601 [ERROR] Updater:1198 - MainUpdater not yet initialized. External WinMGr cannot be set.
2025-12-16 22:11:15,603 [INFO] Updater:1134 - Updater Version found : 6.15.0
2025-12-16 22:11:15,620 [INFO] ApplicationProperties:184 - Using Application install path: /opt/st/stm32cubeide_1.19.0/plugins/com.st.stm32cube.common.mx_6.15.0.202507011659
2025-12-16 22:11:16,003 [INFO] MainUpdater:2872 - connection check result : 10
2025-12-16 22:11:16,004 [INFO] MainUpdater:3604 - Updater definition file requires update
2025-12-16 22:11:16,004 [INFO] MainUpdater:289 - Updater Check For Update Now.
2025-12-16 22:11:16,004 [INFO] MicroXplorer:498 - Change Database Version : DB.6.0.150
2025-12-16 22:11:16,008 [INFO] McuFinderGlobals:63 - Set McuFinder mode to 2 (CubeIDE integrated)
2025-12-16 22:11:16,009 [INFO] UserAuth:487 - Internet connection configuration mode: 1
2025-12-16 22:11:16,021 [INFO] ServerAccessManage:452 - Complete download http(s) 200
2025-12-16 22:11:16,021 [INFO] JxBrowserEngine:152 - Initiate JxBrowser Engine with user profile folder
2025-12-16 22:11:16,022 [INFO] ServerAccessManage:509 - Download File updaters.zip
2025-12-16 22:11:16,096 [INFO] FileExtend:248 - Unzip File : updaters.zip
2025-12-16 22:11:16,096 [INFO] FileExtend:263 - Standard Zip Deflate
2025-12-16 22:11:16,337 [INFO] ServerAccessManage:452 - Complete download http(s) 200
2025-12-16 22:11:16,338 [INFO] ServerAccessManage:509 - Download File PacksControlFlags.xml
2025-12-16 22:11:16,441 [INFO] ServerAccessManage:452 - Complete download http(s) 200
2025-12-16 22:11:16,441 [INFO] ServerAccessManage:509 - Download File cubemx.pidx
2025-12-16 22:11:16,500 [INFO] LoadServerUpdatesThread:375 - End of LoadServerUpdate Thread
2025-12-16 22:11:16,641 [INFO] CheckServerUpdateThread:120 - End of CheckServer Thread
2025-12-16 22:11:16,727 [INFO] WebApp:169 - Instantiating new browser for Auth
2025-12-16 22:11:17,175 [INFO] WebApp:463 - Apply proxy settings
2025-12-16 22:11:17,175 [INFO] WebApp:548 - Chromium requires no authentication
2025-12-16 22:11:17,179 [INFO] WebApp:491 - Direct internet connection detected
2025-12-16 22:11:17,189 [INFO] WebApp:900 - Register for checkConnection events
2025-12-16 22:11:17,189 [INFO] WebApp:463 - Apply proxy settings
2025-12-16 22:11:17,189 [INFO] WebApp:548 - Chromium requires no authentication
2025-12-16 22:11:17,189 [INFO] WebApp:491 - Direct internet connection detected
2025-12-16 22:11:17,275 [INFO] WebApp:225 - Starting web application
2025-12-16 22:11:17,276 [INFO] WebApp:593 - Web application path used /opt/st/stm32cubeide_1.19.0/plugins/com.st.stm32cube.common.mx_6.15.0.202507011659/db/plugins/mcufinder/reactClient1/index.html
2025-12-16 22:11:17,341 [INFO] UserAuth:487 - Internet connection configuration mode: 1
2025-12-16 22:11:17,426 [INFO] WebApp:191 - Connection restablished
2025-12-16 22:11:17,845 [WARN] PackLoader:240 - Cannot read IP mode file for STMicroelectronics.FP-SNS-MOTENVWB1.1.4.0
2025-12-16 22:11:17,850 [WARN] PackLoader:240 - Cannot read IP mode file for STMicroelectronics.FP-ATR-ASTRA1.2.0.2
2025-12-16 22:11:17,854 [WARN] PackLoader:240 - Cannot read IP mode file for STMicroelectronics.X-CUBE-SMBUS.2.1.0
2025-12-16 22:11:17,857 [WARN] PackLoader:240 - Cannot read IP mode file for STMicroelectronics.X-CUBE-ST60.1.0.0
2025-12-16 22:11:17,879 [WARN] PackLoader:240 - Cannot read IP mode file for STMicroelectronics.X-CUBE-AZRTOS-F7.1.1.0
2025-12-16 22:11:17,883 [WARN] PackLoader:240 - Cannot read IP mode file for Cesanta.I-CUBE-Mongoose.7.19.0
2025-12-16 22:11:17,887 [WARN] PackLoader:240 - Cannot read IP mode file for STMicroelectronics.FP-SNS-MOTENV1.5.1.0
2025-12-16 22:11:17,894 [WARN] PackLoader:240 - Cannot read IP mode file for WES.I-CUBE-Cesium.1.4.0
2025-12-16 22:11:17,910 [WARN] PackLoader:240 - Cannot read IP mode file for Infineon.AIROC-Wi-Fi-Bluetooth-STM32.1.7.1
2025-12-16 22:11:17,929 [WARN] PackLoader:240 - Cannot read IP mode file for STMicroelectronics.X-CUBE-AZRTOS-H7.3.4.0
2025-12-16 22:11:17,939 [WARN] PackLoader:240 - Cannot read IP mode file for STMicroelectronics.X-CUBE-DISPLAY.3.0.0
2025-12-16 22:11:17,946 [WARN] PackLoader:240 - Cannot read IP mode file for STMicroelectronics.X-CUBE-NFC10.1.0.0
2025-12-16 22:11:17,950 [WARN] PackLoader:240 - Cannot read IP mode file for STMicroelectronics.X-CUBE-ST60.1.1.0
2025-12-16 22:11:17,954 [WARN] PackLoader:240 - Cannot read IP mode file for emotas.I-CUBE-CANOPEN.1.3.0
2025-12-16 22:11:17,957 [WARN] PackLoader:240 - Cannot read IP mode file for STMicroelectronics.X-CUBE-GNSS1.7.1.0
2025-12-16 22:11:17,961 [WARN] PackLoader:240 - Cannot read IP mode file for STMicroelectronics.FP-SNS-SMARTAG2.1.2.0
2025-12-16 22:11:17,964 [WARN] PackLoader:240 - Cannot read IP mode file for STMicroelectronics.FP-SNS-FLIGHT1.5.1.0
2025-12-16 22:11:17,970 [INFO] LogOutputStream:77 - [STDOUT_REDIRECT] 1 : Invalid condition id : UX_CORESTACK_Condition cause : null
2025-12-16 22:11:17,970 [INFO] LogOutputStream:77 - [STDOUT_REDIRECT] 1 : Invalid condition id : UX_CORESTACK_Condition cause : null
2025-12-16 22:11:17,970 [INFO] LogOutputStream:77 - [STDOUT_REDIRECT] 1 : Invalid condition id : UX_CORESTACK_Condition cause : null
2025-12-16 22:11:17,970 [INFO] LogOutputStream:77 - [STDOUT_REDIRECT] 1 : Invalid condition id : UX_CORESTACK_Condition cause : null
2025-12-16 22:11:17,970 [INFO] LogOutputStream:77 - [STDOUT_REDIRECT] 1 : Invalid condition id : UX_CORESTACK_Condition cause : null
2025-12-16 22:11:17,973 [WARN] PackLoader:240 - Cannot read IP mode file for STMicroelectronics.X-CUBE-AZRTOS-WL.2.0.0
2025-12-16 22:11:17,977 [WARN] PackLoader:240 - Cannot read IP mode file for STMicroelectronics.FP-SNS-MOTENV1.5.0.0
2025-12-16 22:11:17,991 [WARN] PackLoader:240 - Cannot read IP mode file for STMicroelectronics.X-CUBE-AZRTOS-H7RS.1.2.0
2025-12-16 22:11:17,997 [WARN] PackLoader:240 - Cannot read IP mode file for STMicroelectronics.X-CUBE-BLE2.3.3.0
2025-12-16 22:11:18,013 [WARN] PackLoader:240 - Cannot read IP mode file for STMicroelectronics.X-CUBE-NFC9.1.0.0
2025-12-16 22:11:18,017 [WARN] PackLoader:240 - Cannot read IP mode file for wolfSSL.I-CUBE-wolfSSL.5.8.2
2025-12-16 22:11:18,021 [WARN] PackLoader:240 - Cannot read IP mode file for STMicroelectronics.X-CUBE-BLE1.7.1.0
2025-12-16 22:11:18,024 [WARN] PackLoader:240 - Cannot read IP mode file for wolfSSL.I-CUBE-wolfMQTT.1.19.2
2025-12-16 22:11:18,028 [WARN] PackLoader:240 - Cannot read IP mode file for STMicroelectronics.X-CUBE-FREERTOS.1.4.0
2025-12-16 22:11:18,044 [WARN] PackLoader:240 - Cannot read IP mode file for STMicroelectronics.X-CUBE-EEPRMA1.5.2.0
2025-12-16 22:11:18,048 [WARN] PackLoader:240 - Cannot read IP mode file for STMicroelectronics.X-CUBE-ST67W61.1.1.0
2025-12-16 22:11:18,075 [WARN] PackLoader:240 - Cannot read IP mode file for STMicroelectronics.X-CUBE-MEMS1.12.0.0
2025-12-16 22:11:18,145 [WARN] PackLoader:240 - Cannot read IP mode file for STMicroelectronics.X-CUBE-AZRTOS-G0.1.1.0
2025-12-16 22:11:18,150 [WARN] PackLoader:240 - Cannot read IP mode file for STMicroelectronics.X-CUBE-SAFEA1.1.2.2
2025-12-16 22:11:18,153 [WARN] PackLoader:240 - Cannot read IP mode file for STMicroelectronics.X-CUBE-NFC4.3.0.0
2025-12-16 22:11:18,158 [WARN] PackLoader:240 - Cannot read IP mode file for EmbeddedOffice.I-CUBE-FS-RTOS.1.0.1
2025-12-16 22:11:18,162 [WARN] PackLoader:240 - Cannot read IP mode file for STMicroelectronics.X-CUBE-WB05N.2.0.0
2025-12-16 22:11:18,164 [WARN] PackLoader:240 - Cannot read IP mode file for wolfSSL.I-CUBE-wolfTPM.3.8.0
2025-12-16 22:11:18,168 [WARN] PackLoader:240 - Cannot read IP mode file for STMicroelectronics.X-CUBE-TCPP.4.2.0
2025-12-16 22:11:18,171 [WARN] PackLoader:240 - Cannot read IP mode file for RealThread.X-CUBE-RT-Thread_Nano.4.1.1
2025-12-16 22:11:18,173 [WARN] PackLoader:240 - Cannot read IP mode file for STMicroelectronics.FP-ATR-SIGFOX1.3.2.0
2025-12-16 22:11:18,176 [WARN] PackLoader:240 - Cannot read IP mode file for ITTIA_DB.I-CUBE-ITTIADB.8.9.0
2025-12-16 22:11:18,186 [WARN] PackLoader:240 - Cannot read IP mode file for SEGGER.I-CUBE-embOS.1.3.1
2025-12-16 22:11:18,205 [WARN] PackLoader:240 - Cannot read IP mode file for STMicroelectronics.X-CUBE-ALGOBUILD.1.4.0
2025-12-16 22:11:18,222 [WARN] PackLoader:240 - Cannot read IP mode file for STMicroelectronics.X-CUBE-MEMS1.11.3.0
2025-12-16 22:11:18,285 [WARN] PackLoader:240 - Cannot read IP mode file for STMicroelectronics.X-CUBE-PM33A1.1.0.0
2025-12-16 22:11:18,292 [WARN] PackLoader:240 - Cannot read IP mode file for STMicroelectronics.X-CUBE-AZRTOS-F4.1.1.0
2025-12-16 22:11:18,296 [WARN] PackLoader:240 - Cannot read IP mode file for STMicroelectronics.X-CUBE-ISPU.2.1.0
2025-12-16 22:11:18,303 [WARN] PackLoader:240 - Cannot read IP mode file for STMicroelectronics.X-CUBE-IPS.3.2.0
2025-12-16 22:11:18,309 [WARN] PackLoader:240 - Cannot read IP mode file for STMicroelectronics.X-CUBE-NFC12.1.0.0
2025-12-16 22:11:18,318 [WARN] PackLoader:240 - Cannot read IP mode file for STMicroelectronics.X-CUBE-AZRTOS-L5.2.0.0
2025-12-16 22:11:18,322 [WARN] PackLoader:240 - Cannot read IP mode file for STMicroelectronics.X-CUBE-NFC6.3.1.0
2025-12-16 22:11:18,326 [WARN] PackLoader:240 - Cannot read IP mode file for STMicroelectronics.X-CUBE-FREERTOS.1.3.1
2025-12-16 22:11:18,328 [WARN] PackLoader:240 - Cannot read IP mode file for STMicroelectronics.X-CUBE-TOUCHGFX.4.26.0
2025-12-16 22:11:18,330 [WARN] PackLoader:240 - Cannot read IP mode file for STMicroelectronics.X-CUBE-DPower.1.3.0
2025-12-16 22:11:18,338 [WARN] ConditionMgr:438 - getConditionDescription Invalid condition id : LAN8742 Phy interface Condition cause : null
2025-12-16 22:11:18,338 [WARN] PackLoader:240 - Cannot read IP mode file for STMicroelectronics.X-CUBE-AZRTOS-L4.2.0.0
2025-12-16 22:11:18,339 [WARN] ConditionMgr:1044 - genDependencies : Invalid condition id : LAN8742 Phy interface Condition cause : null
2025-12-16 22:11:18,339 [WARN] ConditionMgr:1044 - genDependencies : Invalid condition id : LAN8742 Phy interface Condition cause : null
2025-12-16 22:11:18,340 [WARN] ConditionMgr:1044 - genDependencies : Invalid condition id : LAN8742 Phy interface Condition cause : null
2025-12-16 22:11:18,344 [WARN] PackLoader:240 - Cannot read IP mode file for STMicroelectronics.X-CUBE-SFXS2LP1.4.0.0
2025-12-16 22:11:18,349 [WARN] PackLoader:240 - Cannot read IP mode file for STMicroelectronics.X-CUBE-BLEMGR.4.1.0
2025-12-16 22:11:18,356 [WARN] ConditionMgr:438 - getConditionDescription Invalid condition id : UX DEVICE CLASS RTOS Condition cause : null
2025-12-16 22:11:18,356 [WARN] ConditionMgr:438 - getConditionDescription Invalid condition id : UX DEVICE CLASS RTOS Condition cause : null
2025-12-16 22:11:18,357 [WARN] PackLoader:240 - Cannot read IP mode file for STMicroelectronics.X-CUBE-AZRTOS-WB.2.0.0
2025-12-16 22:11:18,357 [WARN] ConditionMgr:1044 - genDependencies : Invalid condition id : UX DEVICE CLASS RTOS Condition cause : null
2025-12-16 22:11:18,357 [WARN] ConditionMgr:1044 - genDependencies : Invalid condition id : UX DEVICE CLASS RTOS Condition cause : null
2025-12-16 22:11:18,358 [WARN] ConditionMgr:1044 - genDependencies : Invalid condition id : UX DEVICE CLASS RTOS Condition cause : null
2025-12-16 22:11:18,358 [WARN] ConditionMgr:1044 - genDependencies : Invalid condition id : UX DEVICE CLASS RTOS Condition cause : null
2025-12-16 22:11:18,358 [WARN] ConditionMgr:1044 - genDependencies : Invalid condition id : UX DEVICE CLASS RTOS Condition cause : null
2025-12-16 22:11:18,361 [WARN] PackLoader:240 - Cannot read IP mode file for STMicroelectronics.X-CUBE-GNSS1.7.0.1
2025-12-16 22:11:18,365 [WARN] ConditionMgr:438 - getConditionDescription Invalid condition id : Cortex-A Device cause : null
2025-12-16 22:11:18,371 [WARN] ConditionMgr:1044 - genDependencies : Invalid condition id : Cortex-A Device cause : null
2025-12-16 22:11:18,371 [WARN] ConditionMgr:1044 - genDependencies : Invalid condition id : Cortex-A Device cause : null
2025-12-16 22:11:18,371 [WARN] ConditionMgr:1044 - genDependencies : Invalid condition id : Cortex-A Device cause : null
2025-12-16 22:11:18,376 [WARN] PackLoader:240 - Cannot read IP mode file for STMicroelectronics.X-CUBE-SUBG2.5.0.0
2025-12-16 22:11:18,387 [WARN] PackLoader:240 - Cannot read IP mode file for STMicroelectronics.X-CUBE-AZRTOS-H7RS.1.1.0
2025-12-16 22:11:18,403 [WARN] PackLoader:240 - Cannot read IP mode file for STMicroelectronics.X-CUBE-AZRTOS-G4.2.0.0
2025-12-16 22:11:18,407 [WARN] PackLoader:240 - Cannot read IP mode file for wolfSSL.I-CUBE-wolfSSH.1.4.20
2025-12-16 22:11:18,409 [WARN] PackLoader:240 - Cannot read IP mode file for STMicroelectronics.X-CUBE-NFC7.2.0.0
2025-12-16 22:11:18,411 [WARN] PackLoader:240 - Cannot read IP mode file for STMicroelectronics.X-CUBE-ALS.1.0.2
2025-12-16 22:11:18,413 [WARN] PackLoader:240 - Cannot read IP mode file for STMicroelectronics.X-CUBE-STSE01.1.0.0
2025-12-16 22:11:18,417 [WARN] PackLoader:240 - Cannot read IP mode file for STMicroelectronics.X-CUBE-TOF1.3.4.3
2025-12-16 22:11:18,422 [INFO] ThirdParty:978 - Integrity check success = true
2025-12-16 22:11:18,422 [INFO] IntegrityCheckThread:100 - exiting critical section [integrity check]
2025-12-16 22:11:18,422 [INFO] IntegrityCheckThread:103 - End integrity checks thread
