2025-10-04 01:25:26,488 [ERROR] LogOutputStream:75 - [STDERR_REDIRECT] 
2025-10-04 11:12:44,442 [INFO] Activator:176 - 


2025-10-04 11:12:44,444 [INFO] Activator:177 - !SESSION log4j initialized
2025-10-04 11:12:47,687 [INFO] LogOutputStream:77 - [STDOUT_REDIRECT] 
2025-10-04 11:12:48,396 [INFO] ApplicationProperties:184 - Using Application install path: /opt/st/stm32cubeide_1.19.0/plugins/com.st.stm32cube.common.mx_6.15.0.202507011659
2025-10-04 11:12:48,409 [INFO] DbMcusXml:78 - Set database path to: /opt/st/stm32cubeide_1.19.0/plugins/com.st.stm32cube.common.mx_6.15.0.202507011659//db//mcu/
2025-10-04 11:12:48,409 [INFO] ApiDb:274 - Set plugin database path to: /opt/st/stm32cubeide_1.19.0/plugins/com.st.stm32cube.common.mx_6.15.0.202507011659//db//plugins/boardmanager/
2025-10-04 11:12:48,409 [WARN] ApiDb:259 - Overriding images path with different value:  => /opt/st/stm32cubeide_1.19.0/plugins/com.st.stm32cube.common.mx_6.15.0.202507011659//db//plugins/mcufinder/images/
2025-10-04 11:12:48,414 [INFO] ApiDb:250 - Set database path to: /home/kamil/.stmcufinder/plugins/mcufinder//mcu/
2025-10-04 11:12:48,416 [INFO] DbMcusAds:125 - Set database path to: /home/kamil/.stmcufinder/plugins/mcufinder//mcu/
2025-10-04 11:12:48,417 [INFO] CrossReferenceDbSqlite:203 - Set database path to: /home/kamil/.stmcufinder/plugins/mcufinder//mcu/cs/
2025-10-04 11:12:48,495 [INFO] RulesReader:64 - Compatibility file has been processed (317 Rules)
2025-10-04 11:12:48,536 [INFO] DbMcusXml:78 - Set database path to: /opt/st/stm32cubeide_1.19.0/plugins/com.st.stm32cube.common.mx_6.15.0.202507011659//db//mcu/
2025-10-04 11:12:48,536 [INFO] ApiDb:274 - Set plugin database path to: /opt/st/stm32cubeide_1.19.0/plugins/com.st.stm32cube.common.mx_6.15.0.202507011659//db//plugins/boardmanager/
2025-10-04 11:12:48,537 [INFO] ApiDb:261 - Set plugin images path to: /opt/st/stm32cubeide_1.19.0/plugins/com.st.stm32cube.common.mx_6.15.0.202507011659//db//plugins/mcufinder/images/
2025-10-04 11:12:48,537 [WARN] DbFile:41 - Overriding database path with different value: /home/kamil/.stmcufinder/plugins/mcufinder/ => /home/kamil/.stmcufinder/plugins/mcufinder
2025-10-04 11:12:48,537 [INFO] ApiDb:250 - Set database path to: /home/kamil/.stmcufinder/plugins/mcufinder//mcu/
2025-10-04 11:12:48,537 [WARN] DbFile:41 - Overriding database path with different value: /home/kamil/.stmcufinder/plugins/mcufinder/ => /home/kamil/.stmcufinder/plugins/mcufinder
2025-10-04 11:12:48,537 [INFO] DbMcusAds:125 - Set database path to: /home/kamil/.stmcufinder/plugins/mcufinder//mcu/
2025-10-04 11:12:48,537 [WARN] DbFile:41 - Overriding database path with different value: /home/kamil/.stmcufinder/plugins/mcufinder/ => /home/kamil/.stmcufinder/plugins/mcufinder
2025-10-04 11:12:48,537 [WARN] DbFile:41 - Overriding database path with different value: /home/kamil/.stmcufinder/plugins/mcufinder/ => /home/kamil/.stmcufinder/plugins/mcufinder
2025-10-04 11:12:48,537 [INFO] CrossReferenceDbSqlite:203 - Set database path to: /home/kamil/.stmcufinder/plugins/mcufinder//mcu/cs/
2025-10-04 11:12:48,579 [INFO] MainPanel:274 - HeapMemory: 268435456
2025-10-04 11:12:48,659 [INFO] DbMcusXml:78 - Set database path to: /opt/st/stm32cubeide_1.19.0/plugins/com.st.stm32cube.common.mx_6.15.0.202507011659//db//mcu/
2025-10-04 11:12:48,659 [INFO] ApiDb:274 - Set plugin database path to: /opt/st/stm32cubeide_1.19.0/plugins/com.st.stm32cube.common.mx_6.15.0.202507011659//db//plugins/boardmanager/
2025-10-04 11:12:48,659 [INFO] ApiDb:261 - Set plugin images path to: /opt/st/stm32cubeide_1.19.0/plugins/com.st.stm32cube.common.mx_6.15.0.202507011659//db//plugins/mcufinder/images/
2025-10-04 11:12:48,659 [WARN] DbFile:41 - Overriding database path with different value: /home/kamil/.stmcufinder/plugins/mcufinder/ => /home/kamil/.stmcufinder/plugins/mcufinder
2025-10-04 11:12:48,659 [INFO] ApiDb:250 - Set database path to: /home/kamil/.stmcufinder/plugins/mcufinder//mcu/
2025-10-04 11:12:48,659 [WARN] DbFile:41 - Overriding database path with different value: /home/kamil/.stmcufinder/plugins/mcufinder/ => /home/kamil/.stmcufinder/plugins/mcufinder
2025-10-04 11:12:48,659 [INFO] DbMcusAds:125 - Set database path to: /home/kamil/.stmcufinder/plugins/mcufinder//mcu/
2025-10-04 11:12:48,659 [WARN] DbFile:41 - Overriding database path with different value: /home/kamil/.stmcufinder/plugins/mcufinder/ => /home/kamil/.stmcufinder/plugins/mcufinder
2025-10-04 11:12:48,659 [WARN] DbFile:41 - Overriding database path with different value: /home/kamil/.stmcufinder/plugins/mcufinder/ => /home/kamil/.stmcufinder/plugins/mcufinder
2025-10-04 11:12:48,659 [INFO] CrossReferenceDbSqlite:203 - Set database path to: /home/kamil/.stmcufinder/plugins/mcufinder//mcu/cs/
2025-10-04 11:12:48,669 [INFO] ApplicationProperties:184 - Using Application install path: /opt/st/stm32cubeide_1.19.0/plugins/com.st.stm32cube.common.mx_6.15.0.202507011659
2025-10-04 11:12:48,670 [INFO] PluginManage:196 - Search for loadable plugins [exclusion list=, ]
2025-10-04 11:12:48,671 [INFO] PluginManage:310 - Check plugin analytics
2025-10-04 11:12:48,759 [INFO] AnalyticsPlugin:253 - Accepted Software Licenses: 
2025-10-04 11:12:48,759 [INFO] AnalyticsPlugin:255 - Accepted CMSIS Pack Licenses: 
2025-10-04 11:12:48,759 [INFO] AnalyticsPlugin:257 - Accepted Firmware Licenses: 
2025-10-04 11:12:48,760 [INFO] PluginManage:359 - Loaded plugin analytics (category:tool,tabindex:-1)
2025-10-04 11:12:48,761 [INFO] PluginManage:310 - Check plugin cadmodel
2025-10-04 11:12:48,764 [INFO] CADModel:105 - Init CAD model plugin
2025-10-04 11:12:48,764 [INFO] PluginManage:359 - Loaded plugin cadmodel (category:power,tabindex:5)
2025-10-04 11:12:48,764 [INFO] PluginManage:310 - Check plugin clock
2025-10-04 11:12:48,769 [INFO] PluginManage:359 - Loaded plugin clock (category:base,tabindex:2)
2025-10-04 11:12:48,769 [INFO] PluginManage:310 - Check plugin ddr
2025-10-04 11:12:48,770 [INFO] PluginManage:359 - Loaded plugin ddr (category:tool,tabindex:6)
2025-10-04 11:12:48,770 [INFO] PluginManage:310 - Check plugin filemanager
2025-10-04 11:12:48,862 [INFO] PluginManage:359 - Loaded plugin filemanager (category:base,tabindex:10)
2025-10-04 11:12:48,862 [INFO] PluginManage:310 - Check plugin ipmanager
2025-10-04 11:12:48,865 [INFO] PluginManage:359 - Loaded plugin ipmanager (category:base,tabindex:5)
2025-10-04 11:12:48,865 [INFO] PluginManage:310 - Check plugin lpbam
2025-10-04 11:12:48,871 [INFO] PluginManage:359 - Loaded plugin lpbam (category:base,tabindex:0)
2025-10-04 11:12:48,871 [INFO] PluginManage:310 - Check plugin memorymap
2025-10-04 11:12:48,878 [INFO] PluginManage:359 - Loaded plugin memorymap (category:base,tabindex:4)
2025-10-04 11:12:48,878 [INFO] PluginManage:310 - Check plugin pinoutandconfiguration
2025-10-04 11:12:48,883 [INFO] PluginManage:359 - Loaded plugin pinoutandconfiguration (category:base,tabindex:1)
2025-10-04 11:12:48,883 [INFO] PluginManage:310 - Check plugin pinoutconfig
2025-10-04 11:12:48,936 [WARN] SupportedApi:132 - Cannot load RTOS API schema: s4s-elt-must-match.1: The content of 'definitions' must match (annotation?, (simpleType | complexType)?, (unique | key | keyref)*)). A problem was found starting at: attribute.
2025-10-04 11:12:49,008 [INFO] PluginManage:359 - Loaded plugin pinoutconfig (category:base,tabindex:0)
2025-10-04 11:12:49,008 [INFO] PluginManage:310 - Check plugin power
2025-10-04 11:12:49,014 [INFO] PluginManage:359 - Loaded plugin power (category:power,tabindex:4)
2025-10-04 11:12:49,014 [INFO] PluginManage:310 - Check plugin projectmanager
2025-10-04 11:12:49,024 [INFO] PluginManage:359 - Loaded plugin projectmanager (category:projectmanager,tabindex:4)
2025-10-04 11:12:49,024 [INFO] PluginManage:310 - Check plugin rif
2025-10-04 11:12:49,029 [INFO] PluginManage:359 - Loaded plugin rif (category:base,tabindex:3)
2025-10-04 11:12:49,030 [INFO] PluginManage:310 - Check plugin thirdparty
2025-10-04 11:12:49,098 [INFO] PluginManage:359 - Loaded plugin thirdparty (category:base,tabindex:-1)
2025-10-04 11:12:49,099 [INFO] PluginManage:310 - Check plugin tools
2025-10-04 11:12:49,098 [WARN] IntegrityCheckThread:84 - waiting for thirdparty lock release [integrity check]
2025-10-04 11:12:49,099 [INFO] IntegrityCheckThread:86 - entering critical section [integrity check]
2025-10-04 11:12:49,099 [INFO] ThirdPartyUpdaterWithRetryManager:70 - Updater plugin not ready yet. [1/15]
2025-10-04 11:12:49,100 [INFO] PluginManage:359 - Loaded plugin tools (category:base,tabindex:7)
2025-10-04 11:12:49,100 [INFO] PluginManage:310 - Check plugin tutovideos
2025-10-04 11:12:49,215 [INFO] PluginManage:359 - Loaded plugin tutovideos (category:base,tabindex:-1)
2025-10-04 11:12:49,215 [INFO] PluginManage:310 - Check plugin updater
2025-10-04 11:12:49,234 [INFO] PluginManage:359 - Loaded plugin updater (category:base,tabindex:12)
2025-10-04 11:12:49,234 [INFO] PluginManage:310 - Check plugin userauth
2025-10-04 11:12:49,237 [INFO] UserAuth:118 - Init User Auth plugin
2025-10-04 11:12:49,238 [INFO] PluginManage:359 - Loaded plugin userauth (category:base,tabindex:14)
2025-10-04 11:12:49,239 [INFO] PluginManage:283 - PluginManage : Loaded plugins [18]
2025-10-04 11:12:49,356 [INFO] PinOutPanel:1589 - setPackage(No Configuration,No Configuration)
2025-10-04 11:12:49,416 [INFO] CADModel:165 - CPN selected for project level
2025-10-04 11:12:49,416 [INFO] CADModel:114 - Register for checkConnection events
2025-10-04 11:12:49,427 [INFO] IPUIPlugin:80 - create IPUIPlugin
2025-10-04 11:12:49,427 [INFO] PluginManager:220 - loadIPPluginJar : add tracer_emb
2025-10-04 11:12:49,430 [INFO] IPUIPlugin:80 - create IPUIPlugin
2025-10-04 11:12:49,430 [INFO] PluginManager:220 - loadIPPluginJar : add radio
2025-10-04 11:12:49,436 [INFO] IPUIPlugin:80 - create IPUIPlugin
2025-10-04 11:12:49,436 [INFO] PluginManager:220 - loadIPPluginJar : add ddr_ctrl_phy
2025-10-04 11:12:49,444 [INFO] IPUIPlugin:80 - create IPUIPlugin
2025-10-04 11:12:49,445 [INFO] PluginManager:220 - loadIPPluginJar : add mdma
2025-10-04 11:12:49,448 [INFO] IPUIPlugin:80 - create IPUIPlugin
2025-10-04 11:12:49,449 [INFO] PluginManager:220 - loadIPPluginJar : add touchsensing
2025-10-04 11:12:49,450 [INFO] IPUIPlugin:80 - create IPUIPlugin
2025-10-04 11:12:49,450 [INFO] PluginManager:220 - loadIPPluginJar : add ucpd
2025-10-04 11:12:49,456 [INFO] IPUIPlugin:80 - create IPUIPlugin
2025-10-04 11:12:49,458 [INFO] PluginManager:220 - loadIPPluginJar : add plateformsettings
2025-10-04 11:12:49,461 [INFO] IPUIPlugin:80 - create IPUIPlugin
2025-10-04 11:12:49,461 [INFO] PluginManager:220 - loadIPPluginJar : add ipddr
2025-10-04 11:12:49,465 [INFO] IPUIPlugin:80 - create IPUIPlugin
2025-10-04 11:12:49,466 [INFO] PluginManager:220 - loadIPPluginJar : add resmgrutility
2025-10-04 11:12:49,467 [INFO] IPUIPlugin:80 - create IPUIPlugin
2025-10-04 11:12:49,468 [INFO] PluginManager:220 - loadIPPluginJar : add ts
2025-10-04 11:12:49,471 [INFO] IPUIPlugin:80 - create IPUIPlugin
2025-10-04 11:12:49,471 [INFO] PluginManager:220 - loadIPPluginJar : add dma3
2025-10-04 11:12:49,473 [INFO] IPUIPlugin:80 - create IPUIPlugin
2025-10-04 11:12:49,473 [INFO] PluginManager:220 - loadIPPluginJar : add openamp
2025-10-04 11:12:49,474 [INFO] IPUIPlugin:80 - create IPUIPlugin
2025-10-04 11:12:49,474 [INFO] PluginManager:220 - loadIPPluginJar : add opamp
2025-10-04 11:12:49,477 [INFO] IPUIPlugin:80 - create IPUIPlugin
2025-10-04 11:12:49,477 [INFO] PluginManager:220 - loadIPPluginJar : add pdm2pcm
2025-10-04 11:12:49,479 [INFO] IPUIPlugin:80 - create IPUIPlugin
2025-10-04 11:12:49,479 [INFO] PluginManager:220 - loadIPPluginJar : add gfxmmu
2025-10-04 11:12:49,480 [INFO] IPUIPlugin:80 - create IPUIPlugin
2025-10-04 11:12:49,480 [INFO] PluginManager:220 - loadIPPluginJar : add aes
2025-10-04 11:12:49,482 [INFO] IPUIPlugin:80 - create IPUIPlugin
2025-10-04 11:12:49,482 [INFO] PluginManager:220 - loadIPPluginJar : add gtzc
2025-10-04 11:12:49,485 [INFO] IPUIPlugin:80 - create IPUIPlugin
2025-10-04 11:12:49,485 [INFO] PluginManager:220 - loadIPPluginJar : add sai
2025-10-04 11:12:49,486 [INFO] IPUIPlugin:80 - create IPUIPlugin
2025-10-04 11:12:49,486 [INFO] PluginManager:220 - loadIPPluginJar : add tsc
2025-10-04 11:12:49,488 [INFO] IPUIPlugin:80 - create IPUIPlugin
2025-10-04 11:12:49,488 [INFO] PluginManager:220 - loadIPPluginJar : add usbx
2025-10-04 11:12:49,491 [INFO] IPUIPlugin:80 - create IPUIPlugin
2025-10-04 11:12:49,491 [INFO] PluginManager:220 - loadIPPluginJar : add can
2025-10-04 11:12:49,493 [INFO] IPUIPlugin:80 - create IPUIPlugin
2025-10-04 11:12:49,493 [INFO] PluginManager:220 - loadIPPluginJar : add i2c
2025-10-04 11:12:49,494 [INFO] IPUIPlugin:80 - create IPUIPlugin
2025-10-04 11:12:49,494 [INFO] PluginManager:220 - loadIPPluginJar : add lorawan
2025-10-04 11:12:49,495 [INFO] IPUIPlugin:80 - create IPUIPlugin
2025-10-04 11:12:49,496 [INFO] PluginManager:220 - loadIPPluginJar : add spi
2025-10-04 11:12:49,501 [INFO] IPUIPlugin:80 - create IPUIPlugin
2025-10-04 11:12:49,501 [INFO] PluginManager:220 - loadIPPluginJar : add linkedlist
2025-10-04 11:12:49,505 [INFO] IPUIPlugin:80 - create IPUIPlugin
2025-10-04 11:12:49,505 [INFO] PluginManager:220 - loadIPPluginJar : add fmc
2025-10-04 11:12:49,507 [INFO] IPUIPlugin:80 - create IPUIPlugin
2025-10-04 11:12:49,507 [INFO] PluginManager:220 - loadIPPluginJar : add i3c
2025-10-04 11:12:49,507 [INFO] IPUIPlugin:80 - create IPUIPlugin
2025-10-04 11:12:49,507 [INFO] PluginManager:220 - loadIPPluginJar : add ltdc
2025-10-04 11:12:49,512 [INFO] IPUIPlugin:80 - create IPUIPlugin
2025-10-04 11:12:49,512 [INFO] PluginManager:220 - loadIPPluginJar : add dma
2025-10-04 11:12:49,516 [INFO] IPUIPlugin:80 - create IPUIPlugin
2025-10-04 11:12:49,516 [INFO] PluginManager:220 - loadIPPluginJar : add freertos
2025-10-04 11:12:49,519 [INFO] IPUIPlugin:80 - create IPUIPlugin
2025-10-04 11:12:49,519 [INFO] PluginManager:220 - loadIPPluginJar : add hash
2025-10-04 11:12:49,522 [INFO] IPUIPlugin:80 - create IPUIPlugin
2025-10-04 11:12:49,523 [INFO] PluginManager:220 - loadIPPluginJar : add adc
2025-10-04 11:12:49,525 [INFO] IPUIPlugin:80 - create IPUIPlugin
2025-10-04 11:12:49,525 [INFO] PluginManager:220 - loadIPPluginJar : add usart
2025-10-04 11:12:49,530 [INFO] IPUIPlugin:80 - create IPUIPlugin
2025-10-04 11:12:49,530 [INFO] PluginManager:220 - loadIPPluginJar : add stm32_wpan
2025-10-04 11:12:49,532 [INFO] IPUIPlugin:80 - create IPUIPlugin
2025-10-04 11:12:49,532 [INFO] PluginManager:220 - loadIPPluginJar : add genericplugin
2025-10-04 11:12:49,535 [INFO] IPUIPlugin:80 - create IPUIPlugin
2025-10-04 11:12:49,535 [INFO] PluginManager:220 - loadIPPluginJar : add gpio
2025-10-04 11:12:49,537 [INFO] IPUIPlugin:80 - create IPUIPlugin
2025-10-04 11:12:49,538 [INFO] PluginManager:220 - loadIPPluginJar : add nvic
2025-10-04 11:12:49,540 [INFO] IPUIPlugin:80 - create IPUIPlugin
2025-10-04 11:12:49,540 [INFO] PluginManager:220 - loadIPPluginJar : add dfsdm
2025-10-04 11:12:49,540 [INFO] IPUIPlugin:80 - create IPUIPlugin
2025-10-04 11:12:49,540 [INFO] PluginManager:220 - loadIPPluginJar : add fatfs
2025-10-04 11:12:49,541 [INFO] IPUIPlugin:80 - create IPUIPlugin
2025-10-04 11:12:49,541 [INFO] PluginManager:220 - loadIPPluginJar : add comp
2025-10-04 11:12:49,543 [INFO] IPUIPlugin:80 - create IPUIPlugin
2025-10-04 11:12:49,543 [INFO] PluginManager:220 - loadIPPluginJar : add i2s
2025-10-04 11:12:49,545 [INFO] IPUIPlugin:80 - create IPUIPlugin
2025-10-04 11:12:49,545 [INFO] PluginManager:220 - loadIPPluginJar : add cryp
2025-10-04 11:12:49,547 [INFO] IPUIPlugin:80 - create IPUIPlugin
2025-10-04 11:12:49,547 [INFO] PluginManager:220 - loadIPPluginJar : add quadspi
2025-10-04 11:12:49,550 [INFO] IPUIPlugin:80 - create IPUIPlugin
2025-10-04 11:12:49,551 [INFO] PluginManager:220 - loadIPPluginJar : add gic
2025-10-04 11:12:49,552 [INFO] IPUIPlugin:80 - create IPUIPlugin
2025-10-04 11:12:49,553 [INFO] PluginManager:220 - loadIPPluginJar : add tim
2025-10-04 11:12:49,555 [INFO] IPUIPlugin:80 - create IPUIPlugin
2025-10-04 11:12:49,555 [INFO] PluginManager:220 - loadIPPluginJar : add extmemmanager
2025-10-04 11:12:49,652 [FATAL] Updater:351 - Updater called before beeing initialized
2025-10-04 11:12:49,672 [INFO] RulesReader:64 - Compatibility file has been processed (317 Rules)
2025-10-04 11:12:49,682 [INFO] RulesReader:64 - Compatibility file has been processed (317 Rules)
2025-10-04 11:12:49,689 [INFO] CADModel:165 - CPN selected for project level
2025-10-04 11:12:49,689 [INFO] CADModel:114 - Register for checkConnection events
2025-10-04 11:12:49,689 [FATAL] Updater:351 - Updater called before beeing initialized
2025-10-04 11:12:49,689 [ERROR] CADModel:125 - Updater not yet initialized, retry later 
2025-10-04 11:12:49,766 [FATAL] Updater:351 - Updater called before beeing initialized
2025-10-04 11:12:49,767 [INFO] CADModel:165 - CPN selected for project level
2025-10-04 11:12:49,768 [INFO] CADModel:114 - Register for checkConnection events
2025-10-04 11:12:49,768 [FATAL] Updater:351 - Updater called before beeing initialized
2025-10-04 11:12:49,768 [ERROR] CADModel:125 - Updater not yet initialized, retry later 
2025-10-04 11:12:49,769 [FATAL] Updater:351 - Updater called before beeing initialized
2025-10-04 11:12:49,820 [FATAL] Updater:351 - Updater called before beeing initialized
2025-10-04 11:12:49,823 [INFO] DbMcusAds:53 - JSON generation date=Tue Jul 08 10:14:23 CEST 2025 (1751962463524)
2025-10-04 11:12:49,823 [FATAL] Updater:351 - Updater called before beeing initialized
2025-10-04 11:12:49,845 [WARN] DetailPanel:346 - Failed to get advertising image, set to default
2025-10-04 11:12:49,891 [FATAL] Updater:351 - Updater called before beeing initialized
2025-10-04 11:12:49,892 [FATAL] Updater:351 - Updater called before beeing initialized
2025-10-04 11:12:49,892 [FATAL] Updater:351 - Updater called before beeing initialized
2025-10-04 11:12:49,892 [WARN] DetailPanel:346 - Failed to get advertising image, set to default
2025-10-04 11:12:49,893 [FATAL] Updater:351 - Updater called before beeing initialized
2025-10-04 11:12:49,911 [ERROR] Updater:1198 - MainUpdater not yet initialized. External WinMGr cannot be set.
2025-10-04 11:12:49,913 [INFO] Updater:1134 - Updater Version found : 6.15.0
2025-10-04 11:12:49,926 [INFO] ApplicationProperties:184 - Using Application install path: /opt/st/stm32cubeide_1.19.0/plugins/com.st.stm32cube.common.mx_6.15.0.202507011659
2025-10-04 11:12:50,193 [INFO] MainUpdater:2872 - connection check result : 10
2025-10-04 11:12:50,194 [INFO] MainUpdater:289 - Updater Check For Update Now.
2025-10-04 11:12:50,194 [INFO] MicroXplorer:498 - Change Database Version : DB.6.0.150
2025-10-04 11:12:50,198 [INFO] McuFinderGlobals:63 - Set McuFinder mode to 2 (CubeIDE integrated)
2025-10-04 11:12:50,199 [INFO] UserAuth:171 - activating auth plugin
2025-10-04 11:12:50,201 [INFO] UserAuth:487 - Internet connection configuration mode: 1
2025-10-04 11:12:50,215 [INFO] JxBrowserEngine:152 - Initiate JxBrowser Engine with user profile folder
2025-10-04 11:12:50,346 [INFO] CheckServerUpdateThread:120 - End of CheckServer Thread
2025-10-04 11:12:50,794 [INFO] WebApp:169 - Instantiating new browser for Auth
2025-10-04 11:12:51,276 [INFO] WebApp:463 - Apply proxy settings
2025-10-04 11:12:51,276 [INFO] WebApp:548 - Chromium requires no authentication
2025-10-04 11:12:51,283 [INFO] WebApp:491 - Direct internet connection detected
2025-10-04 11:12:51,294 [INFO] WebApp:900 - Register for checkConnection events
2025-10-04 11:12:51,294 [INFO] WebApp:463 - Apply proxy settings
2025-10-04 11:12:51,294 [INFO] WebApp:548 - Chromium requires no authentication
2025-10-04 11:12:51,295 [INFO] WebApp:491 - Direct internet connection detected
2025-10-04 11:12:51,369 [INFO] WebApp:225 - Starting web application
2025-10-04 11:12:51,369 [INFO] WebApp:593 - Web application path used /opt/st/stm32cubeide_1.19.0/plugins/com.st.stm32cube.common.mx_6.15.0.202507011659/db/plugins/mcufinder/reactClient1/index.html
2025-10-04 11:12:51,637 [INFO] WebApp:191 - Connection restablished
2025-10-04 11:12:52,173 [WARN] PackLoader:240 - Cannot read IP mode file for STMicroelectronics.FP-SNS-MOTENVWB1.1.4.0
2025-10-04 11:12:52,179 [WARN] PackLoader:240 - Cannot read IP mode file for STMicroelectronics.FP-ATR-ASTRA1.2.0.2
2025-10-04 11:12:52,184 [WARN] PackLoader:240 - Cannot read IP mode file for STMicroelectronics.FP-SNS-SMARTAG2.1.2.0
2025-10-04 11:12:52,188 [WARN] PackLoader:240 - Cannot read IP mode file for STMicroelectronics.FP-SNS-FLIGHT1.5.1.0
2025-10-04 11:12:52,193 [WARN] PackLoader:240 - Cannot read IP mode file for STMicroelectronics.FP-SNS-MOTENV1.5.0.0
2025-10-04 11:12:52,198 [WARN] PackLoader:240 - Cannot read IP mode file for STMicroelectronics.FP-ATR-SIGFOX1.3.2.0
2025-10-04 11:12:52,200 [INFO] ThirdParty:978 - Integrity check success = true
2025-10-04 11:12:52,200 [INFO] IntegrityCheckThread:100 - exiting critical section [integrity check]
2025-10-04 11:12:52,200 [INFO] IntegrityCheckThread:103 - End integrity checks thread
2025-10-04 12:16:53,862 [INFO] WebApp:194 - Connection lost
2025-10-04 12:17:04,082 [INFO] WebApp:191 - Connection restablished
2025-10-04 12:17:20,603 [INFO] WebApp:194 - Connection lost
2025-10-04 12:17:26,789 [INFO] WebApp:191 - Connection restablished
2025-10-04 12:17:30,470 [INFO] WebApp:194 - Connection lost
2025-10-04 12:17:30,591 [INFO] WebApp:191 - Connection restablished
2025-10-04 12:17:51,178 [INFO] WebApp:194 - Connection lost
2025-10-04 12:18:00,182 [INFO] WebApp:191 - Connection restablished
2025-10-04 12:18:21,622 [INFO] WebApp:194 - Connection lost
2025-10-04 12:18:31,735 [INFO] WebApp:191 - Connection restablished
2025-10-04 12:18:52,576 [INFO] WebApp:194 - Connection lost
2025-10-04 12:19:02,054 [INFO] WebApp:191 - Connection restablished
2025-10-04 12:19:22,588 [INFO] WebApp:194 - Connection lost
2025-10-04 12:19:32,355 [INFO] WebApp:191 - Connection restablished
2025-10-04 12:19:53,119 [INFO] WebApp:194 - Connection lost
2025-10-04 12:20:03,948 [INFO] WebApp:191 - Connection restablished
2025-10-04 12:20:23,965 [INFO] WebApp:194 - Connection lost
2025-10-04 12:20:33,335 [INFO] WebApp:191 - Connection restablished
2025-10-04 12:20:54,104 [INFO] WebApp:194 - Connection lost
2025-10-04 12:21:03,999 [INFO] WebApp:191 - Connection restablished
2025-10-04 12:21:24,572 [INFO] WebApp:194 - Connection lost
2025-10-04 12:21:34,047 [INFO] WebApp:191 - Connection restablished
2025-10-04 12:21:55,080 [INFO] WebApp:194 - Connection lost
2025-10-04 12:22:05,333 [INFO] WebApp:191 - Connection restablished
2025-10-04 12:22:25,599 [INFO] WebApp:194 - Connection lost
2025-10-04 12:22:34,815 [INFO] WebApp:191 - Connection restablished
2025-10-04 12:22:56,149 [INFO] WebApp:194 - Connection lost
2025-10-04 12:23:06,571 [INFO] WebApp:191 - Connection restablished
2025-10-04 12:23:26,611 [INFO] WebApp:194 - Connection lost
2025-10-04 12:23:37,084 [INFO] WebApp:191 - Connection restablished
2025-10-04 12:23:57,097 [INFO] WebApp:194 - Connection lost
2025-10-04 12:24:03,206 [INFO] WebApp:191 - Connection restablished
2025-10-04 12:24:06,887 [INFO] WebApp:194 - Connection lost
2025-10-04 12:24:07,194 [INFO] WebApp:191 - Connection restablished
2025-10-04 12:24:28,154 [INFO] WebApp:194 - Connection lost
2025-10-04 12:24:37,819 [INFO] WebApp:191 - Connection restablished
2025-10-04 12:24:58,075 [INFO] WebApp:194 - Connection lost
2025-10-04 12:25:07,706 [INFO] WebApp:191 - Connection restablished
2025-10-04 12:25:28,653 [INFO] WebApp:194 - Connection lost
2025-10-04 12:25:39,039 [INFO] WebApp:191 - Connection restablished
2025-10-04 12:25:59,172 [INFO] WebApp:194 - Connection lost
2025-10-04 12:26:08,838 [INFO] WebApp:191 - Connection restablished
2025-10-04 12:26:29,631 [INFO] WebApp:194 - Connection lost
2025-10-04 12:26:39,562 [INFO] WebApp:191 - Connection restablished
2025-10-04 12:27:00,112 [INFO] WebApp:194 - Connection lost
2025-10-04 12:27:09,561 [INFO] WebApp:191 - Connection restablished
2025-10-04 12:27:30,619 [INFO] WebApp:194 - Connection lost
2025-10-04 12:27:36,675 [INFO] WebApp:191 - Connection restablished
2025-10-04 12:27:40,838 [INFO] WebApp:194 - Connection lost
2025-10-04 12:27:40,998 [INFO] WebApp:191 - Connection restablished
2025-10-04 12:28:01,098 [INFO] WebApp:194 - Connection lost
2025-10-04 12:28:11,490 [INFO] WebApp:191 - Connection restablished
2025-10-04 12:28:31,638 [INFO] WebApp:194 - Connection lost
2025-10-04 12:28:41,513 [INFO] WebApp:191 - Connection restablished
2025-10-04 12:29:02,156 [INFO] WebApp:194 - Connection lost
2025-10-04 12:29:08,237 [INFO] WebApp:191 - Connection restablished
2025-10-04 12:29:12,230 [INFO] WebApp:194 - Connection lost
2025-10-04 12:29:12,448 [INFO] WebApp:191 - Connection restablished
2025-10-04 12:29:32,617 [INFO] WebApp:194 - Connection lost
2025-10-04 12:29:38,744 [INFO] WebApp:191 - Connection restablished
2025-10-04 12:29:42,761 [INFO] WebApp:194 - Connection lost
2025-10-04 12:29:42,956 [INFO] WebApp:191 - Connection restablished
2025-10-04 12:30:03,110 [INFO] WebApp:194 - Connection lost
2025-10-04 12:30:13,091 [INFO] WebApp:191 - Connection restablished
2025-10-04 12:30:34,080 [INFO] WebApp:194 - Connection lost
2025-10-04 12:30:40,145 [INFO] WebApp:191 - Connection restablished
2025-10-04 12:30:44,071 [INFO] WebApp:194 - Connection lost
2025-10-04 12:30:44,191 [INFO] WebApp:191 - Connection restablished
2025-10-04 12:31:04,147 [INFO] WebApp:194 - Connection lost
2025-10-04 12:31:14,700 [INFO] WebApp:191 - Connection restablished
2025-10-04 12:31:34,392 [INFO] WebApp:194 - Connection lost
2025-10-04 12:31:44,256 [INFO] WebApp:191 - Connection restablished
2025-10-04 12:32:04,893 [INFO] WebApp:194 - Connection lost
2025-10-04 12:32:14,514 [INFO] WebApp:191 - Connection restablished
2025-10-04 12:32:35,380 [INFO] WebApp:194 - Connection lost
2025-10-04 12:32:45,834 [INFO] WebApp:191 - Connection restablished
2025-10-04 12:33:05,886 [INFO] WebApp:194 - Connection lost
2025-10-04 12:33:12,152 [INFO] WebApp:191 - Connection restablished
2025-10-04 12:33:14,151 [INFO] WebApp:194 - Connection lost
2025-10-04 12:33:14,287 [INFO] WebApp:191 - Connection restablished
2025-10-04 12:33:20,614 [INFO] WebApp:194 - Connection lost
2025-10-04 12:33:20,861 [INFO] WebApp:191 - Connection restablished
2025-10-04 12:33:36,419 [INFO] WebApp:194 - Connection lost
2025-10-04 12:33:45,949 [INFO] WebApp:191 - Connection restablished
2025-10-04 12:34:07,309 [INFO] WebApp:194 - Connection lost
2025-10-04 12:34:17,176 [INFO] WebApp:191 - Connection restablished
2025-10-04 12:34:37,376 [INFO] WebApp:194 - Connection lost
2025-10-04 12:34:47,357 [INFO] WebApp:191 - Connection restablished
2025-10-04 12:35:07,865 [INFO] WebApp:194 - Connection lost
2025-10-04 12:35:17,795 [INFO] WebApp:191 - Connection restablished
2025-10-04 12:35:38,345 [INFO] WebApp:194 - Connection lost
2025-10-04 12:35:48,218 [INFO] WebApp:191 - Connection restablished
2025-10-04 12:36:08,922 [INFO] WebApp:194 - Connection lost
2025-10-04 12:36:18,616 [INFO] WebApp:191 - Connection restablished
2025-10-04 12:36:39,785 [INFO] WebApp:194 - Connection lost
2025-10-04 12:36:45,842 [INFO] WebApp:191 - Connection restablished
2025-10-04 12:36:49,831 [INFO] WebApp:194 - Connection lost
2025-10-04 12:36:49,965 [INFO] WebApp:191 - Connection restablished
2025-10-04 12:37:09,840 [INFO] WebApp:194 - Connection lost
2025-10-04 12:37:16,026 [INFO] WebApp:191 - Connection restablished
2025-10-04 12:37:20,230 [INFO] WebApp:194 - Connection lost
2025-10-04 12:37:20,364 [INFO] WebApp:191 - Connection restablished
2025-10-04 12:37:40,369 [INFO] WebApp:194 - Connection lost
2025-10-04 12:37:49,546 [INFO] WebApp:191 - Connection restablished
2025-10-04 12:38:10,906 [INFO] WebApp:194 - Connection lost
2025-10-04 12:38:20,474 [INFO] WebApp:191 - Connection restablished
2025-10-04 12:38:41,412 [INFO] WebApp:194 - Connection lost
2025-10-04 12:38:51,395 [INFO] WebApp:191 - Connection restablished
2025-10-04 12:39:11,891 [INFO] WebApp:194 - Connection lost
2025-10-04 12:39:18,013 [INFO] WebApp:191 - Connection restablished
2025-10-04 12:39:21,511 [INFO] WebApp:194 - Connection lost
2025-10-04 12:39:21,613 [INFO] WebApp:191 - Connection restablished
2025-10-04 12:39:42,372 [INFO] WebApp:194 - Connection lost
2025-10-04 12:39:52,017 [INFO] WebApp:191 - Connection restablished
2025-10-04 12:40:12,861 [INFO] WebApp:194 - Connection lost
2025-10-04 12:40:20,609 [INFO] WebApp:191 - Connection restablished
2025-10-04 12:40:22,501 [INFO] WebApp:194 - Connection lost
2025-10-04 12:40:22,615 [INFO] WebApp:191 - Connection restablished
2025-10-04 12:40:43,371 [INFO] WebApp:194 - Connection lost
2025-10-04 12:40:53,663 [INFO] WebApp:191 - Connection restablished
2025-10-04 12:41:13,914 [INFO] WebApp:194 - Connection lost
2025-10-04 12:41:20,037 [INFO] WebApp:191 - Connection restablished
2025-10-04 12:41:24,070 [INFO] WebApp:194 - Connection lost
2025-10-04 12:41:24,278 [INFO] WebApp:191 - Connection restablished
2025-10-04 12:41:44,432 [INFO] WebApp:194 - Connection lost
2025-10-04 12:41:53,668 [INFO] WebApp:191 - Connection restablished
2025-10-04 12:42:14,885 [INFO] WebApp:194 - Connection lost
2025-10-04 12:42:24,905 [INFO] WebApp:191 - Connection restablished
2025-10-04 12:42:45,793 [INFO] WebApp:194 - Connection lost
2025-10-04 12:42:55,208 [INFO] WebApp:191 - Connection restablished
2025-10-04 12:43:15,877 [INFO] WebApp:194 - Connection lost
2025-10-04 12:43:26,650 [INFO] WebApp:191 - Connection restablished
2025-10-04 12:43:46,333 [INFO] WebApp:194 - Connection lost
2025-10-04 12:43:55,931 [INFO] WebApp:191 - Connection restablished
2025-10-04 12:44:16,840 [INFO] WebApp:194 - Connection lost
2025-10-04 12:44:26,246 [INFO] WebApp:191 - Connection restablished
2025-10-04 12:44:47,362 [INFO] WebApp:194 - Connection lost
2025-10-04 12:44:57,582 [INFO] WebApp:191 - Connection restablished
2025-10-04 12:45:17,853 [INFO] WebApp:194 - Connection lost
2025-10-04 12:45:26,864 [INFO] WebApp:191 - Connection restablished
2025-10-04 12:45:48,442 [INFO] WebApp:194 - Connection lost
2025-10-04 12:45:54,508 [INFO] WebApp:191 - Connection restablished
2025-10-04 12:45:58,567 [INFO] WebApp:194 - Connection lost
2025-10-04 12:45:58,709 [INFO] WebApp:191 - Connection restablished
2025-10-04 12:46:18,877 [INFO] WebApp:194 - Connection lost
2025-10-04 12:46:24,917 [INFO] WebApp:191 - Connection restablished
2025-10-04 12:46:29,158 [INFO] WebApp:194 - Connection lost
2025-10-04 12:46:29,326 [INFO] WebApp:191 - Connection restablished
2025-10-04 12:46:49,375 [INFO] WebApp:194 - Connection lost
2025-10-04 12:46:59,342 [INFO] WebApp:191 - Connection restablished
2025-10-04 12:47:19,865 [INFO] WebApp:194 - Connection lost
2025-10-04 12:47:25,952 [INFO] WebApp:191 - Connection restablished
2025-10-04 12:47:29,830 [INFO] WebApp:194 - Connection lost
2025-10-04 12:47:29,945 [INFO] WebApp:191 - Connection restablished
2025-10-04 12:47:50,805 [INFO] WebApp:194 - Connection lost
2025-10-04 12:47:56,850 [INFO] WebApp:191 - Connection restablished
2025-10-04 12:48:00,678 [INFO] WebApp:194 - Connection lost
2025-10-04 12:48:00,803 [INFO] WebApp:191 - Connection restablished
2025-10-04 12:48:21,346 [INFO] WebApp:194 - Connection lost
2025-10-04 12:48:31,465 [INFO] WebApp:191 - Connection restablished
2025-10-04 12:48:51,318 [INFO] WebApp:194 - Connection lost
2025-10-04 12:49:00,872 [INFO] WebApp:191 - Connection restablished
2025-10-04 12:49:21,847 [INFO] WebApp:194 - Connection lost
2025-10-04 12:49:31,797 [INFO] WebApp:191 - Connection restablished
2025-10-04 12:49:52,339 [INFO] WebApp:194 - Connection lost
2025-10-04 12:50:01,491 [INFO] WebApp:191 - Connection restablished
2025-10-04 12:50:22,876 [INFO] WebApp:194 - Connection lost
2025-10-04 12:50:28,948 [INFO] WebApp:191 - Connection restablished
2025-10-04 12:50:32,487 [INFO] WebApp:194 - Connection lost
2025-10-04 12:50:32,600 [INFO] WebApp:191 - Connection restablished
2025-10-04 12:50:53,361 [INFO] WebApp:194 - Connection lost
2025-10-04 12:50:59,417 [INFO] WebApp:191 - Connection restablished
2025-10-04 12:51:04,706 [INFO] WebApp:194 - Connection lost
2025-10-04 12:51:04,855 [INFO] WebApp:191 - Connection restablished
2025-10-04 12:51:24,637 [INFO] WebApp:194 - Connection lost
2025-10-04 12:51:34,447 [INFO] WebApp:191 - Connection restablished
2025-10-04 12:51:55,187 [INFO] WebApp:194 - Connection lost
2025-10-04 12:52:04,747 [INFO] WebApp:191 - Connection restablished
2025-10-04 12:52:25,660 [INFO] WebApp:194 - Connection lost
2025-10-04 12:52:35,870 [INFO] WebApp:191 - Connection restablished
2025-10-04 12:52:56,184 [INFO] WebApp:194 - Connection lost
2025-10-04 12:53:06,181 [INFO] WebApp:191 - Connection restablished
2025-10-04 12:53:26,637 [INFO] WebApp:194 - Connection lost
2025-10-04 12:53:36,286 [INFO] WebApp:191 - Connection restablished
2025-10-04 12:53:57,182 [INFO] WebApp:194 - Connection lost
2025-10-04 12:54:07,318 [INFO] WebApp:191 - Connection restablished
2025-10-04 12:54:28,158 [INFO] WebApp:194 - Connection lost
2025-10-04 12:54:36,272 [INFO] WebApp:191 - Connection restablished
2025-10-04 12:54:38,156 [INFO] WebApp:194 - Connection lost
2025-10-04 12:54:38,286 [INFO] WebApp:191 - Connection restablished
2025-10-04 12:54:58,139 [INFO] WebApp:194 - Connection lost
2025-10-04 12:55:04,234 [INFO] WebApp:191 - Connection restablished
2025-10-04 12:55:08,482 [INFO] WebApp:194 - Connection lost
2025-10-04 12:55:08,591 [INFO] WebApp:191 - Connection restablished
2025-10-04 12:55:28,667 [INFO] WebApp:194 - Connection lost
2025-10-04 12:55:38,453 [INFO] WebApp:191 - Connection restablished
2025-10-04 12:55:59,201 [INFO] WebApp:194 - Connection lost
2025-10-04 12:56:09,068 [INFO] WebApp:191 - Connection restablished
2025-10-04 12:56:29,619 [INFO] WebApp:194 - Connection lost
2025-10-04 12:56:39,874 [INFO] WebApp:191 - Connection restablished
2025-10-04 12:57:00,190 [INFO] WebApp:194 - Connection lost
2025-10-04 12:57:09,923 [INFO] WebApp:191 - Connection restablished
2025-10-04 12:57:30,652 [INFO] WebApp:194 - Connection lost
2025-10-04 12:57:40,207 [INFO] WebApp:191 - Connection restablished
2025-10-04 12:58:01,153 [INFO] WebApp:194 - Connection lost
2025-10-04 12:58:07,209 [INFO] WebApp:191 - Connection restablished
2025-10-04 12:58:10,498 [INFO] WebApp:194 - Connection lost
2025-10-04 12:58:10,625 [INFO] WebApp:191 - Connection restablished
2025-10-04 12:58:31,664 [INFO] WebApp:194 - Connection lost
2025-10-04 12:58:41,137 [INFO] WebApp:191 - Connection restablished
2025-10-04 12:59:02,199 [INFO] WebApp:194 - Connection lost
2025-10-04 12:59:11,959 [INFO] WebApp:191 - Connection restablished
2025-10-04 12:59:32,722 [INFO] WebApp:194 - Connection lost
2025-10-04 12:59:42,673 [INFO] WebApp:191 - Connection restablished
2025-10-04 13:00:03,183 [INFO] WebApp:194 - Connection lost
2025-10-04 13:00:09,301 [INFO] WebApp:191 - Connection restablished
2025-10-04 13:00:12,675 [INFO] WebApp:194 - Connection lost
2025-10-04 13:00:12,884 [INFO] WebApp:191 - Connection restablished
2025-10-04 13:00:34,084 [INFO] WebApp:194 - Connection lost
2025-10-04 13:00:44,221 [INFO] WebApp:191 - Connection restablished
2025-10-04 13:01:04,145 [INFO] WebApp:194 - Connection lost
2025-10-04 13:01:10,196 [INFO] WebApp:191 - Connection restablished
2025-10-04 13:01:13,987 [INFO] WebApp:194 - Connection lost
2025-10-04 13:01:14,122 [INFO] WebApp:191 - Connection restablished
2025-10-04 13:01:35,057 [INFO] WebApp:194 - Connection lost
2025-10-04 13:01:41,169 [INFO] WebApp:191 - Connection restablished
2025-10-04 13:01:45,154 [INFO] WebApp:194 - Connection lost
2025-10-04 13:01:45,354 [INFO] WebApp:191 - Connection restablished
2025-10-04 13:02:05,220 [INFO] WebApp:194 - Connection lost
2025-10-04 13:02:15,459 [INFO] WebApp:191 - Connection restablished
2025-10-04 13:02:35,677 [INFO] WebApp:194 - Connection lost
2025-10-04 13:02:45,608 [INFO] WebApp:191 - Connection restablished
2025-10-04 13:03:06,148 [INFO] WebApp:194 - Connection lost
2025-10-04 13:03:15,774 [INFO] WebApp:191 - Connection restablished
2025-10-04 13:03:36,658 [INFO] WebApp:194 - Connection lost
2025-10-04 13:03:46,288 [INFO] WebApp:191 - Connection restablished
2025-10-04 13:04:07,212 [INFO] WebApp:194 - Connection lost
2025-10-04 13:04:17,217 [INFO] WebApp:191 - Connection restablished
2025-10-04 13:04:37,690 [INFO] WebApp:194 - Connection lost
2025-10-04 13:04:48,037 [INFO] WebApp:191 - Connection restablished
2025-10-04 13:05:08,171 [INFO] WebApp:194 - Connection lost
2025-10-04 13:05:17,738 [INFO] WebApp:191 - Connection restablished
2025-10-04 13:05:38,715 [INFO] WebApp:194 - Connection lost
2025-10-04 13:05:48,665 [INFO] WebApp:191 - Connection restablished
2025-10-04 13:06:09,176 [INFO] WebApp:194 - Connection lost
2025-10-04 13:06:15,210 [INFO] WebApp:191 - Connection restablished
2025-10-04 13:06:19,522 [INFO] WebApp:194 - Connection lost
2025-10-04 13:06:19,685 [INFO] WebApp:191 - Connection restablished
2025-10-04 13:06:40,119 [INFO] WebApp:194 - Connection lost
2025-10-04 13:06:49,814 [INFO] WebApp:191 - Connection restablished
2025-10-04 13:07:10,155 [INFO] WebApp:194 - Connection lost
2025-10-04 13:07:20,535 [INFO] WebApp:191 - Connection restablished
2025-10-04 13:07:40,663 [INFO] WebApp:194 - Connection lost
2025-10-04 13:07:50,349 [INFO] WebApp:191 - Connection restablished
2025-10-04 13:08:11,131 [INFO] WebApp:194 - Connection lost
2025-10-04 13:08:20,734 [INFO] WebApp:191 - Connection restablished
2025-10-04 13:08:41,655 [INFO] WebApp:194 - Connection lost
2025-10-04 13:08:51,762 [INFO] WebApp:191 - Connection restablished
2025-10-04 13:09:12,155 [INFO] WebApp:194 - Connection lost
2025-10-04 13:09:21,936 [INFO] WebApp:191 - Connection restablished
2025-10-04 13:09:42,655 [INFO] WebApp:194 - Connection lost
2025-10-04 13:09:48,735 [INFO] WebApp:191 - Connection restablished
2025-10-04 13:09:52,259 [INFO] WebApp:194 - Connection lost
2025-10-04 13:09:52,360 [INFO] WebApp:191 - Connection restablished
2025-10-04 13:10:13,202 [INFO] WebApp:194 - Connection lost
2025-10-04 13:10:22,900 [INFO] WebApp:191 - Connection restablished
2025-10-04 13:10:43,717 [INFO] WebApp:194 - Connection lost
2025-10-04 13:10:53,829 [INFO] WebApp:191 - Connection restablished
2025-10-04 13:11:14,155 [INFO] WebApp:194 - Connection lost
2025-10-04 13:11:20,206 [INFO] WebApp:191 - Connection restablished
2025-10-04 13:11:24,418 [INFO] WebApp:194 - Connection lost
2025-10-04 13:11:24,543 [INFO] WebApp:191 - Connection restablished
2025-10-04 13:11:44,662 [INFO] WebApp:194 - Connection lost
2025-10-04 13:11:54,340 [INFO] WebApp:191 - Connection restablished
2025-10-04 13:12:15,637 [INFO] WebApp:194 - Connection lost
2025-10-04 13:12:21,832 [INFO] WebApp:191 - Connection restablished
2025-10-04 13:12:25,667 [INFO] WebApp:194 - Connection lost
2025-10-04 13:12:25,842 [INFO] WebApp:191 - Connection restablished
2025-10-04 13:12:45,637 [INFO] WebApp:194 - Connection lost
2025-10-04 13:12:55,273 [INFO] WebApp:191 - Connection restablished
2025-10-04 13:13:16,188 [INFO] WebApp:194 - Connection lost
2025-10-04 13:13:26,201 [INFO] WebApp:191 - Connection restablished
2025-10-04 13:13:46,685 [INFO] WebApp:194 - Connection lost
2025-10-04 13:13:56,507 [INFO] WebApp:191 - Connection restablished
2025-10-04 13:14:17,217 [INFO] WebApp:194 - Connection lost
2025-10-04 13:14:26,204 [INFO] WebApp:191 - Connection restablished
2025-10-04 13:14:47,670 [INFO] WebApp:194 - Connection lost
2025-10-04 13:14:57,642 [INFO] WebApp:191 - Connection restablished
2025-10-04 13:15:18,547 [INFO] WebApp:194 - Connection lost
2025-10-04 13:15:28,797 [INFO] WebApp:191 - Connection restablished
2025-10-04 13:15:48,724 [INFO] WebApp:194 - Connection lost
2025-10-04 13:15:58,773 [INFO] WebApp:191 - Connection restablished
2025-10-04 13:16:19,225 [INFO] WebApp:194 - Connection lost
2025-10-04 13:16:29,415 [INFO] WebApp:191 - Connection restablished
2025-10-04 13:16:49,644 [INFO] WebApp:194 - Connection lost
2025-10-04 13:16:59,289 [INFO] WebApp:191 - Connection restablished
2025-10-04 13:17:20,218 [INFO] WebApp:194 - Connection lost
2025-10-04 13:17:26,263 [INFO] WebApp:191 - Connection restablished
2025-10-04 13:17:30,051 [INFO] WebApp:194 - Connection lost
2025-10-04 13:17:30,261 [INFO] WebApp:191 - Connection restablished
2025-10-04 13:17:50,670 [INFO] WebApp:194 - Connection lost
2025-10-04 13:18:00,427 [INFO] WebApp:191 - Connection restablished
2025-10-04 13:18:21,639 [INFO] WebApp:194 - Connection lost
2025-10-04 13:18:31,062 [INFO] WebApp:191 - Connection restablished
2025-10-04 13:18:51,677 [INFO] WebApp:194 - Connection lost
2025-10-04 13:19:02,072 [INFO] WebApp:191 - Connection restablished
2025-10-04 13:19:22,193 [INFO] WebApp:194 - Connection lost
2025-10-04 13:19:31,879 [INFO] WebApp:191 - Connection restablished
2025-10-04 13:19:52,706 [INFO] WebApp:194 - Connection lost
2025-10-04 13:19:58,824 [INFO] WebApp:191 - Connection restablished
2025-10-04 13:20:02,881 [INFO] WebApp:194 - Connection lost
2025-10-04 13:20:03,004 [INFO] WebApp:191 - Connection restablished
2025-10-04 13:20:23,167 [INFO] WebApp:194 - Connection lost
2025-10-04 13:20:33,491 [INFO] WebApp:191 - Connection restablished
2025-10-04 13:20:53,639 [INFO] WebApp:194 - Connection lost
2025-10-04 13:21:03,563 [INFO] WebApp:191 - Connection restablished
2025-10-04 13:21:24,172 [INFO] WebApp:194 - Connection lost
2025-10-04 13:21:33,833 [INFO] WebApp:191 - Connection restablished
2025-10-04 13:21:54,707 [INFO] WebApp:194 - Connection lost
2025-10-04 13:22:05,063 [INFO] WebApp:191 - Connection restablished
2025-10-04 13:22:25,182 [INFO] WebApp:194 - Connection lost
2025-10-04 13:22:34,860 [INFO] WebApp:191 - Connection restablished
2025-10-04 13:22:55,665 [INFO] WebApp:194 - Connection lost
2025-10-04 13:23:05,173 [INFO] WebApp:191 - Connection restablished
2025-10-04 13:23:26,207 [INFO] WebApp:194 - Connection lost
2025-10-04 13:23:35,597 [INFO] WebApp:191 - Connection restablished
2025-10-04 13:23:56,687 [INFO] WebApp:194 - Connection lost
2025-10-04 13:24:02,741 [INFO] WebApp:191 - Connection restablished
2025-10-04 13:24:06,914 [INFO] WebApp:194 - Connection lost
2025-10-04 13:24:07,113 [INFO] WebApp:191 - Connection restablished
2025-10-04 13:24:27,687 [INFO] WebApp:194 - Connection lost
2025-10-04 13:24:33,759 [INFO] WebApp:191 - Connection restablished
2025-10-04 13:24:37,762 [INFO] WebApp:194 - Connection lost
2025-10-04 13:24:37,922 [INFO] WebApp:191 - Connection restablished
2025-10-04 13:24:57,673 [INFO] WebApp:194 - Connection lost
2025-10-04 13:25:07,784 [INFO] WebApp:191 - Connection restablished
2025-10-04 13:25:28,176 [INFO] WebApp:194 - Connection lost
2025-10-04 13:25:37,934 [INFO] WebApp:191 - Connection restablished
2025-10-04 13:25:58,710 [INFO] WebApp:194 - Connection lost
2025-10-04 13:26:08,472 [INFO] WebApp:191 - Connection restablished
2025-10-04 13:26:29,177 [INFO] WebApp:194 - Connection lost
2025-10-04 13:26:38,373 [INFO] WebApp:191 - Connection restablished
2025-10-04 13:26:59,688 [INFO] WebApp:194 - Connection lost
2025-10-04 13:27:09,809 [INFO] WebApp:191 - Connection restablished
2025-10-04 13:27:30,163 [INFO] WebApp:194 - Connection lost
2025-10-04 13:27:36,353 [INFO] WebApp:191 - Connection restablished
2025-10-04 13:27:39,906 [INFO] WebApp:194 - Connection lost
2025-10-04 13:27:40,226 [INFO] WebApp:191 - Connection restablished
2025-10-04 13:28:00,671 [INFO] WebApp:194 - Connection lost
2025-10-04 13:28:06,746 [INFO] WebApp:191 - Connection restablished
2025-10-04 13:28:10,882 [INFO] WebApp:194 - Connection lost
2025-10-04 13:28:11,045 [INFO] WebApp:191 - Connection restablished
2025-10-04 13:28:31,263 [INFO] WebApp:194 - Connection lost
2025-10-04 13:28:41,373 [INFO] WebApp:191 - Connection restablished
2025-10-04 13:29:02,265 [INFO] WebApp:194 - Connection lost
2025-10-04 13:29:11,990 [INFO] WebApp:191 - Connection restablished
2025-10-04 13:29:32,360 [INFO] WebApp:194 - Connection lost
2025-10-04 13:29:42,490 [INFO] WebApp:191 - Connection restablished
2025-10-04 13:30:02,878 [INFO] WebApp:194 - Connection lost
2025-10-04 13:30:09,014 [INFO] WebApp:191 - Connection restablished
2025-10-04 13:30:12,802 [INFO] WebApp:194 - Connection lost
2025-10-04 13:30:12,915 [INFO] WebApp:191 - Connection restablished
2025-10-04 13:30:33,849 [INFO] WebApp:194 - Connection lost
2025-10-04 13:30:43,624 [INFO] WebApp:191 - Connection restablished
2025-10-04 13:31:03,904 [INFO] WebApp:194 - Connection lost
2025-10-04 13:31:09,946 [INFO] WebApp:191 - Connection restablished
2025-10-04 13:31:14,115 [INFO] WebApp:194 - Connection lost
2025-10-04 13:31:14,243 [INFO] WebApp:191 - Connection restablished
2025-10-04 13:31:34,418 [INFO] WebApp:194 - Connection lost
2025-10-04 13:31:40,517 [INFO] WebApp:191 - Connection restablished
2025-10-04 13:31:44,259 [INFO] WebApp:194 - Connection lost
2025-10-04 13:31:44,455 [INFO] WebApp:191 - Connection restablished
2025-10-04 13:32:04,864 [INFO] WebApp:194 - Connection lost
2025-10-04 13:32:10,974 [INFO] WebApp:191 - Connection restablished
2025-10-04 13:32:15,299 [INFO] WebApp:194 - Connection lost
2025-10-04 13:32:15,483 [INFO] WebApp:191 - Connection restablished
2025-10-04 13:32:35,357 [INFO] WebApp:194 - Connection lost
2025-10-04 13:32:41,398 [INFO] WebApp:191 - Connection restablished
2025-10-04 13:32:45,187 [INFO] WebApp:194 - Connection lost
2025-10-04 13:32:45,378 [INFO] WebApp:191 - Connection restablished
2025-10-04 13:33:05,872 [INFO] WebApp:194 - Connection lost
2025-10-04 13:33:15,379 [INFO] WebApp:191 - Connection restablished
2025-10-04 13:33:36,384 [INFO] WebApp:194 - Connection lost
2025-10-04 13:33:42,375 [INFO] WebApp:191 - Connection restablished
2025-10-04 13:33:46,370 [INFO] WebApp:194 - Connection lost
2025-10-04 13:33:46,620 [INFO] WebApp:191 - Connection restablished
2025-10-04 13:34:06,890 [INFO] WebApp:194 - Connection lost
2025-10-04 13:34:13,035 [INFO] WebApp:191 - Connection restablished
2025-10-04 13:34:16,195 [INFO] WebApp:194 - Connection lost
2025-10-04 13:34:16,323 [INFO] WebApp:191 - Connection restablished
2025-10-04 13:34:37,437 [INFO] WebApp:194 - Connection lost
2025-10-04 13:34:47,333 [INFO] WebApp:191 - Connection restablished
2025-10-04 13:35:07,895 [INFO] WebApp:194 - Connection lost
2025-10-04 13:35:17,752 [INFO] WebApp:191 - Connection restablished
2025-10-04 13:35:38,442 [INFO] WebApp:194 - Connection lost
2025-10-04 13:35:47,956 [INFO] WebApp:191 - Connection restablished
2025-10-04 13:36:09,364 [INFO] WebApp:194 - Connection lost
2025-10-04 13:36:19,498 [INFO] WebApp:191 - Connection restablished
2025-10-04 13:36:39,357 [INFO] WebApp:194 - Connection lost
2025-10-04 13:36:49,085 [INFO] WebApp:191 - Connection restablished
2025-10-04 13:37:09,889 [INFO] WebApp:194 - Connection lost
2025-10-04 13:37:20,395 [INFO] WebApp:191 - Connection restablished
2025-10-04 13:37:40,336 [INFO] WebApp:194 - Connection lost
2025-10-04 13:37:50,382 [INFO] WebApp:191 - Connection restablished
2025-10-04 13:38:10,871 [INFO] WebApp:194 - Connection lost
2025-10-04 13:38:16,950 [INFO] WebApp:191 - Connection restablished
2025-10-04 13:38:20,932 [INFO] WebApp:194 - Connection lost
2025-10-04 13:38:21,150 [INFO] WebApp:191 - Connection restablished
2025-10-04 13:38:41,363 [INFO] WebApp:194 - Connection lost
2025-10-04 13:38:50,706 [INFO] WebApp:191 - Connection restablished
2025-10-04 13:39:11,891 [INFO] WebApp:194 - Connection lost
2025-10-04 13:39:18,081 [INFO] WebApp:191 - Connection restablished
2025-10-04 13:39:22,179 [INFO] WebApp:194 - Connection lost
2025-10-04 13:39:22,398 [INFO] WebApp:191 - Connection restablished
2025-10-04 13:39:42,393 [INFO] WebApp:194 - Connection lost
2025-10-04 13:39:48,536 [INFO] WebApp:191 - Connection restablished
2025-10-04 13:39:52,643 [INFO] WebApp:194 - Connection lost
2025-10-04 13:39:52,780 [INFO] WebApp:191 - Connection restablished
2025-10-04 13:40:12,887 [INFO] WebApp:194 - Connection lost
2025-10-04 13:40:23,120 [INFO] WebApp:191 - Connection restablished
2025-10-04 13:40:43,416 [INFO] WebApp:194 - Connection lost
2025-10-04 13:40:53,090 [INFO] WebApp:191 - Connection restablished
2025-10-04 13:41:13,926 [INFO] WebApp:194 - Connection lost
2025-10-04 13:41:23,641 [INFO] WebApp:191 - Connection restablished
2025-10-04 13:41:44,426 [INFO] WebApp:194 - Connection lost
2025-10-04 13:41:53,992 [INFO] WebApp:191 - Connection restablished
2025-10-04 13:42:15,336 [INFO] WebApp:194 - Connection lost
2025-10-04 13:42:21,545 [INFO] WebApp:191 - Connection restablished
2025-10-04 13:42:25,284 [INFO] WebApp:194 - Connection lost
2025-10-04 13:42:25,485 [INFO] WebApp:191 - Connection restablished
2025-10-04 13:42:45,815 [INFO] WebApp:194 - Connection lost
2025-10-04 13:42:55,874 [INFO] WebApp:191 - Connection restablished
2025-10-04 13:43:15,851 [INFO] WebApp:194 - Connection lost
2025-10-04 13:43:26,094 [INFO] WebApp:191 - Connection restablished
2025-10-04 13:43:46,378 [INFO] WebApp:194 - Connection lost
2025-10-04 13:43:56,401 [INFO] WebApp:191 - Connection restablished
2025-10-04 13:44:16,876 [INFO] WebApp:194 - Connection lost
2025-10-04 13:44:22,925 [INFO] WebApp:191 - Connection restablished
2025-10-04 13:44:26,627 [INFO] WebApp:194 - Connection lost
2025-10-04 13:44:26,751 [INFO] WebApp:191 - Connection restablished
2025-10-04 13:44:47,446 [INFO] WebApp:194 - Connection lost
2025-10-04 13:45:02,562 [INFO] WebApp:191 - Connection restablished
2025-10-04 13:45:17,920 [INFO] WebApp:194 - Connection lost
2025-10-04 13:45:27,567 [INFO] WebApp:191 - Connection restablished
2025-10-04 13:45:48,390 [INFO] WebApp:194 - Connection lost
2025-10-04 13:45:57,748 [INFO] WebApp:191 - Connection restablished
2025-10-04 13:46:18,928 [INFO] WebApp:194 - Connection lost
2025-10-04 13:46:24,986 [INFO] WebApp:191 - Connection restablished
2025-10-04 13:46:29,123 [INFO] WebApp:194 - Connection lost
2025-10-04 13:46:29,393 [INFO] WebApp:191 - Connection restablished
2025-10-04 13:46:49,464 [INFO] WebApp:194 - Connection lost
2025-10-04 13:46:59,286 [INFO] WebApp:191 - Connection restablished
2025-10-04 13:47:19,857 [INFO] WebApp:194 - Connection lost
2025-10-04 13:47:26,017 [INFO] WebApp:191 - Connection restablished
2025-10-04 13:47:29,988 [INFO] WebApp:194 - Connection lost
2025-10-04 13:47:30,215 [INFO] WebApp:191 - Connection restablished
2025-10-04 13:47:50,389 [INFO] WebApp:194 - Connection lost
2025-10-04 13:47:56,424 [INFO] WebApp:191 - Connection restablished
2025-10-04 13:48:00,643 [INFO] WebApp:194 - Connection lost
2025-10-04 13:48:00,856 [INFO] WebApp:191 - Connection restablished
2025-10-04 13:48:21,307 [INFO] WebApp:194 - Connection lost
2025-10-04 13:48:31,453 [INFO] WebApp:191 - Connection restablished
2025-10-04 13:48:51,372 [INFO] WebApp:194 - Connection lost
2025-10-04 13:48:57,367 [INFO] WebApp:191 - Connection restablished
2025-10-04 13:49:01,572 [INFO] WebApp:194 - Connection lost
2025-10-04 13:49:01,764 [INFO] WebApp:191 - Connection restablished
2025-10-04 13:49:21,948 [INFO] WebApp:194 - Connection lost
2025-10-04 13:49:32,273 [INFO] WebApp:191 - Connection restablished
2025-10-04 13:49:52,417 [INFO] WebApp:194 - Connection lost
2025-10-04 13:50:02,999 [INFO] WebApp:191 - Connection restablished
2025-10-04 13:50:22,866 [INFO] WebApp:194 - Connection lost
2025-10-04 13:50:32,798 [INFO] WebApp:191 - Connection restablished
2025-10-04 13:50:53,430 [INFO] WebApp:194 - Connection lost
2025-10-04 13:51:02,595 [INFO] WebApp:191 - Connection restablished
2025-10-04 13:51:23,931 [INFO] WebApp:194 - Connection lost
2025-10-04 13:51:34,126 [INFO] WebApp:191 - Connection restablished
2025-10-04 13:51:54,411 [INFO] WebApp:194 - Connection lost
2025-10-04 13:52:04,491 [INFO] WebApp:191 - Connection restablished
2025-10-04 13:52:24,850 [INFO] WebApp:194 - Connection lost
2025-10-04 13:52:35,055 [INFO] WebApp:191 - Connection restablished
2025-10-04 13:52:55,434 [INFO] WebApp:194 - Connection lost
2025-10-04 13:53:01,451 [INFO] WebApp:191 - Connection restablished
2025-10-04 13:53:05,028 [INFO] WebApp:194 - Connection lost
2025-10-04 13:53:05,151 [INFO] WebApp:191 - Connection restablished
