2025-12-09 19:59:25,636 [INFO] Activator:176 - 


2025-12-09 19:59:25,639 [INFO] Activator:177 - !SESSION log4j initialized
2025-12-09 19:59:28,920 [INFO] LogOutputStream:77 - [STDOUT_REDIRECT] 
2025-12-09 19:59:29,789 [INFO] ApplicationProperties:184 - Using Application install path: /opt/st/stm32cubeide_1.19.0/plugins/com.st.stm32cube.common.mx_6.15.0.202507011659
2025-12-09 19:59:29,808 [INFO] DbMcusXml:78 - Set database path to: /opt/st/stm32cubeide_1.19.0/plugins/com.st.stm32cube.common.mx_6.15.0.202507011659//db//mcu/
2025-12-09 19:59:29,809 [INFO] ApiDb:274 - Set plugin database path to: /opt/st/stm32cubeide_1.19.0/plugins/com.st.stm32cube.common.mx_6.15.0.202507011659//db//plugins/boardmanager/
2025-12-09 19:59:29,809 [WARN] ApiDb:259 - Overriding images path with different value:  => /opt/st/stm32cubeide_1.19.0/plugins/com.st.stm32cube.common.mx_6.15.0.202507011659//db//plugins/mcufinder/images/
2025-12-09 19:59:29,816 [INFO] ApiDb:250 - Set database path to: /home/kamil/.stmcufinder/plugins/mcufinder//mcu/
2025-12-09 19:59:29,817 [INFO] DbMcusAds:125 - Set database path to: /home/kamil/.stmcufinder/plugins/mcufinder//mcu/
2025-12-09 19:59:29,821 [INFO] CrossReferenceDbSqlite:203 - Set database path to: /home/kamil/.stmcufinder/plugins/mcufinder//mcu/cs/
2025-12-09 19:59:29,919 [INFO] RulesReader:64 - Compatibility file has been processed (317 Rules)
2025-12-09 19:59:29,973 [INFO] DbMcusXml:78 - Set database path to: /opt/st/stm32cubeide_1.19.0/plugins/com.st.stm32cube.common.mx_6.15.0.202507011659//db//mcu/
2025-12-09 19:59:29,974 [INFO] ApiDb:274 - Set plugin database path to: /opt/st/stm32cubeide_1.19.0/plugins/com.st.stm32cube.common.mx_6.15.0.202507011659//db//plugins/boardmanager/
2025-12-09 19:59:29,974 [INFO] ApiDb:261 - Set plugin images path to: /opt/st/stm32cubeide_1.19.0/plugins/com.st.stm32cube.common.mx_6.15.0.202507011659//db//plugins/mcufinder/images/
2025-12-09 19:59:29,974 [WARN] DbFile:41 - Overriding database path with different value: /home/kamil/.stmcufinder/plugins/mcufinder/ => /home/kamil/.stmcufinder/plugins/mcufinder
2025-12-09 19:59:29,974 [INFO] ApiDb:250 - Set database path to: /home/kamil/.stmcufinder/plugins/mcufinder//mcu/
2025-12-09 19:59:29,974 [WARN] DbFile:41 - Overriding database path with different value: /home/kamil/.stmcufinder/plugins/mcufinder/ => /home/kamil/.stmcufinder/plugins/mcufinder
2025-12-09 19:59:29,974 [INFO] DbMcusAds:125 - Set database path to: /home/kamil/.stmcufinder/plugins/mcufinder//mcu/
2025-12-09 19:59:29,974 [WARN] DbFile:41 - Overriding database path with different value: /home/kamil/.stmcufinder/plugins/mcufinder/ => /home/kamil/.stmcufinder/plugins/mcufinder
2025-12-09 19:59:29,974 [WARN] DbFile:41 - Overriding database path with different value: /home/kamil/.stmcufinder/plugins/mcufinder/ => /home/kamil/.stmcufinder/plugins/mcufinder
2025-12-09 19:59:29,974 [INFO] CrossReferenceDbSqlite:203 - Set database path to: /home/kamil/.stmcufinder/plugins/mcufinder//mcu/cs/
2025-12-09 19:59:30,026 [INFO] MainPanel:274 - HeapMemory: 268435456
2025-12-09 19:59:30,126 [INFO] DbMcusXml:78 - Set database path to: /opt/st/stm32cubeide_1.19.0/plugins/com.st.stm32cube.common.mx_6.15.0.202507011659//db//mcu/
2025-12-09 19:59:30,127 [INFO] ApiDb:274 - Set plugin database path to: /opt/st/stm32cubeide_1.19.0/plugins/com.st.stm32cube.common.mx_6.15.0.202507011659//db//plugins/boardmanager/
2025-12-09 19:59:30,127 [INFO] ApiDb:261 - Set plugin images path to: /opt/st/stm32cubeide_1.19.0/plugins/com.st.stm32cube.common.mx_6.15.0.202507011659//db//plugins/mcufinder/images/
2025-12-09 19:59:30,127 [WARN] DbFile:41 - Overriding database path with different value: /home/kamil/.stmcufinder/plugins/mcufinder/ => /home/kamil/.stmcufinder/plugins/mcufinder
2025-12-09 19:59:30,127 [INFO] ApiDb:250 - Set database path to: /home/kamil/.stmcufinder/plugins/mcufinder//mcu/
2025-12-09 19:59:30,127 [WARN] DbFile:41 - Overriding database path with different value: /home/kamil/.stmcufinder/plugins/mcufinder/ => /home/kamil/.stmcufinder/plugins/mcufinder
2025-12-09 19:59:30,127 [INFO] DbMcusAds:125 - Set database path to: /home/kamil/.stmcufinder/plugins/mcufinder//mcu/
2025-12-09 19:59:30,127 [WARN] DbFile:41 - Overriding database path with different value: /home/kamil/.stmcufinder/plugins/mcufinder/ => /home/kamil/.stmcufinder/plugins/mcufinder
2025-12-09 19:59:30,127 [WARN] DbFile:41 - Overriding database path with different value: /home/kamil/.stmcufinder/plugins/mcufinder/ => /home/kamil/.stmcufinder/plugins/mcufinder
2025-12-09 19:59:30,127 [INFO] CrossReferenceDbSqlite:203 - Set database path to: /home/kamil/.stmcufinder/plugins/mcufinder//mcu/cs/
2025-12-09 19:59:30,139 [INFO] ApplicationProperties:184 - Using Application install path: /opt/st/stm32cubeide_1.19.0/plugins/com.st.stm32cube.common.mx_6.15.0.202507011659
2025-12-09 19:59:30,141 [INFO] PluginManage:196 - Search for loadable plugins [exclusion list=, ]
2025-12-09 19:59:30,142 [INFO] PluginManage:310 - Check plugin analytics
2025-12-09 19:59:30,255 [INFO] AnalyticsPlugin:253 - Accepted Software Licenses: 
2025-12-09 19:59:30,255 [INFO] AnalyticsPlugin:255 - Accepted CMSIS Pack Licenses: 
2025-12-09 19:59:30,255 [INFO] AnalyticsPlugin:257 - Accepted Firmware Licenses: FW.F4.1.28.0
2025-12-09 19:59:30,257 [INFO] PluginManage:359 - Loaded plugin analytics (category:tool,tabindex:-1)
2025-12-09 19:59:30,258 [INFO] PluginManage:310 - Check plugin cadmodel
2025-12-09 19:59:30,262 [INFO] CADModel:105 - Init CAD model plugin
2025-12-09 19:59:30,262 [INFO] PluginManage:359 - Loaded plugin cadmodel (category:power,tabindex:5)
2025-12-09 19:59:30,263 [INFO] PluginManage:310 - Check plugin clock
2025-12-09 19:59:30,270 [INFO] PluginManage:359 - Loaded plugin clock (category:base,tabindex:2)
2025-12-09 19:59:30,270 [INFO] PluginManage:310 - Check plugin ddr
2025-12-09 19:59:30,273 [INFO] PluginManage:359 - Loaded plugin ddr (category:tool,tabindex:6)
2025-12-09 19:59:30,273 [INFO] PluginManage:310 - Check plugin filemanager
2025-12-09 19:59:30,410 [INFO] PluginManage:359 - Loaded plugin filemanager (category:base,tabindex:10)
2025-12-09 19:59:30,411 [INFO] PluginManage:310 - Check plugin ipmanager
2025-12-09 19:59:30,415 [INFO] PluginManage:359 - Loaded plugin ipmanager (category:base,tabindex:5)
2025-12-09 19:59:30,415 [INFO] PluginManage:310 - Check plugin lpbam
2025-12-09 19:59:30,423 [INFO] PluginManage:359 - Loaded plugin lpbam (category:base,tabindex:0)
2025-12-09 19:59:30,423 [INFO] PluginManage:310 - Check plugin memorymap
2025-12-09 19:59:30,436 [INFO] PluginManage:359 - Loaded plugin memorymap (category:base,tabindex:4)
2025-12-09 19:59:30,437 [INFO] PluginManage:310 - Check plugin pinoutandconfiguration
2025-12-09 19:59:30,445 [INFO] PluginManage:359 - Loaded plugin pinoutandconfiguration (category:base,tabindex:1)
2025-12-09 19:59:30,445 [INFO] PluginManage:310 - Check plugin pinoutconfig
2025-12-09 19:59:30,514 [WARN] SupportedApi:132 - Cannot load RTOS API schema: s4s-elt-must-match.1: The content of 'definitions' must match (annotation?, (simpleType | complexType)?, (unique | key | keyref)*)). A problem was found starting at: attribute.
2025-12-09 19:59:30,643 [INFO] PluginManage:359 - Loaded plugin pinoutconfig (category:base,tabindex:0)
2025-12-09 19:59:30,643 [INFO] PluginManage:310 - Check plugin power
2025-12-09 19:59:30,651 [INFO] PluginManage:359 - Loaded plugin power (category:power,tabindex:4)
2025-12-09 19:59:30,651 [INFO] PluginManage:310 - Check plugin projectmanager
2025-12-09 19:59:30,665 [INFO] PluginManage:359 - Loaded plugin projectmanager (category:projectmanager,tabindex:4)
2025-12-09 19:59:30,665 [INFO] PluginManage:310 - Check plugin rif
2025-12-09 19:59:30,673 [INFO] PluginManage:359 - Loaded plugin rif (category:base,tabindex:3)
2025-12-09 19:59:30,674 [INFO] PluginManage:310 - Check plugin thirdparty
2025-12-09 19:59:30,792 [WARN] IntegrityCheckThread:84 - waiting for thirdparty lock release [integrity check]
2025-12-09 19:59:30,793 [INFO] PluginManage:359 - Loaded plugin thirdparty (category:base,tabindex:-1)
2025-12-09 19:59:30,793 [INFO] IntegrityCheckThread:86 - entering critical section [integrity check]
2025-12-09 19:59:30,793 [INFO] PluginManage:310 - Check plugin tools
2025-12-09 19:59:30,793 [INFO] ThirdPartyUpdaterWithRetryManager:70 - Updater plugin not ready yet. [1/15]
2025-12-09 19:59:30,796 [INFO] PluginManage:359 - Loaded plugin tools (category:base,tabindex:7)
2025-12-09 19:59:30,796 [INFO] PluginManage:310 - Check plugin tutovideos
2025-12-09 19:59:30,954 [INFO] PluginManage:359 - Loaded plugin tutovideos (category:base,tabindex:-1)
2025-12-09 19:59:30,954 [INFO] PluginManage:310 - Check plugin updater
2025-12-09 19:59:30,975 [INFO] PluginManage:359 - Loaded plugin updater (category:base,tabindex:12)
2025-12-09 19:59:30,975 [INFO] PluginManage:310 - Check plugin userauth
2025-12-09 19:59:30,979 [INFO] UserAuth:118 - Init User Auth plugin
2025-12-09 19:59:30,980 [INFO] PluginManage:359 - Loaded plugin userauth (category:base,tabindex:14)
2025-12-09 19:59:30,980 [INFO] PluginManage:283 - PluginManage : Loaded plugins [18]
2025-12-09 19:59:31,111 [INFO] PinOutPanel:1589 - setPackage(No Configuration,No Configuration)
2025-12-09 19:59:31,161 [INFO] CADModel:165 - CPN selected for project level
2025-12-09 19:59:31,161 [INFO] CADModel:114 - Register for checkConnection events
2025-12-09 19:59:31,169 [INFO] IPUIPlugin:80 - create IPUIPlugin
2025-12-09 19:59:31,169 [INFO] PluginManager:220 - loadIPPluginJar : add tracer_emb
2025-12-09 19:59:31,170 [INFO] IPUIPlugin:80 - create IPUIPlugin
2025-12-09 19:59:31,171 [INFO] PluginManager:220 - loadIPPluginJar : add radio
2025-12-09 19:59:31,175 [INFO] IPUIPlugin:80 - create IPUIPlugin
2025-12-09 19:59:31,175 [INFO] PluginManager:220 - loadIPPluginJar : add ddr_ctrl_phy
2025-12-09 19:59:31,179 [INFO] IPUIPlugin:80 - create IPUIPlugin
2025-12-09 19:59:31,180 [INFO] PluginManager:220 - loadIPPluginJar : add mdma
2025-12-09 19:59:31,182 [INFO] IPUIPlugin:80 - create IPUIPlugin
2025-12-09 19:59:31,182 [INFO] PluginManager:220 - loadIPPluginJar : add touchsensing
2025-12-09 19:59:31,184 [INFO] IPUIPlugin:80 - create IPUIPlugin
2025-12-09 19:59:31,184 [INFO] PluginManager:220 - loadIPPluginJar : add ucpd
2025-12-09 19:59:31,189 [INFO] IPUIPlugin:80 - create IPUIPlugin
2025-12-09 19:59:31,191 [INFO] PluginManager:220 - loadIPPluginJar : add plateformsettings
2025-12-09 19:59:31,194 [INFO] IPUIPlugin:80 - create IPUIPlugin
2025-12-09 19:59:31,194 [INFO] PluginManager:220 - loadIPPluginJar : add ipddr
2025-12-09 19:59:31,199 [INFO] IPUIPlugin:80 - create IPUIPlugin
2025-12-09 19:59:31,199 [INFO] PluginManager:220 - loadIPPluginJar : add resmgrutility
2025-12-09 19:59:31,200 [INFO] IPUIPlugin:80 - create IPUIPlugin
2025-12-09 19:59:31,201 [INFO] PluginManager:220 - loadIPPluginJar : add ts
2025-12-09 19:59:31,203 [INFO] IPUIPlugin:80 - create IPUIPlugin
2025-12-09 19:59:31,203 [INFO] PluginManager:220 - loadIPPluginJar : add dma3
2025-12-09 19:59:31,206 [INFO] IPUIPlugin:80 - create IPUIPlugin
2025-12-09 19:59:31,206 [INFO] PluginManager:220 - loadIPPluginJar : add openamp
2025-12-09 19:59:31,208 [INFO] IPUIPlugin:80 - create IPUIPlugin
2025-12-09 19:59:31,208 [INFO] PluginManager:220 - loadIPPluginJar : add opamp
2025-12-09 19:59:31,211 [INFO] IPUIPlugin:80 - create IPUIPlugin
2025-12-09 19:59:31,211 [INFO] PluginManager:220 - loadIPPluginJar : add pdm2pcm
2025-12-09 19:59:31,212 [INFO] IPUIPlugin:80 - create IPUIPlugin
2025-12-09 19:59:31,212 [INFO] PluginManager:220 - loadIPPluginJar : add gfxmmu
2025-12-09 19:59:31,214 [INFO] IPUIPlugin:80 - create IPUIPlugin
2025-12-09 19:59:31,214 [INFO] PluginManager:220 - loadIPPluginJar : add aes
2025-12-09 19:59:31,217 [INFO] IPUIPlugin:80 - create IPUIPlugin
2025-12-09 19:59:31,217 [INFO] PluginManager:220 - loadIPPluginJar : add gtzc
2025-12-09 19:59:31,219 [INFO] IPUIPlugin:80 - create IPUIPlugin
2025-12-09 19:59:31,220 [INFO] PluginManager:220 - loadIPPluginJar : add sai
2025-12-09 19:59:31,221 [INFO] IPUIPlugin:80 - create IPUIPlugin
2025-12-09 19:59:31,221 [INFO] PluginManager:220 - loadIPPluginJar : add tsc
2025-12-09 19:59:31,224 [INFO] IPUIPlugin:80 - create IPUIPlugin
2025-12-09 19:59:31,224 [INFO] PluginManager:220 - loadIPPluginJar : add usbx
2025-12-09 19:59:31,226 [INFO] IPUIPlugin:80 - create IPUIPlugin
2025-12-09 19:59:31,227 [INFO] PluginManager:220 - loadIPPluginJar : add can
2025-12-09 19:59:31,229 [INFO] IPUIPlugin:80 - create IPUIPlugin
2025-12-09 19:59:31,229 [INFO] PluginManager:220 - loadIPPluginJar : add i2c
2025-12-09 19:59:31,232 [INFO] IPUIPlugin:80 - create IPUIPlugin
2025-12-09 19:59:31,232 [INFO] PluginManager:220 - loadIPPluginJar : add lorawan
2025-12-09 19:59:31,233 [INFO] IPUIPlugin:80 - create IPUIPlugin
2025-12-09 19:59:31,233 [INFO] PluginManager:220 - loadIPPluginJar : add spi
2025-12-09 19:59:31,241 [INFO] IPUIPlugin:80 - create IPUIPlugin
2025-12-09 19:59:31,241 [INFO] PluginManager:220 - loadIPPluginJar : add linkedlist
2025-12-09 19:59:31,246 [INFO] IPUIPlugin:80 - create IPUIPlugin
2025-12-09 19:59:31,246 [INFO] PluginManager:220 - loadIPPluginJar : add fmc
2025-12-09 19:59:31,248 [INFO] IPUIPlugin:80 - create IPUIPlugin
2025-12-09 19:59:31,248 [INFO] PluginManager:220 - loadIPPluginJar : add i3c
2025-12-09 19:59:31,250 [INFO] IPUIPlugin:80 - create IPUIPlugin
2025-12-09 19:59:31,250 [INFO] PluginManager:220 - loadIPPluginJar : add ltdc
2025-12-09 19:59:31,255 [INFO] IPUIPlugin:80 - create IPUIPlugin
2025-12-09 19:59:31,256 [INFO] PluginManager:220 - loadIPPluginJar : add dma
2025-12-09 19:59:31,261 [INFO] IPUIPlugin:80 - create IPUIPlugin
2025-12-09 19:59:31,262 [INFO] PluginManager:220 - loadIPPluginJar : add freertos
2025-12-09 19:59:31,264 [INFO] IPUIPlugin:80 - create IPUIPlugin
2025-12-09 19:59:31,264 [INFO] PluginManager:220 - loadIPPluginJar : add hash
2025-12-09 19:59:31,270 [INFO] IPUIPlugin:80 - create IPUIPlugin
2025-12-09 19:59:31,270 [INFO] PluginManager:220 - loadIPPluginJar : add adc
2025-12-09 19:59:31,273 [INFO] IPUIPlugin:80 - create IPUIPlugin
2025-12-09 19:59:31,273 [INFO] PluginManager:220 - loadIPPluginJar : add usart
2025-12-09 19:59:31,280 [INFO] IPUIPlugin:80 - create IPUIPlugin
2025-12-09 19:59:31,281 [INFO] PluginManager:220 - loadIPPluginJar : add stm32_wpan
2025-12-09 19:59:31,282 [INFO] IPUIPlugin:80 - create IPUIPlugin
2025-12-09 19:59:31,282 [INFO] PluginManager:220 - loadIPPluginJar : add genericplugin
2025-12-09 19:59:31,286 [INFO] IPUIPlugin:80 - create IPUIPlugin
2025-12-09 19:59:31,286 [INFO] PluginManager:220 - loadIPPluginJar : add gpio
2025-12-09 19:59:31,289 [INFO] IPUIPlugin:80 - create IPUIPlugin
2025-12-09 19:59:31,289 [INFO] PluginManager:220 - loadIPPluginJar : add nvic
2025-12-09 19:59:31,291 [INFO] IPUIPlugin:80 - create IPUIPlugin
2025-12-09 19:59:31,291 [INFO] PluginManager:220 - loadIPPluginJar : add dfsdm
2025-12-09 19:59:31,293 [INFO] IPUIPlugin:80 - create IPUIPlugin
2025-12-09 19:59:31,293 [INFO] PluginManager:220 - loadIPPluginJar : add fatfs
2025-12-09 19:59:31,294 [INFO] IPUIPlugin:80 - create IPUIPlugin
2025-12-09 19:59:31,294 [INFO] PluginManager:220 - loadIPPluginJar : add comp
2025-12-09 19:59:31,296 [INFO] IPUIPlugin:80 - create IPUIPlugin
2025-12-09 19:59:31,296 [INFO] PluginManager:220 - loadIPPluginJar : add i2s
2025-12-09 19:59:31,299 [INFO] IPUIPlugin:80 - create IPUIPlugin
2025-12-09 19:59:31,299 [INFO] PluginManager:220 - loadIPPluginJar : add cryp
2025-12-09 19:59:31,301 [INFO] IPUIPlugin:80 - create IPUIPlugin
2025-12-09 19:59:31,301 [INFO] PluginManager:220 - loadIPPluginJar : add quadspi
2025-12-09 19:59:31,307 [INFO] IPUIPlugin:80 - create IPUIPlugin
2025-12-09 19:59:31,307 [INFO] PluginManager:220 - loadIPPluginJar : add gic
2025-12-09 19:59:31,309 [INFO] IPUIPlugin:80 - create IPUIPlugin
2025-12-09 19:59:31,309 [INFO] PluginManager:220 - loadIPPluginJar : add tim
2025-12-09 19:59:31,312 [INFO] IPUIPlugin:80 - create IPUIPlugin
2025-12-09 19:59:31,312 [INFO] PluginManager:220 - loadIPPluginJar : add extmemmanager
2025-12-09 19:59:31,416 [FATAL] Updater:351 - Updater called before beeing initialized
2025-12-09 19:59:31,436 [INFO] RulesReader:64 - Compatibility file has been processed (317 Rules)
2025-12-09 19:59:31,447 [INFO] RulesReader:64 - Compatibility file has been processed (317 Rules)
2025-12-09 19:59:31,456 [INFO] CADModel:165 - CPN selected for project level
2025-12-09 19:59:31,456 [INFO] CADModel:114 - Register for checkConnection events
2025-12-09 19:59:31,456 [FATAL] Updater:351 - Updater called before beeing initialized
2025-12-09 19:59:31,456 [ERROR] CADModel:125 - Updater not yet initialized, retry later 
2025-12-09 19:59:31,583 [FATAL] Updater:351 - Updater called before beeing initialized
2025-12-09 19:59:31,585 [INFO] CADModel:165 - CPN selected for project level
2025-12-09 19:59:31,586 [INFO] CADModel:114 - Register for checkConnection events
2025-12-09 19:59:31,586 [FATAL] Updater:351 - Updater called before beeing initialized
2025-12-09 19:59:31,586 [ERROR] CADModel:125 - Updater not yet initialized, retry later 
2025-12-09 19:59:31,590 [FATAL] Updater:351 - Updater called before beeing initialized
2025-12-09 19:59:31,693 [FATAL] Updater:351 - Updater called before beeing initialized
2025-12-09 19:59:31,698 [INFO] DbMcusAds:53 - JSON generation date=Mon Nov 10 11:43:01 CET 2025 (1762771381096)
2025-12-09 19:59:31,699 [FATAL] Updater:351 - Updater called before beeing initialized
2025-12-09 19:59:31,724 [WARN] DetailPanel:346 - Failed to get advertising image, set to default
2025-12-09 19:59:31,775 [FATAL] Updater:351 - Updater called before beeing initialized
2025-12-09 19:59:31,776 [FATAL] Updater:351 - Updater called before beeing initialized
2025-12-09 19:59:31,776 [FATAL] Updater:351 - Updater called before beeing initialized
2025-12-09 19:59:31,776 [WARN] DetailPanel:346 - Failed to get advertising image, set to default
2025-12-09 19:59:31,777 [FATAL] Updater:351 - Updater called before beeing initialized
2025-12-09 19:59:31,799 [ERROR] Updater:1198 - MainUpdater not yet initialized. External WinMGr cannot be set.
2025-12-09 19:59:31,801 [INFO] Updater:1134 - Updater Version found : 6.15.0
2025-12-09 19:59:31,814 [INFO] ApplicationProperties:184 - Using Application install path: /opt/st/stm32cubeide_1.19.0/plugins/com.st.stm32cube.common.mx_6.15.0.202507011659
2025-12-09 19:59:32,098 [INFO] MainUpdater:2872 - connection check result : 10
2025-12-09 19:59:32,098 [INFO] MainUpdater:3604 - Updater definition file requires update
2025-12-09 19:59:32,099 [INFO] MainUpdater:289 - Updater Check For Update Now.
2025-12-09 19:59:32,099 [INFO] MicroXplorer:498 - Change Database Version : DB.6.0.150
2025-12-09 19:59:32,101 [INFO] McuFinderGlobals:63 - Set McuFinder mode to 2 (CubeIDE integrated)
2025-12-09 19:59:32,102 [INFO] UserAuth:487 - Internet connection configuration mode: 1
2025-12-09 19:59:32,114 [INFO] JxBrowserEngine:152 - Initiate JxBrowser Engine with user profile folder
2025-12-09 19:59:32,180 [INFO] ServerAccessManage:452 - Complete download http(s) 200
2025-12-09 19:59:32,181 [INFO] ServerAccessManage:509 - Download File updaters.zip
2025-12-09 19:59:32,258 [INFO] FileExtend:248 - Unzip File : updaters.zip
2025-12-09 19:59:32,259 [INFO] FileExtend:263 - Standard Zip Deflate
2025-12-09 19:59:32,493 [INFO] ServerAccessManage:452 - Complete download http(s) 200
2025-12-09 19:59:32,493 [INFO] ServerAccessManage:509 - Download File PacksControlFlags.xml
2025-12-09 19:59:32,592 [INFO] ServerAccessManage:452 - Complete download http(s) 200
2025-12-09 19:59:32,592 [INFO] ServerAccessManage:509 - Download File cubemx.pidx
2025-12-09 19:59:32,694 [INFO] LoadServerUpdatesThread:375 - End of LoadServerUpdate Thread
2025-12-09 19:59:32,843 [INFO] WebApp:169 - Instantiating new browser for Auth
2025-12-09 19:59:32,853 [INFO] CheckServerUpdateThread:120 - End of CheckServer Thread
2025-12-09 19:59:33,325 [INFO] WebApp:463 - Apply proxy settings
2025-12-09 19:59:33,325 [INFO] WebApp:548 - Chromium requires no authentication
2025-12-09 19:59:33,331 [INFO] WebApp:491 - Direct internet connection detected
2025-12-09 19:59:33,342 [INFO] WebApp:900 - Register for checkConnection events
2025-12-09 19:59:33,343 [INFO] WebApp:463 - Apply proxy settings
2025-12-09 19:59:33,343 [INFO] WebApp:548 - Chromium requires no authentication
2025-12-09 19:59:33,343 [INFO] WebApp:491 - Direct internet connection detected
2025-12-09 19:59:33,435 [INFO] WebApp:225 - Starting web application
2025-12-09 19:59:33,435 [INFO] WebApp:593 - Web application path used /opt/st/stm32cubeide_1.19.0/plugins/com.st.stm32cube.common.mx_6.15.0.202507011659/db/plugins/mcufinder/reactClient1/index.html
2025-12-09 19:59:33,528 [INFO] UserAuth:487 - Internet connection configuration mode: 1
2025-12-09 19:59:33,538 [INFO] WebApp:191 - Connection restablished
2025-12-09 19:59:33,907 [WARN] PackLoader:240 - Cannot read IP mode file for STMicroelectronics.FP-SNS-MOTENVWB1.1.4.0
2025-12-09 19:59:33,914 [WARN] PackLoader:240 - Cannot read IP mode file for STMicroelectronics.FP-ATR-ASTRA1.2.0.2
2025-12-09 19:59:33,919 [WARN] PackLoader:240 - Cannot read IP mode file for STMicroelectronics.X-CUBE-SMBUS.2.1.0
2025-12-09 19:59:33,923 [WARN] PackLoader:240 - Cannot read IP mode file for STMicroelectronics.X-CUBE-ST60.1.0.0
2025-12-09 19:59:33,947 [WARN] PackLoader:240 - Cannot read IP mode file for STMicroelectronics.X-CUBE-AZRTOS-F7.1.1.0
2025-12-09 19:59:33,953 [WARN] PackLoader:240 - Cannot read IP mode file for Cesanta.I-CUBE-Mongoose.7.19.0
2025-12-09 19:59:33,956 [WARN] PackLoader:240 - Cannot read IP mode file for STMicroelectronics.FP-SNS-MOTENV1.5.1.0
2025-12-09 19:59:33,963 [WARN] PackLoader:240 - Cannot read IP mode file for WES.I-CUBE-Cesium.1.4.0
2025-12-09 19:59:33,977 [WARN] PackLoader:240 - Cannot read IP mode file for Infineon.AIROC-Wi-Fi-Bluetooth-STM32.1.7.1
2025-12-09 19:59:33,999 [WARN] PackLoader:240 - Cannot read IP mode file for STMicroelectronics.X-CUBE-AZRTOS-H7.3.4.0
2025-12-09 19:59:34,008 [WARN] PackLoader:240 - Cannot read IP mode file for STMicroelectronics.X-CUBE-DISPLAY.3.0.0
2025-12-09 19:59:34,018 [WARN] PackLoader:240 - Cannot read IP mode file for STMicroelectronics.X-CUBE-NFC10.1.0.0
2025-12-09 19:59:34,023 [WARN] PackLoader:240 - Cannot read IP mode file for STMicroelectronics.X-CUBE-ST60.1.1.0
2025-12-09 19:59:34,027 [WARN] PackLoader:240 - Cannot read IP mode file for emotas.I-CUBE-CANOPEN.1.3.0
2025-12-09 19:59:34,030 [WARN] PackLoader:240 - Cannot read IP mode file for STMicroelectronics.X-CUBE-GNSS1.7.1.0
2025-12-09 19:59:34,034 [WARN] PackLoader:240 - Cannot read IP mode file for STMicroelectronics.FP-SNS-SMARTAG2.1.2.0
2025-12-09 19:59:34,037 [WARN] PackLoader:240 - Cannot read IP mode file for STMicroelectronics.FP-SNS-FLIGHT1.5.1.0
2025-12-09 19:59:34,044 [INFO] LogOutputStream:77 - [STDOUT_REDIRECT] 1 : Invalid condition id : UX_CORESTACK_Condition cause : null
2025-12-09 19:59:34,044 [INFO] LogOutputStream:77 - [STDOUT_REDIRECT] 1 : Invalid condition id : UX_CORESTACK_Condition cause : null
2025-12-09 19:59:34,045 [INFO] LogOutputStream:77 - [STDOUT_REDIRECT] 1 : Invalid condition id : UX_CORESTACK_Condition cause : null
2025-12-09 19:59:34,045 [INFO] LogOutputStream:77 - [STDOUT_REDIRECT] 1 : Invalid condition id : UX_CORESTACK_Condition cause : null
2025-12-09 19:59:34,045 [INFO] LogOutputStream:77 - [STDOUT_REDIRECT] 1 : Invalid condition id : UX_CORESTACK_Condition cause : null
2025-12-09 19:59:34,047 [WARN] PackLoader:240 - Cannot read IP mode file for STMicroelectronics.X-CUBE-AZRTOS-WL.2.0.0
2025-12-09 19:59:34,051 [WARN] PackLoader:240 - Cannot read IP mode file for STMicroelectronics.FP-SNS-MOTENV1.5.0.0
2025-12-09 19:59:34,067 [WARN] PackLoader:240 - Cannot read IP mode file for STMicroelectronics.X-CUBE-AZRTOS-H7RS.1.2.0
2025-12-09 19:59:34,074 [WARN] PackLoader:240 - Cannot read IP mode file for STMicroelectronics.X-CUBE-BLE2.3.3.0
2025-12-09 19:59:34,086 [WARN] PackLoader:240 - Cannot read IP mode file for STMicroelectronics.X-CUBE-NFC9.1.0.0
2025-12-09 19:59:34,091 [WARN] PackLoader:240 - Cannot read IP mode file for wolfSSL.I-CUBE-wolfSSL.5.8.2
2025-12-09 19:59:34,095 [WARN] PackLoader:240 - Cannot read IP mode file for STMicroelectronics.X-CUBE-BLE1.7.1.0
2025-12-09 19:59:34,098 [WARN] PackLoader:240 - Cannot read IP mode file for wolfSSL.I-CUBE-wolfMQTT.1.19.2
2025-12-09 19:59:34,101 [WARN] PackLoader:240 - Cannot read IP mode file for STMicroelectronics.X-CUBE-FREERTOS.1.4.0
2025-12-09 19:59:34,106 [WARN] PackLoader:240 - Cannot read IP mode file for STMicroelectronics.X-CUBE-EEPRMA1.5.2.0
2025-12-09 19:59:34,112 [WARN] PackLoader:240 - Cannot read IP mode file for STMicroelectronics.X-CUBE-ST67W61.1.1.0
2025-12-09 19:59:34,146 [WARN] PackLoader:240 - Cannot read IP mode file for STMicroelectronics.X-CUBE-MEMS1.12.0.0
2025-12-09 19:59:34,226 [WARN] PackLoader:240 - Cannot read IP mode file for STMicroelectronics.X-CUBE-AZRTOS-G0.1.1.0
2025-12-09 19:59:34,231 [WARN] PackLoader:240 - Cannot read IP mode file for STMicroelectronics.X-CUBE-SAFEA1.1.2.2
2025-12-09 19:59:34,235 [WARN] PackLoader:240 - Cannot read IP mode file for STMicroelectronics.X-CUBE-NFC4.3.0.0
2025-12-09 19:59:34,240 [WARN] PackLoader:240 - Cannot read IP mode file for EmbeddedOffice.I-CUBE-FS-RTOS.1.0.1
2025-12-09 19:59:34,244 [WARN] PackLoader:240 - Cannot read IP mode file for STMicroelectronics.X-CUBE-WB05N.2.0.0
2025-12-09 19:59:34,247 [WARN] PackLoader:240 - Cannot read IP mode file for wolfSSL.I-CUBE-wolfTPM.3.8.0
2025-12-09 19:59:34,250 [WARN] PackLoader:240 - Cannot read IP mode file for STMicroelectronics.X-CUBE-TCPP.4.2.0
2025-12-09 19:59:34,253 [WARN] PackLoader:240 - Cannot read IP mode file for RealThread.X-CUBE-RT-Thread_Nano.4.1.1
2025-12-09 19:59:34,256 [WARN] PackLoader:240 - Cannot read IP mode file for STMicroelectronics.FP-ATR-SIGFOX1.3.2.0
2025-12-09 19:59:34,260 [WARN] PackLoader:240 - Cannot read IP mode file for ITTIA_DB.I-CUBE-ITTIADB.8.9.0
2025-12-09 19:59:34,276 [WARN] PackLoader:240 - Cannot read IP mode file for SEGGER.I-CUBE-embOS.1.3.1
2025-12-09 19:59:34,303 [WARN] PackLoader:240 - Cannot read IP mode file for STMicroelectronics.X-CUBE-ALGOBUILD.1.4.0
2025-12-09 19:59:34,329 [WARN] PackLoader:240 - Cannot read IP mode file for STMicroelectronics.X-CUBE-MEMS1.11.3.0
2025-12-09 19:59:34,390 [WARN] PackLoader:240 - Cannot read IP mode file for STMicroelectronics.X-CUBE-PM33A1.1.0.0
2025-12-09 19:59:34,400 [WARN] PackLoader:240 - Cannot read IP mode file for STMicroelectronics.X-CUBE-AZRTOS-F4.1.1.0
2025-12-09 19:59:34,405 [WARN] PackLoader:240 - Cannot read IP mode file for STMicroelectronics.X-CUBE-ISPU.2.1.0
2025-12-09 19:59:34,412 [WARN] PackLoader:240 - Cannot read IP mode file for STMicroelectronics.X-CUBE-IPS.3.2.0
2025-12-09 19:59:34,418 [WARN] PackLoader:240 - Cannot read IP mode file for STMicroelectronics.X-CUBE-NFC12.1.0.0
2025-12-09 19:59:34,429 [WARN] PackLoader:240 - Cannot read IP mode file for STMicroelectronics.X-CUBE-AZRTOS-L5.2.0.0
2025-12-09 19:59:34,435 [WARN] PackLoader:240 - Cannot read IP mode file for STMicroelectronics.X-CUBE-NFC6.3.1.0
2025-12-09 19:59:34,438 [WARN] PackLoader:240 - Cannot read IP mode file for STMicroelectronics.X-CUBE-FREERTOS.1.3.1
2025-12-09 19:59:34,442 [WARN] PackLoader:240 - Cannot read IP mode file for STMicroelectronics.X-CUBE-TOUCHGFX.4.26.0
2025-12-09 19:59:34,444 [WARN] PackLoader:240 - Cannot read IP mode file for STMicroelectronics.X-CUBE-DPower.1.3.0
2025-12-09 19:59:34,452 [WARN] ConditionMgr:438 - getConditionDescription Invalid condition id : LAN8742 Phy interface Condition cause : null
2025-12-09 19:59:34,453 [WARN] PackLoader:240 - Cannot read IP mode file for STMicroelectronics.X-CUBE-AZRTOS-L4.2.0.0
2025-12-09 19:59:34,454 [WARN] ConditionMgr:1044 - genDependencies : Invalid condition id : LAN8742 Phy interface Condition cause : null
2025-12-09 19:59:34,454 [WARN] ConditionMgr:1044 - genDependencies : Invalid condition id : LAN8742 Phy interface Condition cause : null
2025-12-09 19:59:34,454 [WARN] ConditionMgr:1044 - genDependencies : Invalid condition id : LAN8742 Phy interface Condition cause : null
2025-12-09 19:59:34,458 [WARN] PackLoader:240 - Cannot read IP mode file for STMicroelectronics.X-CUBE-SFXS2LP1.4.0.0
2025-12-09 19:59:34,464 [WARN] PackLoader:240 - Cannot read IP mode file for STMicroelectronics.X-CUBE-BLEMGR.4.1.0
2025-12-09 19:59:34,471 [WARN] ConditionMgr:438 - getConditionDescription Invalid condition id : UX DEVICE CLASS RTOS Condition cause : null
2025-12-09 19:59:34,472 [WARN] ConditionMgr:438 - getConditionDescription Invalid condition id : UX DEVICE CLASS RTOS Condition cause : null
2025-12-09 19:59:34,473 [WARN] PackLoader:240 - Cannot read IP mode file for STMicroelectronics.X-CUBE-AZRTOS-WB.2.0.0
2025-12-09 19:59:34,474 [WARN] ConditionMgr:1044 - genDependencies : Invalid condition id : UX DEVICE CLASS RTOS Condition cause : null
2025-12-09 19:59:34,474 [WARN] ConditionMgr:1044 - genDependencies : Invalid condition id : UX DEVICE CLASS RTOS Condition cause : null
2025-12-09 19:59:34,474 [WARN] ConditionMgr:1044 - genDependencies : Invalid condition id : UX DEVICE CLASS RTOS Condition cause : null
2025-12-09 19:59:34,475 [WARN] ConditionMgr:1044 - genDependencies : Invalid condition id : UX DEVICE CLASS RTOS Condition cause : null
2025-12-09 19:59:34,475 [WARN] ConditionMgr:1044 - genDependencies : Invalid condition id : UX DEVICE CLASS RTOS Condition cause : null
2025-12-09 19:59:34,477 [WARN] PackLoader:240 - Cannot read IP mode file for STMicroelectronics.X-CUBE-GNSS1.7.0.1
2025-12-09 19:59:34,479 [WARN] ConditionMgr:438 - getConditionDescription Invalid condition id : Cortex-A Device cause : null
2025-12-09 19:59:34,482 [WARN] ConditionMgr:1044 - genDependencies : Invalid condition id : Cortex-A Device cause : null
2025-12-09 19:59:34,482 [WARN] ConditionMgr:1044 - genDependencies : Invalid condition id : Cortex-A Device cause : null
2025-12-09 19:59:34,482 [WARN] ConditionMgr:1044 - genDependencies : Invalid condition id : Cortex-A Device cause : null
2025-12-09 19:59:34,487 [WARN] PackLoader:240 - Cannot read IP mode file for STMicroelectronics.X-CUBE-SUBG2.5.0.0
2025-12-09 19:59:34,496 [WARN] PackLoader:240 - Cannot read IP mode file for STMicroelectronics.X-CUBE-AZRTOS-H7RS.1.1.0
2025-12-09 19:59:34,511 [WARN] PackLoader:240 - Cannot read IP mode file for STMicroelectronics.X-CUBE-AZRTOS-G4.2.0.0
2025-12-09 19:59:34,513 [WARN] PackLoader:240 - Cannot read IP mode file for wolfSSL.I-CUBE-wolfSSH.1.4.20
2025-12-09 19:59:34,515 [WARN] PackLoader:240 - Cannot read IP mode file for STMicroelectronics.X-CUBE-NFC7.2.0.0
2025-12-09 19:59:34,516 [WARN] PackLoader:240 - Cannot read IP mode file for STMicroelectronics.X-CUBE-ALS.1.0.2
2025-12-09 19:59:34,519 [WARN] PackLoader:240 - Cannot read IP mode file for STMicroelectronics.X-CUBE-STSE01.1.0.0
2025-12-09 19:59:34,523 [WARN] PackLoader:240 - Cannot read IP mode file for STMicroelectronics.X-CUBE-TOF1.3.4.3
2025-12-09 19:59:34,528 [INFO] ThirdParty:978 - Integrity check success = true
2025-12-09 19:59:34,528 [INFO] IntegrityCheckThread:100 - exiting critical section [integrity check]
2025-12-09 19:59:34,528 [INFO] IntegrityCheckThread:103 - End integrity checks thread
2025-12-09 22:02:28,038 [ERROR] LogOutputStream:75 - [STDERR_REDIRECT] SWT SessionManagerDBus: Failed to UnregisterClient: GDBus.Error:org.freedesktop.DBus.Error.NoReply: Message recipient disconnected from message bus without replying
