2026-01-04 00:33:19,356 [INFO] Activator:176 - 


2026-01-04 00:33:19,358 [INFO] Activator:177 - !SESSION log4j initialized
2026-01-04 00:33:22,419 [INFO] LogOutputStream:77 - [STDOUT_REDIRECT] 
2026-01-04 00:33:23,007 [INFO] ApplicationProperties:184 - Using Application install path: /opt/st/stm32cubeide_1.19.0/plugins/com.st.stm32cube.common.mx_6.15.0.202507011659
2026-01-04 00:33:23,020 [INFO] DbMcusXml:78 - Set database path to: /opt/st/stm32cubeide_1.19.0/plugins/com.st.stm32cube.common.mx_6.15.0.202507011659//db//mcu/
2026-01-04 00:33:23,020 [INFO] ApiDb:274 - Set plugin database path to: /opt/st/stm32cubeide_1.19.0/plugins/com.st.stm32cube.common.mx_6.15.0.202507011659//db//plugins/boardmanager/
2026-01-04 00:33:23,020 [WARN] ApiDb:259 - Overriding images path with different value:  => /opt/st/stm32cubeide_1.19.0/plugins/com.st.stm32cube.common.mx_6.15.0.202507011659//db//plugins/mcufinder/images/
2026-01-04 00:33:23,025 [INFO] ApiDb:250 - Set database path to: /home/kamil/.stmcufinder/plugins/mcufinder//mcu/
2026-01-04 00:33:23,026 [INFO] DbMcusAds:125 - Set database path to: /home/kamil/.stmcufinder/plugins/mcufinder//mcu/
2026-01-04 00:33:23,028 [INFO] CrossReferenceDbSqlite:203 - Set database path to: /home/kamil/.stmcufinder/plugins/mcufinder//mcu/cs/
2026-01-04 00:33:23,109 [INFO] RulesReader:64 - Compatibility file has been processed (317 Rules)
2026-01-04 00:33:23,157 [INFO] DbMcusXml:78 - Set database path to: /opt/st/stm32cubeide_1.19.0/plugins/com.st.stm32cube.common.mx_6.15.0.202507011659//db//mcu/
2026-01-04 00:33:23,157 [INFO] ApiDb:274 - Set plugin database path to: /opt/st/stm32cubeide_1.19.0/plugins/com.st.stm32cube.common.mx_6.15.0.202507011659//db//plugins/boardmanager/
2026-01-04 00:33:23,157 [INFO] ApiDb:261 - Set plugin images path to: /opt/st/stm32cubeide_1.19.0/plugins/com.st.stm32cube.common.mx_6.15.0.202507011659//db//plugins/mcufinder/images/
2026-01-04 00:33:23,158 [WARN] DbFile:41 - Overriding database path with different value: /home/kamil/.stmcufinder/plugins/mcufinder/ => /home/kamil/.stmcufinder/plugins/mcufinder
2026-01-04 00:33:23,158 [INFO] ApiDb:250 - Set database path to: /home/kamil/.stmcufinder/plugins/mcufinder//mcu/
2026-01-04 00:33:23,158 [WARN] DbFile:41 - Overriding database path with different value: /home/kamil/.stmcufinder/plugins/mcufinder/ => /home/kamil/.stmcufinder/plugins/mcufinder
2026-01-04 00:33:23,158 [INFO] DbMcusAds:125 - Set database path to: /home/kamil/.stmcufinder/plugins/mcufinder//mcu/
2026-01-04 00:33:23,158 [WARN] DbFile:41 - Overriding database path with different value: /home/kamil/.stmcufinder/plugins/mcufinder/ => /home/kamil/.stmcufinder/plugins/mcufinder
2026-01-04 00:33:23,158 [WARN] DbFile:41 - Overriding database path with different value: /home/kamil/.stmcufinder/plugins/mcufinder/ => /home/kamil/.stmcufinder/plugins/mcufinder
2026-01-04 00:33:23,158 [INFO] CrossReferenceDbSqlite:203 - Set database path to: /home/kamil/.stmcufinder/plugins/mcufinder//mcu/cs/
2026-01-04 00:33:23,212 [INFO] MainPanel:274 - HeapMemory: 268435456
2026-01-04 00:33:23,305 [INFO] DbMcusXml:78 - Set database path to: /opt/st/stm32cubeide_1.19.0/plugins/com.st.stm32cube.common.mx_6.15.0.202507011659//db//mcu/
2026-01-04 00:33:23,305 [INFO] ApiDb:274 - Set plugin database path to: /opt/st/stm32cubeide_1.19.0/plugins/com.st.stm32cube.common.mx_6.15.0.202507011659//db//plugins/boardmanager/
2026-01-04 00:33:23,305 [INFO] ApiDb:261 - Set plugin images path to: /opt/st/stm32cubeide_1.19.0/plugins/com.st.stm32cube.common.mx_6.15.0.202507011659//db//plugins/mcufinder/images/
2026-01-04 00:33:23,306 [WARN] DbFile:41 - Overriding database path with different value: /home/kamil/.stmcufinder/plugins/mcufinder/ => /home/kamil/.stmcufinder/plugins/mcufinder
2026-01-04 00:33:23,306 [INFO] ApiDb:250 - Set database path to: /home/kamil/.stmcufinder/plugins/mcufinder//mcu/
2026-01-04 00:33:23,306 [WARN] DbFile:41 - Overriding database path with different value: /home/kamil/.stmcufinder/plugins/mcufinder/ => /home/kamil/.stmcufinder/plugins/mcufinder
2026-01-04 00:33:23,306 [INFO] DbMcusAds:125 - Set database path to: /home/kamil/.stmcufinder/plugins/mcufinder//mcu/
2026-01-04 00:33:23,306 [WARN] DbFile:41 - Overriding database path with different value: /home/kamil/.stmcufinder/plugins/mcufinder/ => /home/kamil/.stmcufinder/plugins/mcufinder
2026-01-04 00:33:23,306 [WARN] DbFile:41 - Overriding database path with different value: /home/kamil/.stmcufinder/plugins/mcufinder/ => /home/kamil/.stmcufinder/plugins/mcufinder
2026-01-04 00:33:23,306 [INFO] CrossReferenceDbSqlite:203 - Set database path to: /home/kamil/.stmcufinder/plugins/mcufinder//mcu/cs/
2026-01-04 00:33:23,316 [INFO] ApplicationProperties:184 - Using Application install path: /opt/st/stm32cubeide_1.19.0/plugins/com.st.stm32cube.common.mx_6.15.0.202507011659
2026-01-04 00:33:23,317 [INFO] PluginManage:196 - Search for loadable plugins [exclusion list=, ]
2026-01-04 00:33:23,318 [INFO] PluginManage:310 - Check plugin analytics
2026-01-04 00:33:23,434 [INFO] AnalyticsPlugin:253 - Accepted Software Licenses: 
2026-01-04 00:33:23,435 [INFO] AnalyticsPlugin:255 - Accepted CMSIS Pack Licenses: 
2026-01-04 00:33:23,435 [INFO] AnalyticsPlugin:257 - Accepted Firmware Licenses: FW.F4.1.28.0
2026-01-04 00:33:23,436 [INFO] PluginManage:359 - Loaded plugin analytics (category:tool,tabindex:-1)
2026-01-04 00:33:23,436 [INFO] PluginManage:310 - Check plugin cadmodel
2026-01-04 00:33:23,441 [INFO] CADModel:105 - Init CAD model plugin
2026-01-04 00:33:23,441 [INFO] PluginManage:359 - Loaded plugin cadmodel (category:power,tabindex:5)
2026-01-04 00:33:23,441 [INFO] PluginManage:310 - Check plugin clock
2026-01-04 00:33:23,449 [INFO] PluginManage:359 - Loaded plugin clock (category:base,tabindex:2)
2026-01-04 00:33:23,449 [INFO] PluginManage:310 - Check plugin ddr
2026-01-04 00:33:23,451 [INFO] PluginManage:359 - Loaded plugin ddr (category:tool,tabindex:6)
2026-01-04 00:33:23,451 [INFO] PluginManage:310 - Check plugin filemanager
2026-01-04 00:33:23,541 [INFO] PluginManage:359 - Loaded plugin filemanager (category:base,tabindex:10)
2026-01-04 00:33:23,542 [INFO] PluginManage:310 - Check plugin ipmanager
2026-01-04 00:33:23,545 [INFO] PluginManage:359 - Loaded plugin ipmanager (category:base,tabindex:5)
2026-01-04 00:33:23,545 [INFO] PluginManage:310 - Check plugin lpbam
2026-01-04 00:33:23,552 [INFO] PluginManage:359 - Loaded plugin lpbam (category:base,tabindex:0)
2026-01-04 00:33:23,552 [INFO] PluginManage:310 - Check plugin memorymap
2026-01-04 00:33:23,560 [INFO] PluginManage:359 - Loaded plugin memorymap (category:base,tabindex:4)
2026-01-04 00:33:23,560 [INFO] PluginManage:310 - Check plugin pinoutandconfiguration
2026-01-04 00:33:23,566 [INFO] PluginManage:359 - Loaded plugin pinoutandconfiguration (category:base,tabindex:1)
2026-01-04 00:33:23,566 [INFO] PluginManage:310 - Check plugin pinoutconfig
2026-01-04 00:33:23,627 [WARN] SupportedApi:132 - Cannot load RTOS API schema: s4s-elt-must-match.1: The content of 'definitions' must match (annotation?, (simpleType | complexType)?, (unique | key | keyref)*)). A problem was found starting at: attribute.
2026-01-04 00:33:23,754 [INFO] PluginManage:359 - Loaded plugin pinoutconfig (category:base,tabindex:0)
2026-01-04 00:33:23,754 [INFO] PluginManage:310 - Check plugin power
2026-01-04 00:33:23,763 [INFO] PluginManage:359 - Loaded plugin power (category:power,tabindex:4)
2026-01-04 00:33:23,763 [INFO] PluginManage:310 - Check plugin projectmanager
2026-01-04 00:33:23,775 [INFO] PluginManage:359 - Loaded plugin projectmanager (category:projectmanager,tabindex:4)
2026-01-04 00:33:23,775 [INFO] PluginManage:310 - Check plugin rif
2026-01-04 00:33:23,783 [INFO] PluginManage:359 - Loaded plugin rif (category:base,tabindex:3)
2026-01-04 00:33:23,783 [INFO] PluginManage:310 - Check plugin thirdparty
2026-01-04 00:33:23,886 [INFO] PluginManage:359 - Loaded plugin thirdparty (category:base,tabindex:-1)
2026-01-04 00:33:23,886 [WARN] IntegrityCheckThread:84 - waiting for thirdparty lock release [integrity check]
2026-01-04 00:33:23,886 [INFO] PluginManage:310 - Check plugin tools
2026-01-04 00:33:23,886 [INFO] IntegrityCheckThread:86 - entering critical section [integrity check]
2026-01-04 00:33:23,887 [INFO] ThirdPartyUpdaterWithRetryManager:70 - Updater plugin not ready yet. [1/15]
2026-01-04 00:33:23,889 [INFO] PluginManage:359 - Loaded plugin tools (category:base,tabindex:7)
2026-01-04 00:33:23,889 [INFO] PluginManage:310 - Check plugin tutovideos
2026-01-04 00:33:24,021 [INFO] PluginManage:359 - Loaded plugin tutovideos (category:base,tabindex:-1)
2026-01-04 00:33:24,022 [INFO] PluginManage:310 - Check plugin updater
2026-01-04 00:33:24,038 [INFO] PluginManage:359 - Loaded plugin updater (category:base,tabindex:12)
2026-01-04 00:33:24,038 [INFO] PluginManage:310 - Check plugin userauth
2026-01-04 00:33:24,040 [INFO] UserAuth:118 - Init User Auth plugin
2026-01-04 00:33:24,041 [INFO] PluginManage:359 - Loaded plugin userauth (category:base,tabindex:14)
2026-01-04 00:33:24,041 [INFO] PluginManage:283 - PluginManage : Loaded plugins [18]
2026-01-04 00:33:24,175 [INFO] PinOutPanel:1589 - setPackage(No Configuration,No Configuration)
2026-01-04 00:33:24,219 [INFO] CADModel:165 - CPN selected for project level
2026-01-04 00:33:24,219 [INFO] CADModel:114 - Register for checkConnection events
2026-01-04 00:33:24,227 [INFO] IPUIPlugin:80 - create IPUIPlugin
2026-01-04 00:33:24,227 [INFO] PluginManager:220 - loadIPPluginJar : add tracer_emb
2026-01-04 00:33:24,228 [INFO] IPUIPlugin:80 - create IPUIPlugin
2026-01-04 00:33:24,229 [INFO] PluginManager:220 - loadIPPluginJar : add radio
2026-01-04 00:33:24,233 [INFO] IPUIPlugin:80 - create IPUIPlugin
2026-01-04 00:33:24,233 [INFO] PluginManager:220 - loadIPPluginJar : add ddr_ctrl_phy
2026-01-04 00:33:24,238 [INFO] IPUIPlugin:80 - create IPUIPlugin
2026-01-04 00:33:24,238 [INFO] PluginManager:220 - loadIPPluginJar : add mdma
2026-01-04 00:33:24,240 [INFO] IPUIPlugin:80 - create IPUIPlugin
2026-01-04 00:33:24,240 [INFO] PluginManager:220 - loadIPPluginJar : add touchsensing
2026-01-04 00:33:24,241 [INFO] IPUIPlugin:80 - create IPUIPlugin
2026-01-04 00:33:24,242 [INFO] PluginManager:220 - loadIPPluginJar : add ucpd
2026-01-04 00:33:24,246 [INFO] IPUIPlugin:80 - create IPUIPlugin
2026-01-04 00:33:24,248 [INFO] PluginManager:220 - loadIPPluginJar : add plateformsettings
2026-01-04 00:33:24,251 [INFO] IPUIPlugin:80 - create IPUIPlugin
2026-01-04 00:33:24,252 [INFO] PluginManager:220 - loadIPPluginJar : add ipddr
2026-01-04 00:33:24,257 [INFO] IPUIPlugin:80 - create IPUIPlugin
2026-01-04 00:33:24,257 [INFO] PluginManager:220 - loadIPPluginJar : add resmgrutility
2026-01-04 00:33:24,259 [INFO] IPUIPlugin:80 - create IPUIPlugin
2026-01-04 00:33:24,259 [INFO] PluginManager:220 - loadIPPluginJar : add ts
2026-01-04 00:33:24,261 [INFO] IPUIPlugin:80 - create IPUIPlugin
2026-01-04 00:33:24,261 [INFO] PluginManager:220 - loadIPPluginJar : add dma3
2026-01-04 00:33:24,264 [INFO] IPUIPlugin:80 - create IPUIPlugin
2026-01-04 00:33:24,264 [INFO] PluginManager:220 - loadIPPluginJar : add openamp
2026-01-04 00:33:24,266 [INFO] IPUIPlugin:80 - create IPUIPlugin
2026-01-04 00:33:24,266 [INFO] PluginManager:220 - loadIPPluginJar : add opamp
2026-01-04 00:33:24,268 [INFO] IPUIPlugin:80 - create IPUIPlugin
2026-01-04 00:33:24,268 [INFO] PluginManager:220 - loadIPPluginJar : add pdm2pcm
2026-01-04 00:33:24,270 [INFO] IPUIPlugin:80 - create IPUIPlugin
2026-01-04 00:33:24,270 [INFO] PluginManager:220 - loadIPPluginJar : add gfxmmu
2026-01-04 00:33:24,272 [INFO] IPUIPlugin:80 - create IPUIPlugin
2026-01-04 00:33:24,272 [INFO] PluginManager:220 - loadIPPluginJar : add aes
2026-01-04 00:33:24,274 [INFO] IPUIPlugin:80 - create IPUIPlugin
2026-01-04 00:33:24,274 [INFO] PluginManager:220 - loadIPPluginJar : add gtzc
2026-01-04 00:33:24,277 [INFO] IPUIPlugin:80 - create IPUIPlugin
2026-01-04 00:33:24,277 [INFO] PluginManager:220 - loadIPPluginJar : add sai
2026-01-04 00:33:24,278 [INFO] IPUIPlugin:80 - create IPUIPlugin
2026-01-04 00:33:24,278 [INFO] PluginManager:220 - loadIPPluginJar : add tsc
2026-01-04 00:33:24,280 [INFO] IPUIPlugin:80 - create IPUIPlugin
2026-01-04 00:33:24,280 [INFO] PluginManager:220 - loadIPPluginJar : add usbx
2026-01-04 00:33:24,282 [INFO] IPUIPlugin:80 - create IPUIPlugin
2026-01-04 00:33:24,282 [INFO] PluginManager:220 - loadIPPluginJar : add can
2026-01-04 00:33:24,284 [INFO] IPUIPlugin:80 - create IPUIPlugin
2026-01-04 00:33:24,285 [INFO] PluginManager:220 - loadIPPluginJar : add i2c
2026-01-04 00:33:24,287 [INFO] IPUIPlugin:80 - create IPUIPlugin
2026-01-04 00:33:24,287 [INFO] PluginManager:220 - loadIPPluginJar : add lorawan
2026-01-04 00:33:24,288 [INFO] IPUIPlugin:80 - create IPUIPlugin
2026-01-04 00:33:24,288 [INFO] PluginManager:220 - loadIPPluginJar : add spi
2026-01-04 00:33:24,295 [INFO] IPUIPlugin:80 - create IPUIPlugin
2026-01-04 00:33:24,295 [INFO] PluginManager:220 - loadIPPluginJar : add linkedlist
2026-01-04 00:33:24,299 [INFO] IPUIPlugin:80 - create IPUIPlugin
2026-01-04 00:33:24,299 [INFO] PluginManager:220 - loadIPPluginJar : add fmc
2026-01-04 00:33:24,301 [INFO] IPUIPlugin:80 - create IPUIPlugin
2026-01-04 00:33:24,301 [INFO] PluginManager:220 - loadIPPluginJar : add i3c
2026-01-04 00:33:24,302 [INFO] IPUIPlugin:80 - create IPUIPlugin
2026-01-04 00:33:24,302 [INFO] PluginManager:220 - loadIPPluginJar : add ltdc
2026-01-04 00:33:24,306 [INFO] IPUIPlugin:80 - create IPUIPlugin
2026-01-04 00:33:24,307 [INFO] PluginManager:220 - loadIPPluginJar : add dma
2026-01-04 00:33:24,311 [INFO] IPUIPlugin:80 - create IPUIPlugin
2026-01-04 00:33:24,312 [INFO] PluginManager:220 - loadIPPluginJar : add freertos
2026-01-04 00:33:24,314 [INFO] IPUIPlugin:80 - create IPUIPlugin
2026-01-04 00:33:24,314 [INFO] PluginManager:220 - loadIPPluginJar : add hash
2026-01-04 00:33:24,319 [INFO] IPUIPlugin:80 - create IPUIPlugin
2026-01-04 00:33:24,319 [INFO] PluginManager:220 - loadIPPluginJar : add adc
2026-01-04 00:33:24,321 [INFO] IPUIPlugin:80 - create IPUIPlugin
2026-01-04 00:33:24,321 [INFO] PluginManager:220 - loadIPPluginJar : add usart
2026-01-04 00:33:24,327 [INFO] IPUIPlugin:80 - create IPUIPlugin
2026-01-04 00:33:24,327 [INFO] PluginManager:220 - loadIPPluginJar : add stm32_wpan
2026-01-04 00:33:24,328 [INFO] IPUIPlugin:80 - create IPUIPlugin
2026-01-04 00:33:24,328 [INFO] PluginManager:220 - loadIPPluginJar : add genericplugin
2026-01-04 00:33:24,332 [INFO] IPUIPlugin:80 - create IPUIPlugin
2026-01-04 00:33:24,332 [INFO] PluginManager:220 - loadIPPluginJar : add gpio
2026-01-04 00:33:24,336 [INFO] IPUIPlugin:80 - create IPUIPlugin
2026-01-04 00:33:24,336 [INFO] PluginManager:220 - loadIPPluginJar : add nvic
2026-01-04 00:33:24,337 [INFO] IPUIPlugin:80 - create IPUIPlugin
2026-01-04 00:33:24,338 [INFO] PluginManager:220 - loadIPPluginJar : add dfsdm
2026-01-04 00:33:24,339 [INFO] IPUIPlugin:80 - create IPUIPlugin
2026-01-04 00:33:24,339 [INFO] PluginManager:220 - loadIPPluginJar : add fatfs
2026-01-04 00:33:24,341 [INFO] IPUIPlugin:80 - create IPUIPlugin
2026-01-04 00:33:24,341 [INFO] PluginManager:220 - loadIPPluginJar : add comp
2026-01-04 00:33:24,343 [INFO] IPUIPlugin:80 - create IPUIPlugin
2026-01-04 00:33:24,343 [INFO] PluginManager:220 - loadIPPluginJar : add i2s
2026-01-04 00:33:24,345 [INFO] IPUIPlugin:80 - create IPUIPlugin
2026-01-04 00:33:24,345 [INFO] PluginManager:220 - loadIPPluginJar : add cryp
2026-01-04 00:33:24,347 [INFO] IPUIPlugin:80 - create IPUIPlugin
2026-01-04 00:33:24,347 [INFO] PluginManager:220 - loadIPPluginJar : add quadspi
2026-01-04 00:33:24,352 [INFO] IPUIPlugin:80 - create IPUIPlugin
2026-01-04 00:33:24,352 [INFO] PluginManager:220 - loadIPPluginJar : add gic
2026-01-04 00:33:24,353 [INFO] IPUIPlugin:80 - create IPUIPlugin
2026-01-04 00:33:24,354 [INFO] PluginManager:220 - loadIPPluginJar : add tim
2026-01-04 00:33:24,356 [INFO] IPUIPlugin:80 - create IPUIPlugin
2026-01-04 00:33:24,356 [INFO] PluginManager:220 - loadIPPluginJar : add extmemmanager
2026-01-04 00:33:24,456 [FATAL] Updater:351 - Updater called before beeing initialized
2026-01-04 00:33:24,476 [INFO] RulesReader:64 - Compatibility file has been processed (317 Rules)
2026-01-04 00:33:24,485 [INFO] RulesReader:64 - Compatibility file has been processed (317 Rules)
2026-01-04 00:33:24,489 [INFO] CADModel:165 - CPN selected for project level
2026-01-04 00:33:24,489 [INFO] CADModel:114 - Register for checkConnection events
2026-01-04 00:33:24,489 [FATAL] Updater:351 - Updater called before beeing initialized
2026-01-04 00:33:24,489 [ERROR] CADModel:125 - Updater not yet initialized, retry later 
2026-01-04 00:33:24,573 [FATAL] Updater:351 - Updater called before beeing initialized
2026-01-04 00:33:24,575 [INFO] CADModel:165 - CPN selected for project level
2026-01-04 00:33:24,576 [INFO] CADModel:114 - Register for checkConnection events
2026-01-04 00:33:24,576 [FATAL] Updater:351 - Updater called before beeing initialized
2026-01-04 00:33:24,576 [ERROR] CADModel:125 - Updater not yet initialized, retry later 
2026-01-04 00:33:24,579 [FATAL] Updater:351 - Updater called before beeing initialized
2026-01-04 00:33:24,660 [FATAL] Updater:351 - Updater called before beeing initialized
2026-01-04 00:33:24,664 [INFO] DbMcusAds:53 - JSON generation date=Mon Nov 10 11:43:01 CET 2025 (1762771381096)
2026-01-04 00:33:24,664 [FATAL] Updater:351 - Updater called before beeing initialized
2026-01-04 00:33:24,688 [WARN] DetailPanel:346 - Failed to get advertising image, set to default
2026-01-04 00:33:24,735 [FATAL] Updater:351 - Updater called before beeing initialized
2026-01-04 00:33:24,736 [FATAL] Updater:351 - Updater called before beeing initialized
2026-01-04 00:33:24,736 [FATAL] Updater:351 - Updater called before beeing initialized
2026-01-04 00:33:24,737 [WARN] DetailPanel:346 - Failed to get advertising image, set to default
2026-01-04 00:33:24,737 [FATAL] Updater:351 - Updater called before beeing initialized
2026-01-04 00:33:24,756 [ERROR] Updater:1198 - MainUpdater not yet initialized. External WinMGr cannot be set.
2026-01-04 00:33:24,757 [INFO] Updater:1134 - Updater Version found : 6.15.0
2026-01-04 00:33:24,769 [INFO] ApplicationProperties:184 - Using Application install path: /opt/st/stm32cubeide_1.19.0/plugins/com.st.stm32cube.common.mx_6.15.0.202507011659
2026-01-04 00:33:25,184 [INFO] MainUpdater:2872 - connection check result : 10
2026-01-04 00:33:25,185 [INFO] MainUpdater:289 - Updater Check For Update Now.
2026-01-04 00:33:25,185 [INFO] MicroXplorer:498 - Change Database Version : DB.6.0.150
2026-01-04 00:33:25,190 [INFO] McuFinderGlobals:63 - Set McuFinder mode to 2 (CubeIDE integrated)
2026-01-04 00:33:25,191 [INFO] UserAuth:487 - Internet connection configuration mode: 1
2026-01-04 00:33:25,207 [INFO] JxBrowserEngine:152 - Initiate JxBrowser Engine with user profile folder
2026-01-04 00:33:25,337 [INFO] CheckServerUpdateThread:120 - End of CheckServer Thread
2026-01-04 00:33:25,790 [INFO] WebApp:169 - Instantiating new browser for Auth
2026-01-04 00:33:26,235 [INFO] WebApp:463 - Apply proxy settings
2026-01-04 00:33:26,235 [INFO] WebApp:548 - Chromium requires no authentication
2026-01-04 00:33:26,240 [INFO] WebApp:491 - Direct internet connection detected
2026-01-04 00:33:26,252 [INFO] WebApp:900 - Register for checkConnection events
2026-01-04 00:33:26,252 [INFO] WebApp:463 - Apply proxy settings
2026-01-04 00:33:26,252 [INFO] WebApp:548 - Chromium requires no authentication
2026-01-04 00:33:26,252 [INFO] WebApp:491 - Direct internet connection detected
2026-01-04 00:33:26,328 [INFO] WebApp:225 - Starting web application
2026-01-04 00:33:26,328 [INFO] WebApp:593 - Web application path used /opt/st/stm32cubeide_1.19.0/plugins/com.st.stm32cube.common.mx_6.15.0.202507011659/db/plugins/mcufinder/reactClient1/index.html
2026-01-04 00:33:26,397 [INFO] UserAuth:487 - Internet connection configuration mode: 1
2026-01-04 00:33:26,573 [INFO] WebApp:191 - Connection restablished
2026-01-04 00:33:26,975 [WARN] PackLoader:240 - Cannot read IP mode file for STMicroelectronics.FP-SNS-MOTENVWB1.1.4.0
2026-01-04 00:33:26,981 [WARN] PackLoader:240 - Cannot read IP mode file for STMicroelectronics.FP-ATR-ASTRA1.2.0.2
2026-01-04 00:33:26,986 [WARN] PackLoader:240 - Cannot read IP mode file for STMicroelectronics.X-CUBE-SMBUS.2.1.0
2026-01-04 00:33:26,989 [WARN] PackLoader:240 - Cannot read IP mode file for STMicroelectronics.X-CUBE-ST60.1.0.0
2026-01-04 00:33:27,009 [WARN] PackLoader:240 - Cannot read IP mode file for STMicroelectronics.X-CUBE-AZRTOS-F7.1.1.0
2026-01-04 00:33:27,015 [WARN] PackLoader:240 - Cannot read IP mode file for Cesanta.I-CUBE-Mongoose.7.19.0
2026-01-04 00:33:27,017 [WARN] PackLoader:240 - Cannot read IP mode file for STMicroelectronics.FP-SNS-MOTENV1.5.1.0
2026-01-04 00:33:27,024 [WARN] PackLoader:240 - Cannot read IP mode file for WES.I-CUBE-Cesium.1.4.0
2026-01-04 00:33:27,041 [WARN] PackLoader:240 - Cannot read IP mode file for Infineon.AIROC-Wi-Fi-Bluetooth-STM32.1.7.1
2026-01-04 00:33:27,060 [WARN] PackLoader:240 - Cannot read IP mode file for STMicroelectronics.X-CUBE-AZRTOS-H7.3.4.0
2026-01-04 00:33:27,068 [WARN] PackLoader:240 - Cannot read IP mode file for STMicroelectronics.X-CUBE-DISPLAY.3.0.0
2026-01-04 00:33:27,076 [WARN] PackLoader:240 - Cannot read IP mode file for STMicroelectronics.X-CUBE-NFC10.1.0.0
2026-01-04 00:33:27,081 [WARN] PackLoader:240 - Cannot read IP mode file for STMicroelectronics.X-CUBE-ST60.1.1.0
2026-01-04 00:33:27,084 [WARN] PackLoader:240 - Cannot read IP mode file for emotas.I-CUBE-CANOPEN.1.3.0
2026-01-04 00:33:27,087 [WARN] PackLoader:240 - Cannot read IP mode file for STMicroelectronics.X-CUBE-GNSS1.7.1.0
2026-01-04 00:33:27,091 [WARN] PackLoader:240 - Cannot read IP mode file for STMicroelectronics.FP-SNS-SMARTAG2.1.2.0
2026-01-04 00:33:27,094 [WARN] PackLoader:240 - Cannot read IP mode file for STMicroelectronics.FP-SNS-FLIGHT1.5.1.0
2026-01-04 00:33:27,099 [INFO] LogOutputStream:77 - [STDOUT_REDIRECT] 1 : Invalid condition id : UX_CORESTACK_Condition cause : null
2026-01-04 00:33:27,100 [INFO] LogOutputStream:77 - [STDOUT_REDIRECT] 1 : Invalid condition id : UX_CORESTACK_Condition cause : null
2026-01-04 00:33:27,100 [INFO] LogOutputStream:77 - [STDOUT_REDIRECT] 1 : Invalid condition id : UX_CORESTACK_Condition cause : null
2026-01-04 00:33:27,100 [INFO] LogOutputStream:77 - [STDOUT_REDIRECT] 1 : Invalid condition id : UX_CORESTACK_Condition cause : null
2026-01-04 00:33:27,100 [INFO] LogOutputStream:77 - [STDOUT_REDIRECT] 1 : Invalid condition id : UX_CORESTACK_Condition cause : null
2026-01-04 00:33:27,109 [WARN] PackLoader:240 - Cannot read IP mode file for STMicroelectronics.X-CUBE-AZRTOS-WL.2.0.0
2026-01-04 00:33:27,113 [WARN] PackLoader:240 - Cannot read IP mode file for STMicroelectronics.FP-SNS-MOTENV1.5.0.0
2026-01-04 00:33:27,125 [WARN] PackLoader:240 - Cannot read IP mode file for STMicroelectronics.X-CUBE-AZRTOS-H7RS.1.2.0
2026-01-04 00:33:27,131 [WARN] PackLoader:240 - Cannot read IP mode file for STMicroelectronics.X-CUBE-BLE2.3.3.0
2026-01-04 00:33:27,143 [WARN] PackLoader:240 - Cannot read IP mode file for STMicroelectronics.X-CUBE-NFC9.1.0.0
2026-01-04 00:33:27,147 [WARN] PackLoader:240 - Cannot read IP mode file for wolfSSL.I-CUBE-wolfSSL.5.8.2
2026-01-04 00:33:27,150 [WARN] PackLoader:240 - Cannot read IP mode file for STMicroelectronics.X-CUBE-BLE1.7.1.0
2026-01-04 00:33:27,152 [WARN] PackLoader:240 - Cannot read IP mode file for wolfSSL.I-CUBE-wolfMQTT.1.19.2
2026-01-04 00:33:27,155 [WARN] PackLoader:240 - Cannot read IP mode file for STMicroelectronics.X-CUBE-FREERTOS.1.4.0
2026-01-04 00:33:27,158 [WARN] PackLoader:240 - Cannot read IP mode file for STMicroelectronics.X-CUBE-EEPRMA1.5.2.0
2026-01-04 00:33:27,163 [WARN] PackLoader:240 - Cannot read IP mode file for STMicroelectronics.X-CUBE-ST67W61.1.1.0
2026-01-04 00:33:27,186 [WARN] PackLoader:240 - Cannot read IP mode file for STMicroelectronics.X-CUBE-MEMS1.12.0.0
2026-01-04 00:33:27,266 [WARN] PackLoader:240 - Cannot read IP mode file for STMicroelectronics.X-CUBE-AZRTOS-G0.1.1.0
2026-01-04 00:33:27,273 [WARN] PackLoader:240 - Cannot read IP mode file for STMicroelectronics.X-CUBE-SAFEA1.1.2.2
2026-01-04 00:33:27,277 [WARN] PackLoader:240 - Cannot read IP mode file for STMicroelectronics.X-CUBE-NFC4.3.0.0
2026-01-04 00:33:27,284 [WARN] PackLoader:240 - Cannot read IP mode file for EmbeddedOffice.I-CUBE-FS-RTOS.1.0.1
2026-01-04 00:33:27,289 [WARN] PackLoader:240 - Cannot read IP mode file for STMicroelectronics.X-CUBE-WB05N.2.0.0
2026-01-04 00:33:27,293 [WARN] PackLoader:240 - Cannot read IP mode file for wolfSSL.I-CUBE-wolfTPM.3.8.0
2026-01-04 00:33:27,312 [WARN] PackLoader:240 - Cannot read IP mode file for STMicroelectronics.X-CUBE-TCPP.4.2.0
2026-01-04 00:33:27,319 [WARN] PackLoader:240 - Cannot read IP mode file for RealThread.X-CUBE-RT-Thread_Nano.4.1.1
2026-01-04 00:33:27,322 [WARN] PackLoader:240 - Cannot read IP mode file for STMicroelectronics.FP-ATR-SIGFOX1.3.2.0
2026-01-04 00:33:27,326 [WARN] PackLoader:240 - Cannot read IP mode file for ITTIA_DB.I-CUBE-ITTIADB.8.9.0
2026-01-04 00:33:27,355 [WARN] PackLoader:240 - Cannot read IP mode file for SEGGER.I-CUBE-embOS.1.3.1
2026-01-04 00:33:27,395 [WARN] PackLoader:240 - Cannot read IP mode file for STMicroelectronics.X-CUBE-ALGOBUILD.1.4.0
2026-01-04 00:33:27,424 [WARN] PackLoader:240 - Cannot read IP mode file for STMicroelectronics.X-CUBE-MEMS1.11.3.0
2026-01-04 00:33:27,492 [WARN] PackLoader:240 - Cannot read IP mode file for STMicroelectronics.X-CUBE-PM33A1.1.0.0
2026-01-04 00:33:27,498 [WARN] PackLoader:240 - Cannot read IP mode file for STMicroelectronics.X-CUBE-AZRTOS-F4.1.1.0
2026-01-04 00:33:27,501 [WARN] PackLoader:240 - Cannot read IP mode file for STMicroelectronics.X-CUBE-ISPU.2.1.0
2026-01-04 00:33:27,506 [WARN] PackLoader:240 - Cannot read IP mode file for STMicroelectronics.X-CUBE-IPS.3.2.0
2026-01-04 00:33:27,511 [WARN] PackLoader:240 - Cannot read IP mode file for STMicroelectronics.X-CUBE-NFC12.1.0.0
2026-01-04 00:33:27,518 [WARN] PackLoader:240 - Cannot read IP mode file for STMicroelectronics.X-CUBE-AZRTOS-L5.2.0.0
2026-01-04 00:33:27,526 [WARN] PackLoader:240 - Cannot read IP mode file for STMicroelectronics.X-CUBE-NFC6.3.1.0
2026-01-04 00:33:27,530 [WARN] PackLoader:240 - Cannot read IP mode file for STMicroelectronics.X-CUBE-FREERTOS.1.3.1
2026-01-04 00:33:27,533 [WARN] PackLoader:240 - Cannot read IP mode file for STMicroelectronics.X-CUBE-TOUCHGFX.4.26.0
2026-01-04 00:33:27,536 [WARN] PackLoader:240 - Cannot read IP mode file for STMicroelectronics.X-CUBE-DPower.1.3.0
2026-01-04 00:33:27,546 [WARN] ConditionMgr:438 - getConditionDescription Invalid condition id : LAN8742 Phy interface Condition cause : null
2026-01-04 00:33:27,547 [WARN] PackLoader:240 - Cannot read IP mode file for STMicroelectronics.X-CUBE-AZRTOS-L4.2.0.0
2026-01-04 00:33:27,547 [WARN] ConditionMgr:1044 - genDependencies : Invalid condition id : LAN8742 Phy interface Condition cause : null
2026-01-04 00:33:27,548 [WARN] ConditionMgr:1044 - genDependencies : Invalid condition id : LAN8742 Phy interface Condition cause : null
2026-01-04 00:33:27,548 [WARN] ConditionMgr:1044 - genDependencies : Invalid condition id : LAN8742 Phy interface Condition cause : null
2026-01-04 00:33:27,552 [WARN] PackLoader:240 - Cannot read IP mode file for STMicroelectronics.X-CUBE-SFXS2LP1.4.0.0
2026-01-04 00:33:27,558 [WARN] PackLoader:240 - Cannot read IP mode file for STMicroelectronics.X-CUBE-BLEMGR.4.1.0
2026-01-04 00:33:27,566 [WARN] ConditionMgr:438 - getConditionDescription Invalid condition id : UX DEVICE CLASS RTOS Condition cause : null
2026-01-04 00:33:27,566 [WARN] ConditionMgr:438 - getConditionDescription Invalid condition id : UX DEVICE CLASS RTOS Condition cause : null
2026-01-04 00:33:27,567 [WARN] PackLoader:240 - Cannot read IP mode file for STMicroelectronics.X-CUBE-AZRTOS-WB.2.0.0
2026-01-04 00:33:27,568 [WARN] ConditionMgr:1044 - genDependencies : Invalid condition id : UX DEVICE CLASS RTOS Condition cause : null
2026-01-04 00:33:27,568 [WARN] ConditionMgr:1044 - genDependencies : Invalid condition id : UX DEVICE CLASS RTOS Condition cause : null
2026-01-04 00:33:27,568 [WARN] ConditionMgr:1044 - genDependencies : Invalid condition id : UX DEVICE CLASS RTOS Condition cause : null
2026-01-04 00:33:27,568 [WARN] ConditionMgr:1044 - genDependencies : Invalid condition id : UX DEVICE CLASS RTOS Condition cause : null
2026-01-04 00:33:27,568 [WARN] ConditionMgr:1044 - genDependencies : Invalid condition id : UX DEVICE CLASS RTOS Condition cause : null
2026-01-04 00:33:27,571 [WARN] PackLoader:240 - Cannot read IP mode file for STMicroelectronics.X-CUBE-GNSS1.7.0.1
2026-01-04 00:33:27,573 [WARN] ConditionMgr:438 - getConditionDescription Invalid condition id : Cortex-A Device cause : null
2026-01-04 00:33:27,577 [WARN] ConditionMgr:1044 - genDependencies : Invalid condition id : Cortex-A Device cause : null
2026-01-04 00:33:27,578 [WARN] ConditionMgr:1044 - genDependencies : Invalid condition id : Cortex-A Device cause : null
2026-01-04 00:33:27,578 [WARN] ConditionMgr:1044 - genDependencies : Invalid condition id : Cortex-A Device cause : null
2026-01-04 00:33:27,583 [WARN] PackLoader:240 - Cannot read IP mode file for STMicroelectronics.X-CUBE-SUBG2.5.0.0
2026-01-04 00:33:27,593 [WARN] PackLoader:240 - Cannot read IP mode file for STMicroelectronics.X-CUBE-AZRTOS-H7RS.1.1.0
2026-01-04 00:33:27,601 [WARN] PackLoader:240 - Cannot read IP mode file for STMicroelectronics.X-CUBE-AZRTOS-G4.2.0.0
2026-01-04 00:33:27,604 [WARN] PackLoader:240 - Cannot read IP mode file for wolfSSL.I-CUBE-wolfSSH.1.4.20
2026-01-04 00:33:27,606 [WARN] PackLoader:240 - Cannot read IP mode file for STMicroelectronics.X-CUBE-NFC7.2.0.0
2026-01-04 00:33:27,608 [WARN] PackLoader:240 - Cannot read IP mode file for STMicroelectronics.X-CUBE-ALS.1.0.2
2026-01-04 00:33:27,612 [WARN] PackLoader:240 - Cannot read IP mode file for STMicroelectronics.X-CUBE-STSE01.1.0.0
2026-01-04 00:33:27,618 [WARN] PackLoader:240 - Cannot read IP mode file for STMicroelectronics.X-CUBE-TOF1.3.4.3
2026-01-04 00:33:27,624 [INFO] ThirdParty:978 - Integrity check success = true
2026-01-04 00:33:27,624 [INFO] IntegrityCheckThread:100 - exiting critical section [integrity check]
2026-01-04 00:33:27,624 [INFO] IntegrityCheckThread:103 - End integrity checks thread
2026-01-04 01:02:10,616 [ERROR] LogOutputStream:75 - [STDERR_REDIRECT] 
