2025-10-13 21:57:57,410 [INFO] Activator:176 - 


2025-10-13 21:57:57,414 [INFO] Activator:177 - !SESSION log4j initialized
2025-10-13 21:58:00,366 [INFO] LogOutputStream:77 - [STDOUT_REDIRECT] 
2025-10-13 21:58:01,100 [INFO] ApplicationProperties:184 - Using Application install path: /opt/st/stm32cubeide_1.19.0/plugins/com.st.stm32cube.common.mx_6.15.0.202507011659
2025-10-13 21:58:01,117 [INFO] DbMcusXml:78 - Set database path to: /opt/st/stm32cubeide_1.19.0/plugins/com.st.stm32cube.common.mx_6.15.0.202507011659//db//mcu/
2025-10-13 21:58:01,117 [INFO] ApiDb:274 - Set plugin database path to: /opt/st/stm32cubeide_1.19.0/plugins/com.st.stm32cube.common.mx_6.15.0.202507011659//db//plugins/boardmanager/
2025-10-13 21:58:01,117 [WARN] ApiDb:259 - Overriding images path with different value:  => /opt/st/stm32cubeide_1.19.0/plugins/com.st.stm32cube.common.mx_6.15.0.202507011659//db//plugins/mcufinder/images/
2025-10-13 21:58:01,123 [INFO] ApiDb:250 - Set database path to: /home/kamil/.stmcufinder/plugins/mcufinder//mcu/
2025-10-13 21:58:01,124 [INFO] DbMcusAds:125 - Set database path to: /home/kamil/.stmcufinder/plugins/mcufinder//mcu/
2025-10-13 21:58:01,127 [INFO] CrossReferenceDbSqlite:203 - Set database path to: /home/kamil/.stmcufinder/plugins/mcufinder//mcu/cs/
2025-10-13 21:58:01,246 [INFO] RulesReader:64 - Compatibility file has been processed (317 Rules)
2025-10-13 21:58:01,303 [INFO] DbMcusXml:78 - Set database path to: /opt/st/stm32cubeide_1.19.0/plugins/com.st.stm32cube.common.mx_6.15.0.202507011659//db//mcu/
2025-10-13 21:58:01,303 [INFO] ApiDb:274 - Set plugin database path to: /opt/st/stm32cubeide_1.19.0/plugins/com.st.stm32cube.common.mx_6.15.0.202507011659//db//plugins/boardmanager/
2025-10-13 21:58:01,303 [INFO] ApiDb:261 - Set plugin images path to: /opt/st/stm32cubeide_1.19.0/plugins/com.st.stm32cube.common.mx_6.15.0.202507011659//db//plugins/mcufinder/images/
2025-10-13 21:58:01,303 [WARN] DbFile:41 - Overriding database path with different value: /home/kamil/.stmcufinder/plugins/mcufinder/ => /home/kamil/.stmcufinder/plugins/mcufinder
2025-10-13 21:58:01,303 [INFO] ApiDb:250 - Set database path to: /home/kamil/.stmcufinder/plugins/mcufinder//mcu/
2025-10-13 21:58:01,303 [WARN] DbFile:41 - Overriding database path with different value: /home/kamil/.stmcufinder/plugins/mcufinder/ => /home/kamil/.stmcufinder/plugins/mcufinder
2025-10-13 21:58:01,303 [INFO] DbMcusAds:125 - Set database path to: /home/kamil/.stmcufinder/plugins/mcufinder//mcu/
2025-10-13 21:58:01,303 [WARN] DbFile:41 - Overriding database path with different value: /home/kamil/.stmcufinder/plugins/mcufinder/ => /home/kamil/.stmcufinder/plugins/mcufinder
2025-10-13 21:58:01,303 [WARN] DbFile:41 - Overriding database path with different value: /home/kamil/.stmcufinder/plugins/mcufinder/ => /home/kamil/.stmcufinder/plugins/mcufinder
2025-10-13 21:58:01,304 [INFO] CrossReferenceDbSqlite:203 - Set database path to: /home/kamil/.stmcufinder/plugins/mcufinder//mcu/cs/
2025-10-13 21:58:01,362 [INFO] MainPanel:274 - HeapMemory: 271581184
2025-10-13 21:58:01,482 [INFO] DbMcusXml:78 - Set database path to: /opt/st/stm32cubeide_1.19.0/plugins/com.st.stm32cube.common.mx_6.15.0.202507011659//db//mcu/
2025-10-13 21:58:01,482 [INFO] ApiDb:274 - Set plugin database path to: /opt/st/stm32cubeide_1.19.0/plugins/com.st.stm32cube.common.mx_6.15.0.202507011659//db//plugins/boardmanager/
2025-10-13 21:58:01,482 [INFO] ApiDb:261 - Set plugin images path to: /opt/st/stm32cubeide_1.19.0/plugins/com.st.stm32cube.common.mx_6.15.0.202507011659//db//plugins/mcufinder/images/
2025-10-13 21:58:01,482 [WARN] DbFile:41 - Overriding database path with different value: /home/kamil/.stmcufinder/plugins/mcufinder/ => /home/kamil/.stmcufinder/plugins/mcufinder
2025-10-13 21:58:01,482 [INFO] ApiDb:250 - Set database path to: /home/kamil/.stmcufinder/plugins/mcufinder//mcu/
2025-10-13 21:58:01,482 [WARN] DbFile:41 - Overriding database path with different value: /home/kamil/.stmcufinder/plugins/mcufinder/ => /home/kamil/.stmcufinder/plugins/mcufinder
2025-10-13 21:58:01,482 [INFO] DbMcusAds:125 - Set database path to: /home/kamil/.stmcufinder/plugins/mcufinder//mcu/
2025-10-13 21:58:01,483 [WARN] DbFile:41 - Overriding database path with different value: /home/kamil/.stmcufinder/plugins/mcufinder/ => /home/kamil/.stmcufinder/plugins/mcufinder
2025-10-13 21:58:01,483 [WARN] DbFile:41 - Overriding database path with different value: /home/kamil/.stmcufinder/plugins/mcufinder/ => /home/kamil/.stmcufinder/plugins/mcufinder
2025-10-13 21:58:01,483 [INFO] CrossReferenceDbSqlite:203 - Set database path to: /home/kamil/.stmcufinder/plugins/mcufinder//mcu/cs/
2025-10-13 21:58:01,496 [INFO] ApplicationProperties:184 - Using Application install path: /opt/st/stm32cubeide_1.19.0/plugins/com.st.stm32cube.common.mx_6.15.0.202507011659
2025-10-13 21:58:01,498 [INFO] PluginManage:196 - Search for loadable plugins [exclusion list=, ]
2025-10-13 21:58:01,499 [INFO] PluginManage:310 - Check plugin analytics
2025-10-13 21:58:01,653 [INFO] AnalyticsPlugin:253 - Accepted Software Licenses: 
2025-10-13 21:58:01,653 [INFO] AnalyticsPlugin:255 - Accepted CMSIS Pack Licenses: 
2025-10-13 21:58:01,653 [INFO] AnalyticsPlugin:257 - Accepted Firmware Licenses: 
2025-10-13 21:58:01,655 [INFO] PluginManage:359 - Loaded plugin analytics (category:tool,tabindex:-1)
2025-10-13 21:58:01,655 [INFO] PluginManage:310 - Check plugin cadmodel
2025-10-13 21:58:01,659 [INFO] CADModel:105 - Init CAD model plugin
2025-10-13 21:58:01,659 [INFO] PluginManage:359 - Loaded plugin cadmodel (category:power,tabindex:5)
2025-10-13 21:58:01,659 [INFO] PluginManage:310 - Check plugin clock
2025-10-13 21:58:01,667 [INFO] PluginManage:359 - Loaded plugin clock (category:base,tabindex:2)
2025-10-13 21:58:01,668 [INFO] PluginManage:310 - Check plugin ddr
2025-10-13 21:58:01,670 [INFO] PluginManage:359 - Loaded plugin ddr (category:tool,tabindex:6)
2025-10-13 21:58:01,670 [INFO] PluginManage:310 - Check plugin filemanager
2025-10-13 21:58:01,824 [INFO] PluginManage:359 - Loaded plugin filemanager (category:base,tabindex:10)
2025-10-13 21:58:01,824 [INFO] PluginManage:310 - Check plugin ipmanager
2025-10-13 21:58:01,830 [INFO] PluginManage:359 - Loaded plugin ipmanager (category:base,tabindex:5)
2025-10-13 21:58:01,830 [INFO] PluginManage:310 - Check plugin lpbam
2025-10-13 21:58:01,840 [INFO] PluginManage:359 - Loaded plugin lpbam (category:base,tabindex:0)
2025-10-13 21:58:01,840 [INFO] PluginManage:310 - Check plugin memorymap
2025-10-13 21:58:01,851 [INFO] PluginManage:359 - Loaded plugin memorymap (category:base,tabindex:4)
2025-10-13 21:58:01,851 [INFO] PluginManage:310 - Check plugin pinoutandconfiguration
2025-10-13 21:58:01,864 [INFO] PluginManage:359 - Loaded plugin pinoutandconfiguration (category:base,tabindex:1)
2025-10-13 21:58:01,865 [INFO] PluginManage:310 - Check plugin pinoutconfig
2025-10-13 21:58:01,971 [WARN] SupportedApi:132 - Cannot load RTOS API schema: s4s-elt-must-match.1: The content of 'definitions' must match (annotation?, (simpleType | complexType)?, (unique | key | keyref)*)). A problem was found starting at: attribute.
2025-10-13 21:58:02,076 [INFO] PluginManage:359 - Loaded plugin pinoutconfig (category:base,tabindex:0)
2025-10-13 21:58:02,077 [INFO] PluginManage:310 - Check plugin power
2025-10-13 21:58:02,087 [INFO] PluginManage:359 - Loaded plugin power (category:power,tabindex:4)
2025-10-13 21:58:02,088 [INFO] PluginManage:310 - Check plugin projectmanager
2025-10-13 21:58:02,099 [INFO] PluginManage:359 - Loaded plugin projectmanager (category:projectmanager,tabindex:4)
2025-10-13 21:58:02,099 [INFO] PluginManage:310 - Check plugin rif
2025-10-13 21:58:02,106 [INFO] PluginManage:359 - Loaded plugin rif (category:base,tabindex:3)
2025-10-13 21:58:02,106 [INFO] PluginManage:310 - Check plugin thirdparty
2025-10-13 21:58:02,205 [INFO] PluginManage:359 - Loaded plugin thirdparty (category:base,tabindex:-1)
2025-10-13 21:58:02,205 [WARN] IntegrityCheckThread:84 - waiting for thirdparty lock release [integrity check]
2025-10-13 21:58:02,205 [INFO] PluginManage:310 - Check plugin tools
2025-10-13 21:58:02,205 [INFO] IntegrityCheckThread:86 - entering critical section [integrity check]
2025-10-13 21:58:02,205 [INFO] ThirdPartyUpdaterWithRetryManager:70 - Updater plugin not ready yet. [1/15]
2025-10-13 21:58:02,207 [INFO] PluginManage:359 - Loaded plugin tools (category:base,tabindex:7)
2025-10-13 21:58:02,207 [INFO] PluginManage:310 - Check plugin tutovideos
2025-10-13 21:58:02,324 [INFO] PluginManage:359 - Loaded plugin tutovideos (category:base,tabindex:-1)
2025-10-13 21:58:02,324 [INFO] PluginManage:310 - Check plugin updater
2025-10-13 21:58:02,340 [INFO] PluginManage:359 - Loaded plugin updater (category:base,tabindex:12)
2025-10-13 21:58:02,340 [INFO] PluginManage:310 - Check plugin userauth
2025-10-13 21:58:02,344 [INFO] UserAuth:118 - Init User Auth plugin
2025-10-13 21:58:02,345 [INFO] PluginManage:359 - Loaded plugin userauth (category:base,tabindex:14)
2025-10-13 21:58:02,346 [INFO] PluginManage:283 - PluginManage : Loaded plugins [18]
2025-10-13 21:58:02,464 [INFO] PinOutPanel:1589 - setPackage(No Configuration,No Configuration)
2025-10-13 21:58:02,501 [INFO] CADModel:165 - CPN selected for project level
2025-10-13 21:58:02,501 [INFO] CADModel:114 - Register for checkConnection events
2025-10-13 21:58:02,506 [INFO] IPUIPlugin:80 - create IPUIPlugin
2025-10-13 21:58:02,507 [INFO] PluginManager:220 - loadIPPluginJar : add tracer_emb
2025-10-13 21:58:02,508 [INFO] IPUIPlugin:80 - create IPUIPlugin
2025-10-13 21:58:02,508 [INFO] PluginManager:220 - loadIPPluginJar : add radio
2025-10-13 21:58:02,511 [INFO] IPUIPlugin:80 - create IPUIPlugin
2025-10-13 21:58:02,511 [INFO] PluginManager:220 - loadIPPluginJar : add ddr_ctrl_phy
2025-10-13 21:58:02,515 [INFO] IPUIPlugin:80 - create IPUIPlugin
2025-10-13 21:58:02,515 [INFO] PluginManager:220 - loadIPPluginJar : add mdma
2025-10-13 21:58:02,517 [INFO] IPUIPlugin:80 - create IPUIPlugin
2025-10-13 21:58:02,517 [INFO] PluginManager:220 - loadIPPluginJar : add touchsensing
2025-10-13 21:58:02,518 [INFO] IPUIPlugin:80 - create IPUIPlugin
2025-10-13 21:58:02,518 [INFO] PluginManager:220 - loadIPPluginJar : add ucpd
2025-10-13 21:58:02,521 [INFO] IPUIPlugin:80 - create IPUIPlugin
2025-10-13 21:58:02,523 [INFO] PluginManager:220 - loadIPPluginJar : add plateformsettings
2025-10-13 21:58:02,524 [INFO] IPUIPlugin:80 - create IPUIPlugin
2025-10-13 21:58:02,524 [INFO] PluginManager:220 - loadIPPluginJar : add ipddr
2025-10-13 21:58:02,527 [INFO] IPUIPlugin:80 - create IPUIPlugin
2025-10-13 21:58:02,527 [INFO] PluginManager:220 - loadIPPluginJar : add resmgrutility
2025-10-13 21:58:02,528 [INFO] IPUIPlugin:80 - create IPUIPlugin
2025-10-13 21:58:02,528 [INFO] PluginManager:220 - loadIPPluginJar : add ts
2025-10-13 21:58:02,529 [INFO] IPUIPlugin:80 - create IPUIPlugin
2025-10-13 21:58:02,529 [INFO] PluginManager:220 - loadIPPluginJar : add dma3
2025-10-13 21:58:02,531 [INFO] IPUIPlugin:80 - create IPUIPlugin
2025-10-13 21:58:02,531 [INFO] PluginManager:220 - loadIPPluginJar : add openamp
2025-10-13 21:58:02,532 [INFO] IPUIPlugin:80 - create IPUIPlugin
2025-10-13 21:58:02,532 [INFO] PluginManager:220 - loadIPPluginJar : add opamp
2025-10-13 21:58:02,533 [INFO] IPUIPlugin:80 - create IPUIPlugin
2025-10-13 21:58:02,533 [INFO] PluginManager:220 - loadIPPluginJar : add pdm2pcm
2025-10-13 21:58:02,535 [INFO] IPUIPlugin:80 - create IPUIPlugin
2025-10-13 21:58:02,535 [INFO] PluginManager:220 - loadIPPluginJar : add gfxmmu
2025-10-13 21:58:02,536 [INFO] IPUIPlugin:80 - create IPUIPlugin
2025-10-13 21:58:02,536 [INFO] PluginManager:220 - loadIPPluginJar : add aes
2025-10-13 21:58:02,538 [INFO] IPUIPlugin:80 - create IPUIPlugin
2025-10-13 21:58:02,538 [INFO] PluginManager:220 - loadIPPluginJar : add gtzc
2025-10-13 21:58:02,539 [INFO] IPUIPlugin:80 - create IPUIPlugin
2025-10-13 21:58:02,539 [INFO] PluginManager:220 - loadIPPluginJar : add sai
2025-10-13 21:58:02,540 [INFO] IPUIPlugin:80 - create IPUIPlugin
2025-10-13 21:58:02,540 [INFO] PluginManager:220 - loadIPPluginJar : add tsc
2025-10-13 21:58:02,542 [INFO] IPUIPlugin:80 - create IPUIPlugin
2025-10-13 21:58:02,542 [INFO] PluginManager:220 - loadIPPluginJar : add usbx
2025-10-13 21:58:02,544 [INFO] IPUIPlugin:80 - create IPUIPlugin
2025-10-13 21:58:02,544 [INFO] PluginManager:220 - loadIPPluginJar : add can
2025-10-13 21:58:02,545 [INFO] IPUIPlugin:80 - create IPUIPlugin
2025-10-13 21:58:02,545 [INFO] PluginManager:220 - loadIPPluginJar : add i2c
2025-10-13 21:58:02,547 [INFO] IPUIPlugin:80 - create IPUIPlugin
2025-10-13 21:58:02,547 [INFO] PluginManager:220 - loadIPPluginJar : add lorawan
2025-10-13 21:58:02,548 [INFO] IPUIPlugin:80 - create IPUIPlugin
2025-10-13 21:58:02,548 [INFO] PluginManager:220 - loadIPPluginJar : add spi
2025-10-13 21:58:02,552 [INFO] IPUIPlugin:80 - create IPUIPlugin
2025-10-13 21:58:02,552 [INFO] PluginManager:220 - loadIPPluginJar : add linkedlist
2025-10-13 21:58:02,555 [INFO] IPUIPlugin:80 - create IPUIPlugin
2025-10-13 21:58:02,555 [INFO] PluginManager:220 - loadIPPluginJar : add fmc
2025-10-13 21:58:02,557 [INFO] IPUIPlugin:80 - create IPUIPlugin
2025-10-13 21:58:02,557 [INFO] PluginManager:220 - loadIPPluginJar : add i3c
2025-10-13 21:58:02,558 [INFO] IPUIPlugin:80 - create IPUIPlugin
2025-10-13 21:58:02,558 [INFO] PluginManager:220 - loadIPPluginJar : add ltdc
2025-10-13 21:58:02,561 [INFO] IPUIPlugin:80 - create IPUIPlugin
2025-10-13 21:58:02,561 [INFO] PluginManager:220 - loadIPPluginJar : add dma
2025-10-13 21:58:02,565 [INFO] IPUIPlugin:80 - create IPUIPlugin
2025-10-13 21:58:02,565 [INFO] PluginManager:220 - loadIPPluginJar : add freertos
2025-10-13 21:58:02,567 [INFO] IPUIPlugin:80 - create IPUIPlugin
2025-10-13 21:58:02,567 [INFO] PluginManager:220 - loadIPPluginJar : add hash
2025-10-13 21:58:02,571 [INFO] IPUIPlugin:80 - create IPUIPlugin
2025-10-13 21:58:02,571 [INFO] PluginManager:220 - loadIPPluginJar : add adc
2025-10-13 21:58:02,572 [INFO] IPUIPlugin:80 - create IPUIPlugin
2025-10-13 21:58:02,573 [INFO] PluginManager:220 - loadIPPluginJar : add usart
2025-10-13 21:58:02,577 [INFO] IPUIPlugin:80 - create IPUIPlugin
2025-10-13 21:58:02,577 [INFO] PluginManager:220 - loadIPPluginJar : add stm32_wpan
2025-10-13 21:58:02,578 [INFO] IPUIPlugin:80 - create IPUIPlugin
2025-10-13 21:58:02,578 [INFO] PluginManager:220 - loadIPPluginJar : add genericplugin
2025-10-13 21:58:02,581 [INFO] IPUIPlugin:80 - create IPUIPlugin
2025-10-13 21:58:02,581 [INFO] PluginManager:220 - loadIPPluginJar : add gpio
2025-10-13 21:58:02,584 [INFO] IPUIPlugin:80 - create IPUIPlugin
2025-10-13 21:58:02,584 [INFO] PluginManager:220 - loadIPPluginJar : add nvic
2025-10-13 21:58:02,585 [INFO] IPUIPlugin:80 - create IPUIPlugin
2025-10-13 21:58:02,586 [INFO] PluginManager:220 - loadIPPluginJar : add dfsdm
2025-10-13 21:58:02,586 [INFO] IPUIPlugin:80 - create IPUIPlugin
2025-10-13 21:58:02,586 [INFO] PluginManager:220 - loadIPPluginJar : add fatfs
2025-10-13 21:58:02,587 [INFO] IPUIPlugin:80 - create IPUIPlugin
2025-10-13 21:58:02,587 [INFO] PluginManager:220 - loadIPPluginJar : add comp
2025-10-13 21:58:02,589 [INFO] IPUIPlugin:80 - create IPUIPlugin
2025-10-13 21:58:02,589 [INFO] PluginManager:220 - loadIPPluginJar : add i2s
2025-10-13 21:58:02,590 [INFO] IPUIPlugin:80 - create IPUIPlugin
2025-10-13 21:58:02,590 [INFO] PluginManager:220 - loadIPPluginJar : add cryp
2025-10-13 21:58:02,591 [INFO] IPUIPlugin:80 - create IPUIPlugin
2025-10-13 21:58:02,592 [INFO] PluginManager:220 - loadIPPluginJar : add quadspi
2025-10-13 21:58:02,595 [INFO] IPUIPlugin:80 - create IPUIPlugin
2025-10-13 21:58:02,595 [INFO] PluginManager:220 - loadIPPluginJar : add gic
2025-10-13 21:58:02,596 [INFO] IPUIPlugin:80 - create IPUIPlugin
2025-10-13 21:58:02,596 [INFO] PluginManager:220 - loadIPPluginJar : add tim
2025-10-13 21:58:02,598 [INFO] IPUIPlugin:80 - create IPUIPlugin
2025-10-13 21:58:02,598 [INFO] PluginManager:220 - loadIPPluginJar : add extmemmanager
2025-10-13 21:58:02,689 [FATAL] Updater:351 - Updater called before beeing initialized
2025-10-13 21:58:02,712 [INFO] RulesReader:64 - Compatibility file has been processed (317 Rules)
2025-10-13 21:58:02,719 [INFO] RulesReader:64 - Compatibility file has been processed (317 Rules)
2025-10-13 21:58:02,724 [INFO] CADModel:165 - CPN selected for project level
2025-10-13 21:58:02,724 [INFO] CADModel:114 - Register for checkConnection events
2025-10-13 21:58:02,724 [FATAL] Updater:351 - Updater called before beeing initialized
2025-10-13 21:58:02,724 [ERROR] CADModel:125 - Updater not yet initialized, retry later 
2025-10-13 21:58:02,802 [FATAL] Updater:351 - Updater called before beeing initialized
2025-10-13 21:58:02,802 [INFO] CADModel:165 - CPN selected for project level
2025-10-13 21:58:02,802 [INFO] CADModel:114 - Register for checkConnection events
2025-10-13 21:58:02,802 [FATAL] Updater:351 - Updater called before beeing initialized
2025-10-13 21:58:02,803 [ERROR] CADModel:125 - Updater not yet initialized, retry later 
2025-10-13 21:58:02,804 [FATAL] Updater:351 - Updater called before beeing initialized
2025-10-13 21:58:02,851 [FATAL] Updater:351 - Updater called before beeing initialized
2025-10-13 21:58:02,853 [INFO] DbMcusAds:53 - JSON generation date=Tue Jul 08 10:14:23 CEST 2025 (1751962463524)
2025-10-13 21:58:02,854 [FATAL] Updater:351 - Updater called before beeing initialized
2025-10-13 21:58:02,884 [WARN] DetailPanel:346 - Failed to get advertising image, set to default
2025-10-13 21:58:02,945 [FATAL] Updater:351 - Updater called before beeing initialized
2025-10-13 21:58:02,947 [FATAL] Updater:351 - Updater called before beeing initialized
2025-10-13 21:58:02,947 [FATAL] Updater:351 - Updater called before beeing initialized
2025-10-13 21:58:02,947 [WARN] DetailPanel:346 - Failed to get advertising image, set to default
2025-10-13 21:58:02,947 [FATAL] Updater:351 - Updater called before beeing initialized
2025-10-13 21:58:02,970 [ERROR] Updater:1198 - MainUpdater not yet initialized. External WinMGr cannot be set.
2025-10-13 21:58:02,972 [INFO] Updater:1134 - Updater Version found : 6.15.0
2025-10-13 21:58:02,983 [INFO] ApplicationProperties:184 - Using Application install path: /opt/st/stm32cubeide_1.19.0/plugins/com.st.stm32cube.common.mx_6.15.0.202507011659
2025-10-13 21:58:03,236 [INFO] MainUpdater:2872 - connection check result : 10
2025-10-13 21:58:03,237 [INFO] MainUpdater:3604 - Updater definition file requires update
2025-10-13 21:58:03,237 [INFO] MainUpdater:289 - Updater Check For Update Now.
2025-10-13 21:58:03,237 [INFO] MicroXplorer:498 - Change Database Version : DB.6.0.150
2025-10-13 21:58:03,240 [INFO] McuFinderGlobals:63 - Set McuFinder mode to 2 (CubeIDE integrated)
2025-10-13 21:58:03,240 [INFO] UserAuth:171 - activating auth plugin
2025-10-13 21:58:03,242 [INFO] UserAuth:487 - Internet connection configuration mode: 1
2025-10-13 21:58:03,252 [INFO] JxBrowserEngine:152 - Initiate JxBrowser Engine with user profile folder
2025-10-13 21:58:03,482 [INFO] ServerAccessManage:452 - Complete download http(s) 200
2025-10-13 21:58:03,484 [INFO] ServerAccessManage:509 - Download File updaters.zip
2025-10-13 21:58:03,539 [INFO] FileExtend:248 - Unzip File : updaters.zip
2025-10-13 21:58:03,540 [INFO] FileExtend:263 - Standard Zip Deflate
2025-10-13 21:58:03,775 [INFO] WebApp:169 - Instantiating new browser for Auth
2025-10-13 21:58:03,890 [INFO] ServerAccessManage:452 - Complete download http(s) 200
2025-10-13 21:58:03,890 [INFO] ServerAccessManage:509 - Download File PacksControlFlags.xml
2025-10-13 21:58:04,197 [INFO] ServerAccessManage:452 - Complete download http(s) 200
2025-10-13 21:58:04,197 [INFO] ServerAccessManage:509 - Download File cubemx.pidx
2025-10-13 21:58:04,203 [INFO] WebApp:463 - Apply proxy settings
2025-10-13 21:58:04,203 [INFO] WebApp:548 - Chromium requires no authentication
2025-10-13 21:58:04,207 [INFO] WebApp:491 - Direct internet connection detected
2025-10-13 21:58:04,217 [INFO] WebApp:900 - Register for checkConnection events
2025-10-13 21:58:04,217 [INFO] WebApp:463 - Apply proxy settings
2025-10-13 21:58:04,217 [INFO] WebApp:548 - Chromium requires no authentication
2025-10-13 21:58:04,217 [INFO] WebApp:491 - Direct internet connection detected
2025-10-13 21:58:04,307 [INFO] WebApp:225 - Starting web application
2025-10-13 21:58:04,307 [INFO] WebApp:593 - Web application path used /opt/st/stm32cubeide_1.19.0/plugins/com.st.stm32cube.common.mx_6.15.0.202507011659/db/plugins/mcufinder/reactClient1/index.html
2025-10-13 21:58:04,586 [INFO] WebApp:191 - Connection restablished
2025-10-13 21:58:04,613 [INFO] ServerAccessManage:452 - Complete download http(s) 200
2025-10-13 21:58:04,613 [INFO] ServerAccessManage:509 - Download File STMicroelectronics.X-CUBE-ALS.pdsc
2025-10-13 21:58:05,130 [INFO] ServerAccessManage:452 - Complete download http(s) 200
2025-10-13 21:58:05,131 [INFO] ServerAccessManage:509 - Download File STMicroelectronics.X-CUBE-BLE1.pdsc
2025-10-13 21:58:05,206 [WARN] MainUpdater:1193 - Updater busy. Cannot search thirdparties
2025-10-13 21:58:05,206 [INFO] ThirdPartyUpdaterWithRetryManager:96 - Updater plugin is busy. [1/15]
2025-10-13 21:58:06,892 [ERROR] ServerAccessManage:1212 - Problem, file not found on Server
2025-10-13 21:58:07,009 [INFO] ServerAccessManage:452 - Complete download http(s) 200
2025-10-13 21:58:07,010 [INFO] ServerAccessManage:509 - Download File STMicroelectronics.X-CUBE-BLE2.pdsc
2025-10-13 21:58:08,207 [WARN] MainUpdater:1193 - Updater busy. Cannot search thirdparties
2025-10-13 21:58:08,207 [INFO] ThirdPartyUpdaterWithRetryManager:96 - Updater plugin is busy. [2/15]
2025-10-13 21:58:08,242 [INFO] ServerAccessManage:452 - Complete download http(s) 200
2025-10-13 21:58:08,242 [INFO] ServerAccessManage:509 - Download File STMicroelectronics.X-CUBE-BLEMGR.pdsc
2025-10-13 21:58:08,702 [ERROR] ServerAccessManage:1212 - Problem, file not found on Server
2025-10-13 21:58:10,239 [INFO] ServerAccessManage:452 - Complete download http(s) 200
2025-10-13 21:58:10,240 [INFO] ServerAccessManage:509 - Download File STMicroelectronics.X-CUBE-DISPLAY.pdsc
2025-10-13 21:58:11,208 [WARN] MainUpdater:1193 - Updater busy. Cannot search thirdparties
2025-10-13 21:58:11,208 [INFO] ThirdPartyUpdaterWithRetryManager:96 - Updater plugin is busy. [3/15]
2025-10-13 21:58:11,570 [INFO] ServerAccessManage:452 - Complete download http(s) 200
2025-10-13 21:58:11,570 [INFO] ServerAccessManage:509 - Download File STMicroelectronics.X-CUBE-DPOWER.pdsc
2025-10-13 21:58:12,286 [ERROR] ServerAccessManage:1212 - Problem, file not found on Server
2025-10-13 21:58:12,590 [ERROR] ServerAccessManage:1212 - Problem, file not found on Server
2025-10-13 21:58:12,798 [ERROR] ServerAccessManage:1212 - Problem, file not found on Server
2025-10-13 21:58:13,106 [ERROR] ServerAccessManage:1212 - Problem, file not found on Server
2025-10-13 21:58:13,311 [ERROR] ServerAccessManage:1212 - Problem, file not found on Server
2025-10-13 21:58:13,511 [ERROR] ServerAccessManage:1212 - Problem, file not found on Server
2025-10-13 21:58:13,720 [ERROR] ServerAccessManage:1212 - Problem, file not found on Server
2025-10-13 21:58:13,925 [ERROR] ServerAccessManage:1212 - Problem, file not found on Server
2025-10-13 21:58:14,130 [ERROR] ServerAccessManage:1212 - Problem, file not found on Server
2025-10-13 21:58:14,209 [WARN] MainUpdater:1193 - Updater busy. Cannot search thirdparties
2025-10-13 21:58:14,209 [INFO] ThirdPartyUpdaterWithRetryManager:96 - Updater plugin is busy. [4/15]
2025-10-13 21:58:14,334 [ERROR] ServerAccessManage:1212 - Problem, file not found on Server
2025-10-13 21:58:14,638 [ERROR] ServerAccessManage:1212 - Problem, file not found on Server
2025-10-13 21:58:15,052 [INFO] ServerAccessManage:452 - Complete download http(s) 200
2025-10-13 21:58:15,052 [INFO] ServerAccessManage:509 - Download File STMicroelectronics.X-CUBE-EEPRMA1.pdsc
2025-10-13 21:58:15,768 [ERROR] ServerAccessManage:1212 - Problem, file not found on Server
2025-10-13 21:58:16,486 [ERROR] ServerAccessManage:1212 - Problem, file not found on Server
2025-10-13 21:58:17,100 [INFO] ServerAccessManage:452 - Complete download http(s) 200
2025-10-13 21:58:17,100 [INFO] ServerAccessManage:509 - Download File STMicroelectronics.X-CUBE-FREERTOS.pdsc
2025-10-13 21:58:17,210 [WARN] MainUpdater:1193 - Updater busy. Cannot search thirdparties
2025-10-13 21:58:17,211 [INFO] ThirdPartyUpdaterWithRetryManager:96 - Updater plugin is busy. [5/15]
2025-10-13 21:58:18,431 [INFO] ServerAccessManage:452 - Complete download http(s) 200
2025-10-13 21:58:18,431 [INFO] ServerAccessManage:509 - Download File STMicroelectronics.X-CUBE-GNSS1.pdsc
2025-10-13 21:58:20,211 [WARN] MainUpdater:1193 - Updater busy. Cannot search thirdparties
2025-10-13 21:58:20,212 [INFO] ThirdPartyUpdaterWithRetryManager:96 - Updater plugin is busy. [6/15]
2025-10-13 21:58:20,582 [ERROR] ServerAccessManage:1212 - Problem, file not found on Server
2025-10-13 21:58:20,786 [ERROR] ServerAccessManage:1212 - Problem, file not found on Server
2025-10-13 21:58:20,991 [ERROR] ServerAccessManage:1212 - Problem, file not found on Server
2025-10-13 21:58:21,195 [ERROR] ServerAccessManage:1212 - Problem, file not found on Server
2025-10-13 21:58:21,400 [ERROR] ServerAccessManage:1212 - Problem, file not found on Server
2025-10-13 21:58:21,605 [ERROR] ServerAccessManage:1212 - Problem, file not found on Server
2025-10-13 21:58:21,708 [INFO] ServerAccessManage:452 - Complete download http(s) 200
2025-10-13 21:58:21,708 [INFO] ServerAccessManage:509 - Download File STMicroelectronics.X-CUBE-ISPU.pdsc
2025-10-13 21:58:23,041 [INFO] ServerAccessManage:452 - Complete download http(s) 200
2025-10-13 21:58:23,041 [INFO] ServerAccessManage:509 - Download File STMicroelectronics.X-CUBE-IPS.pdsc
2025-10-13 21:58:23,212 [WARN] MainUpdater:1193 - Updater busy. Cannot search thirdparties
2025-10-13 21:58:23,212 [INFO] ThirdPartyUpdaterWithRetryManager:96 - Updater plugin is busy. [7/15]
2025-10-13 21:58:24,167 [INFO] ServerAccessManage:452 - Complete download http(s) 200
2025-10-13 21:58:24,167 [INFO] ServerAccessManage:509 - Download File STMicroelectronics.X-CUBE-MEMS1.pdsc
2025-10-13 21:58:26,213 [WARN] MainUpdater:1193 - Updater busy. Cannot search thirdparties
2025-10-13 21:58:26,213 [INFO] ThirdPartyUpdaterWithRetryManager:96 - Updater plugin is busy. [8/15]
2025-10-13 21:58:28,262 [INFO] ServerAccessManage:452 - Complete download http(s) 200
2025-10-13 21:58:28,262 [INFO] ServerAccessManage:509 - Download File STMicroelectronics.X-CUBE-NFC4.pdsc
2025-10-13 21:58:29,213 [WARN] MainUpdater:1193 - Updater busy. Cannot search thirdparties
2025-10-13 21:58:29,214 [INFO] ThirdPartyUpdaterWithRetryManager:96 - Updater plugin is busy. [9/15]
2025-10-13 21:58:30,617 [INFO] ServerAccessManage:452 - Complete download http(s) 200
2025-10-13 21:58:30,618 [INFO] ServerAccessManage:509 - Download File STMicroelectronics.X-CUBE-NFC6.pdsc
2025-10-13 21:58:31,022 [INFO] ServerAccessManage:452 - Complete download http(s) 200
2025-10-13 21:58:31,022 [INFO] ServerAccessManage:509 - Download File STMicroelectronics.X-CUBE-NFC7.pdsc
2025-10-13 21:58:31,656 [INFO] ServerAccessManage:452 - Complete download http(s) 200
2025-10-13 21:58:31,657 [INFO] ServerAccessManage:509 - Download File STMicroelectronics.X-CUBE-NFC9.pdsc
2025-10-13 21:58:31,945 [INFO] ServerAccessManage:452 - Complete download http(s) 200
2025-10-13 21:58:31,945 [INFO] ServerAccessManage:509 - Download File STMicroelectronics.X-CUBE-NFC10.pdsc
2025-10-13 21:58:32,214 [WARN] MainUpdater:1193 - Updater busy. Cannot search thirdparties
2025-10-13 21:58:32,215 [INFO] ThirdPartyUpdaterWithRetryManager:96 - Updater plugin is busy. [10/15]
2025-10-13 21:58:32,260 [INFO] ServerAccessManage:452 - Complete download http(s) 200
2025-10-13 21:58:32,260 [INFO] ServerAccessManage:509 - Download File STMicroelectronics.X-CUBE-NFC12.pdsc
2025-10-13 21:58:32,621 [INFO] ServerAccessManage:452 - Complete download http(s) 200
2025-10-13 21:58:32,621 [INFO] ServerAccessManage:509 - Download File STMicroelectronics.X-CUBE-SFXS2LP1.pdsc
2025-10-13 21:58:33,101 [INFO] ServerAccessManage:452 - Complete download http(s) 200
2025-10-13 21:58:33,102 [INFO] ServerAccessManage:509 - Download File STMicroelectronics.X-CUBE-SAFEA1.pdsc
2025-10-13 21:58:33,337 [INFO] ServerAccessManage:452 - Complete download http(s) 200
2025-10-13 21:58:33,337 [INFO] ServerAccessManage:509 - Download File STMicroelectronics.X-CUBE-SUBG2.pdsc
2025-10-13 21:58:34,493 [INFO] ServerAccessManage:452 - Complete download http(s) 200
2025-10-13 21:58:34,493 [INFO] ServerAccessManage:509 - Download File STMicroelectronics.X-CUBE-SMBUS.pdsc
2025-10-13 21:58:34,811 [ERROR] ServerAccessManage:1212 - Problem, file not found on Server
2025-10-13 21:58:34,899 [INFO] ServerAccessManage:452 - Complete download http(s) 200
2025-10-13 21:58:34,900 [INFO] ServerAccessManage:509 - Download File STMicroelectronics.X-CUBE-ST60.pdsc
2025-10-13 21:58:35,119 [INFO] ServerAccessManage:452 - Complete download http(s) 200
2025-10-13 21:58:35,120 [INFO] ServerAccessManage:509 - Download File STMicroelectronics.X-CUBE-ST67W61.pdsc
2025-10-13 21:58:35,215 [WARN] MainUpdater:1193 - Updater busy. Cannot search thirdparties
2025-10-13 21:58:35,215 [INFO] ThirdPartyUpdaterWithRetryManager:96 - Updater plugin is busy. [11/15]
2025-10-13 21:58:35,330 [INFO] ServerAccessManage:452 - Complete download http(s) 200
2025-10-13 21:58:35,331 [INFO] ServerAccessManage:509 - Download File STMicroelectronics.X-CUBE-STSE01.pdsc
2025-10-13 21:58:35,635 [INFO] ServerAccessManage:452 - Complete download http(s) 200
2025-10-13 21:58:35,636 [INFO] ServerAccessManage:509 - Download File STMicroelectronics.X-CUBE-PM33A1.pdsc
2025-10-13 21:58:35,848 [INFO] ServerAccessManage:452 - Complete download http(s) 200
2025-10-13 21:58:35,848 [INFO] ServerAccessManage:509 - Download File STMicroelectronics.X-CUBE-TCPP.pdsc
2025-10-13 21:58:36,200 [INFO] ServerAccessManage:452 - Complete download http(s) 200
2025-10-13 21:58:36,200 [INFO] ServerAccessManage:509 - Download File STMicroelectronics.X-CUBE-TOF1.pdsc
2025-10-13 21:58:37,469 [ERROR] ServerAccessManage:1212 - Problem, file not found on Server
2025-10-13 21:58:37,678 [INFO] ServerAccessManage:452 - Complete download http(s) 200
2025-10-13 21:58:37,679 [INFO] ServerAccessManage:509 - Download File STMicroelectronics.X-CUBE-TOUCHGFX.pdsc
2025-10-13 21:58:38,216 [WARN] MainUpdater:1193 - Updater busy. Cannot search thirdparties
2025-10-13 21:58:38,216 [INFO] ThirdPartyUpdaterWithRetryManager:96 - Updater plugin is busy. [12/15]
2025-10-13 21:58:41,217 [WARN] MainUpdater:1193 - Updater busy. Cannot search thirdparties
2025-10-13 21:58:41,217 [INFO] ThirdPartyUpdaterWithRetryManager:96 - Updater plugin is busy. [13/15]
2025-10-13 21:58:41,471 [INFO] ServerAccessManage:452 - Complete download http(s) 200
2025-10-13 21:58:41,471 [INFO] ServerAccessManage:509 - Download File STMicroelectronics.X-CUBE-ALGOBUILD.pdsc
2025-10-13 21:58:42,906 [INFO] ServerAccessManage:452 - Complete download http(s) 200
2025-10-13 21:58:42,906 [INFO] ServerAccessManage:509 - Download File STMicroelectronics.X-CUBE-AZRTOS-H7.pdsc
2025-10-13 21:58:44,217 [WARN] MainUpdater:1193 - Updater busy. Cannot search thirdparties
2025-10-13 21:58:44,217 [INFO] ThirdPartyUpdaterWithRetryManager:96 - Updater plugin is busy. [14/15]
2025-10-13 21:58:45,014 [INFO] ServerAccessManage:452 - Complete download http(s) 200
2025-10-13 21:58:45,014 [INFO] ServerAccessManage:509 - Download File STMicroelectronics.X-CUBE-AZRTOS-H7RS.pdsc
2025-10-13 21:58:45,386 [INFO] ServerAccessManage:452 - Complete download http(s) 200
2025-10-13 21:58:45,387 [INFO] ServerAccessManage:509 - Download File STMicroelectronics.X-CUBE-AZRTOS-F4.pdsc
2025-10-13 21:58:45,811 [INFO] ServerAccessManage:452 - Complete download http(s) 200
2025-10-13 21:58:45,811 [INFO] ServerAccessManage:509 - Download File STMicroelectronics.X-CUBE-AZRTOS-F7.pdsc
2025-10-13 21:58:46,747 [INFO] ServerAccessManage:452 - Complete download http(s) 200
2025-10-13 21:58:46,748 [INFO] ServerAccessManage:509 - Download File STMicroelectronics.X-CUBE-AZRTOS-L4.pdsc
2025-10-13 21:58:47,069 [INFO] ServerAccessManage:452 - Complete download http(s) 200
2025-10-13 21:58:47,069 [INFO] ServerAccessManage:509 - Download File STMicroelectronics.X-CUBE-AZRTOS-L5.pdsc
2025-10-13 21:58:47,218 [WARN] MainUpdater:1193 - Updater busy. Cannot search thirdparties
2025-10-13 21:58:47,218 [INFO] ThirdPartyUpdaterWithRetryManager:96 - Updater plugin is busy. [15/15]
2025-10-13 21:58:47,218 [ERROR] IntegrityCheckThread:130 - Cannot retrieve database content from updater: error -1
2025-10-13 21:58:47,219 [INFO] ThirdParty:978 - Integrity check success = false
2025-10-13 21:58:47,219 [INFO] IntegrityCheckThread:100 - exiting critical section [integrity check]
2025-10-13 21:58:47,219 [INFO] IntegrityCheckThread:103 - End integrity checks thread
2025-10-13 21:58:47,687 [INFO] ServerAccessManage:452 - Complete download http(s) 200
2025-10-13 21:58:47,687 [INFO] ServerAccessManage:509 - Download File STMicroelectronics.X-CUBE-AZRTOS-G0.pdsc
2025-10-13 21:58:48,073 [INFO] ServerAccessManage:452 - Complete download http(s) 200
2025-10-13 21:58:48,073 [INFO] ServerAccessManage:509 - Download File STMicroelectronics.X-CUBE-AZRTOS-G4.pdsc
2025-10-13 21:58:48,485 [INFO] ServerAccessManage:452 - Complete download http(s) 200
2025-10-13 21:58:48,485 [INFO] ServerAccessManage:509 - Download File STMicroelectronics.X-CUBE-AZRTOS-WB.pdsc
2025-10-13 21:58:48,842 [INFO] ServerAccessManage:452 - Complete download http(s) 200
2025-10-13 21:58:48,842 [INFO] ServerAccessManage:509 - Download File STMicroelectronics.X-CUBE-AZRTOS-WL.pdsc
2025-10-13 21:58:49,196 [INFO] ServerAccessManage:452 - Complete download http(s) 200
2025-10-13 21:58:49,196 [INFO] ServerAccessManage:509 - Download File STMicroelectronics.X-CUBE-WB05N.pdsc
2025-10-13 21:58:49,827 [INFO] ServerAccessManage:452 - Complete download http(s) 200
2025-10-13 21:58:49,828 [INFO] ServerAccessManage:509 - Download File wolfSSL.I-CUBE-wolfSSL.pdsc
2025-10-13 21:58:53,854 [ERROR] ServerAccessManage:1212 - Problem, file not found on Server
2025-10-13 21:58:54,047 [ERROR] ServerAccessManage:1212 - Problem, file not found on Server
2025-10-13 21:58:54,237 [ERROR] ServerAccessManage:1212 - Problem, file not found on Server
2025-10-13 21:58:54,355 [INFO] ServerAccessManage:452 - Complete download http(s) 200
2025-10-13 21:58:54,355 [INFO] ServerAccessManage:509 - Download File wolfSSL.I-CUBE-wolfMQTT.pdsc
2025-10-13 21:58:55,140 [ERROR] ServerAccessManage:1212 - Problem, file not found on Server
2025-10-13 21:58:55,264 [INFO] ServerAccessManage:452 - Complete download http(s) 200
2025-10-13 21:58:55,264 [INFO] ServerAccessManage:509 - Download File wolfSSL.I-CUBE-wolfTPM.pdsc
2025-10-13 21:58:56,278 [INFO] ServerAccessManage:452 - Complete download http(s) 200
2025-10-13 21:58:56,278 [INFO] ServerAccessManage:509 - Download File wolfSSL.I-CUBE-wolfSSH.pdsc
2025-10-13 21:58:57,601 [INFO] ServerAccessManage:452 - Complete download http(s) 200
2025-10-13 21:58:57,602 [INFO] ServerAccessManage:509 - Download File RealThread.X-CUBE-RT-Thread_Nano.pdsc
2025-10-13 21:58:57,802 [INFO] ServerAccessManage:452 - Complete download http(s) 200
2025-10-13 21:58:57,802 [INFO] ServerAccessManage:509 - Download File SEGGER.I-CUBE-embOS.pdsc
2025-10-13 21:58:58,188 [INFO] ServerAccessManage:452 - Complete download http(s) 200
2025-10-13 21:58:58,189 [INFO] ServerAccessManage:509 - Download File emotas.I-CUBE-CANOPEN.pdsc
2025-10-13 21:58:58,981 [INFO] ServerAccessManage:452 - Complete download http(s) 200
2025-10-13 21:58:58,982 [INFO] ServerAccessManage:509 - Download File WES.I-CUBE-Cesium.pdsc
2025-10-13 21:58:59,635 [ERROR] ServerAccessManage:1212 - Problem, file not found on Server
2025-10-13 21:58:59,879 [ERROR] ServerAccessManage:1212 - Problem, file not found on Server
2025-10-13 21:59:00,825 [INFO] ServerAccessManage:452 - Complete download http(s) 200
2025-10-13 21:59:00,825 [INFO] ServerAccessManage:509 - Download File ITTIA_DB.I-CUBE-ITTIADB.pdsc
2025-10-13 21:59:04,885 [INFO] ServerAccessManage:452 - Complete download http(s) 200
2025-10-13 21:59:04,886 [INFO] ServerAccessManage:509 - Download File Infineon.AIROC-Wi-Fi-Bluetooth-STM32.pdsc
2025-10-13 21:59:08,331 [INFO] ServerAccessManage:452 - Complete download http(s) 200
2025-10-13 21:59:08,331 [INFO] ServerAccessManage:509 - Download File Cesanta.I-CUBE-Mongoose.pdsc
2025-10-13 21:59:09,351 [INFO] ServerAccessManage:452 - Complete download http(s) 200
2025-10-13 21:59:09,351 [INFO] ServerAccessManage:509 - Download File EmbeddedOffice.I-CUBE-FS-RTOS.pdsc
2025-10-13 21:59:09,975 [INFO] ServerAccessManage:452 - Complete download http(s) 200
2025-10-13 21:59:09,975 [INFO] ServerAccessManage:509 - Download File quantropi.X-CUBE-qispace-sdk-base.pdsc
2025-10-13 21:59:10,416 [WARN] PackLoader:240 - Cannot read IP mode file for STMicroelectronics.X-CUBE-ALS.1.0.2
2025-10-13 21:59:10,423 [WARN] PackLoader:240 - Cannot read IP mode file for STMicroelectronics.X-CUBE-BLE1.7.1.0
2025-10-13 21:59:10,427 [WARN] PackLoader:240 - Cannot read IP mode file for STMicroelectronics.X-CUBE-BLE2.3.3.0
2025-10-13 21:59:10,439 [WARN] PackLoader:240 - Cannot read IP mode file for STMicroelectronics.X-CUBE-BLEMGR.4.1.0
2025-10-13 21:59:10,450 [WARN] PackLoader:240 - Cannot read IP mode file for STMicroelectronics.X-CUBE-DISPLAY.3.0.0
2025-10-13 21:59:10,458 [WARN] PackLoader:240 - Cannot read IP mode file for STMicroelectronics.X-CUBE-DPower.1.3.0
2025-10-13 21:59:10,463 [WARN] PackLoader:240 - Cannot read IP mode file for STMicroelectronics.X-CUBE-EEPRMA1.5.2.0
2025-10-13 21:59:10,466 [WARN] PackLoader:240 - Cannot read IP mode file for STMicroelectronics.X-CUBE-FREERTOS.1.3.1
2025-10-13 21:59:10,469 [WARN] PackLoader:240 - Cannot read IP mode file for STMicroelectronics.X-CUBE-GNSS1.7.0.1
2025-10-13 21:59:10,471 [WARN] PackLoader:240 - Cannot read IP mode file for STMicroelectronics.X-CUBE-ISPU.2.1.0
2025-10-13 21:59:10,479 [WARN] PackLoader:240 - Cannot read IP mode file for STMicroelectronics.X-CUBE-IPS.3.2.0
2025-10-13 21:59:10,512 [WARN] PackLoader:240 - Cannot read IP mode file for STMicroelectronics.X-CUBE-MEMS1.11.3.0
2025-10-13 21:59:10,542 [INFO] CheckServerUpdateThread:120 - End of CheckServer Thread
2025-10-13 21:59:10,597 [WARN] PackLoader:240 - Cannot read IP mode file for STMicroelectronics.X-CUBE-NFC4.3.0.0
2025-10-13 21:59:10,601 [WARN] PackLoader:240 - Cannot read IP mode file for STMicroelectronics.X-CUBE-NFC6.3.1.0
2025-10-13 21:59:10,604 [WARN] PackLoader:240 - Cannot read IP mode file for STMicroelectronics.X-CUBE-NFC7.2.0.0
2025-10-13 21:59:10,607 [WARN] PackLoader:240 - Cannot read IP mode file for STMicroelectronics.X-CUBE-NFC9.1.0.0
2025-10-13 21:59:10,610 [WARN] PackLoader:240 - Cannot read IP mode file for STMicroelectronics.X-CUBE-NFC10.1.0.0
2025-10-13 21:59:10,613 [WARN] PackLoader:240 - Cannot read IP mode file for STMicroelectronics.X-CUBE-NFC12.1.0.0
2025-10-13 21:59:10,616 [WARN] PackLoader:240 - Cannot read IP mode file for STMicroelectronics.X-CUBE-SFXS2LP1.4.0.0
2025-10-13 21:59:10,619 [WARN] PackLoader:240 - Cannot read IP mode file for STMicroelectronics.X-CUBE-SAFEA1.1.2.2
2025-10-13 21:59:10,632 [WARN] PackLoader:240 - Cannot read IP mode file for STMicroelectronics.X-CUBE-SUBG2.5.0.0
2025-10-13 21:59:10,635 [WARN] PackLoader:240 - Cannot read IP mode file for STMicroelectronics.X-CUBE-SMBUS.2.1.0
2025-10-13 21:59:10,636 [WARN] PackLoader:240 - Cannot read IP mode file for STMicroelectronics.X-CUBE-ST60.1.0.0
2025-10-13 21:59:10,638 [WARN] PackLoader:240 - Cannot read IP mode file for STMicroelectronics.X-CUBE-ST67W61.1.1.0
2025-10-13 21:59:10,640 [WARN] PackLoader:240 - Cannot read IP mode file for STMicroelectronics.X-CUBE-STSE01.1.0.0
2025-10-13 21:59:10,641 [WARN] PackLoader:240 - Cannot read IP mode file for STMicroelectronics.X-CUBE-PM33A1.1.0.0
2025-10-13 21:59:10,643 [WARN] PackLoader:240 - Cannot read IP mode file for STMicroelectronics.X-CUBE-TCPP.4.2.0
2025-10-13 21:59:10,648 [WARN] PackLoader:240 - Cannot read IP mode file for STMicroelectronics.X-CUBE-TOF1.3.4.3
2025-10-13 21:59:10,654 [WARN] PackLoader:240 - Cannot read IP mode file for STMicroelectronics.X-CUBE-TOUCHGFX.4.26.0
2025-10-13 21:59:10,656 [WARN] PackLoader:240 - Cannot read IP mode file for STMicroelectronics.X-CUBE-ALGOBUILD.1.4.0
2025-10-13 21:59:10,663 [WARN] PackLoader:240 - Cannot read IP mode file for STMicroelectronics.X-CUBE-AZRTOS-H7.3.4.0
2025-10-13 21:59:10,670 [WARN] PackLoader:240 - Cannot read IP mode file for STMicroelectronics.X-CUBE-AZRTOS-H7RS.1.1.0
2025-10-13 21:59:10,676 [WARN] PackLoader:240 - Cannot read IP mode file for STMicroelectronics.X-CUBE-AZRTOS-F4.1.1.0
2025-10-13 21:59:10,682 [WARN] PackLoader:240 - Cannot read IP mode file for STMicroelectronics.X-CUBE-AZRTOS-F7.1.1.0
2025-10-13 21:59:10,688 [WARN] ConditionMgr:438 - getConditionDescription Invalid condition id : LAN8742 Phy interface Condition cause : null
2025-10-13 21:59:10,689 [WARN] PackLoader:240 - Cannot read IP mode file for STMicroelectronics.X-CUBE-AZRTOS-L4.2.0.0
2025-10-13 21:59:10,689 [WARN] ConditionMgr:1044 - genDependencies : Invalid condition id : LAN8742 Phy interface Condition cause : null
2025-10-13 21:59:10,689 [WARN] ConditionMgr:1044 - genDependencies : Invalid condition id : LAN8742 Phy interface Condition cause : null
2025-10-13 21:59:10,689 [WARN] ConditionMgr:1044 - genDependencies : Invalid condition id : LAN8742 Phy interface Condition cause : null
2025-10-13 21:59:10,695 [WARN] PackLoader:240 - Cannot read IP mode file for STMicroelectronics.X-CUBE-AZRTOS-L5.2.0.0
2025-10-13 21:59:10,701 [WARN] PackLoader:240 - Cannot read IP mode file for STMicroelectronics.X-CUBE-AZRTOS-G0.1.1.0
2025-10-13 21:59:10,706 [WARN] PackLoader:240 - Cannot read IP mode file for STMicroelectronics.X-CUBE-AZRTOS-G4.2.0.0
2025-10-13 21:59:10,710 [WARN] ConditionMgr:438 - getConditionDescription Invalid condition id : UX DEVICE CLASS RTOS Condition cause : null
2025-10-13 21:59:10,710 [WARN] ConditionMgr:438 - getConditionDescription Invalid condition id : UX DEVICE CLASS RTOS Condition cause : null
2025-10-13 21:59:10,711 [WARN] PackLoader:240 - Cannot read IP mode file for STMicroelectronics.X-CUBE-AZRTOS-WB.2.0.0
2025-10-13 21:59:10,711 [WARN] ConditionMgr:1044 - genDependencies : Invalid condition id : UX DEVICE CLASS RTOS Condition cause : null
2025-10-13 21:59:10,711 [WARN] ConditionMgr:1044 - genDependencies : Invalid condition id : UX DEVICE CLASS RTOS Condition cause : null
2025-10-13 21:59:10,711 [WARN] ConditionMgr:1044 - genDependencies : Invalid condition id : UX DEVICE CLASS RTOS Condition cause : null
2025-10-13 21:59:10,712 [WARN] ConditionMgr:1044 - genDependencies : Invalid condition id : UX DEVICE CLASS RTOS Condition cause : null
2025-10-13 21:59:10,712 [WARN] ConditionMgr:1044 - genDependencies : Invalid condition id : UX DEVICE CLASS RTOS Condition cause : null
2025-10-13 21:59:10,715 [INFO] LogOutputStream:77 - [STDOUT_REDIRECT] 1 : Invalid condition id : UX_CORESTACK_Condition cause : null
2025-10-13 21:59:10,715 [INFO] LogOutputStream:77 - [STDOUT_REDIRECT] 1 : Invalid condition id : UX_CORESTACK_Condition cause : null
2025-10-13 21:59:10,715 [INFO] LogOutputStream:77 - [STDOUT_REDIRECT] 1 : Invalid condition id : UX_CORESTACK_Condition cause : null
2025-10-13 21:59:10,716 [INFO] LogOutputStream:77 - [STDOUT_REDIRECT] 1 : Invalid condition id : UX_CORESTACK_Condition cause : null
2025-10-13 21:59:10,716 [INFO] LogOutputStream:77 - [STDOUT_REDIRECT] 1 : Invalid condition id : UX_CORESTACK_Condition cause : null
2025-10-13 21:59:10,717 [WARN] PackLoader:240 - Cannot read IP mode file for STMicroelectronics.X-CUBE-AZRTOS-WL.2.0.0
2025-10-13 21:59:10,719 [WARN] PackLoader:240 - Cannot read IP mode file for STMicroelectronics.X-CUBE-WB05N.2.0.0
2025-10-13 21:59:10,720 [WARN] PackLoader:240 - Cannot read IP mode file for wolfSSL.I-CUBE-wolfSSL.5.8.2
2025-10-13 21:59:10,721 [WARN] PackLoader:240 - Cannot read IP mode file for wolfSSL.I-CUBE-wolfMQTT.1.19.2
2025-10-13 21:59:10,722 [WARN] PackLoader:240 - Cannot read IP mode file for wolfSSL.I-CUBE-wolfTPM.3.8.0
2025-10-13 21:59:10,723 [WARN] PackLoader:240 - Cannot read IP mode file for wolfSSL.I-CUBE-wolfSSH.1.4.20
2025-10-13 21:59:10,724 [WARN] PackLoader:240 - Cannot read IP mode file for RealThread.X-CUBE-RT-Thread_Nano.4.1.1
2025-10-13 21:59:10,734 [WARN] PackLoader:240 - Cannot read IP mode file for SEGGER.I-CUBE-embOS.1.3.1
2025-10-13 21:59:10,747 [WARN] PackLoader:240 - Cannot read IP mode file for emotas.I-CUBE-CANOPEN.1.3.0
2025-10-13 21:59:10,752 [WARN] PackLoader:240 - Cannot read IP mode file for WES.I-CUBE-Cesium.1.4.0
2025-10-13 21:59:10,754 [WARN] PackLoader:240 - Cannot read IP mode file for ITTIA_DB.I-CUBE-ITTIADB.8.9.0
2025-10-13 21:59:10,760 [WARN] PackLoader:240 - Cannot read IP mode file for Infineon.AIROC-Wi-Fi-Bluetooth-STM32.1.7.1
2025-10-13 21:59:10,763 [WARN] PackLoader:240 - Cannot read IP mode file for Cesanta.I-CUBE-Mongoose.7.19.0
2025-10-13 21:59:10,765 [WARN] PackLoader:240 - Cannot read IP mode file for EmbeddedOffice.I-CUBE-FS-RTOS.1.0.1
2025-10-13 21:59:10,766 [WARN] ConditionMgr:438 - getConditionDescription Invalid condition id : Cortex-A Device cause : null
2025-10-13 21:59:10,772 [WARN] ConditionMgr:1044 - genDependencies : Invalid condition id : Cortex-A Device cause : null
2025-10-13 21:59:10,773 [WARN] ConditionMgr:1044 - genDependencies : Invalid condition id : Cortex-A Device cause : null
2025-10-13 21:59:10,773 [WARN] ConditionMgr:1044 - genDependencies : Invalid condition id : Cortex-A Device cause : null
2025-10-13 21:59:10,773 [INFO] PopulateThirdPartyThread:66 - Ending populate Thread
2025-10-13 21:59:10,774 [INFO] ThirdParty:1030 - CMSIS Pack Vendor :STMicroelectronics X-CUBE-PM33A1 1.0.0
2025-10-13 21:59:10,774 [INFO] ThirdParty:1030 - CMSIS Pack Vendor :STMicroelectronics X-CUBE-NFC9 1.0.0
2025-10-13 21:59:10,774 [INFO] ThirdParty:1030 - CMSIS Pack Vendor :STMicroelectronics X-CUBE-AZRTOS-F4 1.1.0
2025-10-13 21:59:10,774 [INFO] ThirdParty:1030 - CMSIS Pack Vendor :wolfSSL I-CUBE-wolfSSL 5.8.2
2025-10-13 21:59:10,774 [INFO] ThirdParty:1030 - CMSIS Pack Vendor :STMicroelectronics X-CUBE-BLE1 7.1.0
2025-10-13 21:59:10,774 [INFO] ThirdParty:1030 - CMSIS Pack Vendor :STMicroelectronics X-CUBE-SMBUS 2.1.0
2025-10-13 21:59:10,774 [INFO] ThirdParty:1030 - CMSIS Pack Vendor :wolfSSL I-CUBE-wolfMQTT 1.19.2
2025-10-13 21:59:10,774 [INFO] ThirdParty:1030 - CMSIS Pack Vendor :STMicroelectronics X-CUBE-ISPU 2.1.0
2025-10-13 21:59:10,775 [INFO] ThirdParty:1030 - CMSIS Pack Vendor :STMicroelectronics X-CUBE-BLEMGR 4.1.0
2025-10-13 21:59:10,775 [INFO] ThirdParty:1030 - CMSIS Pack Vendor :STMicroelectronics X-CUBE-EEPRMA1 5.2.0
2025-10-13 21:59:10,775 [INFO] ThirdParty:1030 - CMSIS Pack Vendor :STMicroelectronics X-CUBE-IPS 3.2.0
2025-10-13 21:59:10,775 [INFO] ThirdParty:1030 - CMSIS Pack Vendor :STMicroelectronics X-CUBE-AZRTOS-WB 2.0.0
2025-10-13 21:59:10,775 [INFO] ThirdParty:1030 - CMSIS Pack Vendor :STMicroelectronics X-CUBE-ST60 1.0.0
2025-10-13 21:59:10,775 [INFO] ThirdParty:1030 - CMSIS Pack Vendor :STMicroelectronics X-CUBE-GNSS1 7.0.1
2025-10-13 21:59:10,775 [INFO] ThirdParty:1030 - CMSIS Pack Vendor :STMicroelectronics X-CUBE-NFC12 1.0.0
2025-10-13 21:59:10,775 [INFO] ThirdParty:1030 - CMSIS Pack Vendor :STMicroelectronics X-CUBE-AZRTOS-F7 1.1.0
2025-10-13 21:59:10,775 [INFO] ThirdParty:1030 - CMSIS Pack Vendor :STMicroelectronics X-CUBE-AZRTOS-L5 2.0.0
2025-10-13 21:59:10,775 [INFO] ThirdParty:1030 - CMSIS Pack Vendor :STMicroelectronics X-CUBE-NFC6 3.1.0
2025-10-13 21:59:10,775 [INFO] ThirdParty:1030 - CMSIS Pack Vendor :STMicroelectronics X-CUBE-ST67W61 1.1.0
2025-10-13 21:59:10,775 [INFO] ThirdParty:1030 - CMSIS Pack Vendor :Cesanta I-CUBE-Mongoose 7.19.0
2025-10-13 21:59:10,775 [INFO] ThirdParty:1030 - CMSIS Pack Vendor :quantropi X-CUBE-qispace-sdk-base 2.1.0
2025-10-13 21:59:10,775 [INFO] ThirdParty:1030 - CMSIS Pack Vendor :STMicroelectronics X-CUBE-AZRTOS-G0 1.1.0
2025-10-13 21:59:10,775 [INFO] ThirdParty:1030 - CMSIS Pack Vendor :STMicroelectronics X-CUBE-NFC4 3.0.0
2025-10-13 21:59:10,775 [INFO] ThirdParty:1030 - CMSIS Pack Vendor :STMicroelectronics X-CUBE-SAFEA1 1.2.2
2025-10-13 21:59:10,775 [INFO] ThirdParty:1030 - CMSIS Pack Vendor :STMicroelectronics X-CUBE-SUBG2 5.0.0
2025-10-13 21:59:10,775 [INFO] ThirdParty:1030 - CMSIS Pack Vendor :STMicroelectronics X-CUBE-AZRTOS-H7RS 1.1.0
2025-10-13 21:59:10,775 [INFO] ThirdParty:1030 - CMSIS Pack Vendor :EmbeddedOffice I-CUBE-FS-RTOS 1.0.1
2025-10-13 21:59:10,775 [INFO] ThirdParty:1030 - CMSIS Pack Vendor :WES I-CUBE-Cesium 1.4.0
2025-10-13 21:59:10,775 [INFO] ThirdParty:1030 - CMSIS Pack Vendor :STMicroelectronics X-CUBE-AZRTOS-G4 2.0.0
2025-10-13 21:59:10,775 [INFO] ThirdParty:1030 - CMSIS Pack Vendor :Infineon AIROC-Wi-Fi-Bluetooth-STM32 1.7.1
2025-10-13 21:59:10,775 [INFO] ThirdParty:1030 - CMSIS Pack Vendor :STMicroelectronics X-CUBE-WB05N 2.0.0
2025-10-13 21:59:10,775 [INFO] ThirdParty:1030 - CMSIS Pack Vendor :wolfSSL I-CUBE-wolfTPM 3.8.0
2025-10-13 21:59:10,775 [INFO] ThirdParty:1030 - CMSIS Pack Vendor :STMicroelectronics X-CUBE-AZRTOS-H7 3.4.0
2025-10-13 21:59:10,775 [INFO] ThirdParty:1030 - CMSIS Pack Vendor :STMicroelectronics X-CUBE-DISPLAY 3.0.0
2025-10-13 21:59:10,775 [INFO] ThirdParty:1030 - CMSIS Pack Vendor :wolfSSL I-CUBE-wolfSSH 1.4.20
2025-10-13 21:59:10,775 [INFO] ThirdParty:1030 - CMSIS Pack Vendor :STMicroelectronics X-CUBE-NFC7 2.0.0
2025-10-13 21:59:10,775 [INFO] ThirdParty:1030 - CMSIS Pack Vendor :STMicroelectronics X-CUBE-TCPP 4.2.0
2025-10-13 21:59:10,775 [INFO] ThirdParty:1030 - CMSIS Pack Vendor :RealThread X-CUBE-RT-Thread_Nano 4.1.1
2025-10-13 21:59:10,775 [INFO] ThirdParty:1030 - CMSIS Pack Vendor :STMicroelectronics X-CUBE-NFC10 1.0.0
2025-10-13 21:59:10,775 [INFO] ThirdParty:1030 - CMSIS Pack Vendor :STMicroelectronics X-CUBE-FREERTOS 1.3.1
2025-10-13 21:59:10,775 [INFO] ThirdParty:1030 - CMSIS Pack Vendor :STMicroelectronics X-CUBE-ALS 1.0.2
2025-10-13 21:59:10,775 [INFO] ThirdParty:1030 - CMSIS Pack Vendor :emotas I-CUBE-CANOPEN 1.3.0
2025-10-13 21:59:10,775 [INFO] ThirdParty:1030 - CMSIS Pack Vendor :ITTIA_DB I-CUBE-ITTIADB 8.9.0
2025-10-13 21:59:10,775 [INFO] ThirdParty:1030 - CMSIS Pack Vendor :STMicroelectronics X-CUBE-TOUCHGFX 4.26.0
2025-10-13 21:59:10,775 [INFO] ThirdParty:1030 - CMSIS Pack Vendor :STMicroelectronics X-CUBE-STSE01 1.0.0
2025-10-13 21:59:10,775 [INFO] ThirdParty:1030 - CMSIS Pack Vendor :STMicroelectronics X-CUBE-AZRTOS-WL 2.0.0
2025-10-13 21:59:10,775 [INFO] ThirdParty:1030 - CMSIS Pack Vendor :SEGGER I-CUBE-embOS 1.3.1
2025-10-13 21:59:10,776 [INFO] ThirdParty:1030 - CMSIS Pack Vendor :STMicroelectronics X-CUBE-DPower 1.3.0
2025-10-13 21:59:10,776 [INFO] ThirdParty:1030 - CMSIS Pack Vendor :STMicroelectronics X-CUBE-ALGOBUILD 1.4.0
2025-10-13 21:59:10,776 [INFO] ThirdParty:1030 - CMSIS Pack Vendor :STMicroelectronics X-CUBE-MEMS1 11.3.0
2025-10-13 21:59:10,776 [INFO] ThirdParty:1030 - CMSIS Pack Vendor :STMicroelectronics X-CUBE-AZRTOS-L4 2.0.0
2025-10-13 21:59:10,776 [INFO] ThirdParty:1030 - CMSIS Pack Vendor :STMicroelectronics X-CUBE-SFXS2LP1 4.0.0
2025-10-13 21:59:10,776 [INFO] ThirdParty:1030 - CMSIS Pack Vendor :STMicroelectronics X-CUBE-BLE2 3.3.0
2025-10-13 21:59:10,776 [INFO] ThirdParty:1030 - CMSIS Pack Vendor :STMicroelectronics X-CUBE-TOF1 3.4.3
2025-10-13 21:59:10,776 [INFO] LoadServerUpdatesThread:375 - End of LoadServerUpdate Thread
2025-10-13 23:20:17,775 [ERROR] LogOutputStream:75 - [STDERR_REDIRECT] 
