2025-11-23 11:18:26,115 [INFO] Activator:176 - 


2025-11-23 11:18:26,119 [INFO] Activator:177 - !SESSION log4j initialized
2025-11-23 11:18:29,415 [INFO] LogOutputStream:77 - [STDOUT_REDIRECT] 
2025-11-23 11:18:30,257 [INFO] ApplicationProperties:184 - Using Application install path: /opt/st/stm32cubeide_1.19.0/plugins/com.st.stm32cube.common.mx_6.15.0.202507011659
2025-11-23 11:18:30,268 [INFO] DbMcusXml:78 - Set database path to: /opt/st/stm32cubeide_1.19.0/plugins/com.st.stm32cube.common.mx_6.15.0.202507011659//db//mcu/
2025-11-23 11:18:30,268 [INFO] ApiDb:274 - Set plugin database path to: /opt/st/stm32cubeide_1.19.0/plugins/com.st.stm32cube.common.mx_6.15.0.202507011659//db//plugins/boardmanager/
2025-11-23 11:18:30,268 [WARN] ApiDb:259 - Overriding images path with different value:  => /opt/st/stm32cubeide_1.19.0/plugins/com.st.stm32cube.common.mx_6.15.0.202507011659//db//plugins/mcufinder/images/
2025-11-23 11:18:30,272 [INFO] ApiDb:250 - Set database path to: /home/kamil/.stmcufinder/plugins/mcufinder//mcu/
2025-11-23 11:18:30,273 [INFO] DbMcusAds:125 - Set database path to: /home/kamil/.stmcufinder/plugins/mcufinder//mcu/
2025-11-23 11:18:30,274 [INFO] CrossReferenceDbSqlite:203 - Set database path to: /home/kamil/.stmcufinder/plugins/mcufinder//mcu/cs/
2025-11-23 11:18:30,346 [INFO] RulesReader:64 - Compatibility file has been processed (317 Rules)
2025-11-23 11:18:30,390 [INFO] DbMcusXml:78 - Set database path to: /opt/st/stm32cubeide_1.19.0/plugins/com.st.stm32cube.common.mx_6.15.0.202507011659//db//mcu/
2025-11-23 11:18:30,390 [INFO] ApiDb:274 - Set plugin database path to: /opt/st/stm32cubeide_1.19.0/plugins/com.st.stm32cube.common.mx_6.15.0.202507011659//db//plugins/boardmanager/
2025-11-23 11:18:30,390 [INFO] ApiDb:261 - Set plugin images path to: /opt/st/stm32cubeide_1.19.0/plugins/com.st.stm32cube.common.mx_6.15.0.202507011659//db//plugins/mcufinder/images/
2025-11-23 11:18:30,390 [WARN] DbFile:41 - Overriding database path with different value: /home/kamil/.stmcufinder/plugins/mcufinder/ => /home/kamil/.stmcufinder/plugins/mcufinder
2025-11-23 11:18:30,390 [INFO] ApiDb:250 - Set database path to: /home/kamil/.stmcufinder/plugins/mcufinder//mcu/
2025-11-23 11:18:30,390 [WARN] DbFile:41 - Overriding database path with different value: /home/kamil/.stmcufinder/plugins/mcufinder/ => /home/kamil/.stmcufinder/plugins/mcufinder
2025-11-23 11:18:30,390 [INFO] DbMcusAds:125 - Set database path to: /home/kamil/.stmcufinder/plugins/mcufinder//mcu/
2025-11-23 11:18:30,390 [WARN] DbFile:41 - Overriding database path with different value: /home/kamil/.stmcufinder/plugins/mcufinder/ => /home/kamil/.stmcufinder/plugins/mcufinder
2025-11-23 11:18:30,391 [WARN] DbFile:41 - Overriding database path with different value: /home/kamil/.stmcufinder/plugins/mcufinder/ => /home/kamil/.stmcufinder/plugins/mcufinder
2025-11-23 11:18:30,391 [INFO] CrossReferenceDbSqlite:203 - Set database path to: /home/kamil/.stmcufinder/plugins/mcufinder//mcu/cs/
2025-11-23 11:18:30,429 [INFO] MainPanel:274 - HeapMemory: 268435456
2025-11-23 11:18:30,523 [INFO] DbMcusXml:78 - Set database path to: /opt/st/stm32cubeide_1.19.0/plugins/com.st.stm32cube.common.mx_6.15.0.202507011659//db//mcu/
2025-11-23 11:18:30,524 [INFO] ApiDb:274 - Set plugin database path to: /opt/st/stm32cubeide_1.19.0/plugins/com.st.stm32cube.common.mx_6.15.0.202507011659//db//plugins/boardmanager/
2025-11-23 11:18:30,524 [INFO] ApiDb:261 - Set plugin images path to: /opt/st/stm32cubeide_1.19.0/plugins/com.st.stm32cube.common.mx_6.15.0.202507011659//db//plugins/mcufinder/images/
2025-11-23 11:18:30,524 [WARN] DbFile:41 - Overriding database path with different value: /home/kamil/.stmcufinder/plugins/mcufinder/ => /home/kamil/.stmcufinder/plugins/mcufinder
2025-11-23 11:18:30,524 [INFO] ApiDb:250 - Set database path to: /home/kamil/.stmcufinder/plugins/mcufinder//mcu/
2025-11-23 11:18:30,524 [WARN] DbFile:41 - Overriding database path with different value: /home/kamil/.stmcufinder/plugins/mcufinder/ => /home/kamil/.stmcufinder/plugins/mcufinder
2025-11-23 11:18:30,524 [INFO] DbMcusAds:125 - Set database path to: /home/kamil/.stmcufinder/plugins/mcufinder//mcu/
2025-11-23 11:18:30,524 [WARN] DbFile:41 - Overriding database path with different value: /home/kamil/.stmcufinder/plugins/mcufinder/ => /home/kamil/.stmcufinder/plugins/mcufinder
2025-11-23 11:18:30,524 [WARN] DbFile:41 - Overriding database path with different value: /home/kamil/.stmcufinder/plugins/mcufinder/ => /home/kamil/.stmcufinder/plugins/mcufinder
2025-11-23 11:18:30,524 [INFO] CrossReferenceDbSqlite:203 - Set database path to: /home/kamil/.stmcufinder/plugins/mcufinder//mcu/cs/
2025-11-23 11:18:30,533 [INFO] ApplicationProperties:184 - Using Application install path: /opt/st/stm32cubeide_1.19.0/plugins/com.st.stm32cube.common.mx_6.15.0.202507011659
2025-11-23 11:18:30,534 [INFO] PluginManage:196 - Search for loadable plugins [exclusion list=, ]
2025-11-23 11:18:30,535 [INFO] PluginManage:310 - Check plugin analytics
2025-11-23 11:18:30,611 [INFO] AnalyticsPlugin:253 - Accepted Software Licenses: 
2025-11-23 11:18:30,611 [INFO] AnalyticsPlugin:255 - Accepted CMSIS Pack Licenses: 
2025-11-23 11:18:30,611 [INFO] AnalyticsPlugin:257 - Accepted Firmware Licenses: FW.F4.1.28.0
2025-11-23 11:18:30,612 [INFO] PluginManage:359 - Loaded plugin analytics (category:tool,tabindex:-1)
2025-11-23 11:18:30,612 [INFO] PluginManage:310 - Check plugin cadmodel
2025-11-23 11:18:30,615 [INFO] CADModel:105 - Init CAD model plugin
2025-11-23 11:18:30,616 [INFO] PluginManage:359 - Loaded plugin cadmodel (category:power,tabindex:5)
2025-11-23 11:18:30,616 [INFO] PluginManage:310 - Check plugin clock
2025-11-23 11:18:30,620 [INFO] PluginManage:359 - Loaded plugin clock (category:base,tabindex:2)
2025-11-23 11:18:30,621 [INFO] PluginManage:310 - Check plugin ddr
2025-11-23 11:18:30,622 [INFO] PluginManage:359 - Loaded plugin ddr (category:tool,tabindex:6)
2025-11-23 11:18:30,622 [INFO] PluginManage:310 - Check plugin filemanager
2025-11-23 11:18:30,708 [INFO] PluginManage:359 - Loaded plugin filemanager (category:base,tabindex:10)
2025-11-23 11:18:30,708 [INFO] PluginManage:310 - Check plugin ipmanager
2025-11-23 11:18:30,711 [INFO] PluginManage:359 - Loaded plugin ipmanager (category:base,tabindex:5)
2025-11-23 11:18:30,711 [INFO] PluginManage:310 - Check plugin lpbam
2025-11-23 11:18:30,717 [INFO] PluginManage:359 - Loaded plugin lpbam (category:base,tabindex:0)
2025-11-23 11:18:30,717 [INFO] PluginManage:310 - Check plugin memorymap
2025-11-23 11:18:30,725 [INFO] PluginManage:359 - Loaded plugin memorymap (category:base,tabindex:4)
2025-11-23 11:18:30,726 [INFO] PluginManage:310 - Check plugin pinoutandconfiguration
2025-11-23 11:18:30,732 [INFO] PluginManage:359 - Loaded plugin pinoutandconfiguration (category:base,tabindex:1)
2025-11-23 11:18:30,732 [INFO] PluginManage:310 - Check plugin pinoutconfig
2025-11-23 11:18:30,778 [WARN] SupportedApi:132 - Cannot load RTOS API schema: s4s-elt-must-match.1: The content of 'definitions' must match (annotation?, (simpleType | complexType)?, (unique | key | keyref)*)). A problem was found starting at: attribute.
2025-11-23 11:18:30,859 [INFO] PluginManage:359 - Loaded plugin pinoutconfig (category:base,tabindex:0)
2025-11-23 11:18:30,859 [INFO] PluginManage:310 - Check plugin power
2025-11-23 11:18:30,867 [INFO] PluginManage:359 - Loaded plugin power (category:power,tabindex:4)
2025-11-23 11:18:30,867 [INFO] PluginManage:310 - Check plugin projectmanager
2025-11-23 11:18:30,878 [INFO] PluginManage:359 - Loaded plugin projectmanager (category:projectmanager,tabindex:4)
2025-11-23 11:18:30,878 [INFO] PluginManage:310 - Check plugin rif
2025-11-23 11:18:30,885 [INFO] PluginManage:359 - Loaded plugin rif (category:base,tabindex:3)
2025-11-23 11:18:30,885 [INFO] PluginManage:310 - Check plugin thirdparty
2025-11-23 11:18:30,959 [INFO] PluginManage:359 - Loaded plugin thirdparty (category:base,tabindex:-1)
2025-11-23 11:18:30,959 [WARN] IntegrityCheckThread:84 - waiting for thirdparty lock release [integrity check]
2025-11-23 11:18:30,959 [INFO] IntegrityCheckThread:86 - entering critical section [integrity check]
2025-11-23 11:18:30,959 [INFO] PluginManage:310 - Check plugin tools
2025-11-23 11:18:30,959 [INFO] ThirdPartyUpdaterWithRetryManager:70 - Updater plugin not ready yet. [1/15]
2025-11-23 11:18:30,960 [INFO] PluginManage:359 - Loaded plugin tools (category:base,tabindex:7)
2025-11-23 11:18:30,961 [INFO] PluginManage:310 - Check plugin tutovideos
2025-11-23 11:18:31,072 [INFO] PluginManage:359 - Loaded plugin tutovideos (category:base,tabindex:-1)
2025-11-23 11:18:31,072 [INFO] PluginManage:310 - Check plugin updater
2025-11-23 11:18:31,089 [INFO] PluginManage:359 - Loaded plugin updater (category:base,tabindex:12)
2025-11-23 11:18:31,090 [INFO] PluginManage:310 - Check plugin userauth
2025-11-23 11:18:31,092 [INFO] UserAuth:118 - Init User Auth plugin
2025-11-23 11:18:31,093 [INFO] PluginManage:359 - Loaded plugin userauth (category:base,tabindex:14)
2025-11-23 11:18:31,093 [INFO] PluginManage:283 - PluginManage : Loaded plugins [18]
2025-11-23 11:18:31,192 [INFO] PinOutPanel:1589 - setPackage(No Configuration,No Configuration)
2025-11-23 11:18:31,230 [INFO] CADModel:165 - CPN selected for project level
2025-11-23 11:18:31,230 [INFO] CADModel:114 - Register for checkConnection events
2025-11-23 11:18:31,237 [INFO] IPUIPlugin:80 - create IPUIPlugin
2025-11-23 11:18:31,237 [INFO] PluginManager:220 - loadIPPluginJar : add tracer_emb
2025-11-23 11:18:31,238 [INFO] IPUIPlugin:80 - create IPUIPlugin
2025-11-23 11:18:31,239 [INFO] PluginManager:220 - loadIPPluginJar : add radio
2025-11-23 11:18:31,242 [INFO] IPUIPlugin:80 - create IPUIPlugin
2025-11-23 11:18:31,242 [INFO] PluginManager:220 - loadIPPluginJar : add ddr_ctrl_phy
2025-11-23 11:18:31,254 [INFO] IPUIPlugin:80 - create IPUIPlugin
2025-11-23 11:18:31,254 [INFO] PluginManager:220 - loadIPPluginJar : add mdma
2025-11-23 11:18:31,256 [INFO] IPUIPlugin:80 - create IPUIPlugin
2025-11-23 11:18:31,256 [INFO] PluginManager:220 - loadIPPluginJar : add touchsensing
2025-11-23 11:18:31,257 [INFO] IPUIPlugin:80 - create IPUIPlugin
2025-11-23 11:18:31,257 [INFO] PluginManager:220 - loadIPPluginJar : add ucpd
2025-11-23 11:18:31,261 [INFO] IPUIPlugin:80 - create IPUIPlugin
2025-11-23 11:18:31,262 [INFO] PluginManager:220 - loadIPPluginJar : add plateformsettings
2025-11-23 11:18:31,263 [INFO] IPUIPlugin:80 - create IPUIPlugin
2025-11-23 11:18:31,264 [INFO] PluginManager:220 - loadIPPluginJar : add ipddr
2025-11-23 11:18:31,266 [INFO] IPUIPlugin:80 - create IPUIPlugin
2025-11-23 11:18:31,266 [INFO] PluginManager:220 - loadIPPluginJar : add resmgrutility
2025-11-23 11:18:31,267 [INFO] IPUIPlugin:80 - create IPUIPlugin
2025-11-23 11:18:31,267 [INFO] PluginManager:220 - loadIPPluginJar : add ts
2025-11-23 11:18:31,268 [INFO] IPUIPlugin:80 - create IPUIPlugin
2025-11-23 11:18:31,268 [INFO] PluginManager:220 - loadIPPluginJar : add dma3
2025-11-23 11:18:31,269 [INFO] IPUIPlugin:80 - create IPUIPlugin
2025-11-23 11:18:31,269 [INFO] PluginManager:220 - loadIPPluginJar : add openamp
2025-11-23 11:18:31,271 [INFO] IPUIPlugin:80 - create IPUIPlugin
2025-11-23 11:18:31,271 [INFO] PluginManager:220 - loadIPPluginJar : add opamp
2025-11-23 11:18:31,273 [INFO] IPUIPlugin:80 - create IPUIPlugin
2025-11-23 11:18:31,273 [INFO] PluginManager:220 - loadIPPluginJar : add pdm2pcm
2025-11-23 11:18:31,274 [INFO] IPUIPlugin:80 - create IPUIPlugin
2025-11-23 11:18:31,275 [INFO] PluginManager:220 - loadIPPluginJar : add gfxmmu
2025-11-23 11:18:31,276 [INFO] IPUIPlugin:80 - create IPUIPlugin
2025-11-23 11:18:31,276 [INFO] PluginManager:220 - loadIPPluginJar : add aes
2025-11-23 11:18:31,278 [INFO] IPUIPlugin:80 - create IPUIPlugin
2025-11-23 11:18:31,278 [INFO] PluginManager:220 - loadIPPluginJar : add gtzc
2025-11-23 11:18:31,280 [INFO] IPUIPlugin:80 - create IPUIPlugin
2025-11-23 11:18:31,280 [INFO] PluginManager:220 - loadIPPluginJar : add sai
2025-11-23 11:18:31,281 [INFO] IPUIPlugin:80 - create IPUIPlugin
2025-11-23 11:18:31,281 [INFO] PluginManager:220 - loadIPPluginJar : add tsc
2025-11-23 11:18:31,283 [INFO] IPUIPlugin:80 - create IPUIPlugin
2025-11-23 11:18:31,283 [INFO] PluginManager:220 - loadIPPluginJar : add usbx
2025-11-23 11:18:31,284 [INFO] IPUIPlugin:80 - create IPUIPlugin
2025-11-23 11:18:31,284 [INFO] PluginManager:220 - loadIPPluginJar : add can
2025-11-23 11:18:31,286 [INFO] IPUIPlugin:80 - create IPUIPlugin
2025-11-23 11:18:31,286 [INFO] PluginManager:220 - loadIPPluginJar : add i2c
2025-11-23 11:18:31,288 [INFO] IPUIPlugin:80 - create IPUIPlugin
2025-11-23 11:18:31,288 [INFO] PluginManager:220 - loadIPPluginJar : add lorawan
2025-11-23 11:18:31,289 [INFO] IPUIPlugin:80 - create IPUIPlugin
2025-11-23 11:18:31,289 [INFO] PluginManager:220 - loadIPPluginJar : add spi
2025-11-23 11:18:31,293 [INFO] IPUIPlugin:80 - create IPUIPlugin
2025-11-23 11:18:31,293 [INFO] PluginManager:220 - loadIPPluginJar : add linkedlist
2025-11-23 11:18:31,295 [INFO] IPUIPlugin:80 - create IPUIPlugin
2025-11-23 11:18:31,295 [INFO] PluginManager:220 - loadIPPluginJar : add fmc
2025-11-23 11:18:31,297 [INFO] IPUIPlugin:80 - create IPUIPlugin
2025-11-23 11:18:31,297 [INFO] PluginManager:220 - loadIPPluginJar : add i3c
2025-11-23 11:18:31,298 [INFO] IPUIPlugin:80 - create IPUIPlugin
2025-11-23 11:18:31,298 [INFO] PluginManager:220 - loadIPPluginJar : add ltdc
2025-11-23 11:18:31,301 [INFO] IPUIPlugin:80 - create IPUIPlugin
2025-11-23 11:18:31,301 [INFO] PluginManager:220 - loadIPPluginJar : add dma
2025-11-23 11:18:31,305 [INFO] IPUIPlugin:80 - create IPUIPlugin
2025-11-23 11:18:31,306 [INFO] PluginManager:220 - loadIPPluginJar : add freertos
2025-11-23 11:18:31,307 [INFO] IPUIPlugin:80 - create IPUIPlugin
2025-11-23 11:18:31,307 [INFO] PluginManager:220 - loadIPPluginJar : add hash
2025-11-23 11:18:31,312 [INFO] IPUIPlugin:80 - create IPUIPlugin
2025-11-23 11:18:31,312 [INFO] PluginManager:220 - loadIPPluginJar : add adc
2025-11-23 11:18:31,313 [INFO] IPUIPlugin:80 - create IPUIPlugin
2025-11-23 11:18:31,314 [INFO] PluginManager:220 - loadIPPluginJar : add usart
2025-11-23 11:18:31,322 [INFO] IPUIPlugin:80 - create IPUIPlugin
2025-11-23 11:18:31,322 [INFO] PluginManager:220 - loadIPPluginJar : add stm32_wpan
2025-11-23 11:18:31,323 [INFO] IPUIPlugin:80 - create IPUIPlugin
2025-11-23 11:18:31,323 [INFO] PluginManager:220 - loadIPPluginJar : add genericplugin
2025-11-23 11:18:31,327 [INFO] IPUIPlugin:80 - create IPUIPlugin
2025-11-23 11:18:31,327 [INFO] PluginManager:220 - loadIPPluginJar : add gpio
2025-11-23 11:18:31,330 [INFO] IPUIPlugin:80 - create IPUIPlugin
2025-11-23 11:18:31,330 [INFO] PluginManager:220 - loadIPPluginJar : add nvic
2025-11-23 11:18:31,332 [INFO] IPUIPlugin:80 - create IPUIPlugin
2025-11-23 11:18:31,332 [INFO] PluginManager:220 - loadIPPluginJar : add dfsdm
2025-11-23 11:18:31,333 [INFO] IPUIPlugin:80 - create IPUIPlugin
2025-11-23 11:18:31,333 [INFO] PluginManager:220 - loadIPPluginJar : add fatfs
2025-11-23 11:18:31,334 [INFO] IPUIPlugin:80 - create IPUIPlugin
2025-11-23 11:18:31,334 [INFO] PluginManager:220 - loadIPPluginJar : add comp
2025-11-23 11:18:31,336 [INFO] IPUIPlugin:80 - create IPUIPlugin
2025-11-23 11:18:31,336 [INFO] PluginManager:220 - loadIPPluginJar : add i2s
2025-11-23 11:18:31,337 [INFO] IPUIPlugin:80 - create IPUIPlugin
2025-11-23 11:18:31,337 [INFO] PluginManager:220 - loadIPPluginJar : add cryp
2025-11-23 11:18:31,338 [INFO] IPUIPlugin:80 - create IPUIPlugin
2025-11-23 11:18:31,338 [INFO] PluginManager:220 - loadIPPluginJar : add quadspi
2025-11-23 11:18:31,343 [INFO] IPUIPlugin:80 - create IPUIPlugin
2025-11-23 11:18:31,343 [INFO] PluginManager:220 - loadIPPluginJar : add gic
2025-11-23 11:18:31,344 [INFO] IPUIPlugin:80 - create IPUIPlugin
2025-11-23 11:18:31,344 [INFO] PluginManager:220 - loadIPPluginJar : add tim
2025-11-23 11:18:31,346 [INFO] IPUIPlugin:80 - create IPUIPlugin
2025-11-23 11:18:31,347 [INFO] PluginManager:220 - loadIPPluginJar : add extmemmanager
2025-11-23 11:18:31,442 [FATAL] Updater:351 - Updater called before beeing initialized
2025-11-23 11:18:31,462 [INFO] RulesReader:64 - Compatibility file has been processed (317 Rules)
2025-11-23 11:18:31,471 [INFO] RulesReader:64 - Compatibility file has been processed (317 Rules)
2025-11-23 11:18:31,478 [INFO] CADModel:165 - CPN selected for project level
2025-11-23 11:18:31,478 [INFO] CADModel:114 - Register for checkConnection events
2025-11-23 11:18:31,478 [FATAL] Updater:351 - Updater called before beeing initialized
2025-11-23 11:18:31,478 [ERROR] CADModel:125 - Updater not yet initialized, retry later 
2025-11-23 11:18:31,575 [FATAL] Updater:351 - Updater called before beeing initialized
2025-11-23 11:18:31,578 [INFO] CADModel:165 - CPN selected for project level
2025-11-23 11:18:31,578 [INFO] CADModel:114 - Register for checkConnection events
2025-11-23 11:18:31,578 [FATAL] Updater:351 - Updater called before beeing initialized
2025-11-23 11:18:31,578 [ERROR] CADModel:125 - Updater not yet initialized, retry later 
2025-11-23 11:18:31,581 [FATAL] Updater:351 - Updater called before beeing initialized
2025-11-23 11:18:31,661 [FATAL] Updater:351 - Updater called before beeing initialized
2025-11-23 11:18:31,664 [INFO] DbMcusAds:53 - JSON generation date=Mon Nov 10 11:43:01 CET 2025 (1762771381096)
2025-11-23 11:18:31,664 [FATAL] Updater:351 - Updater called before beeing initialized
2025-11-23 11:18:31,683 [WARN] DetailPanel:346 - Failed to get advertising image, set to default
2025-11-23 11:18:31,730 [FATAL] Updater:351 - Updater called before beeing initialized
2025-11-23 11:18:31,731 [FATAL] Updater:351 - Updater called before beeing initialized
2025-11-23 11:18:31,731 [FATAL] Updater:351 - Updater called before beeing initialized
2025-11-23 11:18:31,731 [WARN] DetailPanel:346 - Failed to get advertising image, set to default
2025-11-23 11:18:31,732 [FATAL] Updater:351 - Updater called before beeing initialized
2025-11-23 11:18:31,753 [ERROR] Updater:1198 - MainUpdater not yet initialized. External WinMGr cannot be set.
2025-11-23 11:18:31,754 [INFO] Updater:1134 - Updater Version found : 6.15.0
2025-11-23 11:18:31,763 [INFO] ApplicationProperties:184 - Using Application install path: /opt/st/stm32cubeide_1.19.0/plugins/com.st.stm32cube.common.mx_6.15.0.202507011659
2025-11-23 11:18:31,978 [INFO] MainUpdater:2872 - connection check result : 10
2025-11-23 11:18:31,979 [INFO] MainUpdater:289 - Updater Check For Update Now.
2025-11-23 11:18:31,979 [INFO] MicroXplorer:498 - Change Database Version : DB.6.0.150
2025-11-23 11:18:31,981 [INFO] McuFinderGlobals:63 - Set McuFinder mode to 2 (CubeIDE integrated)
2025-11-23 11:18:31,982 [INFO] UserAuth:487 - Internet connection configuration mode: 1
2025-11-23 11:18:31,996 [INFO] JxBrowserEngine:152 - Initiate JxBrowser Engine with user profile folder
2025-11-23 11:18:32,138 [INFO] CheckServerUpdateThread:120 - End of CheckServer Thread
2025-11-23 11:18:32,516 [INFO] WebApp:169 - Instantiating new browser for Auth
2025-11-23 11:18:32,910 [INFO] WebApp:463 - Apply proxy settings
2025-11-23 11:18:32,911 [INFO] WebApp:548 - Chromium requires no authentication
2025-11-23 11:18:32,916 [INFO] WebApp:491 - Direct internet connection detected
2025-11-23 11:18:32,924 [INFO] WebApp:900 - Register for checkConnection events
2025-11-23 11:18:32,924 [INFO] WebApp:463 - Apply proxy settings
2025-11-23 11:18:32,924 [INFO] WebApp:548 - Chromium requires no authentication
2025-11-23 11:18:32,925 [INFO] WebApp:491 - Direct internet connection detected
2025-11-23 11:18:32,991 [INFO] WebApp:225 - Starting web application
2025-11-23 11:18:32,991 [INFO] WebApp:593 - Web application path used /opt/st/stm32cubeide_1.19.0/plugins/com.st.stm32cube.common.mx_6.15.0.202507011659/db/plugins/mcufinder/reactClient1/index.html
2025-11-23 11:18:33,051 [INFO] UserAuth:487 - Internet connection configuration mode: 1
2025-11-23 11:18:33,370 [INFO] WebApp:191 - Connection restablished
2025-11-23 11:18:34,040 [WARN] PackLoader:240 - Cannot read IP mode file for STMicroelectronics.FP-SNS-MOTENVWB1.1.4.0
2025-11-23 11:18:34,044 [WARN] PackLoader:240 - Cannot read IP mode file for STMicroelectronics.FP-ATR-ASTRA1.2.0.2
2025-11-23 11:18:34,049 [WARN] PackLoader:240 - Cannot read IP mode file for STMicroelectronics.X-CUBE-SMBUS.2.1.0
2025-11-23 11:18:34,052 [WARN] PackLoader:240 - Cannot read IP mode file for STMicroelectronics.X-CUBE-ST60.1.0.0
2025-11-23 11:18:34,067 [WARN] PackLoader:240 - Cannot read IP mode file for STMicroelectronics.X-CUBE-AZRTOS-F7.1.1.0
2025-11-23 11:18:34,072 [WARN] PackLoader:240 - Cannot read IP mode file for Cesanta.I-CUBE-Mongoose.7.19.0
2025-11-23 11:18:34,074 [WARN] PackLoader:240 - Cannot read IP mode file for STMicroelectronics.FP-SNS-MOTENV1.5.1.0
2025-11-23 11:18:34,079 [WARN] PackLoader:240 - Cannot read IP mode file for WES.I-CUBE-Cesium.1.4.0
2025-11-23 11:18:34,092 [WARN] PackLoader:240 - Cannot read IP mode file for Infineon.AIROC-Wi-Fi-Bluetooth-STM32.1.7.1
2025-11-23 11:18:34,106 [WARN] PackLoader:240 - Cannot read IP mode file for STMicroelectronics.X-CUBE-AZRTOS-H7.3.4.0
2025-11-23 11:18:34,112 [WARN] PackLoader:240 - Cannot read IP mode file for STMicroelectronics.X-CUBE-DISPLAY.3.0.0
2025-11-23 11:18:34,118 [WARN] PackLoader:240 - Cannot read IP mode file for STMicroelectronics.X-CUBE-NFC10.1.0.0
2025-11-23 11:18:34,122 [WARN] PackLoader:240 - Cannot read IP mode file for STMicroelectronics.X-CUBE-ST60.1.1.0
2025-11-23 11:18:34,126 [WARN] PackLoader:240 - Cannot read IP mode file for emotas.I-CUBE-CANOPEN.1.3.0
2025-11-23 11:18:34,136 [WARN] PackLoader:240 - Cannot read IP mode file for STMicroelectronics.X-CUBE-GNSS1.7.1.0
2025-11-23 11:18:34,140 [WARN] PackLoader:240 - Cannot read IP mode file for STMicroelectronics.FP-SNS-SMARTAG2.1.2.0
2025-11-23 11:18:34,143 [WARN] PackLoader:240 - Cannot read IP mode file for STMicroelectronics.FP-SNS-FLIGHT1.5.1.0
2025-11-23 11:18:34,148 [INFO] LogOutputStream:77 - [STDOUT_REDIRECT] 1 : Invalid condition id : UX_CORESTACK_Condition cause : null
2025-11-23 11:18:34,149 [INFO] LogOutputStream:77 - [STDOUT_REDIRECT] 1 : Invalid condition id : UX_CORESTACK_Condition cause : null
2025-11-23 11:18:34,149 [INFO] LogOutputStream:77 - [STDOUT_REDIRECT] 1 : Invalid condition id : UX_CORESTACK_Condition cause : null
2025-11-23 11:18:34,149 [INFO] LogOutputStream:77 - [STDOUT_REDIRECT] 1 : Invalid condition id : UX_CORESTACK_Condition cause : null
2025-11-23 11:18:34,149 [INFO] LogOutputStream:77 - [STDOUT_REDIRECT] 1 : Invalid condition id : UX_CORESTACK_Condition cause : null
2025-11-23 11:18:34,151 [WARN] PackLoader:240 - Cannot read IP mode file for STMicroelectronics.X-CUBE-AZRTOS-WL.2.0.0
2025-11-23 11:18:34,155 [WARN] PackLoader:240 - Cannot read IP mode file for STMicroelectronics.FP-SNS-MOTENV1.5.0.0
2025-11-23 11:18:34,168 [WARN] PackLoader:240 - Cannot read IP mode file for STMicroelectronics.X-CUBE-AZRTOS-H7RS.1.2.0
2025-11-23 11:18:34,173 [WARN] PackLoader:240 - Cannot read IP mode file for STMicroelectronics.X-CUBE-BLE2.3.3.0
2025-11-23 11:18:34,183 [WARN] PackLoader:240 - Cannot read IP mode file for STMicroelectronics.X-CUBE-NFC9.1.0.0
2025-11-23 11:18:34,185 [WARN] PackLoader:240 - Cannot read IP mode file for wolfSSL.I-CUBE-wolfSSL.5.8.2
2025-11-23 11:18:34,188 [WARN] PackLoader:240 - Cannot read IP mode file for STMicroelectronics.X-CUBE-BLE1.7.1.0
2025-11-23 11:18:34,190 [WARN] PackLoader:240 - Cannot read IP mode file for wolfSSL.I-CUBE-wolfMQTT.1.19.2
2025-11-23 11:18:34,192 [WARN] PackLoader:240 - Cannot read IP mode file for STMicroelectronics.X-CUBE-FREERTOS.1.4.0
2025-11-23 11:18:34,195 [WARN] PackLoader:240 - Cannot read IP mode file for STMicroelectronics.X-CUBE-EEPRMA1.5.2.0
2025-11-23 11:18:34,199 [WARN] PackLoader:240 - Cannot read IP mode file for STMicroelectronics.X-CUBE-ST67W61.1.1.0
2025-11-23 11:18:34,217 [WARN] PackLoader:240 - Cannot read IP mode file for STMicroelectronics.X-CUBE-MEMS1.12.0.0
2025-11-23 11:18:34,282 [WARN] PackLoader:240 - Cannot read IP mode file for STMicroelectronics.X-CUBE-AZRTOS-G0.1.1.0
2025-11-23 11:18:34,287 [WARN] PackLoader:240 - Cannot read IP mode file for STMicroelectronics.X-CUBE-SAFEA1.1.2.2
2025-11-23 11:18:34,307 [WARN] PackLoader:240 - Cannot read IP mode file for STMicroelectronics.X-CUBE-NFC4.3.0.0
2025-11-23 11:18:34,319 [WARN] PackLoader:240 - Cannot read IP mode file for EmbeddedOffice.I-CUBE-FS-RTOS.1.0.1
2025-11-23 11:18:34,325 [WARN] PackLoader:240 - Cannot read IP mode file for STMicroelectronics.X-CUBE-WB05N.2.0.0
2025-11-23 11:18:34,329 [WARN] PackLoader:240 - Cannot read IP mode file for wolfSSL.I-CUBE-wolfTPM.3.8.0
2025-11-23 11:18:34,333 [WARN] PackLoader:240 - Cannot read IP mode file for STMicroelectronics.X-CUBE-TCPP.4.2.0
2025-11-23 11:18:34,338 [WARN] PackLoader:240 - Cannot read IP mode file for RealThread.X-CUBE-RT-Thread_Nano.4.1.1
2025-11-23 11:18:34,341 [WARN] PackLoader:240 - Cannot read IP mode file for STMicroelectronics.FP-ATR-SIGFOX1.3.2.0
2025-11-23 11:18:34,345 [WARN] PackLoader:240 - Cannot read IP mode file for ITTIA_DB.I-CUBE-ITTIADB.8.9.0
2025-11-23 11:18:34,370 [WARN] PackLoader:240 - Cannot read IP mode file for SEGGER.I-CUBE-embOS.1.3.1
2025-11-23 11:18:34,405 [WARN] PackLoader:240 - Cannot read IP mode file for STMicroelectronics.X-CUBE-ALGOBUILD.1.4.0
2025-11-23 11:18:34,439 [WARN] PackLoader:240 - Cannot read IP mode file for STMicroelectronics.X-CUBE-MEMS1.11.3.0
2025-11-23 11:18:34,512 [WARN] PackLoader:240 - Cannot read IP mode file for STMicroelectronics.X-CUBE-PM33A1.1.0.0
2025-11-23 11:18:34,521 [WARN] PackLoader:240 - Cannot read IP mode file for STMicroelectronics.X-CUBE-AZRTOS-F4.1.1.0
2025-11-23 11:18:34,525 [WARN] PackLoader:240 - Cannot read IP mode file for STMicroelectronics.X-CUBE-ISPU.2.1.0
2025-11-23 11:18:34,532 [WARN] PackLoader:240 - Cannot read IP mode file for STMicroelectronics.X-CUBE-IPS.3.2.0
2025-11-23 11:18:34,545 [WARN] PackLoader:240 - Cannot read IP mode file for STMicroelectronics.X-CUBE-NFC12.1.0.0
2025-11-23 11:18:34,552 [WARN] PackLoader:240 - Cannot read IP mode file for STMicroelectronics.X-CUBE-AZRTOS-L5.2.0.0
2025-11-23 11:18:34,556 [WARN] PackLoader:240 - Cannot read IP mode file for STMicroelectronics.X-CUBE-NFC6.3.1.0
2025-11-23 11:18:34,559 [WARN] PackLoader:240 - Cannot read IP mode file for STMicroelectronics.X-CUBE-FREERTOS.1.3.1
2025-11-23 11:18:34,561 [WARN] PackLoader:240 - Cannot read IP mode file for STMicroelectronics.X-CUBE-TOUCHGFX.4.26.0
2025-11-23 11:18:34,564 [WARN] PackLoader:240 - Cannot read IP mode file for STMicroelectronics.X-CUBE-DPower.1.3.0
2025-11-23 11:18:34,570 [WARN] ConditionMgr:438 - getConditionDescription Invalid condition id : LAN8742 Phy interface Condition cause : null
2025-11-23 11:18:34,571 [WARN] PackLoader:240 - Cannot read IP mode file for STMicroelectronics.X-CUBE-AZRTOS-L4.2.0.0
2025-11-23 11:18:34,571 [WARN] ConditionMgr:1044 - genDependencies : Invalid condition id : LAN8742 Phy interface Condition cause : null
2025-11-23 11:18:34,571 [WARN] ConditionMgr:1044 - genDependencies : Invalid condition id : LAN8742 Phy interface Condition cause : null
2025-11-23 11:18:34,572 [WARN] ConditionMgr:1044 - genDependencies : Invalid condition id : LAN8742 Phy interface Condition cause : null
2025-11-23 11:18:34,574 [WARN] PackLoader:240 - Cannot read IP mode file for STMicroelectronics.X-CUBE-SFXS2LP1.4.0.0
2025-11-23 11:18:34,579 [WARN] PackLoader:240 - Cannot read IP mode file for STMicroelectronics.X-CUBE-BLEMGR.4.1.0
2025-11-23 11:18:34,584 [WARN] ConditionMgr:438 - getConditionDescription Invalid condition id : UX DEVICE CLASS RTOS Condition cause : null
2025-11-23 11:18:34,585 [WARN] ConditionMgr:438 - getConditionDescription Invalid condition id : UX DEVICE CLASS RTOS Condition cause : null
2025-11-23 11:18:34,586 [WARN] PackLoader:240 - Cannot read IP mode file for STMicroelectronics.X-CUBE-AZRTOS-WB.2.0.0
2025-11-23 11:18:34,586 [WARN] ConditionMgr:1044 - genDependencies : Invalid condition id : UX DEVICE CLASS RTOS Condition cause : null
2025-11-23 11:18:34,586 [WARN] ConditionMgr:1044 - genDependencies : Invalid condition id : UX DEVICE CLASS RTOS Condition cause : null
2025-11-23 11:18:34,586 [WARN] ConditionMgr:1044 - genDependencies : Invalid condition id : UX DEVICE CLASS RTOS Condition cause : null
2025-11-23 11:18:34,586 [WARN] ConditionMgr:1044 - genDependencies : Invalid condition id : UX DEVICE CLASS RTOS Condition cause : null
2025-11-23 11:18:34,586 [WARN] ConditionMgr:1044 - genDependencies : Invalid condition id : UX DEVICE CLASS RTOS Condition cause : null
2025-11-23 11:18:34,588 [WARN] PackLoader:240 - Cannot read IP mode file for STMicroelectronics.X-CUBE-GNSS1.7.0.1
2025-11-23 11:18:34,589 [WARN] ConditionMgr:438 - getConditionDescription Invalid condition id : Cortex-A Device cause : null
2025-11-23 11:18:34,593 [WARN] ConditionMgr:1044 - genDependencies : Invalid condition id : Cortex-A Device cause : null
2025-11-23 11:18:34,593 [WARN] ConditionMgr:1044 - genDependencies : Invalid condition id : Cortex-A Device cause : null
2025-11-23 11:18:34,593 [WARN] ConditionMgr:1044 - genDependencies : Invalid condition id : Cortex-A Device cause : null
2025-11-23 11:18:34,596 [WARN] PackLoader:240 - Cannot read IP mode file for STMicroelectronics.X-CUBE-SUBG2.5.0.0
2025-11-23 11:18:34,604 [WARN] PackLoader:240 - Cannot read IP mode file for STMicroelectronics.X-CUBE-AZRTOS-H7RS.1.1.0
2025-11-23 11:18:34,610 [WARN] PackLoader:240 - Cannot read IP mode file for STMicroelectronics.X-CUBE-AZRTOS-G4.2.0.0
2025-11-23 11:18:34,613 [WARN] PackLoader:240 - Cannot read IP mode file for wolfSSL.I-CUBE-wolfSSH.1.4.20
2025-11-23 11:18:34,615 [WARN] PackLoader:240 - Cannot read IP mode file for STMicroelectronics.X-CUBE-NFC7.2.0.0
2025-11-23 11:18:34,616 [WARN] PackLoader:240 - Cannot read IP mode file for STMicroelectronics.X-CUBE-ALS.1.0.2
2025-11-23 11:18:34,618 [WARN] PackLoader:240 - Cannot read IP mode file for STMicroelectronics.X-CUBE-STSE01.1.0.0
2025-11-23 11:18:34,623 [WARN] PackLoader:240 - Cannot read IP mode file for STMicroelectronics.X-CUBE-TOF1.3.4.3
2025-11-23 11:18:34,627 [INFO] ThirdParty:978 - Integrity check success = true
2025-11-23 11:18:34,627 [INFO] IntegrityCheckThread:100 - exiting critical section [integrity check]
2025-11-23 11:18:34,627 [INFO] IntegrityCheckThread:103 - End integrity checks thread
2025-11-23 12:16:39,145 [INFO] WebApp:194 - Connection lost
2025-11-23 12:16:47,887 [INFO] WebApp:191 - Connection restablished
2025-11-23 14:05:09,159 [INFO] WebApp:194 - Connection lost
2025-11-23 14:05:15,277 [INFO] WebApp:191 - Connection restablished
2025-11-23 14:05:17,459 [INFO] WebApp:194 - Connection lost
2025-11-23 14:05:17,585 [INFO] WebApp:191 - Connection restablished
2025-11-23 16:34:59,177 [INFO] WebApp:194 - Connection lost
2025-11-23 16:35:06,896 [INFO] WebApp:191 - Connection restablished
2025-11-23 18:52:33,640 [INFO] WebApp:194 - Connection lost
2025-11-23 18:53:58,235 [INFO] WebApp:191 - Connection restablished
2025-11-23 19:03:48,347 [INFO] WebApp:194 - Connection lost
2025-11-23 19:03:55,910 [INFO] WebApp:191 - Connection restablished
2025-11-23 20:10:58,642 [ERROR] LogOutputStream:75 - [STDERR_REDIRECT] SWT SessionManagerDBus: Failed to UnregisterClient: GDBus.Error:org.freedesktop.DBus.Error.NoReply: Message recipient disconnected from message bus without replying
