2025-11-25 00:13:15,315 [INFO] Activator:176 - 


2025-11-25 00:13:15,317 [INFO] Activator:177 - !SESSION log4j initialized
2025-11-25 00:13:18,187 [INFO] LogOutputStream:77 - [STDOUT_REDIRECT] 
2025-11-25 00:13:18,983 [INFO] ApplicationProperties:184 - Using Application install path: /opt/st/stm32cubeide_1.19.0/plugins/com.st.stm32cube.common.mx_6.15.0.202507011659
2025-11-25 00:13:18,998 [INFO] DbMcusXml:78 - Set database path to: /opt/st/stm32cubeide_1.19.0/plugins/com.st.stm32cube.common.mx_6.15.0.202507011659//db//mcu/
2025-11-25 00:13:18,998 [INFO] ApiDb:274 - Set plugin database path to: /opt/st/stm32cubeide_1.19.0/plugins/com.st.stm32cube.common.mx_6.15.0.202507011659//db//plugins/boardmanager/
2025-11-25 00:13:18,999 [WARN] ApiDb:259 - Overriding images path with different value:  => /opt/st/stm32cubeide_1.19.0/plugins/com.st.stm32cube.common.mx_6.15.0.202507011659//db//plugins/mcufinder/images/
2025-11-25 00:13:19,003 [INFO] ApiDb:250 - Set database path to: /home/kamil/.stmcufinder/plugins/mcufinder//mcu/
2025-11-25 00:13:19,005 [INFO] DbMcusAds:125 - Set database path to: /home/kamil/.stmcufinder/plugins/mcufinder//mcu/
2025-11-25 00:13:19,007 [INFO] CrossReferenceDbSqlite:203 - Set database path to: /home/kamil/.stmcufinder/plugins/mcufinder//mcu/cs/
2025-11-25 00:13:19,092 [INFO] RulesReader:64 - Compatibility file has been processed (317 Rules)
2025-11-25 00:13:19,152 [INFO] DbMcusXml:78 - Set database path to: /opt/st/stm32cubeide_1.19.0/plugins/com.st.stm32cube.common.mx_6.15.0.202507011659//db//mcu/
2025-11-25 00:13:19,152 [INFO] ApiDb:274 - Set plugin database path to: /opt/st/stm32cubeide_1.19.0/plugins/com.st.stm32cube.common.mx_6.15.0.202507011659//db//plugins/boardmanager/
2025-11-25 00:13:19,152 [INFO] ApiDb:261 - Set plugin images path to: /opt/st/stm32cubeide_1.19.0/plugins/com.st.stm32cube.common.mx_6.15.0.202507011659//db//plugins/mcufinder/images/
2025-11-25 00:13:19,153 [WARN] DbFile:41 - Overriding database path with different value: /home/kamil/.stmcufinder/plugins/mcufinder/ => /home/kamil/.stmcufinder/plugins/mcufinder
2025-11-25 00:13:19,153 [INFO] ApiDb:250 - Set database path to: /home/kamil/.stmcufinder/plugins/mcufinder//mcu/
2025-11-25 00:13:19,153 [WARN] DbFile:41 - Overriding database path with different value: /home/kamil/.stmcufinder/plugins/mcufinder/ => /home/kamil/.stmcufinder/plugins/mcufinder
2025-11-25 00:13:19,153 [INFO] DbMcusAds:125 - Set database path to: /home/kamil/.stmcufinder/plugins/mcufinder//mcu/
2025-11-25 00:13:19,153 [WARN] DbFile:41 - Overriding database path with different value: /home/kamil/.stmcufinder/plugins/mcufinder/ => /home/kamil/.stmcufinder/plugins/mcufinder
2025-11-25 00:13:19,153 [WARN] DbFile:41 - Overriding database path with different value: /home/kamil/.stmcufinder/plugins/mcufinder/ => /home/kamil/.stmcufinder/plugins/mcufinder
2025-11-25 00:13:19,153 [INFO] CrossReferenceDbSqlite:203 - Set database path to: /home/kamil/.stmcufinder/plugins/mcufinder//mcu/cs/
2025-11-25 00:13:19,206 [INFO] MainPanel:274 - HeapMemory: 268435456
2025-11-25 00:13:19,310 [INFO] DbMcusXml:78 - Set database path to: /opt/st/stm32cubeide_1.19.0/plugins/com.st.stm32cube.common.mx_6.15.0.202507011659//db//mcu/
2025-11-25 00:13:19,310 [INFO] ApiDb:274 - Set plugin database path to: /opt/st/stm32cubeide_1.19.0/plugins/com.st.stm32cube.common.mx_6.15.0.202507011659//db//plugins/boardmanager/
2025-11-25 00:13:19,310 [INFO] ApiDb:261 - Set plugin images path to: /opt/st/stm32cubeide_1.19.0/plugins/com.st.stm32cube.common.mx_6.15.0.202507011659//db//plugins/mcufinder/images/
2025-11-25 00:13:19,310 [WARN] DbFile:41 - Overriding database path with different value: /home/kamil/.stmcufinder/plugins/mcufinder/ => /home/kamil/.stmcufinder/plugins/mcufinder
2025-11-25 00:13:19,311 [INFO] ApiDb:250 - Set database path to: /home/kamil/.stmcufinder/plugins/mcufinder//mcu/
2025-11-25 00:13:19,311 [WARN] DbFile:41 - Overriding database path with different value: /home/kamil/.stmcufinder/plugins/mcufinder/ => /home/kamil/.stmcufinder/plugins/mcufinder
2025-11-25 00:13:19,311 [INFO] DbMcusAds:125 - Set database path to: /home/kamil/.stmcufinder/plugins/mcufinder//mcu/
2025-11-25 00:13:19,311 [WARN] DbFile:41 - Overriding database path with different value: /home/kamil/.stmcufinder/plugins/mcufinder/ => /home/kamil/.stmcufinder/plugins/mcufinder
2025-11-25 00:13:19,311 [WARN] DbFile:41 - Overriding database path with different value: /home/kamil/.stmcufinder/plugins/mcufinder/ => /home/kamil/.stmcufinder/plugins/mcufinder
2025-11-25 00:13:19,311 [INFO] CrossReferenceDbSqlite:203 - Set database path to: /home/kamil/.stmcufinder/plugins/mcufinder//mcu/cs/
2025-11-25 00:13:19,322 [INFO] ApplicationProperties:184 - Using Application install path: /opt/st/stm32cubeide_1.19.0/plugins/com.st.stm32cube.common.mx_6.15.0.202507011659
2025-11-25 00:13:19,323 [INFO] PluginManage:196 - Search for loadable plugins [exclusion list=, ]
2025-11-25 00:13:19,324 [INFO] PluginManage:310 - Check plugin analytics
2025-11-25 00:13:19,421 [INFO] AnalyticsPlugin:253 - Accepted Software Licenses: 
2025-11-25 00:13:19,421 [INFO] AnalyticsPlugin:255 - Accepted CMSIS Pack Licenses: 
2025-11-25 00:13:19,421 [INFO] AnalyticsPlugin:257 - Accepted Firmware Licenses: FW.F4.1.28.0
2025-11-25 00:13:19,423 [INFO] PluginManage:359 - Loaded plugin analytics (category:tool,tabindex:-1)
2025-11-25 00:13:19,423 [INFO] PluginManage:310 - Check plugin cadmodel
2025-11-25 00:13:19,427 [INFO] CADModel:105 - Init CAD model plugin
2025-11-25 00:13:19,427 [INFO] PluginManage:359 - Loaded plugin cadmodel (category:power,tabindex:5)
2025-11-25 00:13:19,427 [INFO] PluginManage:310 - Check plugin clock
2025-11-25 00:13:19,433 [INFO] PluginManage:359 - Loaded plugin clock (category:base,tabindex:2)
2025-11-25 00:13:19,434 [INFO] PluginManage:310 - Check plugin ddr
2025-11-25 00:13:19,435 [INFO] PluginManage:359 - Loaded plugin ddr (category:tool,tabindex:6)
2025-11-25 00:13:19,435 [INFO] PluginManage:310 - Check plugin filemanager
2025-11-25 00:13:19,537 [INFO] PluginManage:359 - Loaded plugin filemanager (category:base,tabindex:10)
2025-11-25 00:13:19,537 [INFO] PluginManage:310 - Check plugin ipmanager
2025-11-25 00:13:19,540 [INFO] PluginManage:359 - Loaded plugin ipmanager (category:base,tabindex:5)
2025-11-25 00:13:19,541 [INFO] PluginManage:310 - Check plugin lpbam
2025-11-25 00:13:19,548 [INFO] PluginManage:359 - Loaded plugin lpbam (category:base,tabindex:0)
2025-11-25 00:13:19,548 [INFO] PluginManage:310 - Check plugin memorymap
2025-11-25 00:13:19,555 [INFO] PluginManage:359 - Loaded plugin memorymap (category:base,tabindex:4)
2025-11-25 00:13:19,555 [INFO] PluginManage:310 - Check plugin pinoutandconfiguration
2025-11-25 00:13:19,561 [INFO] PluginManage:359 - Loaded plugin pinoutandconfiguration (category:base,tabindex:1)
2025-11-25 00:13:19,561 [INFO] PluginManage:310 - Check plugin pinoutconfig
2025-11-25 00:13:19,621 [WARN] SupportedApi:132 - Cannot load RTOS API schema: s4s-elt-must-match.1: The content of 'definitions' must match (annotation?, (simpleType | complexType)?, (unique | key | keyref)*)). A problem was found starting at: attribute.
2025-11-25 00:13:19,720 [INFO] PluginManage:359 - Loaded plugin pinoutconfig (category:base,tabindex:0)
2025-11-25 00:13:19,720 [INFO] PluginManage:310 - Check plugin power
2025-11-25 00:13:19,727 [INFO] PluginManage:359 - Loaded plugin power (category:power,tabindex:4)
2025-11-25 00:13:19,728 [INFO] PluginManage:310 - Check plugin projectmanager
2025-11-25 00:13:19,739 [INFO] PluginManage:359 - Loaded plugin projectmanager (category:projectmanager,tabindex:4)
2025-11-25 00:13:19,739 [INFO] PluginManage:310 - Check plugin rif
2025-11-25 00:13:19,746 [INFO] PluginManage:359 - Loaded plugin rif (category:base,tabindex:3)
2025-11-25 00:13:19,747 [INFO] PluginManage:310 - Check plugin thirdparty
2025-11-25 00:13:19,828 [INFO] PluginManage:359 - Loaded plugin thirdparty (category:base,tabindex:-1)
2025-11-25 00:13:19,828 [INFO] PluginManage:310 - Check plugin tools
2025-11-25 00:13:19,828 [WARN] IntegrityCheckThread:84 - waiting for thirdparty lock release [integrity check]
2025-11-25 00:13:19,828 [INFO] IntegrityCheckThread:86 - entering critical section [integrity check]
2025-11-25 00:13:19,829 [INFO] ThirdPartyUpdaterWithRetryManager:70 - Updater plugin not ready yet. [1/15]
2025-11-25 00:13:19,830 [INFO] PluginManage:359 - Loaded plugin tools (category:base,tabindex:7)
2025-11-25 00:13:19,830 [INFO] PluginManage:310 - Check plugin tutovideos
2025-11-25 00:13:19,950 [INFO] PluginManage:359 - Loaded plugin tutovideos (category:base,tabindex:-1)
2025-11-25 00:13:19,950 [INFO] PluginManage:310 - Check plugin updater
2025-11-25 00:13:19,968 [INFO] PluginManage:359 - Loaded plugin updater (category:base,tabindex:12)
2025-11-25 00:13:19,968 [INFO] PluginManage:310 - Check plugin userauth
2025-11-25 00:13:19,971 [INFO] UserAuth:118 - Init User Auth plugin
2025-11-25 00:13:19,971 [INFO] PluginManage:359 - Loaded plugin userauth (category:base,tabindex:14)
2025-11-25 00:13:19,972 [INFO] PluginManage:283 - PluginManage : Loaded plugins [18]
2025-11-25 00:13:20,107 [INFO] PinOutPanel:1589 - setPackage(No Configuration,No Configuration)
2025-11-25 00:13:20,156 [INFO] CADModel:165 - CPN selected for project level
2025-11-25 00:13:20,156 [INFO] CADModel:114 - Register for checkConnection events
2025-11-25 00:13:20,164 [INFO] IPUIPlugin:80 - create IPUIPlugin
2025-11-25 00:13:20,164 [INFO] PluginManager:220 - loadIPPluginJar : add tracer_emb
2025-11-25 00:13:20,166 [INFO] IPUIPlugin:80 - create IPUIPlugin
2025-11-25 00:13:20,166 [INFO] PluginManager:220 - loadIPPluginJar : add radio
2025-11-25 00:13:20,170 [INFO] IPUIPlugin:80 - create IPUIPlugin
2025-11-25 00:13:20,170 [INFO] PluginManager:220 - loadIPPluginJar : add ddr_ctrl_phy
2025-11-25 00:13:20,175 [INFO] IPUIPlugin:80 - create IPUIPlugin
2025-11-25 00:13:20,175 [INFO] PluginManager:220 - loadIPPluginJar : add mdma
2025-11-25 00:13:20,177 [INFO] IPUIPlugin:80 - create IPUIPlugin
2025-11-25 00:13:20,177 [INFO] PluginManager:220 - loadIPPluginJar : add touchsensing
2025-11-25 00:13:20,178 [INFO] IPUIPlugin:80 - create IPUIPlugin
2025-11-25 00:13:20,178 [INFO] PluginManager:220 - loadIPPluginJar : add ucpd
2025-11-25 00:13:20,183 [INFO] IPUIPlugin:80 - create IPUIPlugin
2025-11-25 00:13:20,184 [INFO] PluginManager:220 - loadIPPluginJar : add plateformsettings
2025-11-25 00:13:20,187 [INFO] IPUIPlugin:80 - create IPUIPlugin
2025-11-25 00:13:20,187 [INFO] PluginManager:220 - loadIPPluginJar : add ipddr
2025-11-25 00:13:20,191 [INFO] IPUIPlugin:80 - create IPUIPlugin
2025-11-25 00:13:20,191 [INFO] PluginManager:220 - loadIPPluginJar : add resmgrutility
2025-11-25 00:13:20,192 [INFO] IPUIPlugin:80 - create IPUIPlugin
2025-11-25 00:13:20,192 [INFO] PluginManager:220 - loadIPPluginJar : add ts
2025-11-25 00:13:20,193 [INFO] IPUIPlugin:80 - create IPUIPlugin
2025-11-25 00:13:20,193 [INFO] PluginManager:220 - loadIPPluginJar : add dma3
2025-11-25 00:13:20,195 [INFO] IPUIPlugin:80 - create IPUIPlugin
2025-11-25 00:13:20,195 [INFO] PluginManager:220 - loadIPPluginJar : add openamp
2025-11-25 00:13:20,197 [INFO] IPUIPlugin:80 - create IPUIPlugin
2025-11-25 00:13:20,197 [INFO] PluginManager:220 - loadIPPluginJar : add opamp
2025-11-25 00:13:20,199 [INFO] IPUIPlugin:80 - create IPUIPlugin
2025-11-25 00:13:20,199 [INFO] PluginManager:220 - loadIPPluginJar : add pdm2pcm
2025-11-25 00:13:20,200 [INFO] IPUIPlugin:80 - create IPUIPlugin
2025-11-25 00:13:20,200 [INFO] PluginManager:220 - loadIPPluginJar : add gfxmmu
2025-11-25 00:13:20,202 [INFO] IPUIPlugin:80 - create IPUIPlugin
2025-11-25 00:13:20,202 [INFO] PluginManager:220 - loadIPPluginJar : add aes
2025-11-25 00:13:20,204 [INFO] IPUIPlugin:80 - create IPUIPlugin
2025-11-25 00:13:20,204 [INFO] PluginManager:220 - loadIPPluginJar : add gtzc
2025-11-25 00:13:20,206 [INFO] IPUIPlugin:80 - create IPUIPlugin
2025-11-25 00:13:20,206 [INFO] PluginManager:220 - loadIPPluginJar : add sai
2025-11-25 00:13:20,207 [INFO] IPUIPlugin:80 - create IPUIPlugin
2025-11-25 00:13:20,207 [INFO] PluginManager:220 - loadIPPluginJar : add tsc
2025-11-25 00:13:20,210 [INFO] IPUIPlugin:80 - create IPUIPlugin
2025-11-25 00:13:20,210 [INFO] PluginManager:220 - loadIPPluginJar : add usbx
2025-11-25 00:13:20,212 [INFO] IPUIPlugin:80 - create IPUIPlugin
2025-11-25 00:13:20,212 [INFO] PluginManager:220 - loadIPPluginJar : add can
2025-11-25 00:13:20,213 [INFO] IPUIPlugin:80 - create IPUIPlugin
2025-11-25 00:13:20,213 [INFO] PluginManager:220 - loadIPPluginJar : add i2c
2025-11-25 00:13:20,215 [INFO] IPUIPlugin:80 - create IPUIPlugin
2025-11-25 00:13:20,215 [INFO] PluginManager:220 - loadIPPluginJar : add lorawan
2025-11-25 00:13:20,217 [INFO] IPUIPlugin:80 - create IPUIPlugin
2025-11-25 00:13:20,217 [INFO] PluginManager:220 - loadIPPluginJar : add spi
2025-11-25 00:13:20,222 [INFO] IPUIPlugin:80 - create IPUIPlugin
2025-11-25 00:13:20,222 [INFO] PluginManager:220 - loadIPPluginJar : add linkedlist
2025-11-25 00:13:20,225 [INFO] IPUIPlugin:80 - create IPUIPlugin
2025-11-25 00:13:20,225 [INFO] PluginManager:220 - loadIPPluginJar : add fmc
2025-11-25 00:13:20,227 [INFO] IPUIPlugin:80 - create IPUIPlugin
2025-11-25 00:13:20,227 [INFO] PluginManager:220 - loadIPPluginJar : add i3c
2025-11-25 00:13:20,228 [INFO] IPUIPlugin:80 - create IPUIPlugin
2025-11-25 00:13:20,228 [INFO] PluginManager:220 - loadIPPluginJar : add ltdc
2025-11-25 00:13:20,233 [INFO] IPUIPlugin:80 - create IPUIPlugin
2025-11-25 00:13:20,233 [INFO] PluginManager:220 - loadIPPluginJar : add dma
2025-11-25 00:13:20,237 [INFO] IPUIPlugin:80 - create IPUIPlugin
2025-11-25 00:13:20,237 [INFO] PluginManager:220 - loadIPPluginJar : add freertos
2025-11-25 00:13:20,239 [INFO] IPUIPlugin:80 - create IPUIPlugin
2025-11-25 00:13:20,239 [INFO] PluginManager:220 - loadIPPluginJar : add hash
2025-11-25 00:13:20,243 [INFO] IPUIPlugin:80 - create IPUIPlugin
2025-11-25 00:13:20,243 [INFO] PluginManager:220 - loadIPPluginJar : add adc
2025-11-25 00:13:20,245 [INFO] IPUIPlugin:80 - create IPUIPlugin
2025-11-25 00:13:20,245 [INFO] PluginManager:220 - loadIPPluginJar : add usart
2025-11-25 00:13:20,250 [INFO] IPUIPlugin:80 - create IPUIPlugin
2025-11-25 00:13:20,250 [INFO] PluginManager:220 - loadIPPluginJar : add stm32_wpan
2025-11-25 00:13:20,251 [INFO] IPUIPlugin:80 - create IPUIPlugin
2025-11-25 00:13:20,251 [INFO] PluginManager:220 - loadIPPluginJar : add genericplugin
2025-11-25 00:13:20,254 [INFO] IPUIPlugin:80 - create IPUIPlugin
2025-11-25 00:13:20,254 [INFO] PluginManager:220 - loadIPPluginJar : add gpio
2025-11-25 00:13:20,258 [INFO] IPUIPlugin:80 - create IPUIPlugin
2025-11-25 00:13:20,258 [INFO] PluginManager:220 - loadIPPluginJar : add nvic
2025-11-25 00:13:20,260 [INFO] IPUIPlugin:80 - create IPUIPlugin
2025-11-25 00:13:20,260 [INFO] PluginManager:220 - loadIPPluginJar : add dfsdm
2025-11-25 00:13:20,261 [INFO] IPUIPlugin:80 - create IPUIPlugin
2025-11-25 00:13:20,261 [INFO] PluginManager:220 - loadIPPluginJar : add fatfs
2025-11-25 00:13:20,262 [INFO] IPUIPlugin:80 - create IPUIPlugin
2025-11-25 00:13:20,262 [INFO] PluginManager:220 - loadIPPluginJar : add comp
2025-11-25 00:13:20,264 [INFO] IPUIPlugin:80 - create IPUIPlugin
2025-11-25 00:13:20,264 [INFO] PluginManager:220 - loadIPPluginJar : add i2s
2025-11-25 00:13:20,266 [INFO] IPUIPlugin:80 - create IPUIPlugin
2025-11-25 00:13:20,266 [INFO] PluginManager:220 - loadIPPluginJar : add cryp
2025-11-25 00:13:20,267 [INFO] IPUIPlugin:80 - create IPUIPlugin
2025-11-25 00:13:20,267 [INFO] PluginManager:220 - loadIPPluginJar : add quadspi
2025-11-25 00:13:20,273 [INFO] IPUIPlugin:80 - create IPUIPlugin
2025-11-25 00:13:20,273 [INFO] PluginManager:220 - loadIPPluginJar : add gic
2025-11-25 00:13:20,275 [INFO] IPUIPlugin:80 - create IPUIPlugin
2025-11-25 00:13:20,275 [INFO] PluginManager:220 - loadIPPluginJar : add tim
2025-11-25 00:13:20,277 [INFO] IPUIPlugin:80 - create IPUIPlugin
2025-11-25 00:13:20,277 [INFO] PluginManager:220 - loadIPPluginJar : add extmemmanager
2025-11-25 00:13:20,378 [FATAL] Updater:351 - Updater called before beeing initialized
2025-11-25 00:13:20,398 [INFO] RulesReader:64 - Compatibility file has been processed (317 Rules)
2025-11-25 00:13:20,407 [INFO] RulesReader:64 - Compatibility file has been processed (317 Rules)
2025-11-25 00:13:20,413 [INFO] CADModel:165 - CPN selected for project level
2025-11-25 00:13:20,413 [INFO] CADModel:114 - Register for checkConnection events
2025-11-25 00:13:20,413 [FATAL] Updater:351 - Updater called before beeing initialized
2025-11-25 00:13:20,413 [ERROR] CADModel:125 - Updater not yet initialized, retry later 
2025-11-25 00:13:20,498 [FATAL] Updater:351 - Updater called before beeing initialized
2025-11-25 00:13:20,499 [INFO] CADModel:165 - CPN selected for project level
2025-11-25 00:13:20,499 [INFO] CADModel:114 - Register for checkConnection events
2025-11-25 00:13:20,499 [FATAL] Updater:351 - Updater called before beeing initialized
2025-11-25 00:13:20,499 [ERROR] CADModel:125 - Updater not yet initialized, retry later 
2025-11-25 00:13:20,502 [FATAL] Updater:351 - Updater called before beeing initialized
2025-11-25 00:13:20,563 [FATAL] Updater:351 - Updater called before beeing initialized
2025-11-25 00:13:20,567 [INFO] DbMcusAds:53 - JSON generation date=Mon Nov 10 11:43:01 CET 2025 (1762771381096)
2025-11-25 00:13:20,567 [FATAL] Updater:351 - Updater called before beeing initialized
2025-11-25 00:13:20,596 [WARN] DetailPanel:346 - Failed to get advertising image, set to default
2025-11-25 00:13:20,677 [FATAL] Updater:351 - Updater called before beeing initialized
2025-11-25 00:13:20,678 [FATAL] Updater:351 - Updater called before beeing initialized
2025-11-25 00:13:20,678 [FATAL] Updater:351 - Updater called before beeing initialized
2025-11-25 00:13:20,678 [WARN] DetailPanel:346 - Failed to get advertising image, set to default
2025-11-25 00:13:20,679 [FATAL] Updater:351 - Updater called before beeing initialized
2025-11-25 00:13:20,706 [ERROR] Updater:1198 - MainUpdater not yet initialized. External WinMGr cannot be set.
2025-11-25 00:13:20,707 [INFO] Updater:1134 - Updater Version found : 6.15.0
2025-11-25 00:13:20,720 [INFO] ApplicationProperties:184 - Using Application install path: /opt/st/stm32cubeide_1.19.0/plugins/com.st.stm32cube.common.mx_6.15.0.202507011659
2025-11-25 00:13:20,972 [INFO] MainUpdater:2872 - connection check result : 10
2025-11-25 00:13:20,973 [INFO] MainUpdater:289 - Updater Check For Update Now.
2025-11-25 00:13:20,973 [INFO] MicroXplorer:498 - Change Database Version : DB.6.0.150
2025-11-25 00:13:20,978 [INFO] McuFinderGlobals:63 - Set McuFinder mode to 2 (CubeIDE integrated)
2025-11-25 00:13:20,979 [INFO] UserAuth:487 - Internet connection configuration mode: 1
2025-11-25 00:13:20,994 [INFO] JxBrowserEngine:152 - Initiate JxBrowser Engine with user profile folder
2025-11-25 00:13:21,137 [INFO] CheckServerUpdateThread:120 - End of CheckServer Thread
2025-11-25 00:13:21,478 [INFO] WebApp:169 - Instantiating new browser for Auth
2025-11-25 00:13:21,890 [INFO] WebApp:463 - Apply proxy settings
2025-11-25 00:13:21,891 [INFO] WebApp:548 - Chromium requires no authentication
2025-11-25 00:13:21,895 [INFO] WebApp:491 - Direct internet connection detected
2025-11-25 00:13:21,904 [INFO] WebApp:900 - Register for checkConnection events
2025-11-25 00:13:21,905 [INFO] WebApp:463 - Apply proxy settings
2025-11-25 00:13:21,905 [INFO] WebApp:548 - Chromium requires no authentication
2025-11-25 00:13:21,905 [INFO] WebApp:491 - Direct internet connection detected
2025-11-25 00:13:21,972 [INFO] WebApp:225 - Starting web application
2025-11-25 00:13:21,972 [INFO] WebApp:593 - Web application path used /opt/st/stm32cubeide_1.19.0/plugins/com.st.stm32cube.common.mx_6.15.0.202507011659/db/plugins/mcufinder/reactClient1/index.html
2025-11-25 00:13:22,031 [INFO] UserAuth:487 - Internet connection configuration mode: 1
2025-11-25 00:13:22,365 [INFO] WebApp:191 - Connection restablished
2025-11-25 00:13:22,913 [WARN] PackLoader:240 - Cannot read IP mode file for STMicroelectronics.FP-SNS-MOTENVWB1.1.4.0
2025-11-25 00:13:22,918 [WARN] PackLoader:240 - Cannot read IP mode file for STMicroelectronics.FP-ATR-ASTRA1.2.0.2
2025-11-25 00:13:22,922 [WARN] PackLoader:240 - Cannot read IP mode file for STMicroelectronics.X-CUBE-SMBUS.2.1.0
2025-11-25 00:13:22,924 [WARN] PackLoader:240 - Cannot read IP mode file for STMicroelectronics.X-CUBE-ST60.1.0.0
2025-11-25 00:13:22,941 [WARN] PackLoader:240 - Cannot read IP mode file for STMicroelectronics.X-CUBE-AZRTOS-F7.1.1.0
2025-11-25 00:13:22,944 [WARN] PackLoader:240 - Cannot read IP mode file for Cesanta.I-CUBE-Mongoose.7.19.0
2025-11-25 00:13:22,946 [WARN] PackLoader:240 - Cannot read IP mode file for STMicroelectronics.FP-SNS-MOTENV1.5.1.0
2025-11-25 00:13:22,952 [WARN] PackLoader:240 - Cannot read IP mode file for WES.I-CUBE-Cesium.1.4.0
2025-11-25 00:13:22,964 [WARN] PackLoader:240 - Cannot read IP mode file for Infineon.AIROC-Wi-Fi-Bluetooth-STM32.1.7.1
2025-11-25 00:13:22,979 [WARN] PackLoader:240 - Cannot read IP mode file for STMicroelectronics.X-CUBE-AZRTOS-H7.3.4.0
2025-11-25 00:13:22,985 [WARN] PackLoader:240 - Cannot read IP mode file for STMicroelectronics.X-CUBE-DISPLAY.3.0.0
2025-11-25 00:13:22,990 [WARN] PackLoader:240 - Cannot read IP mode file for STMicroelectronics.X-CUBE-NFC10.1.0.0
2025-11-25 00:13:22,993 [WARN] PackLoader:240 - Cannot read IP mode file for STMicroelectronics.X-CUBE-ST60.1.1.0
2025-11-25 00:13:22,995 [WARN] PackLoader:240 - Cannot read IP mode file for emotas.I-CUBE-CANOPEN.1.3.0
2025-11-25 00:13:22,998 [WARN] PackLoader:240 - Cannot read IP mode file for STMicroelectronics.X-CUBE-GNSS1.7.1.0
2025-11-25 00:13:23,001 [WARN] PackLoader:240 - Cannot read IP mode file for STMicroelectronics.FP-SNS-SMARTAG2.1.2.0
2025-11-25 00:13:23,003 [WARN] PackLoader:240 - Cannot read IP mode file for STMicroelectronics.FP-SNS-FLIGHT1.5.1.0
2025-11-25 00:13:23,006 [INFO] LogOutputStream:77 - [STDOUT_REDIRECT] 1 : Invalid condition id : UX_CORESTACK_Condition cause : null
2025-11-25 00:13:23,007 [INFO] LogOutputStream:77 - [STDOUT_REDIRECT] 1 : Invalid condition id : UX_CORESTACK_Condition cause : null
2025-11-25 00:13:23,007 [INFO] LogOutputStream:77 - [STDOUT_REDIRECT] 1 : Invalid condition id : UX_CORESTACK_Condition cause : null
2025-11-25 00:13:23,007 [INFO] LogOutputStream:77 - [STDOUT_REDIRECT] 1 : Invalid condition id : UX_CORESTACK_Condition cause : null
2025-11-25 00:13:23,007 [INFO] LogOutputStream:77 - [STDOUT_REDIRECT] 1 : Invalid condition id : UX_CORESTACK_Condition cause : null
2025-11-25 00:13:23,008 [WARN] PackLoader:240 - Cannot read IP mode file for STMicroelectronics.X-CUBE-AZRTOS-WL.2.0.0
2025-11-25 00:13:23,011 [WARN] PackLoader:240 - Cannot read IP mode file for STMicroelectronics.FP-SNS-MOTENV1.5.0.0
2025-11-25 00:13:23,028 [WARN] PackLoader:240 - Cannot read IP mode file for STMicroelectronics.X-CUBE-AZRTOS-H7RS.1.2.0
2025-11-25 00:13:23,034 [WARN] PackLoader:240 - Cannot read IP mode file for STMicroelectronics.X-CUBE-BLE2.3.3.0
2025-11-25 00:13:23,045 [WARN] PackLoader:240 - Cannot read IP mode file for STMicroelectronics.X-CUBE-NFC9.1.0.0
2025-11-25 00:13:23,049 [WARN] PackLoader:240 - Cannot read IP mode file for wolfSSL.I-CUBE-wolfSSL.5.8.2
2025-11-25 00:13:23,052 [WARN] PackLoader:240 - Cannot read IP mode file for STMicroelectronics.X-CUBE-BLE1.7.1.0
2025-11-25 00:13:23,054 [WARN] PackLoader:240 - Cannot read IP mode file for wolfSSL.I-CUBE-wolfMQTT.1.19.2
2025-11-25 00:13:23,057 [WARN] PackLoader:240 - Cannot read IP mode file for STMicroelectronics.X-CUBE-FREERTOS.1.4.0
2025-11-25 00:13:23,060 [WARN] PackLoader:240 - Cannot read IP mode file for STMicroelectronics.X-CUBE-EEPRMA1.5.2.0
2025-11-25 00:13:23,065 [WARN] PackLoader:240 - Cannot read IP mode file for STMicroelectronics.X-CUBE-ST67W61.1.1.0
2025-11-25 00:13:23,089 [WARN] PackLoader:240 - Cannot read IP mode file for STMicroelectronics.X-CUBE-MEMS1.12.0.0
2025-11-25 00:13:23,171 [WARN] PackLoader:240 - Cannot read IP mode file for STMicroelectronics.X-CUBE-AZRTOS-G0.1.1.0
2025-11-25 00:13:23,179 [WARN] PackLoader:240 - Cannot read IP mode file for STMicroelectronics.X-CUBE-SAFEA1.1.2.2
2025-11-25 00:13:23,184 [WARN] PackLoader:240 - Cannot read IP mode file for STMicroelectronics.X-CUBE-NFC4.3.0.0
2025-11-25 00:13:23,192 [WARN] PackLoader:240 - Cannot read IP mode file for EmbeddedOffice.I-CUBE-FS-RTOS.1.0.1
2025-11-25 00:13:23,197 [WARN] PackLoader:240 - Cannot read IP mode file for STMicroelectronics.X-CUBE-WB05N.2.0.0
2025-11-25 00:13:23,212 [WARN] PackLoader:240 - Cannot read IP mode file for wolfSSL.I-CUBE-wolfTPM.3.8.0
2025-11-25 00:13:23,219 [WARN] PackLoader:240 - Cannot read IP mode file for STMicroelectronics.X-CUBE-TCPP.4.2.0
2025-11-25 00:13:23,225 [WARN] PackLoader:240 - Cannot read IP mode file for RealThread.X-CUBE-RT-Thread_Nano.4.1.1
2025-11-25 00:13:23,228 [WARN] PackLoader:240 - Cannot read IP mode file for STMicroelectronics.FP-ATR-SIGFOX1.3.2.0
2025-11-25 00:13:23,233 [WARN] PackLoader:240 - Cannot read IP mode file for ITTIA_DB.I-CUBE-ITTIADB.8.9.0
2025-11-25 00:13:23,262 [WARN] PackLoader:240 - Cannot read IP mode file for SEGGER.I-CUBE-embOS.1.3.1
2025-11-25 00:13:23,307 [WARN] PackLoader:240 - Cannot read IP mode file for STMicroelectronics.X-CUBE-ALGOBUILD.1.4.0
2025-11-25 00:13:23,323 [WARN] PackLoader:240 - Cannot read IP mode file for STMicroelectronics.X-CUBE-MEMS1.11.3.0
2025-11-25 00:13:23,371 [WARN] PackLoader:240 - Cannot read IP mode file for STMicroelectronics.X-CUBE-PM33A1.1.0.0
2025-11-25 00:13:23,379 [WARN] PackLoader:240 - Cannot read IP mode file for STMicroelectronics.X-CUBE-AZRTOS-F4.1.1.0
2025-11-25 00:13:23,383 [WARN] PackLoader:240 - Cannot read IP mode file for STMicroelectronics.X-CUBE-ISPU.2.1.0
2025-11-25 00:13:23,390 [WARN] PackLoader:240 - Cannot read IP mode file for STMicroelectronics.X-CUBE-IPS.3.2.0
2025-11-25 00:13:23,396 [WARN] PackLoader:240 - Cannot read IP mode file for STMicroelectronics.X-CUBE-NFC12.1.0.0
2025-11-25 00:13:23,409 [WARN] PackLoader:240 - Cannot read IP mode file for STMicroelectronics.X-CUBE-AZRTOS-L5.2.0.0
2025-11-25 00:13:23,413 [WARN] PackLoader:240 - Cannot read IP mode file for STMicroelectronics.X-CUBE-NFC6.3.1.0
2025-11-25 00:13:23,418 [WARN] PackLoader:240 - Cannot read IP mode file for STMicroelectronics.X-CUBE-FREERTOS.1.3.1
2025-11-25 00:13:23,420 [WARN] PackLoader:240 - Cannot read IP mode file for STMicroelectronics.X-CUBE-TOUCHGFX.4.26.0
2025-11-25 00:13:23,423 [WARN] PackLoader:240 - Cannot read IP mode file for STMicroelectronics.X-CUBE-DPower.1.3.0
2025-11-25 00:13:23,431 [WARN] ConditionMgr:438 - getConditionDescription Invalid condition id : LAN8742 Phy interface Condition cause : null
2025-11-25 00:13:23,432 [WARN] PackLoader:240 - Cannot read IP mode file for STMicroelectronics.X-CUBE-AZRTOS-L4.2.0.0
2025-11-25 00:13:23,433 [WARN] ConditionMgr:1044 - genDependencies : Invalid condition id : LAN8742 Phy interface Condition cause : null
2025-11-25 00:13:23,433 [WARN] ConditionMgr:1044 - genDependencies : Invalid condition id : LAN8742 Phy interface Condition cause : null
2025-11-25 00:13:23,433 [WARN] ConditionMgr:1044 - genDependencies : Invalid condition id : LAN8742 Phy interface Condition cause : null
2025-11-25 00:13:23,437 [WARN] PackLoader:240 - Cannot read IP mode file for STMicroelectronics.X-CUBE-SFXS2LP1.4.0.0
2025-11-25 00:13:23,442 [WARN] PackLoader:240 - Cannot read IP mode file for STMicroelectronics.X-CUBE-BLEMGR.4.1.0
2025-11-25 00:13:23,450 [WARN] ConditionMgr:438 - getConditionDescription Invalid condition id : UX DEVICE CLASS RTOS Condition cause : null
2025-11-25 00:13:23,450 [WARN] ConditionMgr:438 - getConditionDescription Invalid condition id : UX DEVICE CLASS RTOS Condition cause : null
2025-11-25 00:13:23,451 [WARN] PackLoader:240 - Cannot read IP mode file for STMicroelectronics.X-CUBE-AZRTOS-WB.2.0.0
2025-11-25 00:13:23,452 [WARN] ConditionMgr:1044 - genDependencies : Invalid condition id : UX DEVICE CLASS RTOS Condition cause : null
2025-11-25 00:13:23,452 [WARN] ConditionMgr:1044 - genDependencies : Invalid condition id : UX DEVICE CLASS RTOS Condition cause : null
2025-11-25 00:13:23,452 [WARN] ConditionMgr:1044 - genDependencies : Invalid condition id : UX DEVICE CLASS RTOS Condition cause : null
2025-11-25 00:13:23,452 [WARN] ConditionMgr:1044 - genDependencies : Invalid condition id : UX DEVICE CLASS RTOS Condition cause : null
2025-11-25 00:13:23,452 [WARN] ConditionMgr:1044 - genDependencies : Invalid condition id : UX DEVICE CLASS RTOS Condition cause : null
2025-11-25 00:13:23,455 [WARN] PackLoader:240 - Cannot read IP mode file for STMicroelectronics.X-CUBE-GNSS1.7.0.1
2025-11-25 00:13:23,456 [WARN] ConditionMgr:438 - getConditionDescription Invalid condition id : Cortex-A Device cause : null
2025-11-25 00:13:23,460 [WARN] ConditionMgr:1044 - genDependencies : Invalid condition id : Cortex-A Device cause : null
2025-11-25 00:13:23,460 [WARN] ConditionMgr:1044 - genDependencies : Invalid condition id : Cortex-A Device cause : null
2025-11-25 00:13:23,460 [WARN] ConditionMgr:1044 - genDependencies : Invalid condition id : Cortex-A Device cause : null
2025-11-25 00:13:23,466 [WARN] PackLoader:240 - Cannot read IP mode file for STMicroelectronics.X-CUBE-SUBG2.5.0.0
2025-11-25 00:13:23,476 [WARN] PackLoader:240 - Cannot read IP mode file for STMicroelectronics.X-CUBE-AZRTOS-H7RS.1.1.0
2025-11-25 00:13:23,485 [WARN] PackLoader:240 - Cannot read IP mode file for STMicroelectronics.X-CUBE-AZRTOS-G4.2.0.0
2025-11-25 00:13:23,487 [WARN] PackLoader:240 - Cannot read IP mode file for wolfSSL.I-CUBE-wolfSSH.1.4.20
2025-11-25 00:13:23,489 [WARN] PackLoader:240 - Cannot read IP mode file for STMicroelectronics.X-CUBE-NFC7.2.0.0
2025-11-25 00:13:23,492 [WARN] PackLoader:240 - Cannot read IP mode file for STMicroelectronics.X-CUBE-ALS.1.0.2
2025-11-25 00:13:23,495 [WARN] PackLoader:240 - Cannot read IP mode file for STMicroelectronics.X-CUBE-STSE01.1.0.0
2025-11-25 00:13:23,501 [WARN] PackLoader:240 - Cannot read IP mode file for STMicroelectronics.X-CUBE-TOF1.3.4.3
2025-11-25 00:13:23,506 [INFO] ThirdParty:978 - Integrity check success = true
2025-11-25 00:13:23,506 [INFO] IntegrityCheckThread:100 - exiting critical section [integrity check]
2025-11-25 00:13:23,506 [INFO] IntegrityCheckThread:103 - End integrity checks thread
2025-11-25 00:33:39,304 [ERROR] LogOutputStream:75 - [STDERR_REDIRECT] 
2025-11-25 21:25:55,603 [INFO] Activator:176 - 


2025-11-25 21:25:55,604 [INFO] Activator:177 - !SESSION log4j initialized
2025-11-25 21:25:58,699 [INFO] LogOutputStream:77 - [STDOUT_REDIRECT] 
2025-11-25 21:25:59,431 [INFO] ApplicationProperties:184 - Using Application install path: /opt/st/stm32cubeide_1.19.0/plugins/com.st.stm32cube.common.mx_6.15.0.202507011659
2025-11-25 21:25:59,443 [INFO] DbMcusXml:78 - Set database path to: /opt/st/stm32cubeide_1.19.0/plugins/com.st.stm32cube.common.mx_6.15.0.202507011659//db//mcu/
2025-11-25 21:25:59,443 [INFO] ApiDb:274 - Set plugin database path to: /opt/st/stm32cubeide_1.19.0/plugins/com.st.stm32cube.common.mx_6.15.0.202507011659//db//plugins/boardmanager/
2025-11-25 21:25:59,443 [WARN] ApiDb:259 - Overriding images path with different value:  => /opt/st/stm32cubeide_1.19.0/plugins/com.st.stm32cube.common.mx_6.15.0.202507011659//db//plugins/mcufinder/images/
2025-11-25 21:25:59,447 [INFO] ApiDb:250 - Set database path to: /home/kamil/.stmcufinder/plugins/mcufinder//mcu/
2025-11-25 21:25:59,448 [INFO] DbMcusAds:125 - Set database path to: /home/kamil/.stmcufinder/plugins/mcufinder//mcu/
2025-11-25 21:25:59,450 [INFO] CrossReferenceDbSqlite:203 - Set database path to: /home/kamil/.stmcufinder/plugins/mcufinder//mcu/cs/
2025-11-25 21:25:59,522 [INFO] RulesReader:64 - Compatibility file has been processed (317 Rules)
2025-11-25 21:25:59,564 [INFO] DbMcusXml:78 - Set database path to: /opt/st/stm32cubeide_1.19.0/plugins/com.st.stm32cube.common.mx_6.15.0.202507011659//db//mcu/
2025-11-25 21:25:59,564 [INFO] ApiDb:274 - Set plugin database path to: /opt/st/stm32cubeide_1.19.0/plugins/com.st.stm32cube.common.mx_6.15.0.202507011659//db//plugins/boardmanager/
2025-11-25 21:25:59,564 [INFO] ApiDb:261 - Set plugin images path to: /opt/st/stm32cubeide_1.19.0/plugins/com.st.stm32cube.common.mx_6.15.0.202507011659//db//plugins/mcufinder/images/
2025-11-25 21:25:59,565 [WARN] DbFile:41 - Overriding database path with different value: /home/kamil/.stmcufinder/plugins/mcufinder/ => /home/kamil/.stmcufinder/plugins/mcufinder
2025-11-25 21:25:59,565 [INFO] ApiDb:250 - Set database path to: /home/kamil/.stmcufinder/plugins/mcufinder//mcu/
2025-11-25 21:25:59,565 [WARN] DbFile:41 - Overriding database path with different value: /home/kamil/.stmcufinder/plugins/mcufinder/ => /home/kamil/.stmcufinder/plugins/mcufinder
2025-11-25 21:25:59,565 [INFO] DbMcusAds:125 - Set database path to: /home/kamil/.stmcufinder/plugins/mcufinder//mcu/
2025-11-25 21:25:59,565 [WARN] DbFile:41 - Overriding database path with different value: /home/kamil/.stmcufinder/plugins/mcufinder/ => /home/kamil/.stmcufinder/plugins/mcufinder
2025-11-25 21:25:59,565 [WARN] DbFile:41 - Overriding database path with different value: /home/kamil/.stmcufinder/plugins/mcufinder/ => /home/kamil/.stmcufinder/plugins/mcufinder
2025-11-25 21:25:59,565 [INFO] CrossReferenceDbSqlite:203 - Set database path to: /home/kamil/.stmcufinder/plugins/mcufinder//mcu/cs/
2025-11-25 21:25:59,613 [INFO] MainPanel:274 - HeapMemory: 268435456
2025-11-25 21:25:59,706 [INFO] DbMcusXml:78 - Set database path to: /opt/st/stm32cubeide_1.19.0/plugins/com.st.stm32cube.common.mx_6.15.0.202507011659//db//mcu/
2025-11-25 21:25:59,706 [INFO] ApiDb:274 - Set plugin database path to: /opt/st/stm32cubeide_1.19.0/plugins/com.st.stm32cube.common.mx_6.15.0.202507011659//db//plugins/boardmanager/
2025-11-25 21:25:59,706 [INFO] ApiDb:261 - Set plugin images path to: /opt/st/stm32cubeide_1.19.0/plugins/com.st.stm32cube.common.mx_6.15.0.202507011659//db//plugins/mcufinder/images/
2025-11-25 21:25:59,706 [WARN] DbFile:41 - Overriding database path with different value: /home/kamil/.stmcufinder/plugins/mcufinder/ => /home/kamil/.stmcufinder/plugins/mcufinder
2025-11-25 21:25:59,706 [INFO] ApiDb:250 - Set database path to: /home/kamil/.stmcufinder/plugins/mcufinder//mcu/
2025-11-25 21:25:59,707 [WARN] DbFile:41 - Overriding database path with different value: /home/kamil/.stmcufinder/plugins/mcufinder/ => /home/kamil/.stmcufinder/plugins/mcufinder
2025-11-25 21:25:59,707 [INFO] DbMcusAds:125 - Set database path to: /home/kamil/.stmcufinder/plugins/mcufinder//mcu/
2025-11-25 21:25:59,707 [WARN] DbFile:41 - Overriding database path with different value: /home/kamil/.stmcufinder/plugins/mcufinder/ => /home/kamil/.stmcufinder/plugins/mcufinder
2025-11-25 21:25:59,707 [WARN] DbFile:41 - Overriding database path with different value: /home/kamil/.stmcufinder/plugins/mcufinder/ => /home/kamil/.stmcufinder/plugins/mcufinder
2025-11-25 21:25:59,707 [INFO] CrossReferenceDbSqlite:203 - Set database path to: /home/kamil/.stmcufinder/plugins/mcufinder//mcu/cs/
2025-11-25 21:25:59,716 [INFO] ApplicationProperties:184 - Using Application install path: /opt/st/stm32cubeide_1.19.0/plugins/com.st.stm32cube.common.mx_6.15.0.202507011659
2025-11-25 21:25:59,717 [INFO] PluginManage:196 - Search for loadable plugins [exclusion list=, ]
2025-11-25 21:25:59,717 [INFO] PluginManage:310 - Check plugin analytics
2025-11-25 21:25:59,819 [INFO] AnalyticsPlugin:253 - Accepted Software Licenses: 
2025-11-25 21:25:59,819 [INFO] AnalyticsPlugin:255 - Accepted CMSIS Pack Licenses: 
2025-11-25 21:25:59,819 [INFO] AnalyticsPlugin:257 - Accepted Firmware Licenses: FW.F4.1.28.0
2025-11-25 21:25:59,821 [INFO] PluginManage:359 - Loaded plugin analytics (category:tool,tabindex:-1)
2025-11-25 21:25:59,821 [INFO] PluginManage:310 - Check plugin cadmodel
2025-11-25 21:25:59,824 [INFO] CADModel:105 - Init CAD model plugin
2025-11-25 21:25:59,824 [INFO] PluginManage:359 - Loaded plugin cadmodel (category:power,tabindex:5)
2025-11-25 21:25:59,824 [INFO] PluginManage:310 - Check plugin clock
2025-11-25 21:25:59,830 [INFO] PluginManage:359 - Loaded plugin clock (category:base,tabindex:2)
2025-11-25 21:25:59,831 [INFO] PluginManage:310 - Check plugin ddr
2025-11-25 21:25:59,832 [INFO] PluginManage:359 - Loaded plugin ddr (category:tool,tabindex:6)
2025-11-25 21:25:59,832 [INFO] PluginManage:310 - Check plugin filemanager
2025-11-25 21:25:59,921 [INFO] PluginManage:359 - Loaded plugin filemanager (category:base,tabindex:10)
2025-11-25 21:25:59,921 [INFO] PluginManage:310 - Check plugin ipmanager
2025-11-25 21:25:59,924 [INFO] PluginManage:359 - Loaded plugin ipmanager (category:base,tabindex:5)
2025-11-25 21:25:59,924 [INFO] PluginManage:310 - Check plugin lpbam
2025-11-25 21:25:59,930 [INFO] PluginManage:359 - Loaded plugin lpbam (category:base,tabindex:0)
2025-11-25 21:25:59,930 [INFO] PluginManage:310 - Check plugin memorymap
2025-11-25 21:25:59,937 [INFO] PluginManage:359 - Loaded plugin memorymap (category:base,tabindex:4)
2025-11-25 21:25:59,937 [INFO] PluginManage:310 - Check plugin pinoutandconfiguration
2025-11-25 21:25:59,942 [INFO] PluginManage:359 - Loaded plugin pinoutandconfiguration (category:base,tabindex:1)
2025-11-25 21:25:59,942 [INFO] PluginManage:310 - Check plugin pinoutconfig
2025-11-25 21:25:59,996 [WARN] SupportedApi:132 - Cannot load RTOS API schema: s4s-elt-must-match.1: The content of 'definitions' must match (annotation?, (simpleType | complexType)?, (unique | key | keyref)*)). A problem was found starting at: attribute.
2025-11-25 21:26:00,071 [INFO] PluginManage:359 - Loaded plugin pinoutconfig (category:base,tabindex:0)
2025-11-25 21:26:00,071 [INFO] PluginManage:310 - Check plugin power
2025-11-25 21:26:00,077 [INFO] PluginManage:359 - Loaded plugin power (category:power,tabindex:4)
2025-11-25 21:26:00,077 [INFO] PluginManage:310 - Check plugin projectmanager
2025-11-25 21:26:00,085 [INFO] PluginManage:359 - Loaded plugin projectmanager (category:projectmanager,tabindex:4)
2025-11-25 21:26:00,086 [INFO] PluginManage:310 - Check plugin rif
2025-11-25 21:26:00,091 [INFO] PluginManage:359 - Loaded plugin rif (category:base,tabindex:3)
2025-11-25 21:26:00,091 [INFO] PluginManage:310 - Check plugin thirdparty
2025-11-25 21:26:00,176 [WARN] IntegrityCheckThread:84 - waiting for thirdparty lock release [integrity check]
2025-11-25 21:26:00,176 [INFO] PluginManage:359 - Loaded plugin thirdparty (category:base,tabindex:-1)
2025-11-25 21:26:00,176 [INFO] IntegrityCheckThread:86 - entering critical section [integrity check]
2025-11-25 21:26:00,176 [INFO] PluginManage:310 - Check plugin tools
2025-11-25 21:26:00,176 [INFO] ThirdPartyUpdaterWithRetryManager:70 - Updater plugin not ready yet. [1/15]
2025-11-25 21:26:00,177 [INFO] PluginManage:359 - Loaded plugin tools (category:base,tabindex:7)
2025-11-25 21:26:00,178 [INFO] PluginManage:310 - Check plugin tutovideos
2025-11-25 21:26:00,311 [INFO] PluginManage:359 - Loaded plugin tutovideos (category:base,tabindex:-1)
2025-11-25 21:26:00,312 [INFO] PluginManage:310 - Check plugin updater
2025-11-25 21:26:00,326 [INFO] PluginManage:359 - Loaded plugin updater (category:base,tabindex:12)
2025-11-25 21:26:00,326 [INFO] PluginManage:310 - Check plugin userauth
2025-11-25 21:26:00,329 [INFO] UserAuth:118 - Init User Auth plugin
2025-11-25 21:26:00,329 [INFO] PluginManage:359 - Loaded plugin userauth (category:base,tabindex:14)
2025-11-25 21:26:00,329 [INFO] PluginManage:283 - PluginManage : Loaded plugins [18]
2025-11-25 21:26:00,437 [INFO] PinOutPanel:1589 - setPackage(No Configuration,No Configuration)
2025-11-25 21:26:00,477 [INFO] CADModel:165 - CPN selected for project level
2025-11-25 21:26:00,477 [INFO] CADModel:114 - Register for checkConnection events
2025-11-25 21:26:00,482 [INFO] IPUIPlugin:80 - create IPUIPlugin
2025-11-25 21:26:00,483 [INFO] PluginManager:220 - loadIPPluginJar : add tracer_emb
2025-11-25 21:26:00,483 [INFO] IPUIPlugin:80 - create IPUIPlugin
2025-11-25 21:26:00,484 [INFO] PluginManager:220 - loadIPPluginJar : add radio
2025-11-25 21:26:00,487 [INFO] IPUIPlugin:80 - create IPUIPlugin
2025-11-25 21:26:00,487 [INFO] PluginManager:220 - loadIPPluginJar : add ddr_ctrl_phy
2025-11-25 21:26:00,490 [INFO] IPUIPlugin:80 - create IPUIPlugin
2025-11-25 21:26:00,490 [INFO] PluginManager:220 - loadIPPluginJar : add mdma
2025-11-25 21:26:00,491 [INFO] IPUIPlugin:80 - create IPUIPlugin
2025-11-25 21:26:00,492 [INFO] PluginManager:220 - loadIPPluginJar : add touchsensing
2025-11-25 21:26:00,492 [INFO] IPUIPlugin:80 - create IPUIPlugin
2025-11-25 21:26:00,492 [INFO] PluginManager:220 - loadIPPluginJar : add ucpd
2025-11-25 21:26:00,496 [INFO] IPUIPlugin:80 - create IPUIPlugin
2025-11-25 21:26:00,497 [INFO] PluginManager:220 - loadIPPluginJar : add plateformsettings
2025-11-25 21:26:00,499 [INFO] IPUIPlugin:80 - create IPUIPlugin
2025-11-25 21:26:00,499 [INFO] PluginManager:220 - loadIPPluginJar : add ipddr
2025-11-25 21:26:00,503 [INFO] IPUIPlugin:80 - create IPUIPlugin
2025-11-25 21:26:00,503 [INFO] PluginManager:220 - loadIPPluginJar : add resmgrutility
2025-11-25 21:26:00,504 [INFO] IPUIPlugin:80 - create IPUIPlugin
2025-11-25 21:26:00,504 [INFO] PluginManager:220 - loadIPPluginJar : add ts
2025-11-25 21:26:00,506 [INFO] IPUIPlugin:80 - create IPUIPlugin
2025-11-25 21:26:00,506 [INFO] PluginManager:220 - loadIPPluginJar : add dma3
2025-11-25 21:26:00,507 [INFO] IPUIPlugin:80 - create IPUIPlugin
2025-11-25 21:26:00,507 [INFO] PluginManager:220 - loadIPPluginJar : add openamp
2025-11-25 21:26:00,509 [INFO] IPUIPlugin:80 - create IPUIPlugin
2025-11-25 21:26:00,509 [INFO] PluginManager:220 - loadIPPluginJar : add opamp
2025-11-25 21:26:00,510 [INFO] IPUIPlugin:80 - create IPUIPlugin
2025-11-25 21:26:00,510 [INFO] PluginManager:220 - loadIPPluginJar : add pdm2pcm
2025-11-25 21:26:00,511 [INFO] IPUIPlugin:80 - create IPUIPlugin
2025-11-25 21:26:00,511 [INFO] PluginManager:220 - loadIPPluginJar : add gfxmmu
2025-11-25 21:26:00,512 [INFO] IPUIPlugin:80 - create IPUIPlugin
2025-11-25 21:26:00,512 [INFO] PluginManager:220 - loadIPPluginJar : add aes
2025-11-25 21:26:00,514 [INFO] IPUIPlugin:80 - create IPUIPlugin
2025-11-25 21:26:00,514 [INFO] PluginManager:220 - loadIPPluginJar : add gtzc
2025-11-25 21:26:00,516 [INFO] IPUIPlugin:80 - create IPUIPlugin
2025-11-25 21:26:00,516 [INFO] PluginManager:220 - loadIPPluginJar : add sai
2025-11-25 21:26:00,516 [INFO] IPUIPlugin:80 - create IPUIPlugin
2025-11-25 21:26:00,516 [INFO] PluginManager:220 - loadIPPluginJar : add tsc
2025-11-25 21:26:00,518 [INFO] IPUIPlugin:80 - create IPUIPlugin
2025-11-25 21:26:00,518 [INFO] PluginManager:220 - loadIPPluginJar : add usbx
2025-11-25 21:26:00,519 [INFO] IPUIPlugin:80 - create IPUIPlugin
2025-11-25 21:26:00,519 [INFO] PluginManager:220 - loadIPPluginJar : add can
2025-11-25 21:26:00,521 [INFO] IPUIPlugin:80 - create IPUIPlugin
2025-11-25 21:26:00,521 [INFO] PluginManager:220 - loadIPPluginJar : add i2c
2025-11-25 21:26:00,522 [INFO] IPUIPlugin:80 - create IPUIPlugin
2025-11-25 21:26:00,522 [INFO] PluginManager:220 - loadIPPluginJar : add lorawan
2025-11-25 21:26:00,523 [INFO] IPUIPlugin:80 - create IPUIPlugin
2025-11-25 21:26:00,523 [INFO] PluginManager:220 - loadIPPluginJar : add spi
2025-11-25 21:26:00,527 [INFO] IPUIPlugin:80 - create IPUIPlugin
2025-11-25 21:26:00,527 [INFO] PluginManager:220 - loadIPPluginJar : add linkedlist
2025-11-25 21:26:00,530 [INFO] IPUIPlugin:80 - create IPUIPlugin
2025-11-25 21:26:00,530 [INFO] PluginManager:220 - loadIPPluginJar : add fmc
2025-11-25 21:26:00,531 [INFO] IPUIPlugin:80 - create IPUIPlugin
2025-11-25 21:26:00,531 [INFO] PluginManager:220 - loadIPPluginJar : add i3c
2025-11-25 21:26:00,532 [INFO] IPUIPlugin:80 - create IPUIPlugin
2025-11-25 21:26:00,532 [INFO] PluginManager:220 - loadIPPluginJar : add ltdc
2025-11-25 21:26:00,535 [INFO] IPUIPlugin:80 - create IPUIPlugin
2025-11-25 21:26:00,535 [INFO] PluginManager:220 - loadIPPluginJar : add dma
2025-11-25 21:26:00,539 [INFO] IPUIPlugin:80 - create IPUIPlugin
2025-11-25 21:26:00,539 [INFO] PluginManager:220 - loadIPPluginJar : add freertos
2025-11-25 21:26:00,540 [INFO] IPUIPlugin:80 - create IPUIPlugin
2025-11-25 21:26:00,540 [INFO] PluginManager:220 - loadIPPluginJar : add hash
2025-11-25 21:26:00,544 [INFO] IPUIPlugin:80 - create IPUIPlugin
2025-11-25 21:26:00,544 [INFO] PluginManager:220 - loadIPPluginJar : add adc
2025-11-25 21:26:00,545 [INFO] IPUIPlugin:80 - create IPUIPlugin
2025-11-25 21:26:00,545 [INFO] PluginManager:220 - loadIPPluginJar : add usart
2025-11-25 21:26:00,550 [INFO] IPUIPlugin:80 - create IPUIPlugin
2025-11-25 21:26:00,550 [INFO] PluginManager:220 - loadIPPluginJar : add stm32_wpan
2025-11-25 21:26:00,551 [INFO] IPUIPlugin:80 - create IPUIPlugin
2025-11-25 21:26:00,551 [INFO] PluginManager:220 - loadIPPluginJar : add genericplugin
2025-11-25 21:26:00,553 [INFO] IPUIPlugin:80 - create IPUIPlugin
2025-11-25 21:26:00,553 [INFO] PluginManager:220 - loadIPPluginJar : add gpio
2025-11-25 21:26:00,556 [INFO] IPUIPlugin:80 - create IPUIPlugin
2025-11-25 21:26:00,556 [INFO] PluginManager:220 - loadIPPluginJar : add nvic
2025-11-25 21:26:00,557 [INFO] IPUIPlugin:80 - create IPUIPlugin
2025-11-25 21:26:00,557 [INFO] PluginManager:220 - loadIPPluginJar : add dfsdm
2025-11-25 21:26:00,558 [INFO] IPUIPlugin:80 - create IPUIPlugin
2025-11-25 21:26:00,558 [INFO] PluginManager:220 - loadIPPluginJar : add fatfs
2025-11-25 21:26:00,559 [INFO] IPUIPlugin:80 - create IPUIPlugin
2025-11-25 21:26:00,559 [INFO] PluginManager:220 - loadIPPluginJar : add comp
2025-11-25 21:26:00,560 [INFO] IPUIPlugin:80 - create IPUIPlugin
2025-11-25 21:26:00,560 [INFO] PluginManager:220 - loadIPPluginJar : add i2s
2025-11-25 21:26:00,561 [INFO] IPUIPlugin:80 - create IPUIPlugin
2025-11-25 21:26:00,561 [INFO] PluginManager:220 - loadIPPluginJar : add cryp
2025-11-25 21:26:00,561 [INFO] IPUIPlugin:80 - create IPUIPlugin
2025-11-25 21:26:00,562 [INFO] PluginManager:220 - loadIPPluginJar : add quadspi
2025-11-25 21:26:00,565 [INFO] IPUIPlugin:80 - create IPUIPlugin
2025-11-25 21:26:00,565 [INFO] PluginManager:220 - loadIPPluginJar : add gic
2025-11-25 21:26:00,566 [INFO] IPUIPlugin:80 - create IPUIPlugin
2025-11-25 21:26:00,566 [INFO] PluginManager:220 - loadIPPluginJar : add tim
2025-11-25 21:26:00,567 [INFO] IPUIPlugin:80 - create IPUIPlugin
2025-11-25 21:26:00,567 [INFO] PluginManager:220 - loadIPPluginJar : add extmemmanager
2025-11-25 21:26:00,655 [FATAL] Updater:351 - Updater called before beeing initialized
2025-11-25 21:26:00,671 [INFO] RulesReader:64 - Compatibility file has been processed (317 Rules)
2025-11-25 21:26:00,677 [INFO] RulesReader:64 - Compatibility file has been processed (317 Rules)
2025-11-25 21:26:00,681 [INFO] CADModel:165 - CPN selected for project level
2025-11-25 21:26:00,681 [INFO] CADModel:114 - Register for checkConnection events
2025-11-25 21:26:00,681 [FATAL] Updater:351 - Updater called before beeing initialized
2025-11-25 21:26:00,681 [ERROR] CADModel:125 - Updater not yet initialized, retry later 
2025-11-25 21:26:00,769 [FATAL] Updater:351 - Updater called before beeing initialized
2025-11-25 21:26:00,771 [INFO] CADModel:165 - CPN selected for project level
2025-11-25 21:26:00,771 [INFO] CADModel:114 - Register for checkConnection events
2025-11-25 21:26:00,771 [FATAL] Updater:351 - Updater called before beeing initialized
2025-11-25 21:26:00,771 [ERROR] CADModel:125 - Updater not yet initialized, retry later 
2025-11-25 21:26:00,774 [FATAL] Updater:351 - Updater called before beeing initialized
2025-11-25 21:26:00,843 [FATAL] Updater:351 - Updater called before beeing initialized
2025-11-25 21:26:00,845 [INFO] DbMcusAds:53 - JSON generation date=Mon Nov 10 11:43:01 CET 2025 (1762771381096)
2025-11-25 21:26:00,845 [FATAL] Updater:351 - Updater called before beeing initialized
2025-11-25 21:26:00,865 [WARN] DetailPanel:346 - Failed to get advertising image, set to default
2025-11-25 21:26:00,918 [FATAL] Updater:351 - Updater called before beeing initialized
2025-11-25 21:26:00,919 [FATAL] Updater:351 - Updater called before beeing initialized
2025-11-25 21:26:00,919 [FATAL] Updater:351 - Updater called before beeing initialized
2025-11-25 21:26:00,919 [WARN] DetailPanel:346 - Failed to get advertising image, set to default
2025-11-25 21:26:00,920 [FATAL] Updater:351 - Updater called before beeing initialized
2025-11-25 21:26:00,946 [ERROR] Updater:1198 - MainUpdater not yet initialized. External WinMGr cannot be set.
2025-11-25 21:26:00,947 [INFO] Updater:1134 - Updater Version found : 6.15.0
2025-11-25 21:26:00,959 [INFO] ApplicationProperties:184 - Using Application install path: /opt/st/stm32cubeide_1.19.0/plugins/com.st.stm32cube.common.mx_6.15.0.202507011659
2025-11-25 21:26:01,313 [INFO] MainUpdater:2872 - connection check result : 10
2025-11-25 21:26:01,313 [INFO] MainUpdater:289 - Updater Check For Update Now.
2025-11-25 21:26:01,314 [INFO] MicroXplorer:498 - Change Database Version : DB.6.0.150
2025-11-25 21:26:01,319 [INFO] McuFinderGlobals:63 - Set McuFinder mode to 2 (CubeIDE integrated)
2025-11-25 21:26:01,320 [INFO] UserAuth:487 - Internet connection configuration mode: 1
2025-11-25 21:26:01,335 [INFO] JxBrowserEngine:152 - Initiate JxBrowser Engine with user profile folder
2025-11-25 21:26:01,470 [INFO] CheckServerUpdateThread:120 - End of CheckServer Thread
2025-11-25 21:26:01,892 [INFO] WebApp:169 - Instantiating new browser for Auth
2025-11-25 21:26:02,309 [INFO] WebApp:463 - Apply proxy settings
2025-11-25 21:26:02,309 [INFO] WebApp:548 - Chromium requires no authentication
2025-11-25 21:26:02,315 [INFO] WebApp:491 - Direct internet connection detected
2025-11-25 21:26:02,325 [INFO] WebApp:900 - Register for checkConnection events
2025-11-25 21:26:02,325 [INFO] WebApp:463 - Apply proxy settings
2025-11-25 21:26:02,325 [INFO] WebApp:548 - Chromium requires no authentication
2025-11-25 21:26:02,325 [INFO] WebApp:491 - Direct internet connection detected
2025-11-25 21:26:02,401 [INFO] WebApp:225 - Starting web application
2025-11-25 21:26:02,401 [INFO] WebApp:593 - Web application path used /opt/st/stm32cubeide_1.19.0/plugins/com.st.stm32cube.common.mx_6.15.0.202507011659/db/plugins/mcufinder/reactClient1/index.html
2025-11-25 21:26:02,464 [INFO] UserAuth:487 - Internet connection configuration mode: 1
2025-11-25 21:26:03,139 [INFO] WebApp:191 - Connection restablished
2025-11-25 21:26:03,266 [WARN] PackLoader:240 - Cannot read IP mode file for STMicroelectronics.FP-SNS-MOTENVWB1.1.4.0
2025-11-25 21:26:03,271 [WARN] PackLoader:240 - Cannot read IP mode file for STMicroelectronics.FP-ATR-ASTRA1.2.0.2
2025-11-25 21:26:03,276 [WARN] PackLoader:240 - Cannot read IP mode file for STMicroelectronics.X-CUBE-SMBUS.2.1.0
2025-11-25 21:26:03,278 [WARN] PackLoader:240 - Cannot read IP mode file for STMicroelectronics.X-CUBE-ST60.1.0.0
2025-11-25 21:26:03,295 [WARN] PackLoader:240 - Cannot read IP mode file for STMicroelectronics.X-CUBE-AZRTOS-F7.1.1.0
2025-11-25 21:26:03,301 [WARN] PackLoader:240 - Cannot read IP mode file for Cesanta.I-CUBE-Mongoose.7.19.0
2025-11-25 21:26:03,304 [WARN] PackLoader:240 - Cannot read IP mode file for STMicroelectronics.FP-SNS-MOTENV1.5.1.0
2025-11-25 21:26:03,312 [WARN] PackLoader:240 - Cannot read IP mode file for WES.I-CUBE-Cesium.1.4.0
2025-11-25 21:26:03,330 [WARN] PackLoader:240 - Cannot read IP mode file for Infineon.AIROC-Wi-Fi-Bluetooth-STM32.1.7.1
2025-11-25 21:26:03,350 [WARN] PackLoader:240 - Cannot read IP mode file for STMicroelectronics.X-CUBE-AZRTOS-H7.3.4.0
2025-11-25 21:26:03,357 [WARN] PackLoader:240 - Cannot read IP mode file for STMicroelectronics.X-CUBE-DISPLAY.3.0.0
2025-11-25 21:26:03,371 [WARN] PackLoader:240 - Cannot read IP mode file for STMicroelectronics.X-CUBE-NFC10.1.0.0
2025-11-25 21:26:03,375 [WARN] PackLoader:240 - Cannot read IP mode file for STMicroelectronics.X-CUBE-ST60.1.1.0
2025-11-25 21:26:03,378 [WARN] PackLoader:240 - Cannot read IP mode file for emotas.I-CUBE-CANOPEN.1.3.0
2025-11-25 21:26:03,381 [WARN] PackLoader:240 - Cannot read IP mode file for STMicroelectronics.X-CUBE-GNSS1.7.1.0
2025-11-25 21:26:03,384 [WARN] PackLoader:240 - Cannot read IP mode file for STMicroelectronics.FP-SNS-SMARTAG2.1.2.0
2025-11-25 21:26:03,387 [WARN] PackLoader:240 - Cannot read IP mode file for STMicroelectronics.FP-SNS-FLIGHT1.5.1.0
2025-11-25 21:26:03,392 [INFO] LogOutputStream:77 - [STDOUT_REDIRECT] 1 : Invalid condition id : UX_CORESTACK_Condition cause : null
2025-11-25 21:26:03,393 [INFO] LogOutputStream:77 - [STDOUT_REDIRECT] 1 : Invalid condition id : UX_CORESTACK_Condition cause : null
2025-11-25 21:26:03,393 [INFO] LogOutputStream:77 - [STDOUT_REDIRECT] 1 : Invalid condition id : UX_CORESTACK_Condition cause : null
2025-11-25 21:26:03,393 [INFO] LogOutputStream:77 - [STDOUT_REDIRECT] 1 : Invalid condition id : UX_CORESTACK_Condition cause : null
2025-11-25 21:26:03,393 [INFO] LogOutputStream:77 - [STDOUT_REDIRECT] 1 : Invalid condition id : UX_CORESTACK_Condition cause : null
2025-11-25 21:26:03,395 [WARN] PackLoader:240 - Cannot read IP mode file for STMicroelectronics.X-CUBE-AZRTOS-WL.2.0.0
2025-11-25 21:26:03,397 [WARN] PackLoader:240 - Cannot read IP mode file for STMicroelectronics.FP-SNS-MOTENV1.5.0.0
2025-11-25 21:26:03,410 [WARN] PackLoader:240 - Cannot read IP mode file for STMicroelectronics.X-CUBE-AZRTOS-H7RS.1.2.0
2025-11-25 21:26:03,415 [WARN] PackLoader:240 - Cannot read IP mode file for STMicroelectronics.X-CUBE-BLE2.3.3.0
2025-11-25 21:26:03,426 [WARN] PackLoader:240 - Cannot read IP mode file for STMicroelectronics.X-CUBE-NFC9.1.0.0
2025-11-25 21:26:03,429 [WARN] PackLoader:240 - Cannot read IP mode file for wolfSSL.I-CUBE-wolfSSL.5.8.2
2025-11-25 21:26:03,432 [WARN] PackLoader:240 - Cannot read IP mode file for STMicroelectronics.X-CUBE-BLE1.7.1.0
2025-11-25 21:26:03,434 [WARN] PackLoader:240 - Cannot read IP mode file for wolfSSL.I-CUBE-wolfMQTT.1.19.2
2025-11-25 21:26:03,437 [WARN] PackLoader:240 - Cannot read IP mode file for STMicroelectronics.X-CUBE-FREERTOS.1.4.0
2025-11-25 21:26:03,440 [WARN] PackLoader:240 - Cannot read IP mode file for STMicroelectronics.X-CUBE-EEPRMA1.5.2.0
2025-11-25 21:26:03,444 [WARN] PackLoader:240 - Cannot read IP mode file for STMicroelectronics.X-CUBE-ST67W61.1.1.0
2025-11-25 21:26:03,465 [WARN] PackLoader:240 - Cannot read IP mode file for STMicroelectronics.X-CUBE-MEMS1.12.0.0
2025-11-25 21:26:03,573 [WARN] PackLoader:240 - Cannot read IP mode file for STMicroelectronics.X-CUBE-AZRTOS-G0.1.1.0
2025-11-25 21:26:03,582 [WARN] PackLoader:240 - Cannot read IP mode file for STMicroelectronics.X-CUBE-SAFEA1.1.2.2
2025-11-25 21:26:03,587 [WARN] PackLoader:240 - Cannot read IP mode file for STMicroelectronics.X-CUBE-NFC4.3.0.0
2025-11-25 21:26:03,596 [WARN] PackLoader:240 - Cannot read IP mode file for EmbeddedOffice.I-CUBE-FS-RTOS.1.0.1
2025-11-25 21:26:03,600 [WARN] PackLoader:240 - Cannot read IP mode file for STMicroelectronics.X-CUBE-WB05N.2.0.0
2025-11-25 21:26:03,603 [WARN] PackLoader:240 - Cannot read IP mode file for wolfSSL.I-CUBE-wolfTPM.3.8.0
2025-11-25 21:26:03,607 [WARN] PackLoader:240 - Cannot read IP mode file for STMicroelectronics.X-CUBE-TCPP.4.2.0
2025-11-25 21:26:03,611 [WARN] PackLoader:240 - Cannot read IP mode file for RealThread.X-CUBE-RT-Thread_Nano.4.1.1
2025-11-25 21:26:03,614 [WARN] PackLoader:240 - Cannot read IP mode file for STMicroelectronics.FP-ATR-SIGFOX1.3.2.0
2025-11-25 21:26:03,618 [WARN] PackLoader:240 - Cannot read IP mode file for ITTIA_DB.I-CUBE-ITTIADB.8.9.0
2025-11-25 21:26:03,644 [WARN] PackLoader:240 - Cannot read IP mode file for SEGGER.I-CUBE-embOS.1.3.1
2025-11-25 21:26:03,672 [WARN] PackLoader:240 - Cannot read IP mode file for STMicroelectronics.X-CUBE-ALGOBUILD.1.4.0
2025-11-25 21:26:03,693 [WARN] PackLoader:240 - Cannot read IP mode file for STMicroelectronics.X-CUBE-MEMS1.11.3.0
2025-11-25 21:26:03,771 [WARN] PackLoader:240 - Cannot read IP mode file for STMicroelectronics.X-CUBE-PM33A1.1.0.0
2025-11-25 21:26:03,777 [WARN] PackLoader:240 - Cannot read IP mode file for STMicroelectronics.X-CUBE-AZRTOS-F4.1.1.0
2025-11-25 21:26:03,780 [WARN] PackLoader:240 - Cannot read IP mode file for STMicroelectronics.X-CUBE-ISPU.2.1.0
2025-11-25 21:26:03,784 [WARN] PackLoader:240 - Cannot read IP mode file for STMicroelectronics.X-CUBE-IPS.3.2.0
2025-11-25 21:26:03,790 [WARN] PackLoader:240 - Cannot read IP mode file for STMicroelectronics.X-CUBE-NFC12.1.0.0
2025-11-25 21:26:03,797 [WARN] PackLoader:240 - Cannot read IP mode file for STMicroelectronics.X-CUBE-AZRTOS-L5.2.0.0
2025-11-25 21:26:03,800 [WARN] PackLoader:240 - Cannot read IP mode file for STMicroelectronics.X-CUBE-NFC6.3.1.0
2025-11-25 21:26:03,803 [WARN] PackLoader:240 - Cannot read IP mode file for STMicroelectronics.X-CUBE-FREERTOS.1.3.1
2025-11-25 21:26:03,804 [WARN] PackLoader:240 - Cannot read IP mode file for STMicroelectronics.X-CUBE-TOUCHGFX.4.26.0
2025-11-25 21:26:03,806 [WARN] PackLoader:240 - Cannot read IP mode file for STMicroelectronics.X-CUBE-DPower.1.3.0
2025-11-25 21:26:03,813 [WARN] ConditionMgr:438 - getConditionDescription Invalid condition id : LAN8742 Phy interface Condition cause : null
2025-11-25 21:26:03,814 [WARN] PackLoader:240 - Cannot read IP mode file for STMicroelectronics.X-CUBE-AZRTOS-L4.2.0.0
2025-11-25 21:26:03,814 [WARN] ConditionMgr:1044 - genDependencies : Invalid condition id : LAN8742 Phy interface Condition cause : null
2025-11-25 21:26:03,814 [WARN] ConditionMgr:1044 - genDependencies : Invalid condition id : LAN8742 Phy interface Condition cause : null
2025-11-25 21:26:03,814 [WARN] ConditionMgr:1044 - genDependencies : Invalid condition id : LAN8742 Phy interface Condition cause : null
2025-11-25 21:26:03,817 [WARN] PackLoader:240 - Cannot read IP mode file for STMicroelectronics.X-CUBE-SFXS2LP1.4.0.0
2025-11-25 21:26:03,821 [WARN] PackLoader:240 - Cannot read IP mode file for STMicroelectronics.X-CUBE-BLEMGR.4.1.0
2025-11-25 21:26:03,829 [WARN] ConditionMgr:438 - getConditionDescription Invalid condition id : UX DEVICE CLASS RTOS Condition cause : null
2025-11-25 21:26:03,829 [WARN] ConditionMgr:438 - getConditionDescription Invalid condition id : UX DEVICE CLASS RTOS Condition cause : null
2025-11-25 21:26:03,830 [WARN] PackLoader:240 - Cannot read IP mode file for STMicroelectronics.X-CUBE-AZRTOS-WB.2.0.0
2025-11-25 21:26:03,830 [WARN] ConditionMgr:1044 - genDependencies : Invalid condition id : UX DEVICE CLASS RTOS Condition cause : null
2025-11-25 21:26:03,830 [WARN] ConditionMgr:1044 - genDependencies : Invalid condition id : UX DEVICE CLASS RTOS Condition cause : null
2025-11-25 21:26:03,830 [WARN] ConditionMgr:1044 - genDependencies : Invalid condition id : UX DEVICE CLASS RTOS Condition cause : null
2025-11-25 21:26:03,831 [WARN] ConditionMgr:1044 - genDependencies : Invalid condition id : UX DEVICE CLASS RTOS Condition cause : null
2025-11-25 21:26:03,831 [WARN] ConditionMgr:1044 - genDependencies : Invalid condition id : UX DEVICE CLASS RTOS Condition cause : null
2025-11-25 21:26:03,833 [WARN] PackLoader:240 - Cannot read IP mode file for STMicroelectronics.X-CUBE-GNSS1.7.0.1
2025-11-25 21:26:03,835 [WARN] ConditionMgr:438 - getConditionDescription Invalid condition id : Cortex-A Device cause : null
2025-11-25 21:26:03,838 [WARN] ConditionMgr:1044 - genDependencies : Invalid condition id : Cortex-A Device cause : null
2025-11-25 21:26:03,838 [WARN] ConditionMgr:1044 - genDependencies : Invalid condition id : Cortex-A Device cause : null
2025-11-25 21:26:03,838 [WARN] ConditionMgr:1044 - genDependencies : Invalid condition id : Cortex-A Device cause : null
2025-11-25 21:26:03,842 [WARN] PackLoader:240 - Cannot read IP mode file for STMicroelectronics.X-CUBE-SUBG2.5.0.0
2025-11-25 21:26:03,855 [WARN] PackLoader:240 - Cannot read IP mode file for STMicroelectronics.X-CUBE-AZRTOS-H7RS.1.1.0
2025-11-25 21:26:03,868 [WARN] PackLoader:240 - Cannot read IP mode file for STMicroelectronics.X-CUBE-AZRTOS-G4.2.0.0
2025-11-25 21:26:03,872 [WARN] PackLoader:240 - Cannot read IP mode file for wolfSSL.I-CUBE-wolfSSH.1.4.20
2025-11-25 21:26:03,875 [WARN] PackLoader:240 - Cannot read IP mode file for STMicroelectronics.X-CUBE-NFC7.2.0.0
2025-11-25 21:26:03,877 [WARN] PackLoader:240 - Cannot read IP mode file for STMicroelectronics.X-CUBE-ALS.1.0.2
2025-11-25 21:26:03,882 [WARN] PackLoader:240 - Cannot read IP mode file for STMicroelectronics.X-CUBE-STSE01.1.0.0
2025-11-25 21:26:03,891 [WARN] PackLoader:240 - Cannot read IP mode file for STMicroelectronics.X-CUBE-TOF1.3.4.3
2025-11-25 21:26:03,906 [INFO] ThirdParty:978 - Integrity check success = true
2025-11-25 21:26:03,907 [INFO] IntegrityCheckThread:100 - exiting critical section [integrity check]
2025-11-25 21:26:03,907 [INFO] IntegrityCheckThread:103 - End integrity checks thread
2025-11-25 21:38:13,762 [ERROR] LogOutputStream:75 - [STDERR_REDIRECT] 
