2025-12-29 00:33:43,687 [ERROR] LogOutputStream:75 - [STDERR_REDIRECT] 
2025-12-29 11:28:07,199 [INFO] Activator:176 - 


2025-12-29 11:28:07,200 [INFO] Activator:177 - !SESSION log4j initialized
2025-12-29 11:28:10,732 [INFO] LogOutputStream:77 - [STDOUT_REDIRECT] 
2025-12-29 11:28:11,493 [INFO] ApplicationProperties:184 - Using Application install path: /opt/st/stm32cubeide_1.19.0/plugins/com.st.stm32cube.common.mx_6.15.0.202507011659
2025-12-29 11:28:11,506 [INFO] DbMcusXml:78 - Set database path to: /opt/st/stm32cubeide_1.19.0/plugins/com.st.stm32cube.common.mx_6.15.0.202507011659//db//mcu/
2025-12-29 11:28:11,506 [INFO] ApiDb:274 - Set plugin database path to: /opt/st/stm32cubeide_1.19.0/plugins/com.st.stm32cube.common.mx_6.15.0.202507011659//db//plugins/boardmanager/
2025-12-29 11:28:11,506 [WARN] ApiDb:259 - Overriding images path with different value:  => /opt/st/stm32cubeide_1.19.0/plugins/com.st.stm32cube.common.mx_6.15.0.202507011659//db//plugins/mcufinder/images/
2025-12-29 11:28:11,511 [INFO] ApiDb:250 - Set database path to: /home/kamil/.stmcufinder/plugins/mcufinder//mcu/
2025-12-29 11:28:11,512 [INFO] DbMcusAds:125 - Set database path to: /home/kamil/.stmcufinder/plugins/mcufinder//mcu/
2025-12-29 11:28:11,513 [INFO] CrossReferenceDbSqlite:203 - Set database path to: /home/kamil/.stmcufinder/plugins/mcufinder//mcu/cs/
2025-12-29 11:28:11,589 [INFO] RulesReader:64 - Compatibility file has been processed (317 Rules)
2025-12-29 11:28:11,637 [INFO] DbMcusXml:78 - Set database path to: /opt/st/stm32cubeide_1.19.0/plugins/com.st.stm32cube.common.mx_6.15.0.202507011659//db//mcu/
2025-12-29 11:28:11,637 [INFO] ApiDb:274 - Set plugin database path to: /opt/st/stm32cubeide_1.19.0/plugins/com.st.stm32cube.common.mx_6.15.0.202507011659//db//plugins/boardmanager/
2025-12-29 11:28:11,637 [INFO] ApiDb:261 - Set plugin images path to: /opt/st/stm32cubeide_1.19.0/plugins/com.st.stm32cube.common.mx_6.15.0.202507011659//db//plugins/mcufinder/images/
2025-12-29 11:28:11,638 [WARN] DbFile:41 - Overriding database path with different value: /home/kamil/.stmcufinder/plugins/mcufinder/ => /home/kamil/.stmcufinder/plugins/mcufinder
2025-12-29 11:28:11,638 [INFO] ApiDb:250 - Set database path to: /home/kamil/.stmcufinder/plugins/mcufinder//mcu/
2025-12-29 11:28:11,638 [WARN] DbFile:41 - Overriding database path with different value: /home/kamil/.stmcufinder/plugins/mcufinder/ => /home/kamil/.stmcufinder/plugins/mcufinder
2025-12-29 11:28:11,638 [INFO] DbMcusAds:125 - Set database path to: /home/kamil/.stmcufinder/plugins/mcufinder//mcu/
2025-12-29 11:28:11,638 [WARN] DbFile:41 - Overriding database path with different value: /home/kamil/.stmcufinder/plugins/mcufinder/ => /home/kamil/.stmcufinder/plugins/mcufinder
2025-12-29 11:28:11,638 [WARN] DbFile:41 - Overriding database path with different value: /home/kamil/.stmcufinder/plugins/mcufinder/ => /home/kamil/.stmcufinder/plugins/mcufinder
2025-12-29 11:28:11,638 [INFO] CrossReferenceDbSqlite:203 - Set database path to: /home/kamil/.stmcufinder/plugins/mcufinder//mcu/cs/
2025-12-29 11:28:11,701 [INFO] MainPanel:274 - HeapMemory: 268435456
2025-12-29 11:28:11,815 [INFO] DbMcusXml:78 - Set database path to: /opt/st/stm32cubeide_1.19.0/plugins/com.st.stm32cube.common.mx_6.15.0.202507011659//db//mcu/
2025-12-29 11:28:11,816 [INFO] ApiDb:274 - Set plugin database path to: /opt/st/stm32cubeide_1.19.0/plugins/com.st.stm32cube.common.mx_6.15.0.202507011659//db//plugins/boardmanager/
2025-12-29 11:28:11,816 [INFO] ApiDb:261 - Set plugin images path to: /opt/st/stm32cubeide_1.19.0/plugins/com.st.stm32cube.common.mx_6.15.0.202507011659//db//plugins/mcufinder/images/
2025-12-29 11:28:11,816 [WARN] DbFile:41 - Overriding database path with different value: /home/kamil/.stmcufinder/plugins/mcufinder/ => /home/kamil/.stmcufinder/plugins/mcufinder
2025-12-29 11:28:11,816 [INFO] ApiDb:250 - Set database path to: /home/kamil/.stmcufinder/plugins/mcufinder//mcu/
2025-12-29 11:28:11,816 [WARN] DbFile:41 - Overriding database path with different value: /home/kamil/.stmcufinder/plugins/mcufinder/ => /home/kamil/.stmcufinder/plugins/mcufinder
2025-12-29 11:28:11,816 [INFO] DbMcusAds:125 - Set database path to: /home/kamil/.stmcufinder/plugins/mcufinder//mcu/
2025-12-29 11:28:11,816 [WARN] DbFile:41 - Overriding database path with different value: /home/kamil/.stmcufinder/plugins/mcufinder/ => /home/kamil/.stmcufinder/plugins/mcufinder
2025-12-29 11:28:11,816 [WARN] DbFile:41 - Overriding database path with different value: /home/kamil/.stmcufinder/plugins/mcufinder/ => /home/kamil/.stmcufinder/plugins/mcufinder
2025-12-29 11:28:11,816 [INFO] CrossReferenceDbSqlite:203 - Set database path to: /home/kamil/.stmcufinder/plugins/mcufinder//mcu/cs/
2025-12-29 11:28:11,831 [INFO] ApplicationProperties:184 - Using Application install path: /opt/st/stm32cubeide_1.19.0/plugins/com.st.stm32cube.common.mx_6.15.0.202507011659
2025-12-29 11:28:11,832 [INFO] PluginManage:196 - Search for loadable plugins [exclusion list=, ]
2025-12-29 11:28:11,833 [INFO] PluginManage:310 - Check plugin analytics
2025-12-29 11:28:11,930 [INFO] AnalyticsPlugin:253 - Accepted Software Licenses: 
2025-12-29 11:28:11,930 [INFO] AnalyticsPlugin:255 - Accepted CMSIS Pack Licenses: 
2025-12-29 11:28:11,930 [INFO] AnalyticsPlugin:257 - Accepted Firmware Licenses: FW.F4.1.28.0
2025-12-29 11:28:11,932 [INFO] PluginManage:359 - Loaded plugin analytics (category:tool,tabindex:-1)
2025-12-29 11:28:11,933 [INFO] PluginManage:310 - Check plugin cadmodel
2025-12-29 11:28:11,936 [INFO] CADModel:105 - Init CAD model plugin
2025-12-29 11:28:11,936 [INFO] PluginManage:359 - Loaded plugin cadmodel (category:power,tabindex:5)
2025-12-29 11:28:11,936 [INFO] PluginManage:310 - Check plugin clock
2025-12-29 11:28:11,943 [INFO] PluginManage:359 - Loaded plugin clock (category:base,tabindex:2)
2025-12-29 11:28:11,944 [INFO] PluginManage:310 - Check plugin ddr
2025-12-29 11:28:11,946 [INFO] PluginManage:359 - Loaded plugin ddr (category:tool,tabindex:6)
2025-12-29 11:28:11,946 [INFO] PluginManage:310 - Check plugin filemanager
2025-12-29 11:28:12,046 [INFO] PluginManage:359 - Loaded plugin filemanager (category:base,tabindex:10)
2025-12-29 11:28:12,046 [INFO] PluginManage:310 - Check plugin ipmanager
2025-12-29 11:28:12,052 [INFO] PluginManage:359 - Loaded plugin ipmanager (category:base,tabindex:5)
2025-12-29 11:28:12,052 [INFO] PluginManage:310 - Check plugin lpbam
2025-12-29 11:28:12,060 [INFO] PluginManage:359 - Loaded plugin lpbam (category:base,tabindex:0)
2025-12-29 11:28:12,061 [INFO] PluginManage:310 - Check plugin memorymap
2025-12-29 11:28:12,072 [INFO] PluginManage:359 - Loaded plugin memorymap (category:base,tabindex:4)
2025-12-29 11:28:12,073 [INFO] PluginManage:310 - Check plugin pinoutandconfiguration
2025-12-29 11:28:12,081 [INFO] PluginManage:359 - Loaded plugin pinoutandconfiguration (category:base,tabindex:1)
2025-12-29 11:28:12,081 [INFO] PluginManage:310 - Check plugin pinoutconfig
2025-12-29 11:28:12,156 [WARN] SupportedApi:132 - Cannot load RTOS API schema: s4s-elt-must-match.1: The content of 'definitions' must match (annotation?, (simpleType | complexType)?, (unique | key | keyref)*)). A problem was found starting at: attribute.
2025-12-29 11:28:12,268 [INFO] PluginManage:359 - Loaded plugin pinoutconfig (category:base,tabindex:0)
2025-12-29 11:28:12,268 [INFO] PluginManage:310 - Check plugin power
2025-12-29 11:28:12,277 [INFO] PluginManage:359 - Loaded plugin power (category:power,tabindex:4)
2025-12-29 11:28:12,277 [INFO] PluginManage:310 - Check plugin projectmanager
2025-12-29 11:28:12,291 [INFO] PluginManage:359 - Loaded plugin projectmanager (category:projectmanager,tabindex:4)
2025-12-29 11:28:12,291 [INFO] PluginManage:310 - Check plugin rif
2025-12-29 11:28:12,298 [INFO] PluginManage:359 - Loaded plugin rif (category:base,tabindex:3)
2025-12-29 11:28:12,299 [INFO] PluginManage:310 - Check plugin thirdparty
2025-12-29 11:28:12,421 [INFO] PluginManage:359 - Loaded plugin thirdparty (category:base,tabindex:-1)
2025-12-29 11:28:12,421 [INFO] PluginManage:310 - Check plugin tools
2025-12-29 11:28:12,421 [WARN] IntegrityCheckThread:84 - waiting for thirdparty lock release [integrity check]
2025-12-29 11:28:12,421 [INFO] IntegrityCheckThread:86 - entering critical section [integrity check]
2025-12-29 11:28:12,422 [INFO] ThirdPartyUpdaterWithRetryManager:70 - Updater plugin not ready yet. [1/15]
2025-12-29 11:28:12,423 [INFO] PluginManage:359 - Loaded plugin tools (category:base,tabindex:7)
2025-12-29 11:28:12,423 [INFO] PluginManage:310 - Check plugin tutovideos
2025-12-29 11:28:12,575 [INFO] PluginManage:359 - Loaded plugin tutovideos (category:base,tabindex:-1)
2025-12-29 11:28:12,575 [INFO] PluginManage:310 - Check plugin updater
2025-12-29 11:28:12,594 [INFO] PluginManage:359 - Loaded plugin updater (category:base,tabindex:12)
2025-12-29 11:28:12,595 [INFO] PluginManage:310 - Check plugin userauth
2025-12-29 11:28:12,597 [INFO] UserAuth:118 - Init User Auth plugin
2025-12-29 11:28:12,598 [INFO] PluginManage:359 - Loaded plugin userauth (category:base,tabindex:14)
2025-12-29 11:28:12,598 [INFO] PluginManage:283 - PluginManage : Loaded plugins [18]
2025-12-29 11:28:12,720 [INFO] PinOutPanel:1589 - setPackage(No Configuration,No Configuration)
2025-12-29 11:28:12,771 [INFO] CADModel:165 - CPN selected for project level
2025-12-29 11:28:12,771 [INFO] CADModel:114 - Register for checkConnection events
2025-12-29 11:28:12,780 [INFO] IPUIPlugin:80 - create IPUIPlugin
2025-12-29 11:28:12,780 [INFO] PluginManager:220 - loadIPPluginJar : add tracer_emb
2025-12-29 11:28:12,781 [INFO] IPUIPlugin:80 - create IPUIPlugin
2025-12-29 11:28:12,782 [INFO] PluginManager:220 - loadIPPluginJar : add radio
2025-12-29 11:28:12,786 [INFO] IPUIPlugin:80 - create IPUIPlugin
2025-12-29 11:28:12,787 [INFO] PluginManager:220 - loadIPPluginJar : add ddr_ctrl_phy
2025-12-29 11:28:12,791 [INFO] IPUIPlugin:80 - create IPUIPlugin
2025-12-29 11:28:12,792 [INFO] PluginManager:220 - loadIPPluginJar : add mdma
2025-12-29 11:28:12,796 [INFO] IPUIPlugin:80 - create IPUIPlugin
2025-12-29 11:28:12,796 [INFO] PluginManager:220 - loadIPPluginJar : add touchsensing
2025-12-29 11:28:12,797 [INFO] IPUIPlugin:80 - create IPUIPlugin
2025-12-29 11:28:12,797 [INFO] PluginManager:220 - loadIPPluginJar : add ucpd
2025-12-29 11:28:12,804 [INFO] IPUIPlugin:80 - create IPUIPlugin
2025-12-29 11:28:12,806 [INFO] PluginManager:220 - loadIPPluginJar : add plateformsettings
2025-12-29 11:28:12,810 [INFO] IPUIPlugin:80 - create IPUIPlugin
2025-12-29 11:28:12,810 [INFO] PluginManager:220 - loadIPPluginJar : add ipddr
2025-12-29 11:28:12,815 [INFO] IPUIPlugin:80 - create IPUIPlugin
2025-12-29 11:28:12,815 [INFO] PluginManager:220 - loadIPPluginJar : add resmgrutility
2025-12-29 11:28:12,817 [INFO] IPUIPlugin:80 - create IPUIPlugin
2025-12-29 11:28:12,817 [INFO] PluginManager:220 - loadIPPluginJar : add ts
2025-12-29 11:28:12,819 [INFO] IPUIPlugin:80 - create IPUIPlugin
2025-12-29 11:28:12,819 [INFO] PluginManager:220 - loadIPPluginJar : add dma3
2025-12-29 11:28:12,823 [INFO] IPUIPlugin:80 - create IPUIPlugin
2025-12-29 11:28:12,823 [INFO] PluginManager:220 - loadIPPluginJar : add openamp
2025-12-29 11:28:12,825 [INFO] IPUIPlugin:80 - create IPUIPlugin
2025-12-29 11:28:12,825 [INFO] PluginManager:220 - loadIPPluginJar : add opamp
2025-12-29 11:28:12,828 [INFO] IPUIPlugin:80 - create IPUIPlugin
2025-12-29 11:28:12,828 [INFO] PluginManager:220 - loadIPPluginJar : add pdm2pcm
2025-12-29 11:28:12,830 [INFO] IPUIPlugin:80 - create IPUIPlugin
2025-12-29 11:28:12,831 [INFO] PluginManager:220 - loadIPPluginJar : add gfxmmu
2025-12-29 11:28:12,832 [INFO] IPUIPlugin:80 - create IPUIPlugin
2025-12-29 11:28:12,832 [INFO] PluginManager:220 - loadIPPluginJar : add aes
2025-12-29 11:28:12,835 [INFO] IPUIPlugin:80 - create IPUIPlugin
2025-12-29 11:28:12,835 [INFO] PluginManager:220 - loadIPPluginJar : add gtzc
2025-12-29 11:28:12,838 [INFO] IPUIPlugin:80 - create IPUIPlugin
2025-12-29 11:28:12,838 [INFO] PluginManager:220 - loadIPPluginJar : add sai
2025-12-29 11:28:12,839 [INFO] IPUIPlugin:80 - create IPUIPlugin
2025-12-29 11:28:12,839 [INFO] PluginManager:220 - loadIPPluginJar : add tsc
2025-12-29 11:28:12,843 [INFO] IPUIPlugin:80 - create IPUIPlugin
2025-12-29 11:28:12,843 [INFO] PluginManager:220 - loadIPPluginJar : add usbx
2025-12-29 11:28:12,845 [INFO] IPUIPlugin:80 - create IPUIPlugin
2025-12-29 11:28:12,845 [INFO] PluginManager:220 - loadIPPluginJar : add can
2025-12-29 11:28:12,847 [INFO] IPUIPlugin:80 - create IPUIPlugin
2025-12-29 11:28:12,847 [INFO] PluginManager:220 - loadIPPluginJar : add i2c
2025-12-29 11:28:12,850 [INFO] IPUIPlugin:80 - create IPUIPlugin
2025-12-29 11:28:12,850 [INFO] PluginManager:220 - loadIPPluginJar : add lorawan
2025-12-29 11:28:12,852 [INFO] IPUIPlugin:80 - create IPUIPlugin
2025-12-29 11:28:12,852 [INFO] PluginManager:220 - loadIPPluginJar : add spi
2025-12-29 11:28:12,859 [INFO] IPUIPlugin:80 - create IPUIPlugin
2025-12-29 11:28:12,859 [INFO] PluginManager:220 - loadIPPluginJar : add linkedlist
2025-12-29 11:28:12,864 [INFO] IPUIPlugin:80 - create IPUIPlugin
2025-12-29 11:28:12,864 [INFO] PluginManager:220 - loadIPPluginJar : add fmc
2025-12-29 11:28:12,866 [INFO] IPUIPlugin:80 - create IPUIPlugin
2025-12-29 11:28:12,866 [INFO] PluginManager:220 - loadIPPluginJar : add i3c
2025-12-29 11:28:12,867 [INFO] IPUIPlugin:80 - create IPUIPlugin
2025-12-29 11:28:12,867 [INFO] PluginManager:220 - loadIPPluginJar : add ltdc
2025-12-29 11:28:12,873 [INFO] IPUIPlugin:80 - create IPUIPlugin
2025-12-29 11:28:12,873 [INFO] PluginManager:220 - loadIPPluginJar : add dma
2025-12-29 11:28:12,879 [INFO] IPUIPlugin:80 - create IPUIPlugin
2025-12-29 11:28:12,879 [INFO] PluginManager:220 - loadIPPluginJar : add freertos
2025-12-29 11:28:12,881 [INFO] IPUIPlugin:80 - create IPUIPlugin
2025-12-29 11:28:12,881 [INFO] PluginManager:220 - loadIPPluginJar : add hash
2025-12-29 11:28:12,888 [INFO] IPUIPlugin:80 - create IPUIPlugin
2025-12-29 11:28:12,888 [INFO] PluginManager:220 - loadIPPluginJar : add adc
2025-12-29 11:28:12,892 [INFO] IPUIPlugin:80 - create IPUIPlugin
2025-12-29 11:28:12,892 [INFO] PluginManager:220 - loadIPPluginJar : add usart
2025-12-29 11:28:12,899 [INFO] IPUIPlugin:80 - create IPUIPlugin
2025-12-29 11:28:12,899 [INFO] PluginManager:220 - loadIPPluginJar : add stm32_wpan
2025-12-29 11:28:12,900 [INFO] IPUIPlugin:80 - create IPUIPlugin
2025-12-29 11:28:12,900 [INFO] PluginManager:220 - loadIPPluginJar : add genericplugin
2025-12-29 11:28:12,904 [INFO] IPUIPlugin:80 - create IPUIPlugin
2025-12-29 11:28:12,905 [INFO] PluginManager:220 - loadIPPluginJar : add gpio
2025-12-29 11:28:12,908 [INFO] IPUIPlugin:80 - create IPUIPlugin
2025-12-29 11:28:12,908 [INFO] PluginManager:220 - loadIPPluginJar : add nvic
2025-12-29 11:28:12,910 [INFO] IPUIPlugin:80 - create IPUIPlugin
2025-12-29 11:28:12,910 [INFO] PluginManager:220 - loadIPPluginJar : add dfsdm
2025-12-29 11:28:12,912 [INFO] IPUIPlugin:80 - create IPUIPlugin
2025-12-29 11:28:12,912 [INFO] PluginManager:220 - loadIPPluginJar : add fatfs
2025-12-29 11:28:12,914 [INFO] IPUIPlugin:80 - create IPUIPlugin
2025-12-29 11:28:12,914 [INFO] PluginManager:220 - loadIPPluginJar : add comp
2025-12-29 11:28:12,916 [INFO] IPUIPlugin:80 - create IPUIPlugin
2025-12-29 11:28:12,916 [INFO] PluginManager:220 - loadIPPluginJar : add i2s
2025-12-29 11:28:12,918 [INFO] IPUIPlugin:80 - create IPUIPlugin
2025-12-29 11:28:12,918 [INFO] PluginManager:220 - loadIPPluginJar : add cryp
2025-12-29 11:28:12,920 [INFO] IPUIPlugin:80 - create IPUIPlugin
2025-12-29 11:28:12,920 [INFO] PluginManager:220 - loadIPPluginJar : add quadspi
2025-12-29 11:28:12,926 [INFO] IPUIPlugin:80 - create IPUIPlugin
2025-12-29 11:28:12,926 [INFO] PluginManager:220 - loadIPPluginJar : add gic
2025-12-29 11:28:12,928 [INFO] IPUIPlugin:80 - create IPUIPlugin
2025-12-29 11:28:12,928 [INFO] PluginManager:220 - loadIPPluginJar : add tim
2025-12-29 11:28:12,930 [INFO] IPUIPlugin:80 - create IPUIPlugin
2025-12-29 11:28:12,930 [INFO] PluginManager:220 - loadIPPluginJar : add extmemmanager
2025-12-29 11:28:13,027 [FATAL] Updater:351 - Updater called before beeing initialized
2025-12-29 11:28:13,048 [INFO] RulesReader:64 - Compatibility file has been processed (317 Rules)
2025-12-29 11:28:13,054 [INFO] RulesReader:64 - Compatibility file has been processed (317 Rules)
2025-12-29 11:28:13,060 [INFO] CADModel:165 - CPN selected for project level
2025-12-29 11:28:13,060 [INFO] CADModel:114 - Register for checkConnection events
2025-12-29 11:28:13,060 [FATAL] Updater:351 - Updater called before beeing initialized
2025-12-29 11:28:13,060 [ERROR] CADModel:125 - Updater not yet initialized, retry later 
2025-12-29 11:28:13,166 [FATAL] Updater:351 - Updater called before beeing initialized
2025-12-29 11:28:13,169 [INFO] CADModel:165 - CPN selected for project level
2025-12-29 11:28:13,169 [INFO] CADModel:114 - Register for checkConnection events
2025-12-29 11:28:13,169 [FATAL] Updater:351 - Updater called before beeing initialized
2025-12-29 11:28:13,169 [ERROR] CADModel:125 - Updater not yet initialized, retry later 
2025-12-29 11:28:13,172 [FATAL] Updater:351 - Updater called before beeing initialized
2025-12-29 11:28:13,252 [FATAL] Updater:351 - Updater called before beeing initialized
2025-12-29 11:28:13,255 [INFO] DbMcusAds:53 - JSON generation date=Mon Nov 10 11:43:01 CET 2025 (1762771381096)
2025-12-29 11:28:13,255 [FATAL] Updater:351 - Updater called before beeing initialized
2025-12-29 11:28:13,277 [WARN] DetailPanel:346 - Failed to get advertising image, set to default
2025-12-29 11:28:13,329 [FATAL] Updater:351 - Updater called before beeing initialized
2025-12-29 11:28:13,330 [FATAL] Updater:351 - Updater called before beeing initialized
2025-12-29 11:28:13,330 [FATAL] Updater:351 - Updater called before beeing initialized
2025-12-29 11:28:13,330 [WARN] DetailPanel:346 - Failed to get advertising image, set to default
2025-12-29 11:28:13,331 [FATAL] Updater:351 - Updater called before beeing initialized
2025-12-29 11:28:13,352 [ERROR] Updater:1198 - MainUpdater not yet initialized. External WinMGr cannot be set.
2025-12-29 11:28:13,354 [INFO] Updater:1134 - Updater Version found : 6.15.0
2025-12-29 11:28:13,367 [INFO] ApplicationProperties:184 - Using Application install path: /opt/st/stm32cubeide_1.19.0/plugins/com.st.stm32cube.common.mx_6.15.0.202507011659
2025-12-29 11:28:13,809 [INFO] MainUpdater:2872 - connection check result : 10
2025-12-29 11:28:13,810 [INFO] MainUpdater:289 - Updater Check For Update Now.
2025-12-29 11:28:13,810 [INFO] MicroXplorer:498 - Change Database Version : DB.6.0.150
2025-12-29 11:28:13,814 [INFO] McuFinderGlobals:63 - Set McuFinder mode to 2 (CubeIDE integrated)
2025-12-29 11:28:13,815 [INFO] UserAuth:487 - Internet connection configuration mode: 1
2025-12-29 11:28:13,831 [INFO] JxBrowserEngine:152 - Initiate JxBrowser Engine with user profile folder
2025-12-29 11:28:13,977 [INFO] CheckServerUpdateThread:120 - End of CheckServer Thread
2025-12-29 11:28:14,456 [INFO] WebApp:169 - Instantiating new browser for Auth
2025-12-29 11:28:14,924 [INFO] WebApp:463 - Apply proxy settings
2025-12-29 11:28:14,925 [INFO] WebApp:548 - Chromium requires no authentication
2025-12-29 11:28:14,930 [INFO] WebApp:491 - Direct internet connection detected
2025-12-29 11:28:14,943 [INFO] WebApp:900 - Register for checkConnection events
2025-12-29 11:28:14,943 [INFO] WebApp:463 - Apply proxy settings
2025-12-29 11:28:14,944 [INFO] WebApp:548 - Chromium requires no authentication
2025-12-29 11:28:14,944 [INFO] WebApp:491 - Direct internet connection detected
2025-12-29 11:28:15,024 [INFO] WebApp:225 - Starting web application
2025-12-29 11:28:15,031 [INFO] WebApp:593 - Web application path used /opt/st/stm32cubeide_1.19.0/plugins/com.st.stm32cube.common.mx_6.15.0.202507011659/db/plugins/mcufinder/reactClient1/index.html
2025-12-29 11:28:15,112 [INFO] UserAuth:487 - Internet connection configuration mode: 1
2025-12-29 11:28:15,299 [INFO] WebApp:191 - Connection restablished
2025-12-29 11:28:15,543 [WARN] PackLoader:240 - Cannot read IP mode file for STMicroelectronics.FP-SNS-MOTENVWB1.1.4.0
2025-12-29 11:28:15,551 [WARN] PackLoader:240 - Cannot read IP mode file for STMicroelectronics.FP-ATR-ASTRA1.2.0.2
2025-12-29 11:28:15,560 [WARN] PackLoader:240 - Cannot read IP mode file for STMicroelectronics.X-CUBE-SMBUS.2.1.0
2025-12-29 11:28:15,566 [WARN] PackLoader:240 - Cannot read IP mode file for STMicroelectronics.X-CUBE-ST60.1.0.0
2025-12-29 11:28:15,598 [WARN] PackLoader:240 - Cannot read IP mode file for STMicroelectronics.X-CUBE-AZRTOS-F7.1.1.0
2025-12-29 11:28:15,607 [WARN] PackLoader:240 - Cannot read IP mode file for Cesanta.I-CUBE-Mongoose.7.19.0
2025-12-29 11:28:15,611 [WARN] PackLoader:240 - Cannot read IP mode file for STMicroelectronics.FP-SNS-MOTENV1.5.1.0
2025-12-29 11:28:15,623 [WARN] PackLoader:240 - Cannot read IP mode file for WES.I-CUBE-Cesium.1.4.0
2025-12-29 11:28:15,644 [WARN] PackLoader:240 - Cannot read IP mode file for Infineon.AIROC-Wi-Fi-Bluetooth-STM32.1.7.1
2025-12-29 11:28:15,665 [WARN] PackLoader:240 - Cannot read IP mode file for STMicroelectronics.X-CUBE-AZRTOS-H7.3.4.0
2025-12-29 11:28:15,672 [WARN] PackLoader:240 - Cannot read IP mode file for STMicroelectronics.X-CUBE-DISPLAY.3.0.0
2025-12-29 11:28:15,683 [WARN] PackLoader:240 - Cannot read IP mode file for STMicroelectronics.X-CUBE-NFC10.1.0.0
2025-12-29 11:28:15,690 [WARN] PackLoader:240 - Cannot read IP mode file for STMicroelectronics.X-CUBE-ST60.1.1.0
2025-12-29 11:28:15,695 [WARN] PackLoader:240 - Cannot read IP mode file for emotas.I-CUBE-CANOPEN.1.3.0
2025-12-29 11:28:15,700 [WARN] PackLoader:240 - Cannot read IP mode file for STMicroelectronics.X-CUBE-GNSS1.7.1.0
2025-12-29 11:28:15,705 [WARN] PackLoader:240 - Cannot read IP mode file for STMicroelectronics.FP-SNS-SMARTAG2.1.2.0
2025-12-29 11:28:15,708 [WARN] PackLoader:240 - Cannot read IP mode file for STMicroelectronics.FP-SNS-FLIGHT1.5.1.0
2025-12-29 11:28:15,718 [INFO] LogOutputStream:77 - [STDOUT_REDIRECT] 1 : Invalid condition id : UX_CORESTACK_Condition cause : null
2025-12-29 11:28:15,718 [INFO] LogOutputStream:77 - [STDOUT_REDIRECT] 1 : Invalid condition id : UX_CORESTACK_Condition cause : null
2025-12-29 11:28:15,719 [INFO] LogOutputStream:77 - [STDOUT_REDIRECT] 1 : Invalid condition id : UX_CORESTACK_Condition cause : null
2025-12-29 11:28:15,719 [INFO] LogOutputStream:77 - [STDOUT_REDIRECT] 1 : Invalid condition id : UX_CORESTACK_Condition cause : null
2025-12-29 11:28:15,719 [INFO] LogOutputStream:77 - [STDOUT_REDIRECT] 1 : Invalid condition id : UX_CORESTACK_Condition cause : null
2025-12-29 11:28:15,721 [WARN] PackLoader:240 - Cannot read IP mode file for STMicroelectronics.X-CUBE-AZRTOS-WL.2.0.0
2025-12-29 11:28:15,726 [WARN] PackLoader:240 - Cannot read IP mode file for STMicroelectronics.FP-SNS-MOTENV1.5.0.0
2025-12-29 11:28:15,761 [WARN] PackLoader:240 - Cannot read IP mode file for STMicroelectronics.X-CUBE-AZRTOS-H7RS.1.2.0
2025-12-29 11:28:15,772 [WARN] PackLoader:240 - Cannot read IP mode file for STMicroelectronics.X-CUBE-BLE2.3.3.0
2025-12-29 11:28:15,791 [WARN] PackLoader:240 - Cannot read IP mode file for STMicroelectronics.X-CUBE-NFC9.1.0.0
2025-12-29 11:28:15,797 [WARN] PackLoader:240 - Cannot read IP mode file for wolfSSL.I-CUBE-wolfSSL.5.8.2
2025-12-29 11:28:15,801 [WARN] PackLoader:240 - Cannot read IP mode file for STMicroelectronics.X-CUBE-BLE1.7.1.0
2025-12-29 11:28:15,805 [WARN] PackLoader:240 - Cannot read IP mode file for wolfSSL.I-CUBE-wolfMQTT.1.19.2
2025-12-29 11:28:15,810 [WARN] PackLoader:240 - Cannot read IP mode file for STMicroelectronics.X-CUBE-FREERTOS.1.4.0
2025-12-29 11:28:15,815 [WARN] PackLoader:240 - Cannot read IP mode file for STMicroelectronics.X-CUBE-EEPRMA1.5.2.0
2025-12-29 11:28:15,822 [WARN] PackLoader:240 - Cannot read IP mode file for STMicroelectronics.X-CUBE-ST67W61.1.1.0
2025-12-29 11:28:15,857 [WARN] PackLoader:240 - Cannot read IP mode file for STMicroelectronics.X-CUBE-MEMS1.12.0.0
2025-12-29 11:28:15,934 [WARN] PackLoader:240 - Cannot read IP mode file for STMicroelectronics.X-CUBE-AZRTOS-G0.1.1.0
2025-12-29 11:28:15,942 [WARN] PackLoader:240 - Cannot read IP mode file for STMicroelectronics.X-CUBE-SAFEA1.1.2.2
2025-12-29 11:28:15,948 [WARN] PackLoader:240 - Cannot read IP mode file for STMicroelectronics.X-CUBE-NFC4.3.0.0
2025-12-29 11:28:15,955 [WARN] PackLoader:240 - Cannot read IP mode file for EmbeddedOffice.I-CUBE-FS-RTOS.1.0.1
2025-12-29 11:28:15,960 [WARN] PackLoader:240 - Cannot read IP mode file for STMicroelectronics.X-CUBE-WB05N.2.0.0
2025-12-29 11:28:15,964 [WARN] PackLoader:240 - Cannot read IP mode file for wolfSSL.I-CUBE-wolfTPM.3.8.0
2025-12-29 11:28:15,988 [WARN] PackLoader:240 - Cannot read IP mode file for STMicroelectronics.X-CUBE-TCPP.4.2.0
2025-12-29 11:28:15,999 [WARN] PackLoader:240 - Cannot read IP mode file for RealThread.X-CUBE-RT-Thread_Nano.4.1.1
2025-12-29 11:28:16,005 [WARN] PackLoader:240 - Cannot read IP mode file for STMicroelectronics.FP-ATR-SIGFOX1.3.2.0
2025-12-29 11:28:16,012 [WARN] PackLoader:240 - Cannot read IP mode file for ITTIA_DB.I-CUBE-ITTIADB.8.9.0
2025-12-29 11:28:16,048 [WARN] PackLoader:240 - Cannot read IP mode file for SEGGER.I-CUBE-embOS.1.3.1
2025-12-29 11:28:16,096 [WARN] PackLoader:240 - Cannot read IP mode file for STMicroelectronics.X-CUBE-ALGOBUILD.1.4.0
2025-12-29 11:28:16,123 [WARN] PackLoader:240 - Cannot read IP mode file for STMicroelectronics.X-CUBE-MEMS1.11.3.0
2025-12-29 11:28:16,203 [WARN] PackLoader:240 - Cannot read IP mode file for STMicroelectronics.X-CUBE-PM33A1.1.0.0
2025-12-29 11:28:16,213 [WARN] PackLoader:240 - Cannot read IP mode file for STMicroelectronics.X-CUBE-AZRTOS-F4.1.1.0
2025-12-29 11:28:16,219 [WARN] PackLoader:240 - Cannot read IP mode file for STMicroelectronics.X-CUBE-ISPU.2.1.0
2025-12-29 11:28:16,228 [WARN] PackLoader:240 - Cannot read IP mode file for STMicroelectronics.X-CUBE-IPS.3.2.0
2025-12-29 11:28:16,236 [WARN] PackLoader:240 - Cannot read IP mode file for STMicroelectronics.X-CUBE-NFC12.1.0.0
2025-12-29 11:28:16,254 [WARN] PackLoader:240 - Cannot read IP mode file for STMicroelectronics.X-CUBE-AZRTOS-L5.2.0.0
2025-12-29 11:28:16,260 [WARN] PackLoader:240 - Cannot read IP mode file for STMicroelectronics.X-CUBE-NFC6.3.1.0
2025-12-29 11:28:16,264 [WARN] PackLoader:240 - Cannot read IP mode file for STMicroelectronics.X-CUBE-FREERTOS.1.3.1
2025-12-29 11:28:16,269 [WARN] PackLoader:240 - Cannot read IP mode file for STMicroelectronics.X-CUBE-TOUCHGFX.4.26.0
2025-12-29 11:28:16,273 [WARN] PackLoader:240 - Cannot read IP mode file for STMicroelectronics.X-CUBE-DPower.1.3.0
2025-12-29 11:28:16,284 [WARN] ConditionMgr:438 - getConditionDescription Invalid condition id : LAN8742 Phy interface Condition cause : null
2025-12-29 11:28:16,285 [WARN] PackLoader:240 - Cannot read IP mode file for STMicroelectronics.X-CUBE-AZRTOS-L4.2.0.0
2025-12-29 11:28:16,287 [WARN] ConditionMgr:1044 - genDependencies : Invalid condition id : LAN8742 Phy interface Condition cause : null
2025-12-29 11:28:16,287 [WARN] ConditionMgr:1044 - genDependencies : Invalid condition id : LAN8742 Phy interface Condition cause : null
2025-12-29 11:28:16,287 [WARN] ConditionMgr:1044 - genDependencies : Invalid condition id : LAN8742 Phy interface Condition cause : null
2025-12-29 11:28:16,291 [WARN] PackLoader:240 - Cannot read IP mode file for STMicroelectronics.X-CUBE-SFXS2LP1.4.0.0
2025-12-29 11:28:16,299 [WARN] PackLoader:240 - Cannot read IP mode file for STMicroelectronics.X-CUBE-BLEMGR.4.1.0
2025-12-29 11:28:16,309 [WARN] ConditionMgr:438 - getConditionDescription Invalid condition id : UX DEVICE CLASS RTOS Condition cause : null
2025-12-29 11:28:16,309 [WARN] ConditionMgr:438 - getConditionDescription Invalid condition id : UX DEVICE CLASS RTOS Condition cause : null
2025-12-29 11:28:16,310 [WARN] PackLoader:240 - Cannot read IP mode file for STMicroelectronics.X-CUBE-AZRTOS-WB.2.0.0
2025-12-29 11:28:16,310 [WARN] ConditionMgr:1044 - genDependencies : Invalid condition id : UX DEVICE CLASS RTOS Condition cause : null
2025-12-29 11:28:16,310 [WARN] ConditionMgr:1044 - genDependencies : Invalid condition id : UX DEVICE CLASS RTOS Condition cause : null
2025-12-29 11:28:16,311 [WARN] ConditionMgr:1044 - genDependencies : Invalid condition id : UX DEVICE CLASS RTOS Condition cause : null
2025-12-29 11:28:16,311 [WARN] ConditionMgr:1044 - genDependencies : Invalid condition id : UX DEVICE CLASS RTOS Condition cause : null
2025-12-29 11:28:16,311 [WARN] ConditionMgr:1044 - genDependencies : Invalid condition id : UX DEVICE CLASS RTOS Condition cause : null
2025-12-29 11:28:16,315 [WARN] PackLoader:240 - Cannot read IP mode file for STMicroelectronics.X-CUBE-GNSS1.7.0.1
2025-12-29 11:28:16,317 [WARN] ConditionMgr:438 - getConditionDescription Invalid condition id : Cortex-A Device cause : null
2025-12-29 11:28:16,323 [WARN] ConditionMgr:1044 - genDependencies : Invalid condition id : Cortex-A Device cause : null
2025-12-29 11:28:16,323 [WARN] ConditionMgr:1044 - genDependencies : Invalid condition id : Cortex-A Device cause : null
2025-12-29 11:28:16,323 [WARN] ConditionMgr:1044 - genDependencies : Invalid condition id : Cortex-A Device cause : null
2025-12-29 11:28:16,329 [WARN] PackLoader:240 - Cannot read IP mode file for STMicroelectronics.X-CUBE-SUBG2.5.0.0
2025-12-29 11:28:16,342 [WARN] PackLoader:240 - Cannot read IP mode file for STMicroelectronics.X-CUBE-AZRTOS-H7RS.1.1.0
2025-12-29 11:28:16,351 [WARN] PackLoader:240 - Cannot read IP mode file for STMicroelectronics.X-CUBE-AZRTOS-G4.2.0.0
2025-12-29 11:28:16,355 [WARN] PackLoader:240 - Cannot read IP mode file for wolfSSL.I-CUBE-wolfSSH.1.4.20
2025-12-29 11:28:16,358 [WARN] PackLoader:240 - Cannot read IP mode file for STMicroelectronics.X-CUBE-NFC7.2.0.0
2025-12-29 11:28:16,360 [WARN] PackLoader:240 - Cannot read IP mode file for STMicroelectronics.X-CUBE-ALS.1.0.2
2025-12-29 11:28:16,365 [WARN] PackLoader:240 - Cannot read IP mode file for STMicroelectronics.X-CUBE-STSE01.1.0.0
2025-12-29 11:28:16,373 [WARN] PackLoader:240 - Cannot read IP mode file for STMicroelectronics.X-CUBE-TOF1.3.4.3
2025-12-29 11:28:16,378 [INFO] ThirdParty:978 - Integrity check success = true
2025-12-29 11:28:16,379 [INFO] IntegrityCheckThread:100 - exiting critical section [integrity check]
2025-12-29 11:28:16,379 [INFO] IntegrityCheckThread:103 - End integrity checks thread
2025-12-29 18:27:52,192 [INFO] WebApp:194 - Connection lost
2025-12-29 18:28:02,306 [INFO] WebApp:191 - Connection restablished
2025-12-29 18:32:52,397 [INFO] WebApp:194 - Connection lost
2025-12-29 18:32:53,088 [INFO] WebApp:191 - Connection restablished
2025-12-29 18:36:30,108 [INFO] WebApp:194 - Connection lost
2025-12-29 18:36:30,285 [INFO] WebApp:191 - Connection restablished
2025-12-29 18:45:06,217 [INFO] WebApp:194 - Connection lost
2025-12-29 18:45:08,024 [INFO] WebApp:191 - Connection restablished
2025-12-29 18:45:37,843 [INFO] WebApp:194 - Connection lost
2025-12-29 18:45:38,550 [INFO] WebApp:191 - Connection restablished
2025-12-29 19:29:01,073 [ERROR] LogOutputStream:75 - [STDERR_REDIRECT] SWT SessionManagerDBus: Failed to UnregisterClient: GDBus.Error:org.freedesktop.DBus.Error.NoReply: Message recipient disconnected from message bus without replying
